#
# There is insufficient memory for the Java Runtime Environment to continue.
# Native memory allocation (mmap) failed to map 106954752 bytes for Failed to commit area from 0x0000000091200000 to 0x0000000097800000 of length 106954752.
# Possible reasons:
#   The system is out of physical RAM or swap space
#   The process is running with CompressedOops enabled, and the Java Heap may be blocking the growth of the native heap
# Possible solutions:
#   Reduce memory load on the system
#   Increase physical memory or swap space
#   Check if swap backing store is full
#   Decrease Java heap size (-Xmx/-Xms)
#   Decrease number of Java threads
#   Decrease Java thread stack sizes (-Xss)
#   Set larger code cache with -XX:ReservedCodeCacheSize=
#   JVM is running with Unscaled Compressed Oops mode in which the Java heap is
#     placed in the first 4GB address space. The Java Heap base address is the
#     maximum limit for the native heap growth. Please use -XX:HeapBaseMinAddress
#     to set the Java Heap base and to place the Java Heap above 4GB virtual address.
# This output file may be truncated or incomplete.
#
#  Out of Memory Error (./src/hotspot/os/windows/os_windows.cpp:3619), pid=2408, tid=5592
#
# JRE version: OpenJDK Runtime Environment (11.0.13) (build 11.0.13+0-b1751.21-8125866)
# Java VM: OpenJDK 64-Bit Server VM (11.0.13+0-b1751.21-8125866, mixed mode, tiered, compressed oops, g1 gc, windows-amd64)
# No core dump will be written. Minidumps are not enabled by default on client versions of Windows
#

---------------  S U M M A R Y ------------

Command Line: --add-opens=java.base/java.util=ALL-UNNAMED --add-opens=java.base/java.lang=ALL-UNNAMED --add-opens=java.base/java.lang.invoke=ALL-UNNAMED --add-opens=java.base/java.util=ALL-UNNAMED --add-opens=java.prefs/java.util.prefs=ALL-UNNAMED --add-opens=java.prefs/java.util.prefs=ALL-UNNAMED --add-opens=java.base/java.nio.charset=ALL-UNNAMED --add-opens=java.base/java.net=ALL-UNNAMED --add-opens=java.base/java.util.concurrent.atomic=ALL-UNNAMED -Xmx2048m -Dfile.encoding=UTF-8 -Duser.country=FR -Duser.language=fr -Duser.variant org.gradle.launcher.daemon.bootstrap.GradleDaemon 7.4

Host: Intel(R) Core(TM) i5-7200U CPU @ 2.50GHz, 4 cores, 7G,  Windows 10 , 64 bit Build 19041 (10.0.19041.2546)
Time: Sat Apr 29 10:30:18 2023 Europe centrale elapsed time: 1437.154088 seconds (0d 0h 23m 57s)

---------------  T H R E A D  ---------------

Current thread (0x000001566db77800):  VMThread "VM Thread" [stack: 0x000000373af00000,0x000000373b000000] [id=5592]

Stack: [0x000000373af00000,0x000000373b000000]
[error occurred during error reporting (printing stack bounds), id 0xc0000005, EXCEPTION_ACCESS_VIOLATION (0xc0000005) at pc=0x0000015657aa112d]

Native frames: (J=compiled Java code, j=interpreted, Vv=VM code, C=native code)
V  [jvm.dll+0x6100fa]
V  [jvm.dll+0x747090]
V  [jvm.dll+0x7486ad]
V  [jvm.dll+0x748ce5]
V  [jvm.dll+0x748c9b]
V  [jvm.dll+0x60f224]
V  [jvm.dll+0x60f9b8]
C  [ntdll.dll+0xa241f]
C  [ntdll.dll+0x514a4]
C  [ntdll.dll+0xa0f4e]
C  0x0000015657aa112d

VM_Operation (0x00000037407fd190): G1CollectForAllocation, mode: safepoint, requested by thread 0x0000015671354800


---------------  P R O C E S S  ---------------

Threads class SMR info:
_java_thread_list=0x0000015675e94020, length=97, elements={
0x0000015653f85800, 0x000001566db7c000, 0x000001566db8a000, 0x000001566e542800,
0x000001566db9b800, 0x000001566dba0000, 0x000001566dba2800, 0x000001566dba9800,
0x000001566dbad800, 0x000001566e687800, 0x0000015670656000, 0x000001566fe4b000,
0x000001566f605800, 0x00000156700b5800, 0x00000156700b7000, 0x00000156700b2000,
0x00000156700b1000, 0x00000156700b3000, 0x0000015671347800, 0x0000015671347000,
0x0000015671349800, 0x0000015671346000, 0x0000015671350000, 0x000001566e832000,
0x000001566e834800, 0x0000015677c0b800, 0x000001566e833800, 0x000001567134e000,
0x0000015671352800, 0x000001566e82e800, 0x00000156700b4800, 0x00000156700b6000,
0x00000156700b8000, 0x00000156700b3800, 0x000001567460b800, 0x000001567460f000,
0x000001567460c800, 0x000001567460d800, 0x000001567460e000, 0x000001567460f800,
0x000001567460a000, 0x0000015674610800, 0x000001567460b000, 0x0000015674612000,
0x0000015674615800, 0x0000015674616800, 0x0000015674613000, 0x0000015674617000,
0x0000015674614000, 0x0000015674614800, 0x0000015674611800, 0x0000015674618800,
0x0000015677c0e000, 0x0000015677c0c800, 0x0000015677c0d000, 0x0000015677c0a000,
0x0000015677c0f000, 0x0000015677c09000, 0x0000015677c10800, 0x0000015677c13800,
0x0000015677c11800, 0x0000015677c12000, 0x0000015677c14800, 0x0000015677c13000,
0x0000015677c15800, 0x0000015677c0f800, 0x0000015677c16000, 0x0000015677c18000,
0x0000015677c17000, 0x000001566e829800, 0x000001566e829000, 0x000001566e827000,
0x000001566e82c000, 0x000001566e82a800, 0x000001566e826800, 0x000001566e831000,
0x000001566e82f800, 0x000001566e82d000, 0x000001566e835000, 0x000001566e830000,
0x000001567134d800, 0x0000015671350800, 0x000001567134f000, 0x0000015671351800,
0x000001567134c800, 0x0000015671353000, 0x0000015671354000, 0x0000015671354800,
0x0000015674469800, 0x000001566f7f0000, 0x0000015674467000, 0x000001567446a000,
0x0000015674467800, 0x000001567446b000, 0x0000015674465800, 0x0000015674468800,
0x000001567446c000
}

Java Threads: ( => current thread )
  0x0000015653f85800 JavaThread "main" [_thread_blocked, id=1276, stack(0x000000373a900000,0x000000373aa00000)]
  0x000001566db7c000 JavaThread "Reference Handler" daemon [_thread_blocked, id=6452, stack(0x000000373b000000,0x000000373b100000)]
  0x000001566db8a000 JavaThread "Finalizer" daemon [_thread_blocked, id=3524, stack(0x000000373b100000,0x000000373b200000)]
  0x000001566e542800 JavaThread "Signal Dispatcher" daemon [_thread_blocked, id=5440, stack(0x000000373b200000,0x000000373b300000)]
  0x000001566db9b800 JavaThread "Attach Listener" daemon [_thread_blocked, id=13140, stack(0x000000373b300000,0x000000373b400000)]
  0x000001566dba0000 JavaThread "Service Thread" daemon [_thread_blocked, id=11444, stack(0x000000373b400000,0x000000373b500000)]
  0x000001566dba2800 JavaThread "C2 CompilerThread0" daemon [_thread_blocked, id=5424, stack(0x000000373b500000,0x000000373b600000)]
  0x000001566dba9800 JavaThread "C1 CompilerThread0" daemon [_thread_blocked, id=1948, stack(0x000000373b600000,0x000000373b700000)]
  0x000001566dbad800 JavaThread "Sweeper thread" daemon [_thread_blocked, id=4928, stack(0x000000373b700000,0x000000373b800000)]
  0x000001566e687800 JavaThread "Common-Cleaner" daemon [_thread_blocked, id=10860, stack(0x000000373b800000,0x000000373b900000)]
  0x0000015670656000 JavaThread "Daemon health stats" [_thread_blocked, id=1800, stack(0x000000373ba00000,0x000000373bb00000)]
  0x000001566fe4b000 JavaThread "Incoming local TCP Connector on port 56156" [_thread_in_native, id=12008, stack(0x000000373bc00000,0x000000373bd00000)]
  0x000001566f605800 JavaThread "Daemon periodic checks" [_thread_blocked, id=5976, stack(0x000000373bf00000,0x000000373c000000)]
  0x00000156700b5800 JavaThread "Cache worker for journal cache (C:\Users\DELL LATITUDE 5580\.gradle\caches\journal-1)" [_thread_blocked, id=8300, stack(0x000000373c700000,0x000000373c800000)]
  0x00000156700b7000 JavaThread "File lock request listener" [_thread_in_native, id=10012, stack(0x000000373c800000,0x000000373c900000)]
  0x00000156700b2000 JavaThread "Cache worker for file hash cache (C:\Users\DELL LATITUDE 5580\.gradle\caches\7.4\fileHashes)" [_thread_blocked, id=13972, stack(0x000000373c900000,0x000000373ca00000)]
  0x00000156700b1000 JavaThread "File watcher server" daemon [_thread_blocked, id=13696, stack(0x000000373cb00000,0x000000373cc00000)]
  0x00000156700b3000 JavaThread "File watcher consumer" daemon [_thread_blocked, id=13356, stack(0x000000373cc00000,0x000000373cd00000)]
  0x0000015671347800 JavaThread "Cache worker for execution history cache (C:\Users\DELL LATITUDE 5580\.gradle\caches\7.4\executionHistory)" [_thread_blocked, id=14300, stack(0x000000373d100000,0x000000373d200000)]
  0x0000015671347000 JavaThread "jar transforms" [_thread_blocked, id=13000, stack(0x000000373d200000,0x000000373d300000)]
  0x0000015671349800 JavaThread "Cache worker for file content cache (C:\Users\DELL LATITUDE 5580\.gradle\caches\7.4\fileContent)" [_thread_blocked, id=13832, stack(0x000000373d300000,0x000000373d400000)]
  0x0000015671346000 JavaThread "jar transforms Thread 2" [_thread_blocked, id=2336, stack(0x000000373d400000,0x000000373d500000)]
  0x0000015671350000 JavaThread "jar transforms Thread 3" [_thread_blocked, id=12380, stack(0x000000373d600000,0x000000373d700000)]
  0x000001566e832000 JavaThread "jar transforms Thread 4" [_thread_blocked, id=5060, stack(0x0000003740000000,0x0000003740100000)]
  0x000001566e834800 JavaThread "Memory manager" [_thread_blocked, id=12588, stack(0x0000003740100000,0x0000003740200000)]
  0x0000015677c0b800 JavaThread "Cache worker for Java compile cache (C:\Users\DELL LATITUDE 5580\.gradle\caches\7.4\javaCompile)" [_thread_blocked, id=13432, stack(0x0000003740800000,0x0000003740900000)]
  0x000001566e833800 JavaThread "ForkJoinPool.commonPool-worker-7" daemon [_thread_blocked, id=3244, stack(0x0000003740f00000,0x0000003741000000)]
  0x000001567134e000 JavaThread "Daemon Thread 7" [_thread_blocked, id=11212, stack(0x000000373a700000,0x000000373a800000)]
  0x0000015671352800 JavaThread "Daemon worker Thread 7" [_thread_blocked, id=5896, stack(0x000000373c100000,0x000000373c200000)]
  0x000001566e82e800 JavaThread "included builds" [_thread_blocked, id=8716, stack(0x000000373ff00000,0x0000003740000000)]
  0x00000156700b4800 JavaThread "Handler for socket connection from /127.0.0.1:56156 to /127.0.0.1:55192" [_thread_in_native, id=7632, stack(0x000000373a800000,0x000000373a900000)]
  0x00000156700b6000 JavaThread "Cancel handler" [_thread_blocked, id=11420, stack(0x000000373c000000,0x000000373c100000)]
  0x00000156700b8000 JavaThread "Asynchronous log dispatcher for DefaultDaemonConnection: socket connection from /127.0.0.1:56156 to /127.0.0.1:55192" [_thread_blocked, id=14032, stack(0x000000373c200000,0x000000373c300000)]
  0x00000156700b3800 JavaThread "Stdin handler" [_thread_blocked, id=8204, stack(0x000000373c300000,0x000000373c400000)]
  0x000001567460b800 JavaThread "Daemon client event forwarder" [_thread_blocked, id=14100, stack(0x000000373c400000,0x000000373c500000)]
  0x000001567460f000 JavaThread "Cache worker for checksums cache (C:\Users\DELL LATITUDE 5580\memoireversionfinale\.gradle\7.4\checksums)" [_thread_blocked, id=8360, stack(0x000000373c500000,0x000000373c600000)]
  0x000001567460c800 JavaThread "Cache worker for cache directory md-rule (C:\Users\DELL LATITUDE 5580\.gradle\caches\7.4\md-rule)" [_thread_blocked, id=864, stack(0x000000373c600000,0x000000373c700000)]
  0x000001567460d800 JavaThread "Cache worker for file hash cache (C:\Users\DELL LATITUDE 5580\memoireversionfinale\.gradle\7.4\fileHashes)" [_thread_blocked, id=14276, stack(0x000000373ca00000,0x000000373cb00000)]
  0x000001567460e000 JavaThread "Cache worker for cache directory md-supplier (C:\Users\DELL LATITUDE 5580\.gradle\caches\7.4\md-supplier)" [_thread_blocked, id=10328, stack(0x000000373cd00000,0x000000373ce00000)]
  0x000001567460f800 JavaThread "Cache worker for dependencies-accessors (C:\Users\DELL LATITUDE 5580\memoireversionfinale\.gradle\7.4\dependencies-accessors)" [_thread_blocked, id=5620, stack(0x000000373ce00000,0x000000373cf00000)]
  0x000001567460a000 JavaThread "Cache worker for Build Output Cleanup Cache (C:\Users\DELL LATITUDE 5580\memoireversionfinale\.gradle\buildOutputCleanup)" [_thread_blocked, id=9176, stack(0x000000373cf00000,0x000000373d000000)]
  0x0000015674610800 JavaThread "Unconstrained build operations" [_thread_blocked, id=13408, stack(0x000000373d000000,0x000000373d100000)]
  0x000001567460b000 JavaThread "Unconstrained build operations Thread 2" [_thread_blocked, id=12092, stack(0x000000373d500000,0x000000373d600000)]
  0x0000015674612000 JavaThread "Unconstrained build operations Thread 3" [_thread_blocked, id=11944, stack(0x000000373d700000,0x000000373d800000)]
  0x0000015674615800 JavaThread "Unconstrained build operations Thread 4" [_thread_blocked, id=3116, stack(0x000000373d800000,0x000000373d900000)]
  0x0000015674616800 JavaThread "Unconstrained build operations Thread 5" [_thread_blocked, id=12904, stack(0x000000373d900000,0x000000373da00000)]
  0x0000015674613000 JavaThread "Unconstrained build operations Thread 6" [_thread_blocked, id=13096, stack(0x000000373da00000,0x000000373db00000)]
  0x0000015674617000 JavaThread "Unconstrained build operations Thread 7" [_thread_blocked, id=10340, stack(0x000000373db00000,0x000000373dc00000)]
  0x0000015674614000 JavaThread "Unconstrained build operations Thread 8" [_thread_blocked, id=4460, stack(0x000000373dc00000,0x000000373dd00000)]
  0x0000015674614800 JavaThread "Unconstrained build operations Thread 9" [_thread_blocked, id=7460, stack(0x000000373dd00000,0x000000373de00000)]
  0x0000015674611800 JavaThread "Unconstrained build operations Thread 10" [_thread_blocked, id=7156, stack(0x000000373de00000,0x000000373df00000)]
  0x0000015674618800 JavaThread "Unconstrained build operations Thread 11" [_thread_blocked, id=9556, stack(0x000000373df00000,0x000000373e000000)]
  0x0000015677c0e000 JavaThread "Unconstrained build operations Thread 12" [_thread_blocked, id=1996, stack(0x000000373e000000,0x000000373e100000)]
  0x0000015677c0c800 JavaThread "Unconstrained build operations Thread 13" [_thread_blocked, id=4728, stack(0x000000373e100000,0x000000373e200000)]
  0x0000015677c0d000 JavaThread "Unconstrained build operations Thread 14" [_thread_blocked, id=3836, stack(0x000000373e200000,0x000000373e300000)]
  0x0000015677c0a000 JavaThread "Unconstrained build operations Thread 15" [_thread_blocked, id=6224, stack(0x000000373e300000,0x000000373e400000)]
  0x0000015677c0f000 JavaThread "Unconstrained build operations Thread 16" [_thread_blocked, id=10032, stack(0x000000373e400000,0x000000373e500000)]
  0x0000015677c09000 JavaThread "Unconstrained build operations Thread 17" [_thread_blocked, id=11156, stack(0x000000373e500000,0x000000373e600000)]
  0x0000015677c10800 JavaThread "Unconstrained build operations Thread 18" [_thread_blocked, id=12104, stack(0x000000373e600000,0x000000373e700000)]
  0x0000015677c13800 JavaThread "Unconstrained build operations Thread 19" [_thread_blocked, id=11504, stack(0x000000373e700000,0x000000373e800000)]
  0x0000015677c11800 JavaThread "Unconstrained build operations Thread 20" [_thread_blocked, id=13200, stack(0x000000373e800000,0x000000373e900000)]
  0x0000015677c12000 JavaThread "Unconstrained build operations Thread 21" [_thread_blocked, id=516, stack(0x000000373e900000,0x000000373ea00000)]
  0x0000015677c14800 JavaThread "Unconstrained build operations Thread 22" [_thread_blocked, id=7516, stack(0x000000373ea00000,0x000000373eb00000)]
  0x0000015677c13000 JavaThread "Unconstrained build operations Thread 23" [_thread_blocked, id=9236, stack(0x000000373eb00000,0x000000373ec00000)]
  0x0000015677c15800 JavaThread "Unconstrained build operations Thread 24" [_thread_blocked, id=5052, stack(0x000000373ec00000,0x000000373ed00000)]
  0x0000015677c0f800 JavaThread "Unconstrained build operations Thread 25" [_thread_blocked, id=11940, stack(0x000000373ed00000,0x000000373ee00000)]
  0x0000015677c16000 JavaThread "Unconstrained build operations Thread 26" [_thread_blocked, id=8408, stack(0x000000373ee00000,0x000000373ef00000)]
  0x0000015677c18000 JavaThread "Unconstrained build operations Thread 27" [_thread_blocked, id=7004, stack(0x000000373ef00000,0x000000373f000000)]
  0x0000015677c17000 JavaThread "Unconstrained build operations Thread 28" [_thread_blocked, id=14328, stack(0x000000373f000000,0x000000373f100000)]
  0x000001566e829800 JavaThread "Unconstrained build operations Thread 29" [_thread_blocked, id=5816, stack(0x000000373f100000,0x000000373f200000)]
  0x000001566e829000 JavaThread "Unconstrained build operations Thread 30" [_thread_blocked, id=7324, stack(0x000000373f200000,0x000000373f300000)]
  0x000001566e827000 JavaThread "Unconstrained build operations Thread 31" [_thread_blocked, id=9080, stack(0x000000373f300000,0x000000373f400000)]
  0x000001566e82c000 JavaThread "Unconstrained build operations Thread 32" [_thread_blocked, id=2060, stack(0x000000373f400000,0x000000373f500000)]
  0x000001566e82a800 JavaThread "Unconstrained build operations Thread 33" [_thread_blocked, id=12840, stack(0x000000373f500000,0x000000373f600000)]
  0x000001566e826800 JavaThread "Unconstrained build operations Thread 34" [_thread_blocked, id=11044, stack(0x000000373f600000,0x000000373f700000)]
  0x000001566e831000 JavaThread "Unconstrained build operations Thread 35" [_thread_blocked, id=2688, stack(0x000000373f700000,0x000000373f800000)]
  0x000001566e82f800 JavaThread "Unconstrained build operations Thread 36" [_thread_blocked, id=8808, stack(0x000000373f800000,0x000000373f900000)]
  0x000001566e82d000 JavaThread "Unconstrained build operations Thread 37" [_thread_blocked, id=7948, stack(0x000000373f900000,0x000000373fa00000)]
  0x000001566e835000 JavaThread "Unconstrained build operations Thread 38" [_thread_blocked, id=6412, stack(0x000000373fa00000,0x000000373fb00000)]
  0x000001566e830000 JavaThread "Unconstrained build operations Thread 39" [_thread_blocked, id=3000, stack(0x000000373fb00000,0x000000373fc00000)]
  0x000001567134d800 JavaThread "Unconstrained build operations Thread 40" [_thread_blocked, id=7888, stack(0x000000373fc00000,0x000000373fd00000)]
  0x0000015671350800 JavaThread "build event listener" [_thread_blocked, id=10364, stack(0x000000373fe00000,0x000000373ff00000)]
  0x000001567134f000 JavaThread "included builds" [_thread_blocked, id=7776, stack(0x0000003740200000,0x0000003740300000)]
  0x0000015671351800 JavaThread "Execution worker for ':'" [_thread_blocked, id=7868, stack(0x0000003740300000,0x0000003740400000)]
  0x000001567134c800 JavaThread "Execution worker for ':' Thread 2" [_thread_blocked, id=11104, stack(0x0000003740400000,0x0000003740500000)]
  0x0000015671353000 JavaThread "Execution worker for ':' Thread 3" [_thread_blocked, id=7648, stack(0x0000003740500000,0x0000003740600000)]
  0x0000015671354000 JavaThread "Cache worker for execution history cache (C:\Users\DELL LATITUDE 5580\memoireversionfinale\.gradle\7.4\executionHistory)" [_thread_blocked, id=3448, stack(0x0000003740600000,0x0000003740700000)]
  0x0000015671354800 JavaThread "WorkerExecutor Queue" [_thread_blocked, id=3632, stack(0x0000003740700000,0x0000003740800000)]
  0x0000015674469800 JavaThread "WorkerExecutor Queue Thread 2" [_thread_blocked, id=6504, stack(0x0000003740900000,0x0000003740a00000)]
  0x000001566f7f0000 JavaThread "C2 CompilerThread1" daemon [_thread_blocked, id=2836, stack(0x000000373fd00000,0x000000373fe00000)]
  0x0000015674467000 JavaThread "WorkerExecutor Queue Thread 3" [_thread_blocked, id=13336, stack(0x0000003740a00000,0x0000003740b00000)]
  0x000001567446a000 JavaThread "WorkerExecutor Queue Thread 4" [_thread_blocked, id=11184, stack(0x0000003740b00000,0x0000003740c00000)]
  0x0000015674467800 JavaThread "WorkerExecutor Queue Thread 5" [_thread_blocked, id=9084, stack(0x0000003740c00000,0x0000003740d00000)]
  0x000001567446b000 JavaThread "pool-20-thread-1" [_thread_blocked, id=11532, stack(0x0000003740d00000,0x0000003740e00000)]
  0x0000015674465800 JavaThread "stderr" [_thread_in_native, id=8036, stack(0x0000003740e00000,0x0000003740f00000)]
  0x0000015674468800 JavaThread "stdout" [_thread_in_native, id=5288, stack(0x0000003741000000,0x0000003741100000)]
  0x000001567446c000 JavaThread "WorkerExecutor Queue Thread 6" [_thread_blocked, id=8268, stack(0x0000003741100000,0x0000003741200000)]

Other Threads:
=>0x000001566db77800 VMThread "VM Thread" [stack: 0x000000373af00000,0x000000373b000000] [id=5592]
  0x000001566e6c7000 WatcherThread [stack: 0x000000373b900000,0x000000373ba00000] [id=6544]
  0x0000015651f3e000 GCTaskThread "GC Thread#0" [stack: 0x000000373aa00000,0x000000373ab00000] [id=2900]
  0x000001566e5a3000 GCTaskThread "GC Thread#1" [stack: 0x000000373bb00000,0x000000373bc00000] [id=10452]
  0x000001566e5a5800 GCTaskThread "GC Thread#2" [stack: 0x000000373bd00000,0x000000373be00000] [id=8304]
  0x000001566e5a7000 GCTaskThread "GC Thread#3" [stack: 0x000000373be00000,0x000000373bf00000] [id=9496]
  0x0000015653fc9800 ConcurrentGCThread "G1 Main Marker" [stack: 0x000000373ab00000,0x000000373ac00000] [id=9708]
  0x0000015653fcb800 ConcurrentGCThread "G1 Conc#0" [stack: 0x000000373ac00000,0x000000373ad00000] [id=7408]
  0x0000015654058000 ConcurrentGCThread "G1 Refine#0" [stack: 0x000000373ad00000,0x000000373ae00000] [id=8788]
  0x0000015654059000 ConcurrentGCThread "G1 Young RemSet Sampling" [stack: 0x000000373ae00000,0x000000373af00000] [id=2776]

Threads with active compile tasks:
C2 CompilerThread11437183 26335       4       java.lang.Math::min (12 bytes)

VM state:at safepoint (normal execution)

VM Mutex/Monitor currently owned by a thread:  ([mutex/lock_event])
[0x0000015653f808b0] Threads_lock - owner thread: 0x000001566db77800
[0x0000015653f804c0] Heap_lock - owner thread: 0x0000015671354800

Heap address: 0x0000000080000000, size: 2048 MB, Compressed Oops mode: 32-bit
Narrow klass base: 0x0000000000000000, Narrow klass shift: 3
Compressed class space size: 1073741824 Address: 0x0000000100000000

Heap:
 garbage-first heap   total 385024K, used 207655K [0x0000000080000000, 0x0000000100000000)
  region size 1024K, 5 young (5120K), 5 survivors (5120K)
 Metaspace       used 149592K, capacity 154566K, committed 154832K, reserved 1183744K
  class space    used 18623K, capacity 20445K, committed 20556K, reserved 1048576K
Heap Regions: E=young(eden), S=young(survivor), O=old, HS=humongous(starts), HC=humongous(continues), CS=collection set, F=free, A=archive, TAMS=top-at-mark-start (previous, next)
|   0|0x0000000080000000, 0x0000000080100000, 0x0000000080100000|100%|HS|  |TAMS 0x0000000080100000, 0x0000000080000000| Complete 
|   1|0x0000000080100000, 0x0000000080200000, 0x0000000080200000|100%|HC|  |TAMS 0x0000000080200000, 0x0000000080100000| Complete 
|   2|0x0000000080200000, 0x0000000080300000, 0x0000000080300000|100%|HC|  |TAMS 0x0000000080300000, 0x0000000080200000| Complete 
|   3|0x0000000080300000, 0x0000000080400000, 0x0000000080400000|100%| O|  |TAMS 0x0000000080400000, 0x0000000080300000| Untracked 
|   4|0x0000000080400000, 0x0000000080500000, 0x0000000080500000|100%| O|  |TAMS 0x0000000080500000, 0x0000000080400000| Untracked 
|   5|0x0000000080500000, 0x0000000080600000, 0x0000000080600000|100%| O|  |TAMS 0x0000000080600000, 0x0000000080500000| Untracked 
|   6|0x0000000080600000, 0x0000000080700000, 0x0000000080700000|100%| O|  |TAMS 0x0000000080700000, 0x0000000080600000| Untracked 
|   7|0x0000000080700000, 0x0000000080800000, 0x0000000080800000|100%| O|  |TAMS 0x0000000080800000, 0x0000000080700000| Untracked 
|   8|0x0000000080800000, 0x0000000080900000, 0x0000000080900000|100%| O|  |TAMS 0x0000000080900000, 0x0000000080800000| Untracked 
|   9|0x0000000080900000, 0x0000000080a00000, 0x0000000080a00000|100%| O|  |TAMS 0x0000000080a00000, 0x0000000080900000| Untracked 
|  10|0x0000000080a00000, 0x0000000080b00000, 0x0000000080b00000|100%| O|  |TAMS 0x0000000080b00000, 0x0000000080a00000| Untracked 
|  11|0x0000000080b00000, 0x0000000080c00000, 0x0000000080c00000|100%| O|  |TAMS 0x0000000080c00000, 0x0000000080b00000| Untracked 
|  12|0x0000000080c00000, 0x0000000080d00000, 0x0000000080d00000|100%| O|  |TAMS 0x0000000080d00000, 0x0000000080c00000| Untracked 
|  13|0x0000000080d00000, 0x0000000080e00000, 0x0000000080e00000|100%| O|  |TAMS 0x0000000080e00000, 0x0000000080d00000| Untracked 
|  14|0x0000000080e00000, 0x0000000080f00000, 0x0000000080f00000|100%| O|  |TAMS 0x0000000080f00000, 0x0000000080e00000| Untracked 
|  15|0x0000000080f00000, 0x0000000081000000, 0x0000000081000000|100%| O|  |TAMS 0x0000000081000000, 0x0000000080f00000| Untracked 
|  16|0x0000000081000000, 0x0000000081100000, 0x0000000081100000|100%|HS|  |TAMS 0x0000000081100000, 0x0000000081000000| Complete 
|  17|0x0000000081100000, 0x0000000081200000, 0x0000000081200000|100%| O|  |TAMS 0x0000000081200000, 0x0000000081100000| Untracked 
|  18|0x0000000081200000, 0x0000000081300000, 0x0000000081300000|100%| O|  |TAMS 0x0000000081300000, 0x0000000081200000| Untracked 
|  19|0x0000000081300000, 0x0000000081400000, 0x0000000081400000|100%| O|  |TAMS 0x0000000081400000, 0x0000000081300000| Untracked 
|  20|0x0000000081400000, 0x0000000081500000, 0x0000000081500000|100%| O|  |TAMS 0x0000000081500000, 0x0000000081400000| Untracked 
|  21|0x0000000081500000, 0x0000000081600000, 0x0000000081600000|100%| O|  |TAMS 0x0000000081600000, 0x0000000081500000| Untracked 
|  22|0x0000000081600000, 0x0000000081700000, 0x0000000081700000|100%| O|  |TAMS 0x0000000081700000, 0x0000000081600000| Untracked 
|  23|0x0000000081700000, 0x0000000081800000, 0x0000000081800000|100%| O|  |TAMS 0x0000000081800000, 0x0000000081700000| Untracked 
|  24|0x0000000081800000, 0x0000000081900000, 0x0000000081900000|100%| O|  |TAMS 0x0000000081900000, 0x0000000081800000| Untracked 
|  25|0x0000000081900000, 0x0000000081a00000, 0x0000000081a00000|100%| O|  |TAMS 0x0000000081a00000, 0x0000000081900000| Untracked 
|  26|0x0000000081a00000, 0x0000000081b00000, 0x0000000081b00000|100%| O|  |TAMS 0x0000000081b00000, 0x0000000081a00000| Untracked 
|  27|0x0000000081b00000, 0x0000000081c00000, 0x0000000081c00000|100%| O|  |TAMS 0x0000000081c00000, 0x0000000081b00000| Untracked 
|  28|0x0000000081c00000, 0x0000000081d00000, 0x0000000081d00000|100%|HS|  |TAMS 0x0000000081d00000, 0x0000000081c00000| Complete 
|  29|0x0000000081d00000, 0x0000000081e00000, 0x0000000081e00000|100%|HS|  |TAMS 0x0000000081e00000, 0x0000000081d00000| Complete 
|  30|0x0000000081e00000, 0x0000000081f00000, 0x0000000081f00000|100%| O|  |TAMS 0x0000000081f00000, 0x0000000081e00000| Untracked 
|  31|0x0000000081f00000, 0x0000000082000000, 0x0000000082000000|100%|HS|  |TAMS 0x0000000082000000, 0x0000000081f00000| Complete 
|  32|0x0000000082000000, 0x0000000082100000, 0x0000000082100000|100%|HC|  |TAMS 0x0000000082100000, 0x0000000082000000| Complete 
|  33|0x0000000082100000, 0x0000000082200000, 0x0000000082200000|100%| O|  |TAMS 0x0000000082200000, 0x0000000082100000| Untracked 
|  34|0x0000000082200000, 0x0000000082300000, 0x0000000082300000|100%| O|  |TAMS 0x0000000082300000, 0x0000000082200000| Untracked 
|  35|0x0000000082300000, 0x0000000082400000, 0x0000000082400000|100%| O|  |TAMS 0x0000000082400000, 0x0000000082300000| Untracked 
|  36|0x0000000082400000, 0x0000000082500000, 0x0000000082500000|100%| O|  |TAMS 0x0000000082500000, 0x0000000082400000| Untracked 
|  37|0x0000000082500000, 0x0000000082600000, 0x0000000082600000|100%| O|  |TAMS 0x0000000082600000, 0x0000000082500000| Untracked 
|  38|0x0000000082600000, 0x0000000082700000, 0x0000000082700000|100%| O|  |TAMS 0x0000000082700000, 0x0000000082600000| Untracked 
|  39|0x0000000082700000, 0x0000000082800000, 0x0000000082800000|100%| O|  |TAMS 0x0000000082800000, 0x0000000082700000| Untracked 
|  40|0x0000000082800000, 0x0000000082900000, 0x0000000082900000|100%| O|  |TAMS 0x0000000082900000, 0x0000000082800000| Untracked 
|  41|0x0000000082900000, 0x0000000082a00000, 0x0000000082a00000|100%| O|  |TAMS 0x0000000082a00000, 0x0000000082900000| Untracked 
|  42|0x0000000082a00000, 0x0000000082b00000, 0x0000000082b00000|100%|HS|  |TAMS 0x0000000082b00000, 0x0000000082a00000| Complete 
|  43|0x0000000082b00000, 0x0000000082c00000, 0x0000000082c00000|100%| O|  |TAMS 0x0000000082c00000, 0x0000000082b00000| Untracked 
|  44|0x0000000082c00000, 0x0000000082d00000, 0x0000000082d00000|100%| O|  |TAMS 0x0000000082d00000, 0x0000000082c00000| Untracked 
|  45|0x0000000082d00000, 0x0000000082e00000, 0x0000000082e00000|100%| O|  |TAMS 0x0000000082e00000, 0x0000000082d00000| Untracked 
|  46|0x0000000082e00000, 0x0000000082f00000, 0x0000000082f00000|100%| O|  |TAMS 0x0000000082f00000, 0x0000000082e00000| Untracked 
|  47|0x0000000082f00000, 0x0000000083000000, 0x0000000083000000|100%| O|  |TAMS 0x0000000083000000, 0x0000000082f00000| Untracked 
|  48|0x0000000083000000, 0x0000000083100000, 0x0000000083100000|100%| O|  |TAMS 0x0000000083100000, 0x0000000083000000| Untracked 
|  49|0x0000000083100000, 0x0000000083200000, 0x0000000083200000|100%| O|  |TAMS 0x0000000083200000, 0x0000000083100000| Untracked 
|  50|0x0000000083200000, 0x0000000083300000, 0x0000000083300000|100%| O|  |TAMS 0x0000000083300000, 0x0000000083200000| Untracked 
|  51|0x0000000083300000, 0x0000000083400000, 0x0000000083400000|100%| O|  |TAMS 0x0000000083400000, 0x0000000083300000| Untracked 
|  52|0x0000000083400000, 0x0000000083500000, 0x0000000083500000|100%| O|  |TAMS 0x0000000083500000, 0x0000000083400000| Untracked 
|  53|0x0000000083500000, 0x0000000083600000, 0x0000000083600000|100%| O|  |TAMS 0x0000000083600000, 0x0000000083500000| Untracked 
|  54|0x0000000083600000, 0x0000000083700000, 0x0000000083700000|100%| O|  |TAMS 0x0000000083700000, 0x0000000083600000| Untracked 
|  55|0x0000000083700000, 0x0000000083800000, 0x0000000083800000|100%| O|  |TAMS 0x0000000083800000, 0x0000000083700000| Untracked 
|  56|0x0000000083800000, 0x0000000083900000, 0x0000000083900000|100%| O|  |TAMS 0x0000000083900000, 0x0000000083800000| Untracked 
|  57|0x0000000083900000, 0x0000000083a00000, 0x0000000083a00000|100%| O|  |TAMS 0x0000000083a00000, 0x0000000083900000| Untracked 
|  58|0x0000000083a00000, 0x0000000083b00000, 0x0000000083b00000|100%| O|  |TAMS 0x0000000083b00000, 0x0000000083a00000| Untracked 
|  59|0x0000000083b00000, 0x0000000083c00000, 0x0000000083c00000|100%| O|  |TAMS 0x0000000083c00000, 0x0000000083b00000| Untracked 
|  60|0x0000000083c00000, 0x0000000083d00000, 0x0000000083d00000|100%| O|  |TAMS 0x0000000083d00000, 0x0000000083c00000| Untracked 
|  61|0x0000000083d00000, 0x0000000083e00000, 0x0000000083e00000|100%| O|  |TAMS 0x0000000083e00000, 0x0000000083d00000| Untracked 
|  62|0x0000000083e00000, 0x0000000083f00000, 0x0000000083f00000|100%| O|  |TAMS 0x0000000083f00000, 0x0000000083e00000| Untracked 
|  63|0x0000000083f00000, 0x0000000084000000, 0x0000000084000000|100%| O|  |TAMS 0x0000000084000000, 0x0000000083f00000| Untracked 
|  64|0x0000000084000000, 0x0000000084100000, 0x0000000084100000|100%| O|  |TAMS 0x0000000084100000, 0x0000000084000000| Untracked 
|  65|0x0000000084100000, 0x0000000084200000, 0x0000000084200000|100%| O|  |TAMS 0x0000000084200000, 0x0000000084100000| Untracked 
|  66|0x0000000084200000, 0x0000000084300000, 0x0000000084300000|100%| O|  |TAMS 0x0000000084300000, 0x0000000084200000| Untracked 
|  67|0x0000000084300000, 0x0000000084400000, 0x0000000084400000|100%| O|  |TAMS 0x0000000084400000, 0x0000000084300000| Untracked 
|  68|0x0000000084400000, 0x0000000084500000, 0x0000000084500000|100%| O|  |TAMS 0x0000000084500000, 0x0000000084400000| Untracked 
|  69|0x0000000084500000, 0x0000000084600000, 0x0000000084600000|100%| O|  |TAMS 0x0000000084600000, 0x0000000084500000| Untracked 
|  70|0x0000000084600000, 0x0000000084700000, 0x0000000084700000|100%| O|  |TAMS 0x0000000084700000, 0x0000000084600000| Untracked 
|  71|0x0000000084700000, 0x0000000084800000, 0x0000000084800000|100%|HS|  |TAMS 0x0000000084800000, 0x0000000084700000| Complete 
|  72|0x0000000084800000, 0x0000000084900000, 0x0000000084900000|100%|HC|  |TAMS 0x0000000084900000, 0x0000000084800000| Complete 
|  73|0x0000000084900000, 0x0000000084a00000, 0x0000000084a00000|100%| O|  |TAMS 0x0000000084a00000, 0x0000000084900000| Untracked 
|  74|0x0000000084a00000, 0x0000000084b00000, 0x0000000084b00000|100%| O|  |TAMS 0x0000000084b00000, 0x0000000084a00000| Untracked 
|  75|0x0000000084b00000, 0x0000000084c00000, 0x0000000084c00000|100%| O|  |TAMS 0x0000000084c00000, 0x0000000084b00000| Untracked 
|  76|0x0000000084c00000, 0x0000000084d00000, 0x0000000084d00000|100%| O|  |TAMS 0x0000000084d00000, 0x0000000084c00000| Untracked 
|  77|0x0000000084d00000, 0x0000000084e00000, 0x0000000084e00000|100%|HS|  |TAMS 0x0000000084e00000, 0x0000000084d00000| Complete 
|  78|0x0000000084e00000, 0x0000000084f00000, 0x0000000084f00000|100%|HC|  |TAMS 0x0000000084f00000, 0x0000000084e00000| Complete 
|  79|0x0000000084f00000, 0x0000000085000000, 0x0000000085000000|100%|HS|  |TAMS 0x0000000085000000, 0x0000000084f00000| Complete 
|  80|0x0000000085000000, 0x0000000085100000, 0x0000000085100000|100%|HC|  |TAMS 0x0000000085100000, 0x0000000085000000| Complete 
|  81|0x0000000085100000, 0x0000000085200000, 0x0000000085200000|100%| O|  |TAMS 0x0000000085200000, 0x0000000085100000| Untracked 
|  82|0x0000000085200000, 0x0000000085300000, 0x0000000085300000|100%| O|  |TAMS 0x0000000085300000, 0x0000000085200000| Untracked 
|  83|0x0000000085300000, 0x0000000085400000, 0x0000000085400000|100%| O|  |TAMS 0x0000000085400000, 0x0000000085300000| Untracked 
|  84|0x0000000085400000, 0x0000000085500000, 0x0000000085500000|100%| O|  |TAMS 0x0000000085500000, 0x0000000085400000| Untracked 
|  85|0x0000000085500000, 0x0000000085600000, 0x0000000085600000|100%| O|  |TAMS 0x0000000085600000, 0x0000000085500000| Untracked 
|  86|0x0000000085600000, 0x0000000085700000, 0x0000000085700000|100%| O|  |TAMS 0x0000000085700000, 0x0000000085600000| Untracked 
|  87|0x0000000085700000, 0x0000000085800000, 0x0000000085800000|100%| O|  |TAMS 0x0000000085800000, 0x0000000085700000| Untracked 
|  88|0x0000000085800000, 0x0000000085900000, 0x0000000085900000|100%| O|  |TAMS 0x0000000085900000, 0x0000000085800000| Untracked 
|  89|0x0000000085900000, 0x0000000085a00000, 0x0000000085a00000|100%| O|  |TAMS 0x0000000085a00000, 0x0000000085900000| Untracked 
|  90|0x0000000085a00000, 0x0000000085b00000, 0x0000000085b00000|100%| O|  |TAMS 0x0000000085b00000, 0x0000000085a00000| Untracked 
|  91|0x0000000085b00000, 0x0000000085c00000, 0x0000000085c00000|100%| O|  |TAMS 0x0000000085c00000, 0x0000000085b00000| Untracked 
|  92|0x0000000085c00000, 0x0000000085d00000, 0x0000000085d00000|100%| O|  |TAMS 0x0000000085d00000, 0x0000000085c00000| Untracked 
|  93|0x0000000085d00000, 0x0000000085e00000, 0x0000000085e00000|100%| O|  |TAMS 0x0000000085e00000, 0x0000000085d00000| Untracked 
|  94|0x0000000085e00000, 0x0000000085f00000, 0x0000000085f00000|100%| O|  |TAMS 0x0000000085f00000, 0x0000000085e00000| Untracked 
|  95|0x0000000085f00000, 0x0000000086000000, 0x0000000086000000|100%| O|  |TAMS 0x0000000086000000, 0x0000000085f00000| Untracked 
|  96|0x0000000086000000, 0x0000000086100000, 0x0000000086100000|100%| O|  |TAMS 0x0000000086100000, 0x0000000086000000| Untracked 
|  97|0x0000000086100000, 0x0000000086200000, 0x0000000086200000|100%| O|  |TAMS 0x0000000086200000, 0x0000000086100000| Untracked 
|  98|0x0000000086200000, 0x0000000086300000, 0x0000000086300000|100%| O|  |TAMS 0x0000000086300000, 0x0000000086200000| Untracked 
|  99|0x0000000086300000, 0x0000000086400000, 0x0000000086400000|100%| O|  |TAMS 0x0000000086400000, 0x0000000086300000| Untracked 
| 100|0x0000000086400000, 0x0000000086500000, 0x0000000086500000|100%| O|  |TAMS 0x0000000086500000, 0x0000000086400000| Untracked 
| 101|0x0000000086500000, 0x0000000086600000, 0x0000000086600000|100%| O|  |TAMS 0x0000000086600000, 0x0000000086500000| Untracked 
| 102|0x0000000086600000, 0x0000000086700000, 0x0000000086700000|100%| O|  |TAMS 0x0000000086700000, 0x0000000086600000| Untracked 
| 103|0x0000000086700000, 0x0000000086800000, 0x0000000086800000|100%| O|  |TAMS 0x0000000086800000, 0x0000000086700000| Untracked 
| 104|0x0000000086800000, 0x0000000086900000, 0x0000000086900000|100%| O|  |TAMS 0x0000000086900000, 0x0000000086800000| Untracked 
| 105|0x0000000086900000, 0x0000000086a00000, 0x0000000086a00000|100%| O|  |TAMS 0x0000000086a00000, 0x0000000086900000| Untracked 
| 106|0x0000000086a00000, 0x0000000086b00000, 0x0000000086b00000|100%| O|  |TAMS 0x0000000086b00000, 0x0000000086a00000| Untracked 
| 107|0x0000000086b00000, 0x0000000086c00000, 0x0000000086c00000|100%| O|  |TAMS 0x0000000086c00000, 0x0000000086b00000| Untracked 
| 108|0x0000000086c00000, 0x0000000086d00000, 0x0000000086d00000|100%| O|  |TAMS 0x0000000086d00000, 0x0000000086c00000| Untracked 
| 109|0x0000000086d00000, 0x0000000086e00000, 0x0000000086e00000|100%| O|  |TAMS 0x0000000086e00000, 0x0000000086d00000| Untracked 
| 110|0x0000000086e00000, 0x0000000086f00000, 0x0000000086f00000|100%| O|  |TAMS 0x0000000086f00000, 0x0000000086e00000| Untracked 
| 111|0x0000000086f00000, 0x0000000087000000, 0x0000000087000000|100%| O|  |TAMS 0x0000000087000000, 0x0000000086f00000| Untracked 
| 112|0x0000000087000000, 0x0000000087100000, 0x0000000087100000|100%|HS|  |TAMS 0x0000000087100000, 0x0000000087000000| Complete 
| 113|0x0000000087100000, 0x0000000087200000, 0x0000000087200000|100%|HC|  |TAMS 0x0000000087200000, 0x0000000087100000| Complete 
| 114|0x0000000087200000, 0x0000000087300000, 0x0000000087300000|100%|HC|  |TAMS 0x0000000087300000, 0x0000000087200000| Complete 
| 115|0x0000000087300000, 0x0000000087400000, 0x0000000087400000|100%|HS|  |TAMS 0x0000000087400000, 0x0000000087300000| Complete 
| 116|0x0000000087400000, 0x0000000087500000, 0x0000000087500000|100%|HC|  |TAMS 0x0000000087500000, 0x0000000087400000| Complete 
| 117|0x0000000087500000, 0x0000000087600000, 0x0000000087600000|100%|HC|  |TAMS 0x0000000087600000, 0x0000000087500000| Complete 
| 118|0x0000000087600000, 0x0000000087700000, 0x0000000087700000|100%|HC|  |TAMS 0x0000000087700000, 0x0000000087600000| Complete 
| 119|0x0000000087700000, 0x0000000087800000, 0x0000000087800000|100%|HC|  |TAMS 0x0000000087800000, 0x0000000087700000| Complete 
| 120|0x0000000087800000, 0x0000000087900000, 0x0000000087900000|100%|HS|  |TAMS 0x0000000087900000, 0x0000000087800000| Complete 
| 121|0x0000000087900000, 0x0000000087a00000, 0x0000000087a00000|100%|HC|  |TAMS 0x0000000087a00000, 0x0000000087900000| Complete 
| 122|0x0000000087a00000, 0x0000000087b00000, 0x0000000087b00000|100%|HC|  |TAMS 0x0000000087b00000, 0x0000000087a00000| Complete 
| 123|0x0000000087b00000, 0x0000000087c00000, 0x0000000087c00000|100%|HS|  |TAMS 0x0000000087c00000, 0x0000000087b00000| Complete 
| 124|0x0000000087c00000, 0x0000000087d00000, 0x0000000087d00000|100%|HC|  |TAMS 0x0000000087d00000, 0x0000000087c00000| Complete 
| 125|0x0000000087d00000, 0x0000000087e00000, 0x0000000087e00000|100%|HC|  |TAMS 0x0000000087e00000, 0x0000000087d00000| Complete 
| 126|0x0000000087e00000, 0x0000000087f00000, 0x0000000087f00000|100%|HC|  |TAMS 0x0000000087f00000, 0x0000000087e00000| Complete 
| 127|0x0000000087f00000, 0x0000000088000000, 0x0000000088000000|100%|HS|  |TAMS 0x0000000088000000, 0x0000000087f00000| Complete 
| 128|0x0000000088000000, 0x0000000088100000, 0x0000000088100000|100%|HC|  |TAMS 0x0000000088100000, 0x0000000088000000| Complete 
| 129|0x0000000088100000, 0x0000000088200000, 0x0000000088200000|100%|HC|  |TAMS 0x0000000088200000, 0x0000000088100000| Complete 
| 130|0x0000000088200000, 0x0000000088300000, 0x0000000088300000|100%| O|  |TAMS 0x0000000088300000, 0x0000000088200000| Untracked 
| 131|0x0000000088300000, 0x0000000088400000, 0x0000000088400000|100%| O|  |TAMS 0x0000000088400000, 0x0000000088300000| Untracked 
| 132|0x0000000088400000, 0x0000000088500000, 0x0000000088500000|100%| O|  |TAMS 0x0000000088500000, 0x0000000088400000| Untracked 
| 133|0x0000000088500000, 0x0000000088600000, 0x0000000088600000|100%| O|  |TAMS 0x0000000088600000, 0x0000000088500000| Untracked 
| 134|0x0000000088600000, 0x0000000088700000, 0x0000000088700000|100%| O|  |TAMS 0x0000000088700000, 0x0000000088600000| Untracked 
| 135|0x0000000088700000, 0x0000000088800000, 0x0000000088800000|100%|HS|  |TAMS 0x0000000088800000, 0x0000000088700000| Complete 
| 136|0x0000000088800000, 0x0000000088900000, 0x0000000088900000|100%|HC|  |TAMS 0x0000000088900000, 0x0000000088800000| Complete 
| 137|0x0000000088900000, 0x0000000088a00000, 0x0000000088a00000|100%|HC|  |TAMS 0x0000000088a00000, 0x0000000088900000| Complete 
| 138|0x0000000088a00000, 0x0000000088b00000, 0x0000000088b00000|100%|HC|  |TAMS 0x0000000088b00000, 0x0000000088a00000| Complete 
| 139|0x0000000088b00000, 0x0000000088c00000, 0x0000000088c00000|100%|HS|  |TAMS 0x0000000088c00000, 0x0000000088b00000| Complete 
| 140|0x0000000088c00000, 0x0000000088d00000, 0x0000000088d00000|100%|HC|  |TAMS 0x0000000088d00000, 0x0000000088c00000| Complete 
| 141|0x0000000088d00000, 0x0000000088e00000, 0x0000000088e00000|100%|HC|  |TAMS 0x0000000088e00000, 0x0000000088d00000| Complete 
| 142|0x0000000088e00000, 0x0000000088f00000, 0x0000000088f00000|100%|HS|  |TAMS 0x0000000088f00000, 0x0000000088e00000| Complete 
| 143|0x0000000088f00000, 0x0000000089000000, 0x0000000089000000|100%|HC|  |TAMS 0x0000000089000000, 0x0000000088f00000| Complete 
| 144|0x0000000089000000, 0x0000000089100000, 0x0000000089100000|100%|HC|  |TAMS 0x0000000089100000, 0x0000000089000000| Complete 
| 145|0x0000000089100000, 0x0000000089200000, 0x0000000089200000|100%|HC|  |TAMS 0x0000000089200000, 0x0000000089100000| Complete 
| 146|0x0000000089200000, 0x0000000089300000, 0x0000000089300000|100%|HC|  |TAMS 0x0000000089300000, 0x0000000089200000| Complete 
| 147|0x0000000089300000, 0x0000000089400000, 0x0000000089400000|100%| O|  |TAMS 0x0000000089400000, 0x0000000089300000| Untracked 
| 148|0x0000000089400000, 0x0000000089500000, 0x0000000089500000|100%| O|  |TAMS 0x0000000089500000, 0x0000000089400000| Untracked 
| 149|0x0000000089500000, 0x0000000089600000, 0x0000000089600000|100%| O|  |TAMS 0x0000000089600000, 0x0000000089500000| Untracked 
| 150|0x0000000089600000, 0x0000000089700000, 0x0000000089700000|100%| O|  |TAMS 0x0000000089700000, 0x0000000089600000| Untracked 
| 151|0x0000000089700000, 0x0000000089800000, 0x0000000089800000|100%| O|  |TAMS 0x0000000089800000, 0x0000000089700000| Untracked 
| 152|0x0000000089800000, 0x0000000089900000, 0x0000000089900000|100%| O|  |TAMS 0x0000000089900000, 0x0000000089800000| Untracked 
| 153|0x0000000089900000, 0x0000000089a00000, 0x0000000089a00000|100%| O|  |TAMS 0x0000000089a00000, 0x0000000089900000| Untracked 
| 154|0x0000000089a00000, 0x0000000089b00000, 0x0000000089b00000|100%| O|  |TAMS 0x0000000089b00000, 0x0000000089a00000| Untracked 
| 155|0x0000000089b00000, 0x0000000089c00000, 0x0000000089c00000|100%| O|  |TAMS 0x0000000089c00000, 0x0000000089b00000| Untracked 
| 156|0x0000000089c00000, 0x0000000089d00000, 0x0000000089d00000|100%| O|  |TAMS 0x0000000089d00000, 0x0000000089c00000| Untracked 
| 157|0x0000000089d00000, 0x0000000089e00000, 0x0000000089e00000|100%|HS|  |TAMS 0x0000000089e00000, 0x0000000089d00000| Complete 
| 158|0x0000000089e00000, 0x0000000089f00000, 0x0000000089f00000|100%|HC|  |TAMS 0x0000000089f00000, 0x0000000089e00000| Complete 
| 159|0x0000000089f00000, 0x000000008a000000, 0x000000008a000000|100%|HC|  |TAMS 0x000000008a000000, 0x0000000089f00000| Complete 
| 160|0x000000008a000000, 0x000000008a100000, 0x000000008a100000|100%|HS|  |TAMS 0x000000008a100000, 0x000000008a000000| Complete 
| 161|0x000000008a100000, 0x000000008a200000, 0x000000008a200000|100%|HC|  |TAMS 0x000000008a200000, 0x000000008a100000| Complete 
| 162|0x000000008a200000, 0x000000008a300000, 0x000000008a300000|100%|HC|  |TAMS 0x000000008a300000, 0x000000008a200000| Complete 
| 163|0x000000008a300000, 0x000000008a400000, 0x000000008a400000|100%|HC|  |TAMS 0x000000008a400000, 0x000000008a300000| Complete 
| 164|0x000000008a400000, 0x000000008a500000, 0x000000008a500000|100%|HC|  |TAMS 0x000000008a500000, 0x000000008a400000| Complete 
| 165|0x000000008a500000, 0x000000008a600000, 0x000000008a600000|100%|HS|  |TAMS 0x000000008a600000, 0x000000008a500000| Complete 
| 166|0x000000008a600000, 0x000000008a700000, 0x000000008a700000|100%|HC|  |TAMS 0x000000008a700000, 0x000000008a600000| Complete 
| 167|0x000000008a700000, 0x000000008a800000, 0x000000008a800000|100%|HC|  |TAMS 0x000000008a800000, 0x000000008a700000| Complete 
| 168|0x000000008a800000, 0x000000008a900000, 0x000000008a900000|100%|HS|  |TAMS 0x000000008a900000, 0x000000008a800000| Complete 
| 169|0x000000008a900000, 0x000000008aa00000, 0x000000008aa00000|100%|HC|  |TAMS 0x000000008aa00000, 0x000000008a900000| Complete 
| 170|0x000000008aa00000, 0x000000008ab00000, 0x000000008ab00000|100%|HC|  |TAMS 0x000000008ab00000, 0x000000008aa00000| Complete 
| 171|0x000000008ab00000, 0x000000008ac00000, 0x000000008ac00000|100%|HC|  |TAMS 0x000000008ac00000, 0x000000008ab00000| Complete 
| 172|0x000000008ac00000, 0x000000008ad00000, 0x000000008ad00000|100%| O|  |TAMS 0x000000008ad00000, 0x000000008ac00000| Untracked 
| 173|0x000000008ad00000, 0x000000008ae00000, 0x000000008ae00000|100%| O|  |TAMS 0x000000008ae00000, 0x000000008ad00000| Untracked 
| 174|0x000000008ae00000, 0x000000008af00000, 0x000000008af00000|100%| O|  |TAMS 0x000000008af00000, 0x000000008ae00000| Untracked 
| 175|0x000000008af00000, 0x000000008b000000, 0x000000008b000000|100%| O|  |TAMS 0x000000008b000000, 0x000000008af00000| Untracked 
| 176|0x000000008b000000, 0x000000008b100000, 0x000000008b100000|100%| O|  |TAMS 0x000000008b100000, 0x000000008b000000| Untracked 
| 177|0x000000008b100000, 0x000000008b200000, 0x000000008b200000|100%| O|  |TAMS 0x000000008b200000, 0x000000008b100000| Untracked 
| 178|0x000000008b200000, 0x000000008b300000, 0x000000008b300000|100%| O|  |TAMS 0x000000008b300000, 0x000000008b200000| Untracked 
| 179|0x000000008b300000, 0x000000008b400000, 0x000000008b400000|100%| O|  |TAMS 0x000000008b400000, 0x000000008b300000| Untracked 
| 180|0x000000008b400000, 0x000000008b500000, 0x000000008b500000|100%| O|  |TAMS 0x000000008b500000, 0x000000008b400000| Untracked 
| 181|0x000000008b500000, 0x000000008b600000, 0x000000008b600000|100%| O|  |TAMS 0x000000008b600000, 0x000000008b500000| Untracked 
| 182|0x000000008b600000, 0x000000008b700000, 0x000000008b700000|100%| O|  |TAMS 0x000000008b700000, 0x000000008b600000| Untracked 
| 183|0x000000008b700000, 0x000000008b800000, 0x000000008b800000|100%| O|  |TAMS 0x000000008b800000, 0x000000008b700000| Untracked 
| 184|0x000000008b800000, 0x000000008b900000, 0x000000008b900000|100%| O|  |TAMS 0x000000008b810000, 0x000000008b800000| Untracked 
| 185|0x000000008b900000, 0x000000008ba00000, 0x000000008ba00000|100%|HS|  |TAMS 0x000000008b900000, 0x000000008b900000| Complete 
| 186|0x000000008ba00000, 0x000000008bb00000, 0x000000008bb00000|100%| O|  |TAMS 0x000000008bb00000, 0x000000008ba00000| Untracked 
| 187|0x000000008bb00000, 0x000000008bc00000, 0x000000008bc00000|100%|HS|  |TAMS 0x000000008bb00000, 0x000000008bb00000| Complete 
| 188|0x000000008bc00000, 0x000000008bd00000, 0x000000008bd00000|100%|HC|  |TAMS 0x000000008bc00000, 0x000000008bc00000| Complete 
| 189|0x000000008bd00000, 0x000000008be00000, 0x000000008be00000|100%| O|  |TAMS 0x000000008be00000, 0x000000008bd00000| Untracked 
| 190|0x000000008be00000, 0x000000008bf00000, 0x000000008bf00000|100%|HS|  |TAMS 0x000000008be00000, 0x000000008be00000| Complete 
| 191|0x000000008bf00000, 0x000000008c000000, 0x000000008c000000|100%| O|  |TAMS 0x000000008bf00000, 0x000000008bf00000| Untracked 
| 192|0x000000008c000000, 0x000000008c100000, 0x000000008c100000|100%| O|  |TAMS 0x000000008c100000, 0x000000008c000000| Untracked 
| 193|0x000000008c100000, 0x000000008c200000, 0x000000008c200000|100%| O|  |TAMS 0x000000008c200000, 0x000000008c100000| Untracked 
| 194|0x000000008c200000, 0x000000008c300000, 0x000000008c300000|100%| O|  |TAMS 0x000000008c300000, 0x000000008c200000| Untracked 
| 195|0x000000008c300000, 0x000000008c400000, 0x000000008c400000|100%| O|  |TAMS 0x000000008c300000, 0x000000008c300000| Untracked 
| 196|0x000000008c400000, 0x000000008c500000, 0x000000008c500000|100%| O|  |TAMS 0x000000008c400000, 0x000000008c400000| Untracked 
| 197|0x000000008c500000, 0x000000008c500000, 0x000000008c600000|  0%| F|  |TAMS 0x000000008c500000, 0x000000008c500000| Untracked 
| 198|0x000000008c600000, 0x000000008c600000, 0x000000008c700000|  0%| F|  |TAMS 0x000000008c600000, 0x000000008c600000| Untracked 
| 199|0x000000008c700000, 0x000000008c700000, 0x000000008c800000|  0%| F|  |TAMS 0x000000008c700000, 0x000000008c700000| Untracked 
| 200|0x000000008c800000, 0x000000008c800000, 0x000000008c900000|  0%| F|  |TAMS 0x000000008c800000, 0x000000008c800000| Untracked 
| 201|0x000000008c900000, 0x000000008c900000, 0x000000008ca00000|  0%| F|  |TAMS 0x000000008c900000, 0x000000008c900000| Untracked 
| 202|0x000000008ca00000, 0x000000008ca00000, 0x000000008cb00000|  0%| F|  |TAMS 0x000000008ca00000, 0x000000008ca00000| Untracked 
| 203|0x000000008cb00000, 0x000000008cb00000, 0x000000008cc00000|  0%| F|  |TAMS 0x000000008cb00000, 0x000000008cb00000| Untracked 
| 204|0x000000008cc00000, 0x000000008cc00000, 0x000000008cd00000|  0%| F|  |TAMS 0x000000008cc00000, 0x000000008cc00000| Untracked 
| 205|0x000000008cd00000, 0x000000008cd00000, 0x000000008ce00000|  0%| F|  |TAMS 0x000000008cd00000, 0x000000008cd00000| Untracked 
| 206|0x000000008ce00000, 0x000000008ce00000, 0x000000008cf00000|  0%| F|  |TAMS 0x000000008ce00000, 0x000000008ce00000| Untracked 
| 207|0x000000008cf00000, 0x000000008cf00000, 0x000000008d000000|  0%| F|  |TAMS 0x000000008cf00000, 0x000000008cf00000| Untracked 
| 208|0x000000008d000000, 0x000000008d000000, 0x000000008d100000|  0%| F|  |TAMS 0x000000008d000000, 0x000000008d000000| Untracked 
| 209|0x000000008d100000, 0x000000008d100000, 0x000000008d200000|  0%| F|  |TAMS 0x000000008d100000, 0x000000008d100000| Untracked 
| 210|0x000000008d200000, 0x000000008d200000, 0x000000008d300000|  0%| F|  |TAMS 0x000000008d200000, 0x000000008d200000| Untracked 
| 211|0x000000008d300000, 0x000000008d300000, 0x000000008d400000|  0%| F|  |TAMS 0x000000008d300000, 0x000000008d300000| Untracked 
| 212|0x000000008d400000, 0x000000008d400000, 0x000000008d500000|  0%| F|  |TAMS 0x000000008d400000, 0x000000008d400000| Untracked 
| 213|0x000000008d500000, 0x000000008d500000, 0x000000008d600000|  0%| F|  |TAMS 0x000000008d500000, 0x000000008d500000| Untracked 
| 214|0x000000008d600000, 0x000000008d600000, 0x000000008d700000|  0%| F|  |TAMS 0x000000008d600000, 0x000000008d600000| Untracked 
| 215|0x000000008d700000, 0x000000008d700000, 0x000000008d800000|  0%| F|  |TAMS 0x000000008d700000, 0x000000008d700000| Untracked 
| 216|0x000000008d800000, 0x000000008d800000, 0x000000008d900000|  0%| F|  |TAMS 0x000000008d800000, 0x000000008d800000| Untracked 
| 217|0x000000008d900000, 0x000000008d900000, 0x000000008da00000|  0%| F|  |TAMS 0x000000008d900000, 0x000000008d900000| Untracked 
| 218|0x000000008da00000, 0x000000008da00000, 0x000000008db00000|  0%| F|  |TAMS 0x000000008da00000, 0x000000008da00000| Untracked 
| 219|0x000000008db00000, 0x000000008db00000, 0x000000008dc00000|  0%| F|  |TAMS 0x000000008db00000, 0x000000008db00000| Untracked 
| 220|0x000000008dc00000, 0x000000008dc00000, 0x000000008dd00000|  0%| F|  |TAMS 0x000000008dc00000, 0x000000008dc00000| Untracked 
| 221|0x000000008dd00000, 0x000000008dd00000, 0x000000008de00000|  0%| F|  |TAMS 0x000000008dd00000, 0x000000008dd00000| Untracked 
| 222|0x000000008de00000, 0x000000008de00000, 0x000000008df00000|  0%| F|  |TAMS 0x000000008de00000, 0x000000008de00000| Untracked 
| 223|0x000000008df00000, 0x000000008df00000, 0x000000008e000000|  0%| F|  |TAMS 0x000000008df00000, 0x000000008df00000| Untracked 
| 224|0x000000008e000000, 0x000000008e000000, 0x000000008e100000|  0%| F|  |TAMS 0x000000008e000000, 0x000000008e000000| Untracked 
| 225|0x000000008e100000, 0x000000008e100000, 0x000000008e200000|  0%| F|  |TAMS 0x000000008e100000, 0x000000008e100000| Untracked 
| 226|0x000000008e200000, 0x000000008e200000, 0x000000008e300000|  0%| F|  |TAMS 0x000000008e200000, 0x000000008e200000| Untracked 
| 227|0x000000008e300000, 0x000000008e400000, 0x000000008e400000|100%| O|  |TAMS 0x000000008e400000, 0x000000008e300000| Untracked 
| 228|0x000000008e400000, 0x000000008e400000, 0x000000008e500000|  0%| F|  |TAMS 0x000000008e400000, 0x000000008e400000| Untracked 
| 229|0x000000008e500000, 0x000000008e500000, 0x000000008e600000|  0%| F|  |TAMS 0x000000008e500000, 0x000000008e500000| Untracked 
| 230|0x000000008e600000, 0x000000008e600000, 0x000000008e700000|  0%| F|  |TAMS 0x000000008e600000, 0x000000008e600000| Untracked 
| 231|0x000000008e700000, 0x000000008e7c9d20, 0x000000008e800000| 78%| S|CS|TAMS 0x000000008e700000, 0x000000008e700000| Complete 
| 232|0x000000008e800000, 0x000000008e900000, 0x000000008e900000|100%| S|CS|TAMS 0x000000008e800000, 0x000000008e800000| Complete 
| 233|0x000000008e900000, 0x000000008ea00000, 0x000000008ea00000|100%| S|CS|TAMS 0x000000008e900000, 0x000000008e900000| Complete 
| 234|0x000000008ea00000, 0x000000008eb00000, 0x000000008eb00000|100%| S|CS|TAMS 0x000000008ea00000, 0x000000008ea00000| Complete 
| 235|0x000000008eb00000, 0x000000008ec00000, 0x000000008ec00000|100%| S|CS|TAMS 0x000000008eb00000, 0x000000008eb00000| Complete 
| 236|0x000000008ec00000, 0x000000008ec00000, 0x000000008ed00000|  0%| F|  |TAMS 0x000000008ec00000, 0x000000008ec00000| Untracked 
| 237|0x000000008ed00000, 0x000000008ed00000, 0x000000008ee00000|  0%| F|  |TAMS 0x000000008ed00000, 0x000000008ed00000| Untracked 
| 238|0x000000008ee00000, 0x000000008ee00000, 0x000000008ef00000|  0%| F|  |TAMS 0x000000008ee00000, 0x000000008ee00000| Untracked 
| 239|0x000000008ef00000, 0x000000008ef00000, 0x000000008f000000|  0%| F|  |TAMS 0x000000008ef00000, 0x000000008ef00000| Untracked 
| 240|0x000000008f000000, 0x000000008f000000, 0x000000008f100000|  0%| F|  |TAMS 0x000000008f000000, 0x000000008f000000| Untracked 
| 241|0x000000008f100000, 0x000000008f100000, 0x000000008f200000|  0%| F|  |TAMS 0x000000008f100000, 0x000000008f100000| Untracked 
| 242|0x000000008f200000, 0x000000008f200000, 0x000000008f300000|  0%| F|  |TAMS 0x000000008f200000, 0x000000008f200000| Untracked 
| 243|0x000000008f300000, 0x000000008f300000, 0x000000008f400000|  0%| F|  |TAMS 0x000000008f300000, 0x000000008f300000| Untracked 
| 244|0x000000008f400000, 0x000000008f400000, 0x000000008f500000|  0%| F|  |TAMS 0x000000008f400000, 0x000000008f400000| Untracked 
| 245|0x000000008f500000, 0x000000008f500000, 0x000000008f600000|  0%| F|  |TAMS 0x000000008f500000, 0x000000008f500000| Untracked 
| 246|0x000000008f600000, 0x000000008f600000, 0x000000008f700000|  0%| F|  |TAMS 0x000000008f600000, 0x000000008f600000| Untracked 
| 247|0x000000008f700000, 0x000000008f700000, 0x000000008f800000|  0%| F|  |TAMS 0x000000008f700000, 0x000000008f700000| Untracked 
| 248|0x000000008f800000, 0x000000008f800000, 0x000000008f900000|  0%| F|  |TAMS 0x000000008f800000, 0x000000008f800000| Untracked 
| 249|0x000000008f900000, 0x000000008f900000, 0x000000008fa00000|  0%| F|  |TAMS 0x000000008f900000, 0x000000008f900000| Untracked 
| 250|0x000000008fa00000, 0x000000008fa00000, 0x000000008fb00000|  0%| F|  |TAMS 0x000000008fa00000, 0x000000008fa00000| Untracked 
| 251|0x000000008fb00000, 0x000000008fb00000, 0x000000008fc00000|  0%| F|  |TAMS 0x000000008fb00000, 0x000000008fb00000| Untracked 
| 252|0x000000008fc00000, 0x000000008fc00000, 0x000000008fd00000|  0%| F|  |TAMS 0x000000008fc00000, 0x000000008fc00000| Untracked 
| 253|0x000000008fd00000, 0x000000008fd00000, 0x000000008fe00000|  0%| F|  |TAMS 0x000000008fd00000, 0x000000008fd00000| Untracked 
| 254|0x000000008fe00000, 0x000000008fe00000, 0x000000008ff00000|  0%| F|  |TAMS 0x000000008fe00000, 0x000000008fe00000| Untracked 
| 255|0x000000008ff00000, 0x000000008ff00000, 0x0000000090000000|  0%| F|  |TAMS 0x000000008ff00000, 0x000000008ff00000| Untracked 
| 256|0x0000000090000000, 0x0000000090000000, 0x0000000090100000|  0%| F|  |TAMS 0x0000000090000000, 0x0000000090000000| Untracked 
| 257|0x0000000090100000, 0x0000000090100000, 0x0000000090200000|  0%| F|  |TAMS 0x0000000090100000, 0x0000000090100000| Untracked 
| 258|0x0000000090200000, 0x0000000090200000, 0x0000000090300000|  0%| F|  |TAMS 0x0000000090200000, 0x0000000090200000| Untracked 
| 259|0x0000000090300000, 0x0000000090300000, 0x0000000090400000|  0%| F|  |TAMS 0x0000000090300000, 0x0000000090300000| Untracked 
| 260|0x0000000090400000, 0x0000000090400000, 0x0000000090500000|  0%| F|  |TAMS 0x0000000090400000, 0x0000000090400000| Untracked 
| 261|0x0000000090500000, 0x0000000090500000, 0x0000000090600000|  0%| F|  |TAMS 0x0000000090500000, 0x0000000090500000| Untracked 
| 262|0x0000000090600000, 0x0000000090600000, 0x0000000090700000|  0%| F|  |TAMS 0x0000000090600000, 0x0000000090600000| Untracked 
| 263|0x0000000090700000, 0x0000000090700000, 0x0000000090800000|  0%| F|  |TAMS 0x0000000090700000, 0x0000000090700000| Untracked 
| 264|0x0000000090800000, 0x0000000090800000, 0x0000000090900000|  0%| F|  |TAMS 0x0000000090800000, 0x0000000090800000| Untracked 
| 265|0x0000000090900000, 0x0000000090900000, 0x0000000090a00000|  0%| F|  |TAMS 0x0000000090900000, 0x0000000090900000| Untracked 
| 266|0x0000000090a00000, 0x0000000090a00000, 0x0000000090b00000|  0%| F|  |TAMS 0x0000000090a00000, 0x0000000090a00000| Untracked 
| 267|0x0000000090b00000, 0x0000000090b00000, 0x0000000090c00000|  0%| F|  |TAMS 0x0000000090b00000, 0x0000000090b00000| Untracked 
| 268|0x0000000090c00000, 0x0000000090c00000, 0x0000000090d00000|  0%| F|  |TAMS 0x0000000090c00000, 0x0000000090c00000| Untracked 
| 269|0x0000000090d00000, 0x0000000090d00000, 0x0000000090e00000|  0%| F|  |TAMS 0x0000000090d00000, 0x0000000090d00000| Untracked 
| 270|0x0000000090e00000, 0x0000000090e00000, 0x0000000090f00000|  0%| F|  |TAMS 0x0000000090e00000, 0x0000000090e00000| Untracked 
| 271|0x0000000090f00000, 0x0000000090f00000, 0x0000000091000000|  0%| F|  |TAMS 0x0000000090f00000, 0x0000000090f00000| Untracked 
| 272|0x0000000091000000, 0x0000000091000000, 0x0000000091100000|  0%| F|  |TAMS 0x0000000091000000, 0x0000000091000000| Untracked 
| 273|0x0000000091100000, 0x0000000091100000, 0x0000000091200000|  0%| F|  |TAMS 0x0000000091100000, 0x0000000091100000| Untracked 

Card table byte_map: [0x0000015666ea0000,0x00000156672a0000] _byte_map_base: 0x0000015666aa0000

Marking Bits (Prev, Next): (CMBitMap*) 0x0000015653fc0b58, (CMBitMap*) 0x0000015653fc0b90
 Prev Bits: [0x00000156676a0000, 0x00000156696a0000)
 Next Bits: [0x00000156696a0000, 0x000001566b6a0000)

Polling page: 0x0000015651f60000

Metaspace:

Usage:
  Non-class:    130.98 MB capacity,   127.90 MB ( 98%) used,     2.52 MB (  2%) free+waste,   568.19 KB ( <1%) overhead. 
      Class:     19.97 MB capacity,    18.19 MB ( 91%) used,     1.53 MB (  8%) free+waste,   256.56 KB (  1%) overhead. 
       Both:    150.94 MB capacity,   146.09 MB ( 97%) used,     4.05 MB (  3%) free+waste,   824.75 KB ( <1%) overhead. 

Virtual space:
  Non-class space:      132.00 MB reserved,     131.13 MB (>99%) committed 
      Class space:        1.00 GB reserved,      20.07 MB (  2%) committed 
             Both:        1.13 GB reserved,     151.20 MB ( 13%) committed 

Chunk freelists:
   Non-Class:  27.00 KB
       Class:  3.00 KB
        Both:  30.00 KB

MaxMetaspaceSize: 17179869184.00 GB
CompressedClassSpaceSize: 1.00 GB
Initial GC threshold: 20.80 MB
Current GC threshold: 251.38 MB
CDS: off

CodeHeap 'non-profiled nmethods': size=120064Kb used=17990Kb max_used=18362Kb free=102074Kb
 bounds [0x000001565f560000, 0x0000015660750000, 0x0000015666aa0000]
CodeHeap 'profiled nmethods': size=120000Kb used=48362Kb max_used=50719Kb free=71637Kb
 bounds [0x0000015658030000, 0x000001565b1c0000, 0x000001565f560000]
CodeHeap 'non-nmethods': size=5696Kb used=2508Kb max_used=2580Kb free=3188Kb
 bounds [0x0000015657aa0000, 0x0000015657d40000, 0x0000015658030000]
 total_blobs=23781 nmethods=22741 adapters=949
 compilation: enabled
              stopped_count=0, restarted_count=0
 full_count=0

Compilation events (20 events):
Event: 1437.101 Thread 0x000001566dba9800 nmethod 26326 0x0000015658442710 code [0x0000015658442900, 0x0000015658442c98]
Event: 1437.101 Thread 0x000001566dba9800 26327   !   3       com.google.common.util.concurrent.Uninterruptibles::getUninterruptibly (40 bytes)
Event: 1437.102 Thread 0x000001566dba9800 nmethod 26327 0x0000015658a5b890 code [0x0000015658a5ba80, 0x0000015658a5bf28]
Event: 1437.108 Thread 0x000001566dba2800 nmethod 26323 0x000001565fee0890 code [0x000001565fee0a80, 0x000001565fee0de8]
Event: 1437.110 Thread 0x000001566dba9800 26328       3       com.google.common.util.concurrent.AbstractFuture::isDone (28 bytes)
Event: 1437.111 Thread 0x000001566dba9800 nmethod 26328 0x000001565894d610 code [0x000001565894d7c0, 0x000001565894da58]
Event: 1437.112 Thread 0x000001566dba2800 26329       4       java.lang.Character::toUpperCase (9 bytes)
Event: 1437.114 Thread 0x000001566dba2800 nmethod 26329 0x000001565fd43110 code [0x000001565fd432c0, 0x000001565fd433b8]
Event: 1437.114 Thread 0x000001566dba2800 26330       4       java.util.regex.Pattern$SliceU::match (99 bytes)
Event: 1437.136 Thread 0x000001566dba2800 nmethod 26330 0x000001565facc310 code [0x000001565facc520, 0x000001565facd088]
Event: 1437.136 Thread 0x000001566dba2800 26331       4       java.lang.Character::toLowerCase (9 bytes)
Event: 1437.136 Thread 0x000001566dba9800 26332  s    3       com.android.tools.build.apkzlib.bytestorage.SwitchableDelegateInputStream::available (21 bytes)
Event: 1437.137 Thread 0x000001566dba9800 nmethod 26332 0x00000156585a2310 code [0x00000156585a24e0, 0x00000156585a28d8]
Event: 1437.137 Thread 0x000001566dba9800 26333       3       com.google.common.collect.HashBiMap::containsKey (18 bytes)
Event: 1437.137 Thread 0x000001566dba9800 nmethod 26333 0x00000156583cba90 code [0x00000156583cbc80, 0x00000156583cc0b8]
Event: 1437.138 Thread 0x000001566f7f0000 nmethod 26325 0x000001565f8d0b10 code [0x000001565f8d0ce0, 0x000001565f8d1838]
Event: 1437.138 Thread 0x000001566dba2800 nmethod 26331 0x000001565f8e8990 code [0x000001565f8e8b40, 0x000001565f8e8c38]
Event: 1437.138 Thread 0x000001566dba9800 26334       3       com.google.common.io.ByteStreams::skipSafely (24 bytes)
Event: 1437.139 Thread 0x000001566dba9800 nmethod 26334 0x0000015658993d90 code [0x0000015658993f60, 0x00000156589942d8]
Event: 1437.139 Thread 0x000001566f7f0000 26335       4       java.lang.Math::min (12 bytes)

GC Heap History (20 events):
Event: 1431.829 GC heap after
{Heap after GC invocations=103 (full 0):
 garbage-first heap   total 280576K, used 232131K [0x0000000080000000, 0x0000000100000000)
  region size 1024K, 2 young (2048K), 2 survivors (2048K)
 Metaspace       used 147099K, capacity 152022K, committed 152272K, reserved 1181696K
  class space    used 18378K, capacity 20162K, committed 20300K, reserved 1048576K
}
Event: 1432.018 GC heap before
{Heap before GC invocations=103 (full 0):
 garbage-first heap   total 280576K, used 243395K [0x0000000080000000, 0x0000000100000000)
  region size 1024K, 14 young (14336K), 2 survivors (2048K)
 Metaspace       used 147290K, capacity 152246K, committed 152528K, reserved 1181696K
  class space    used 18389K, capacity 20194K, committed 20300K, reserved 1048576K
}
Event: 1432.025 GC heap after
{Heap after GC invocations=104 (full 0):
 garbage-first heap   total 280576K, used 231679K [0x0000000080000000, 0x0000000100000000)
  region size 1024K, 1 young (1024K), 1 survivors (1024K)
 Metaspace       used 147290K, capacity 152246K, committed 152528K, reserved 1181696K
  class space    used 18389K, capacity 20194K, committed 20300K, reserved 1048576K
}
Event: 1432.290 GC heap before
{Heap before GC invocations=104 (full 0):
 garbage-first heap   total 280576K, used 229631K [0x0000000080000000, 0x0000000100000000)
  region size 1024K, 14 young (14336K), 1 survivors (1024K)
 Metaspace       used 147299K, capacity 152246K, committed 152528K, reserved 1181696K
  class space    used 18389K, capacity 20194K, committed 20300K, reserved 1048576K
}
Event: 1432.294 GC heap after
{Heap after GC invocations=105 (full 0):
 garbage-first heap   total 280576K, used 217365K [0x0000000080000000, 0x0000000100000000)
  region size 1024K, 1 young (1024K), 1 survivors (1024K)
 Metaspace       used 147299K, capacity 152246K, committed 152528K, reserved 1181696K
  class space    used 18389K, capacity 20194K, committed 20300K, reserved 1048576K
}
Event: 1432.520 GC heap before
{Heap before GC invocations=106 (full 0):
 garbage-first heap   total 280576K, used 236821K [0x0000000080000000, 0x0000000100000000)
  region size 1024K, 20 young (20480K), 1 survivors (1024K)
 Metaspace       used 147342K, capacity 152246K, committed 152528K, reserved 1181696K
  class space    used 18389K, capacity 20194K, committed 20300K, reserved 1048576K
}
Event: 1432.523 GC heap after
{Heap after GC invocations=107 (full 0):
 garbage-first heap   total 280576K, used 217155K [0x0000000080000000, 0x0000000100000000)
  region size 1024K, 1 young (1024K), 1 survivors (1024K)
 Metaspace       used 147342K, capacity 152246K, committed 152528K, reserved 1181696K
  class space    used 18389K, capacity 20194K, committed 20300K, reserved 1048576K
}
Event: 1432.644 GC heap before
{Heap before GC invocations=107 (full 0):
 garbage-first heap   total 280576K, used 229443K [0x0000000080000000, 0x0000000100000000)
  region size 1024K, 13 young (13312K), 1 survivors (1024K)
 Metaspace       used 147403K, capacity 152310K, committed 152528K, reserved 1181696K
  class space    used 18390K, capacity 20194K, committed 20300K, reserved 1048576K
}
Event: 1432.651 GC heap after
{Heap after GC invocations=108 (full 0):
 garbage-first heap   total 280576K, used 199889K [0x0000000080000000, 0x0000000100000000)
  region size 1024K, 1 young (1024K), 1 survivors (1024K)
 Metaspace       used 147403K, capacity 152310K, committed 152528K, reserved 1181696K
  class space    used 18390K, capacity 20194K, committed 20300K, reserved 1048576K
}
Event: 1433.584 GC heap before
{Heap before GC invocations=108 (full 0):
 garbage-first heap   total 280576K, used 228561K [0x0000000080000000, 0x0000000100000000)
  region size 1024K, 30 young (30720K), 1 survivors (1024K)
 Metaspace       used 147569K, capacity 152502K, committed 152784K, reserved 1181696K
  class space    used 18392K, capacity 20194K, committed 20300K, reserved 1048576K
}
Event: 1433.589 GC heap after
{Heap after GC invocations=109 (full 0):
 garbage-first heap   total 280576K, used 200460K [0x0000000080000000, 0x0000000100000000)
  region size 1024K, 1 young (1024K), 1 survivors (1024K)
 Metaspace       used 147569K, capacity 152502K, committed 152784K, reserved 1181696K
  class space    used 18392K, capacity 20194K, committed 20300K, reserved 1048576K
}
Event: 1434.760 GC heap before
{Heap before GC invocations=110 (full 0):
 garbage-first heap   total 280576K, used 230156K [0x0000000080000000, 0x0000000100000000)
  region size 1024K, 32 young (32768K), 1 survivors (1024K)
 Metaspace       used 148441K, capacity 153330K, committed 153552K, reserved 1183744K
  class space    used 18491K, capacity 20276K, committed 20300K, reserved 1048576K
}
Event: 1434.765 GC heap after
{Heap after GC invocations=111 (full 0):
 garbage-first heap   total 280576K, used 198794K [0x0000000080000000, 0x0000000100000000)
  region size 1024K, 2 young (2048K), 2 survivors (2048K)
 Metaspace       used 148441K, capacity 153330K, committed 153552K, reserved 1183744K
  class space    used 18491K, capacity 20276K, committed 20300K, reserved 1048576K
}
Event: 1434.986 GC heap before
{Heap before GC invocations=111 (full 0):
 garbage-first heap   total 280576K, used 209034K [0x0000000080000000, 0x0000000100000000)
  region size 1024K, 13 young (13312K), 2 survivors (2048K)
 Metaspace       used 149040K, capacity 153983K, committed 154192K, reserved 1183744K
  class space    used 18567K, capacity 20386K, committed 20428K, reserved 1048576K
}
Event: 1435.002 GC heap after
{Heap after GC invocations=112 (full 0):
 garbage-first heap   total 280576K, used 189745K [0x0000000080000000, 0x0000000100000000)
  region size 1024K, 2 young (2048K), 2 survivors (2048K)
 Metaspace       used 149040K, capacity 153983K, committed 154192K, reserved 1183744K
  class space    used 18567K, capacity 20386K, committed 20428K, reserved 1048576K
}
Event: 1435.666 GC heap before
{Heap before GC invocations=112 (full 0):
 garbage-first heap   total 280576K, used 228657K [0x0000000080000000, 0x0000000100000000)
  region size 1024K, 41 young (41984K), 2 survivors (2048K)
 Metaspace       used 149335K, capacity 154257K, committed 154448K, reserved 1183744K
  class space    used 18585K, capacity 20391K, committed 20428K, reserved 1048576K
}
Event: 1435.688 GC heap after
{Heap after GC invocations=113 (full 0):
 garbage-first heap   total 280576K, used 195391K [0x0000000080000000, 0x0000000100000000)
  region size 1024K, 6 young (6144K), 6 survivors (6144K)
 Metaspace       used 149335K, capacity 154257K, committed 154448K, reserved 1183744K
  class space    used 18585K, capacity 20391K, committed 20428K, reserved 1048576K
}
Event: 1436.464 GC heap before
{Heap before GC invocations=114 (full 0):
 garbage-first heap   total 280576K, used 226111K [0x0000000080000000, 0x0000000100000000)
  region size 1024K, 38 young (38912K), 6 survivors (6144K)
 Metaspace       used 149373K, capacity 154287K, committed 154448K, reserved 1183744K
  class space    used 18588K, capacity 20396K, committed 20428K, reserved 1048576K
}
Event: 1436.499 GC heap after
{Heap after GC invocations=115 (full 0):
 garbage-first heap   total 280576K, used 198967K [0x0000000080000000, 0x0000000100000000)
  region size 1024K, 5 young (5120K), 5 survivors (5120K)
 Metaspace       used 149373K, capacity 154287K, committed 154448K, reserved 1183744K
  class space    used 18588K, capacity 20396K, committed 20428K, reserved 1048576K
}
Event: 1437.139 GC heap before
{Heap before GC invocations=116 (full 0):
 garbage-first heap   total 280576K, used 235831K [0x0000000080000000, 0x0000000100000000)
  region size 1024K, 38 young (38912K), 5 survivors (5120K)
 Metaspace       used 149592K, capacity 154566K, committed 154832K, reserved 1183744K
  class space    used 18623K, capacity 20445K, committed 20556K, reserved 1048576K
}

Deoptimization events (20 events):
Event: 1437.067 Thread 0x0000015671354800 Uncommon trap: trap_request=0xffffffde fr.pc=0x000001566052c7c0 relative=0x0000000000000380
Event: 1437.067 Thread 0x0000015671354800 Uncommon trap: reason=class_check action=maybe_recompile pc=0x000001566052c7c0 method=java.util.TreeMap$KeySet.iterator()Ljava/util/Iterator; @ 25 c2
Event: 1437.067 Thread 0x0000015671354800 DEOPT PACKING pc=0x000001566052c7c0 sp=0x00000037407fd530
Event: 1437.067 Thread 0x0000015671354800 DEOPT UNPACKING pc=0x0000015657aea1af sp=0x00000037407fd4e0 mode 2
Event: 1437.112 Thread 0x0000015674469800 Uncommon trap: trap_request=0xffffffbe fr.pc=0x000001565f82f3bc relative=0x000000000000099c
Event: 1437.112 Thread 0x0000015674469800 Uncommon trap: reason=profile_predicate action=maybe_recompile pc=0x000001565f82f3bc method=java.util.regex.Pattern$SliceU.match(Ljava/util/regex/Matcher;ILjava/lang/CharSequence;)Z @ 18 c2
Event: 1437.112 Thread 0x0000015674469800 DEOPT PACKING pc=0x000001565f82f3bc sp=0x00000037409fdd70
Event: 1437.112 Thread 0x0000015674469800 DEOPT UNPACKING pc=0x0000015657aea1af sp=0x00000037409fdcf8 mode 2
Event: 1437.112 Thread 0x0000015674469800 Uncommon trap: trap_request=0xffffffbe fr.pc=0x000001565f82f3bc relative=0x000000000000099c
Event: 1437.112 Thread 0x0000015674469800 Uncommon trap: reason=profile_predicate action=maybe_recompile pc=0x000001565f82f3bc method=java.util.regex.Pattern$SliceU.match(Ljava/util/regex/Matcher;ILjava/lang/CharSequence;)Z @ 18 c2
Event: 1437.112 Thread 0x0000015674469800 DEOPT PACKING pc=0x000001565f82f3bc sp=0x00000037409fdd70
Event: 1437.112 Thread 0x0000015674469800 DEOPT UNPACKING pc=0x0000015657aea1af sp=0x00000037409fdcf8 mode 2
Event: 1437.112 Thread 0x0000015674469800 Uncommon trap: trap_request=0xffffffbe fr.pc=0x000001565f82f3bc relative=0x000000000000099c
Event: 1437.112 Thread 0x0000015674469800 Uncommon trap: reason=profile_predicate action=maybe_recompile pc=0x000001565f82f3bc method=java.util.regex.Pattern$SliceU.match(Ljava/util/regex/Matcher;ILjava/lang/CharSequence;)Z @ 18 c2
Event: 1437.112 Thread 0x0000015674469800 DEOPT PACKING pc=0x000001565f82f3bc sp=0x00000037409fdd70
Event: 1437.112 Thread 0x0000015674469800 DEOPT UNPACKING pc=0x0000015657aea1af sp=0x00000037409fdcf8 mode 2
Event: 1437.112 Thread 0x0000015674469800 Uncommon trap: trap_request=0xffffffbe fr.pc=0x000001565f82f3bc relative=0x000000000000099c
Event: 1437.112 Thread 0x0000015674469800 Uncommon trap: reason=profile_predicate action=maybe_recompile pc=0x000001565f82f3bc method=java.util.regex.Pattern$SliceU.match(Ljava/util/regex/Matcher;ILjava/lang/CharSequence;)Z @ 18 c2
Event: 1437.112 Thread 0x0000015674469800 DEOPT PACKING pc=0x000001565f82f3bc sp=0x00000037409fdd70
Event: 1437.112 Thread 0x0000015674469800 DEOPT UNPACKING pc=0x0000015657aea1af sp=0x00000037409fdcf8 mode 2

Classes redefined (0 events):
No events

Internal exceptions (20 events):
Event: 1434.687 Thread 0x000001567134c800 Exception <a 'java/lang/NoSuchMethodError'{0x000000008f5a6bd0}: <clinit>> (0x000000008f5a6bd0) thrown at [./src/hotspot/share/prims/jni.cpp, line 1366]
Event: 1434.785 Thread 0x000001567134c800 Exception <a 'sun/nio/fs/WindowsException'{0x0000000090f2ae18}> (0x0000000090f2ae18) thrown at [./src/hotspot/share/prims/jni.cpp, line 616]
Event: 1434.785 Thread 0x000001567134c800 Exception <a 'sun/nio/fs/WindowsException'{0x0000000090f2bca0}> (0x0000000090f2bca0) thrown at [./src/hotspot/share/prims/jni.cpp, line 616]
Event: 1434.803 Thread 0x0000015671354800 Exception <a 'sun/nio/fs/WindowsException'{0x0000000090da4860}> (0x0000000090da4860) thrown at [./src/hotspot/share/prims/jni.cpp, line 616]
Event: 1434.803 Thread 0x0000015671354800 Exception <a 'sun/nio/fs/WindowsException'{0x0000000090da4b38}> (0x0000000090da4b38) thrown at [./src/hotspot/share/prims/jni.cpp, line 616]
Event: 1435.382 Thread 0x0000015671351800 Exception <a 'sun/nio/fs/WindowsException'{0x000000008f4551a8}> (0x000000008f4551a8) thrown at [./src/hotspot/share/prims/jni.cpp, line 616]
Event: 1435.382 Thread 0x0000015671351800 Exception <a 'sun/nio/fs/WindowsException'{0x000000008f4562f0}> (0x000000008f4562f0) thrown at [./src/hotspot/share/prims/jni.cpp, line 616]
Event: 1435.383 Thread 0x0000015671351800 Exception <a 'sun/nio/fs/WindowsException'{0x000000008f456678}> (0x000000008f456678) thrown at [./src/hotspot/share/prims/jni.cpp, line 616]
Event: 1435.384 Thread 0x0000015671351800 Exception <a 'sun/nio/fs/WindowsException'{0x000000008f457520}> (0x000000008f457520) thrown at [./src/hotspot/share/prims/jni.cpp, line 616]
Event: 1435.385 Thread 0x0000015671351800 Exception <a 'sun/nio/fs/WindowsException'{0x000000008f457858}> (0x000000008f457858) thrown at [./src/hotspot/share/prims/jni.cpp, line 616]
Event: 1435.385 Thread 0x0000015671351800 Exception <a 'sun/nio/fs/WindowsException'{0x000000008f458710}> (0x000000008f458710) thrown at [./src/hotspot/share/prims/jni.cpp, line 616]
Event: 1435.386 Thread 0x0000015671351800 Exception <a 'sun/nio/fs/WindowsException'{0x000000008f4589e8}> (0x000000008f4589e8) thrown at [./src/hotspot/share/prims/jni.cpp, line 616]
Event: 1435.386 Thread 0x0000015671351800 Exception <a 'sun/nio/fs/WindowsException'{0x000000008f459870}> (0x000000008f459870) thrown at [./src/hotspot/share/prims/jni.cpp, line 616]
Event: 1435.386 Thread 0x0000015671351800 Exception <a 'sun/nio/fs/WindowsException'{0x000000008f459b60}> (0x000000008f459b60) thrown at [./src/hotspot/share/prims/jni.cpp, line 616]
Event: 1435.476 Thread 0x0000015671353000 Exception <a 'sun/nio/fs/WindowsException'{0x000000008f076f50}> (0x000000008f076f50) thrown at [./src/hotspot/share/prims/jni.cpp, line 616]
Event: 1435.476 Thread 0x0000015671353000 Exception <a 'sun/nio/fs/WindowsException'{0x000000008f078130}> (0x000000008f078130) thrown at [./src/hotspot/share/prims/jni.cpp, line 616]
Event: 1435.476 Thread 0x0000015671353000 Exception <a 'sun/nio/fs/WindowsException'{0x000000008f078418}> (0x000000008f078418) thrown at [./src/hotspot/share/prims/jni.cpp, line 616]
Event: 1435.540 Thread 0x0000015671353000 Exception <a 'sun/nio/fs/WindowsException'{0x000000008efc7130}> (0x000000008efc7130) thrown at [./src/hotspot/share/prims/jni.cpp, line 616]
Event: 1435.541 Thread 0x0000015671353000 Exception <a 'sun/nio/fs/WindowsException'{0x000000008efc8260}> (0x000000008efc8260) thrown at [./src/hotspot/share/prims/jni.cpp, line 616]
Event: 1437.021 Thread 0x0000015671354800 Implicit null exception at 0x0000015660740b6a to 0x0000015660740bbc

Events (20 events):
Event: 1437.019 loading class com/google/common/util/concurrent/AbstractTransformFuture$AsyncTransformFuture done
Event: 1437.020 loading class com/google/common/util/concurrent/AbstractTransformFuture$TransformFuture
Event: 1437.020 loading class com/google/common/util/concurrent/AbstractTransformFuture$TransformFuture done
Event: 1437.021 loading class com/android/tools/build/apkzlib/zip/ZFile$PositionHint
Event: 1437.021 loading class com/android/tools/build/apkzlib/zip/ZFile$PositionHint done
Event: 1437.021 loading class com/android/tools/build/apkzlib/zip/ZFile$3
Event: 1437.021 loading class com/android/tools/build/apkzlib/zip/ZFile$3 done
Event: 1437.022 loading class com/android/tools/build/apkzlib/zip/FileUseMap$PositionAlgorithm
Event: 1437.022 loading class com/android/tools/build/apkzlib/zip/FileUseMap$PositionAlgorithm done
Event: 1437.022 loading class com/android/tools/build/apkzlib/zip/FileUseMap$1
Event: 1437.022 loading class com/android/tools/build/apkzlib/zip/FileUseMap$1 done
Event: 1437.022 loading class java/util/TreeMap$NavigableSubMap$SubMapKeyIterator
Event: 1437.023 loading class java/util/TreeMap$NavigableSubMap$SubMapKeyIterator done
Event: 1437.023 loading class com/android/tools/build/apkzlib/zip/StoredEntry
Event: 1437.023 loading class com/android/tools/build/apkzlib/zip/StoredEntry done
Event: 1437.023 loading class com/android/tools/build/apkzlib/zip/StoredEntry
Event: 1437.023 loading class com/android/tools/build/apkzlib/zip/StoredEntry done
Event: 1437.126 Executing VM operation: CGC_Operation
Event: 1437.127 Executing VM operation: CGC_Operation done
Event: 1437.139 Executing VM operation: G1CollectForAllocation


Dynamic libraries:
0x00007ff76e560000 - 0x00007ff76e56a000 	C:\Program Files\Android\Android Studio2\jre\bin\java.exe
0x00007ffa3dc30000 - 0x00007ffa3de28000 	C:\WINDOWS\SYSTEM32\ntdll.dll
0x00007ffa3d480000 - 0x00007ffa3d53f000 	C:\WINDOWS\System32\KERNEL32.DLL
0x00007ffa3b790000 - 0x00007ffa3ba62000 	C:\WINDOWS\System32\KERNELBASE.dll
0x00007ffa3b300000 - 0x00007ffa3b400000 	C:\WINDOWS\System32\ucrtbase.dll
0x00007ffa0ece0000 - 0x00007ffa0ecf7000 	C:\Program Files\Android\Android Studio2\jre\bin\VCRUNTIME140.dll
0x00007ffa0ea80000 - 0x00007ffa0ea99000 	C:\Program Files\Android\Android Studio2\jre\bin\jli.dll
0x00007ffa3caf0000 - 0x00007ffa3cc91000 	C:\WINDOWS\System32\USER32.dll
0x00007ffa3bac0000 - 0x00007ffa3bae2000 	C:\WINDOWS\System32\win32u.dll
0x00007ffa3d450000 - 0x00007ffa3d47b000 	C:\WINDOWS\System32\GDI32.dll
0x00007ffa3b680000 - 0x00007ffa3b78f000 	C:\WINDOWS\System32\gdi32full.dll
0x00007ffa3bbb0000 - 0x00007ffa3bc4d000 	C:\WINDOWS\System32\msvcp_win.dll
0x00007ffa29c50000 - 0x00007ffa29eea000 	C:\WINDOWS\WinSxS\amd64_microsoft.windows.common-controls_6595b64144ccf1df_6.0.19041.1110_none_60b5254171f9507e\COMCTL32.dll
0x00007ffa3d830000 - 0x00007ffa3d8ce000 	C:\WINDOWS\System32\msvcrt.dll
0x00007ffa3d6d0000 - 0x00007ffa3d700000 	C:\WINDOWS\System32\IMM32.DLL
0x00007ffa08500000 - 0x00007ffa0859d000 	C:\Program Files\Android\Android Studio2\jre\bin\msvcp140.dll
0x00007ff9f80d0000 - 0x00007ff9f8bd2000 	C:\Program Files\Android\Android Studio2\jre\bin\server\jvm.dll
0x00007ffa3c9a0000 - 0x00007ffa3ca4e000 	C:\WINDOWS\System32\ADVAPI32.dll
0x00007ffa3c7d0000 - 0x00007ffa3c86c000 	C:\WINDOWS\System32\sechost.dll
0x00007ffa3c0f0000 - 0x00007ffa3c214000 	C:\WINDOWS\System32\RPCRT4.dll
0x00007ffa3c030000 - 0x00007ffa3c038000 	C:\WINDOWS\System32\PSAPI.DLL
0x00007ffa2c800000 - 0x00007ffa2c80a000 	C:\WINDOWS\SYSTEM32\VERSION.dll
0x00007ffa28b20000 - 0x00007ffa28b47000 	C:\WINDOWS\SYSTEM32\WINMM.dll
0x00007ffa28a90000 - 0x00007ffa28a99000 	C:\WINDOWS\SYSTEM32\WSOCK32.dll
0x00007ffa3ca60000 - 0x00007ffa3cacb000 	C:\WINDOWS\System32\WS2_32.dll
0x00007ffa39b50000 - 0x00007ffa39b62000 	C:\WINDOWS\SYSTEM32\kernel.appcore.dll
0x00007ffa384e0000 - 0x00007ffa384f1000 	C:\Program Files\Android\Android Studio2\jre\bin\verify.dll
0x00007ffa390b0000 - 0x00007ffa39294000 	C:\WINDOWS\SYSTEM32\DBGHELP.DLL
0x00007ffa364b0000 - 0x00007ffa364e5000 	C:\WINDOWS\SYSTEM32\dbgcore.DLL
0x00007ffa3baf0000 - 0x00007ffa3bb72000 	C:\WINDOWS\System32\bcryptPrimitives.dll
0x00007ffa36400000 - 0x00007ffa36429000 	C:\Program Files\Android\Android Studio2\jre\bin\java.dll
0x00007ffa384c0000 - 0x00007ffa384cb000 	C:\Program Files\Android\Android Studio2\jre\bin\jimage.dll
0x00007ffa31c80000 - 0x00007ffa31c98000 	C:\Program Files\Android\Android Studio2\jre\bin\zip.dll
0x00007ffa3cca0000 - 0x00007ffa3d3e5000 	C:\WINDOWS\System32\SHELL32.dll
0x00007ffa392c0000 - 0x00007ffa39a52000 	C:\WINDOWS\SYSTEM32\windows.storage.dll
0x00007ffa3bc50000 - 0x00007ffa3bfa5000 	C:\WINDOWS\System32\combase.dll
0x00007ffa3ac80000 - 0x00007ffa3acb0000 	C:\WINDOWS\SYSTEM32\Wldp.dll
0x00007ffa3c040000 - 0x00007ffa3c0ed000 	C:\WINDOWS\System32\SHCORE.dll
0x00007ffa3c770000 - 0x00007ffa3c7c5000 	C:\WINDOWS\System32\shlwapi.dll
0x00007ffa3b240000 - 0x00007ffa3b25f000 	C:\WINDOWS\SYSTEM32\profapi.dll
0x00007ffa2dd40000 - 0x00007ffa2dd5a000 	C:\Program Files\Android\Android Studio2\jre\bin\net.dll
0x00007ffa2c5f0000 - 0x00007ffa2c6fa000 	C:\WINDOWS\SYSTEM32\WINHTTP.dll
0x00007ffa3a9e0000 - 0x00007ffa3aa4a000 	C:\WINDOWS\system32\mswsock.dll
0x00007ffa2dd20000 - 0x00007ffa2dd34000 	C:\Program Files\Android\Android Studio2\jre\bin\nio.dll
0x00007ffa0b930000 - 0x00007ffa0b957000 	C:\Users\DELL LATITUDE 5580\.gradle\native\e1d6ef7f7dcc3fd88c89a11ec53ec762bb8ba0a96d01ffa2cd45eb1d1d8dd5c5\windows-amd64\native-platform.dll
0x00007ff9fd7e0000 - 0x00007ff9fd924000 	C:\Users\DELL LATITUDE 5580\.gradle\native\0d407fdbe67a94daf76414ababcb853783967236a71b16ec16e742cd7a986fd3\windows-amd64\native-platform-file-events.dll
0x00007ffa36760000 - 0x00007ffa3676a000 	C:\Program Files\Android\Android Studio2\jre\bin\management.dll
0x00007ffa27940000 - 0x00007ffa2794d000 	C:\Program Files\Android\Android Studio2\jre\bin\management_ext.dll
0x00007ffa3abd0000 - 0x00007ffa3abe8000 	C:\WINDOWS\SYSTEM32\CRYPTSP.dll
0x00007ffa3a300000 - 0x00007ffa3a334000 	C:\WINDOWS\system32\rsaenh.dll
0x00007ffa3bb80000 - 0x00007ffa3bba7000 	C:\WINDOWS\System32\bcrypt.dll
0x00007ffa3b200000 - 0x00007ffa3b22e000 	C:\WINDOWS\SYSTEM32\USERENV.dll
0x00007ffa3abf0000 - 0x00007ffa3abfc000 	C:\WINDOWS\SYSTEM32\CRYPTBASE.dll
0x00007ffa3a6d0000 - 0x00007ffa3a70b000 	C:\WINDOWS\SYSTEM32\IPHLPAPI.DLL
0x00007ffa3ca50000 - 0x00007ffa3ca58000 	C:\WINDOWS\System32\NSI.dll
0x00007ffa2d2a0000 - 0x00007ffa2d2b7000 	C:\WINDOWS\SYSTEM32\dhcpcsvc6.DLL
0x00007ffa2d280000 - 0x00007ffa2d29d000 	C:\WINDOWS\SYSTEM32\dhcpcsvc.DLL
0x00007ffa3a710000 - 0x00007ffa3a7db000 	C:\WINDOWS\SYSTEM32\DNSAPI.dll
0x00007ffa26680000 - 0x00007ffa266a7000 	C:\Program Files\Android\Android Studio2\jre\bin\sunec.dll
0x00007ffa3a420000 - 0x00007ffa3a453000 	C:\WINDOWS\SYSTEM32\ntmarta.dll

dbghelp: loaded successfully - version: 4.0.5 - missing functions: none
symbol engine: initialized successfully - sym options: 0x614 - pdb path: .;C:\Program Files\Android\Android Studio2\jre\bin;C:\WINDOWS\SYSTEM32;C:\WINDOWS\WinSxS\amd64_microsoft.windows.common-controls_6595b64144ccf1df_6.0.19041.1110_none_60b5254171f9507e;C:\Program Files\Android\Android Studio2\jre\bin\server;C:\Users\DELL LATITUDE 5580\.gradle\native\e1d6ef7f7dcc3fd88c89a11ec53ec762bb8ba0a96d01ffa2cd45eb1d1d8dd5c5\windows-amd64;C:\Users\DELL LATITUDE 5580\.gradle\native\0d407fdbe67a94daf76414ababcb853783967236a71b16ec16e742cd7a986fd3\windows-amd64

VM Arguments:
jvm_args: --add-opens=java.base/java.util=ALL-UNNAMED --add-opens=java.base/java.lang=ALL-UNNAMED --add-opens=java.base/java.lang.invoke=ALL-UNNAMED --add-opens=java.base/java.util=ALL-UNNAMED --add-opens=java.prefs/java.util.prefs=ALL-UNNAMED --add-opens=java.prefs/java.util.prefs=ALL-UNNAMED --add-opens=java.base/java.nio.charset=ALL-UNNAMED --add-opens=java.base/java.net=ALL-UNNAMED --add-opens=java.base/java.util.concurrent.atomic=ALL-UNNAMED -Xmx2048m -Dfile.encoding=UTF-8 -Duser.country=FR -Duser.language=fr -Duser.variant 
java_command: org.gradle.launcher.daemon.bootstrap.GradleDaemon 7.4
java_class_path (initial): C:\Users\DELL LATITUDE 5580\.gradle\wrapper\dists\gradle-7.4-bin\c0gwcg53nkjbqw7r0h0umtfvt\gradle-7.4\lib\gradle-launcher-7.4.jar
Launcher Type: SUN_STANDARD

[Global flags]
     intx CICompilerCount                          = 3                                         {product} {ergonomic}
     uint ConcGCThreads                            = 1                                         {product} {ergonomic}
     uint G1ConcRefinementThreads                  = 4                                         {product} {ergonomic}
   size_t G1HeapRegionSize                         = 1048576                                   {product} {ergonomic}
    uintx GCDrainStackTargetSize                   = 64                                        {product} {ergonomic}
   size_t InitialHeapSize                          = 130023424                                 {product} {ergonomic}
   size_t MarkStackSize                            = 4194304                                   {product} {ergonomic}
   size_t MaxHeapSize                              = 2147483648                                {product} {command line}
   size_t MaxNewSize                               = 1287651328                                {product} {ergonomic}
   size_t MinHeapDeltaBytes                        = 1048576                                   {product} {ergonomic}
    uintx NonNMethodCodeHeapSize                   = 5830732                                {pd product} {ergonomic}
    uintx NonProfiledCodeHeapSize                  = 122913754                              {pd product} {ergonomic}
    uintx ProfiledCodeHeapSize                     = 122913754                              {pd product} {ergonomic}
    uintx ReservedCodeCacheSize                    = 251658240                              {pd product} {ergonomic}
     bool SegmentedCodeCache                       = true                                      {product} {ergonomic}
     bool UseCompressedClassPointers               = true                                 {lp64_product} {ergonomic}
     bool UseCompressedOops                        = true                                 {lp64_product} {ergonomic}
     bool UseG1GC                                  = true                                      {product} {ergonomic}
     bool UseLargePagesIndividualAllocation        = false                                  {pd product} {ergonomic}

Logging:
Log output configuration:
 #0: stdout all=warning uptime,level,tags
 #1: stderr all=off uptime,level,tags

Environment Variables:
PATH=C:\Program Files\Common Files\Oracle\Java\javapath;C:\oracle\product\10.2.0\db_1\bin;C:\WINDOWS\system32;C:\WINDOWS;C:\WINDOWS\System32\Wbem;C:\WINDOWS\System32\WindowsPowerShell\v1.0\;C:\WINDOWS\System32\OpenSSH\;C:\Users\DELL LATITUDE 5580\AppData\Local\Programs\Python\Python37;C:\Users\DELL LATITUDE 5580\Desktop\matlab 7.1\crack\runtime\win32;C:\Users\DELL LATITUDE 5580\Desktop\matlab 7.1\crack\bin;C:\Program Files\Git\cmd;C:\Program Files (x86)\dotnet\;C:\Users\DELL LATITUDE 5580\AppData\Local\Programs\Python\Python310\Scripts\;C:\Users\DELL LATITUDE 5580\AppData\Local\Programs\Python\Python310\;C:\Users\DELL LATITUDE 5580\AppData\Local\Microsoft\WindowsApps;C:\Program Files\JetBrains\PyCharm Community Edition 2019.2.4\bin;;C:\Users\DELL LATITUDE 5580\AppData\Local\Programs\Microsoft VS Code\bin;
USERNAME=DELL LATITUDE 5580
OS=Windows_NT
PROCESSOR_IDENTIFIER=Intel64 Family 6 Model 142 Stepping 9, GenuineIntel



---------------  S Y S T E M  ---------------

OS: Windows 10 , 64 bit Build 19041 (10.0.19041.2546)
OS uptime: 5 days 23:59 hours

CPU:total 4 (initial active 4) (2 cores per cpu, 2 threads per core) family 6 model 142 stepping 9 microcode 0xb4, cmov, cx8, fxsr, mmx, sse, sse2, sse3, ssse3, sse4.1, sse4.2, popcnt, avx, avx2, aes, clmul, erms, 3dnowpref, lzcnt, ht, tsc, tscinvbit, bmi1, bmi2, adx, fma

Memory: 4k page, system-wide physical 7833M (626M free)
TotalPageFile size 7833M (AvailPageFile size 16M)
current process WorkingSet (physical memory assigned to process): 660M, peak: 670M
current process commit charge ("private bytes"): 705M, peak: 807M

vm_info: OpenJDK 64-Bit Server VM (11.0.13+0-b1751.21-8125866) for windows-amd64 JRE (11.0.13+0-b1751.21-8125866), built on Feb  2 2022 03:00:22 by "builder" with MS VC++ 14.0 (VS2015)

END.
