#
# There is insufficient memory for the Java Runtime Environment to continue.
# Native memory allocation (mmap) failed to map 31457280 bytes for Failed to commit area from 0x0000000089500000 to 0x000000008b300000 of length 31457280.
# Possible reasons:
#   The system is out of physical RAM or swap space
#   The process is running with CompressedOops enabled, and the Java Heap may be blocking the growth of the native heap
# Possible solutions:
#   Reduce memory load on the system
#   Increase physical memory or swap space
#   Check if swap backing store is full
#   Decrease Java heap size (-Xmx/-Xms)
#   Decrease number of Java threads
#   Decrease Java thread stack sizes (-Xss)
#   Set larger code cache with -XX:ReservedCodeCacheSize=
#   JVM is running with Unscaled Compressed Oops mode in which the Java heap is
#     placed in the first 4GB address space. The Java Heap base address is the
#     maximum limit for the native heap growth. Please use -XX:HeapBaseMinAddress
#     to set the Java Heap base and to place the Java Heap above 4GB virtual address.
# This output file may be truncated or incomplete.
#
#  Out of Memory Error (./src/hotspot/os/windows/os_windows.cpp:3619), pid=8020, tid=11988
#
# JRE version: OpenJDK Runtime Environment (11.0.13) (build 11.0.13+0-b1751.21-8125866)
# Java VM: OpenJDK 64-Bit Server VM (11.0.13+0-b1751.21-8125866, mixed mode, tiered, compressed oops, g1 gc, windows-amd64)
# No core dump will be written. Minidumps are not enabled by default on client versions of Windows
#

---------------  S U M M A R Y ------------

Command Line: --add-opens=java.base/java.util=ALL-UNNAMED --add-opens=java.base/java.lang=ALL-UNNAMED --add-opens=java.base/java.lang.invoke=ALL-UNNAMED --add-opens=java.base/java.util=ALL-UNNAMED --add-opens=java.prefs/java.util.prefs=ALL-UNNAMED --add-opens=java.prefs/java.util.prefs=ALL-UNNAMED --add-opens=java.base/java.nio.charset=ALL-UNNAMED --add-opens=java.base/java.net=ALL-UNNAMED --add-opens=java.base/java.util.concurrent.atomic=ALL-UNNAMED -Xmx2048m -Dfile.encoding=UTF-8 -Duser.country=FR -Duser.language=fr -Duser.variant org.gradle.launcher.daemon.bootstrap.GradleDaemon 7.4

Host: Intel(R) Core(TM) i5-7200U CPU @ 2.50GHz, 4 cores, 7G,  Windows 10 , 64 bit Build 19041 (10.0.19041.2788)
Time: Wed May 17 12:48:20 2023 Europe centrale elapsed time: 16.670055 seconds (0d 0h 0m 16s)

---------------  T H R E A D  ---------------

Current thread (0x00000163fbc77800):  VMThread "VM Thread" [stack: 0x0000004f62200000,0x0000004f62300000] [id=11988]

Stack: [0x0000004f62200000,0x0000004f62300000]
[error occurred during error reporting (printing stack bounds), id 0xc0000005, EXCEPTION_ACCESS_VIOLATION (0xc0000005) at pc=0x000001638000112d]

Native frames: (J=compiled Java code, j=interpreted, Vv=VM code, C=native code)
V  [jvm.dll+0x6100fa]
V  [jvm.dll+0x747090]
V  [jvm.dll+0x7486ad]
V  [jvm.dll+0x748ce5]
V  [jvm.dll+0x748c9b]
V  [jvm.dll+0x60f224]
V  [jvm.dll+0x60f9b8]
C  [ntdll.dll+0xa23df]
C  [ntdll.dll+0x514a4]
C  [ntdll.dll+0xa0f0e]
C  0x000001638000112d

VM_Operation (0x0000004f636f6a50): G1CollectForAllocation, mode: safepoint, requested by thread 0x00000163fd1e3000


---------------  P R O C E S S  ---------------

Threads class SMR info:
_java_thread_list=0x00000163928fbb90, length=79, elements={
0x00000163f107e800, 0x00000163fbc7c000, 0x00000163fbc7d800, 0x00000163fbc98800,
0x00000163fbc99000, 0x00000163fbc9b000, 0x00000163fbc9e800, 0x00000163fbca4800,
0x00000163fbcaa000, 0x00000163fc78f000, 0x00000163fd976000, 0x00000163fdb0f000,
0x00000163fd429800, 0x00000163fd2c1800, 0x00000163fd872000, 0x00000163fd5a8000,
0x00000163fd1e3000, 0x00000163fe640000, 0x00000163fe91d800, 0x00000163fe0b5000,
0x00000163fd8d6000, 0x00000163fd8d7000, 0x00000163fd8d4800, 0x00000163fe7b6000,
0x00000163fd8d5800, 0x00000163fe965000, 0x00000163fe968000, 0x00000163fe965800,
0x00000163fe969000, 0x00000163fe969800, 0x00000163fe966800, 0x00000163fe964000,
0x00000163fe96c000, 0x00000163fe96a800, 0x00000163fe96b800, 0x00000163fe967800,
0x00000163fe972800, 0x00000163fe96f800, 0x00000163fe972000, 0x00000163fe970000,
0x00000163fe971000, 0x00000163fe96e000, 0x00000163fe96e800, 0x000001639138d800,
0x000001639138b000, 0x000001639138d000, 0x000001639138e800, 0x000001639138c000,
0x000001639138a800, 0x0000016391388800, 0x000001639138f000, 0x0000016391389800,
0x0000016391392800, 0x0000016391395000, 0x0000016391394000, 0x0000016391393800,
0x0000016391391800, 0x0000016391390000, 0x0000016391391000, 0x0000016391396800,
0x0000016391396000, 0x0000016391397800, 0x000001638fed6800, 0x000001638fed2000,
0x000001638fed7000, 0x000001638fed8000, 0x000001638fed3000, 0x000001638fed5800,
0x000001638fed4800, 0x000001638fed9000, 0x000001638fed4000, 0x00000163fdb9f800,
0x00000163fdb9e800, 0x00000163fdba0000, 0x00000163fdba1000, 0x00000163fdba2000,
0x00000163fdba2800, 0x00000163fdba3800, 0x00000163fdb9e000
}

Java Threads: ( => current thread )
  0x00000163f107e800 JavaThread "main" [_thread_blocked, id=11424, stack(0x0000004f61c00000,0x0000004f61d00000)]
  0x00000163fbc7c000 JavaThread "Reference Handler" daemon [_thread_blocked, id=6008, stack(0x0000004f62300000,0x0000004f62400000)]
  0x00000163fbc7d800 JavaThread "Finalizer" daemon [_thread_blocked, id=13432, stack(0x0000004f62400000,0x0000004f62500000)]
  0x00000163fbc98800 JavaThread "Signal Dispatcher" daemon [_thread_blocked, id=2688, stack(0x0000004f62500000,0x0000004f62600000)]
  0x00000163fbc99000 JavaThread "Attach Listener" daemon [_thread_blocked, id=6148, stack(0x0000004f62600000,0x0000004f62700000)]
  0x00000163fbc9b000 JavaThread "Service Thread" daemon [_thread_blocked, id=3048, stack(0x0000004f62700000,0x0000004f62800000)]
  0x00000163fbc9e800 JavaThread "C2 CompilerThread0" daemon [_thread_blocked, id=4076, stack(0x0000004f62800000,0x0000004f62900000)]
  0x00000163fbca4800 JavaThread "C1 CompilerThread0" daemon [_thread_blocked, id=10996, stack(0x0000004f62900000,0x0000004f62a00000)]
  0x00000163fbcaa000 JavaThread "Sweeper thread" daemon [_thread_blocked, id=12248, stack(0x0000004f62a00000,0x0000004f62b00000)]
  0x00000163fc78f000 JavaThread "Common-Cleaner" daemon [_thread_blocked, id=7980, stack(0x0000004f62b00000,0x0000004f62c00000)]
  0x00000163fd976000 JavaThread "Daemon health stats" [_thread_blocked, id=9820, stack(0x0000004f62f00000,0x0000004f63000000)]
  0x00000163fdb0f000 JavaThread "Incoming local TCP Connector on port 64817" [_thread_in_native, id=9332, stack(0x0000004f63100000,0x0000004f63200000)]
  0x00000163fd429800 JavaThread "Daemon periodic checks" [_thread_blocked, id=6936, stack(0x0000004f63200000,0x0000004f63300000)]
  0x00000163fd2c1800 JavaThread "Daemon" [_thread_blocked, id=8132, stack(0x0000004f63300000,0x0000004f63400000)]
  0x00000163fd872000 JavaThread "Handler for socket connection from /127.0.0.1:64817 to /127.0.0.1:64818" [_thread_in_native, id=14164, stack(0x0000004f63400000,0x0000004f63500000)]
  0x00000163fd5a8000 JavaThread "Cancel handler" [_thread_blocked, id=11148, stack(0x0000004f63500000,0x0000004f63600000)]
  0x00000163fd1e3000 JavaThread "Daemon worker" [_thread_blocked, id=10232, stack(0x0000004f63600000,0x0000004f63700000)]
  0x00000163fe640000 JavaThread "Asynchronous log dispatcher for DefaultDaemonConnection: socket connection from /127.0.0.1:64817 to /127.0.0.1:64818" [_thread_blocked, id=1712, stack(0x0000004f63700000,0x0000004f63800000)]
  0x00000163fe91d800 JavaThread "Stdin handler" [_thread_blocked, id=9680, stack(0x0000004f63800000,0x0000004f63900000)]
  0x00000163fe0b5000 JavaThread "Daemon client event forwarder" [_thread_blocked, id=4888, stack(0x0000004f63900000,0x0000004f63a00000)]
  0x00000163fd8d6000 JavaThread "Cache worker for journal cache (C:\Users\DELL LATITUDE 5580\.gradle\caches\journal-1)" [_thread_blocked, id=1548, stack(0x0000004f63a00000,0x0000004f63b00000)]
  0x00000163fd8d7000 JavaThread "File lock request listener" [_thread_in_native, id=11584, stack(0x0000004f63b00000,0x0000004f63c00000)]
  0x00000163fd8d4800 JavaThread "Cache worker for file hash cache (C:\Users\DELL LATITUDE 5580\.gradle\caches\7.4\fileHashes)" [_thread_blocked, id=3556, stack(0x0000004f63c00000,0x0000004f63d00000)]
  0x00000163fe7b6000 JavaThread "C2 CompilerThread1" daemon [_thread_blocked, id=10212, stack(0x0000004f63d00000,0x0000004f63e00000)]
  0x00000163fd8d5800 JavaThread "File watcher server" daemon [_thread_in_native, id=11852, stack(0x0000004f63e00000,0x0000004f63f00000)]
  0x00000163fe965000 JavaThread "File watcher consumer" daemon [_thread_blocked, id=12132, stack(0x0000004f63f00000,0x0000004f64000000)]
  0x00000163fe968000 JavaThread "Cache worker for checksums cache (C:\Users\DELL LATITUDE 5580\memoireversionfinale\.gradle\7.4\checksums)" [_thread_blocked, id=5064, stack(0x0000004f64000000,0x0000004f64100000)]
  0x00000163fe965800 JavaThread "Cache worker for cache directory md-rule (C:\Users\DELL LATITUDE 5580\.gradle\caches\7.4\md-rule)" [_thread_blocked, id=12052, stack(0x0000004f64100000,0x0000004f64200000)]
  0x00000163fe969000 JavaThread "Cache worker for file hash cache (C:\Users\DELL LATITUDE 5580\memoireversionfinale\.gradle\7.4\fileHashes)" [_thread_blocked, id=6852, stack(0x0000004f64200000,0x0000004f64300000)]
  0x00000163fe969800 JavaThread "Cache worker for cache directory md-supplier (C:\Users\DELL LATITUDE 5580\.gradle\caches\7.4\md-supplier)" [_thread_blocked, id=13228, stack(0x0000004f64300000,0x0000004f64400000)]
  0x00000163fe966800 JavaThread "Cache worker for execution history cache (C:\Users\DELL LATITUDE 5580\.gradle\caches\7.4\executionHistory)" [_thread_blocked, id=12188, stack(0x0000004f64400000,0x0000004f64500000)]
  0x00000163fe964000 JavaThread "jar transforms" [_thread_blocked, id=4456, stack(0x0000004f64500000,0x0000004f64600000)]
  0x00000163fe96c000 JavaThread "Cache worker for file content cache (C:\Users\DELL LATITUDE 5580\.gradle\caches\7.4\fileContent)" [_thread_blocked, id=3164, stack(0x0000004f64600000,0x0000004f64700000)]
  0x00000163fe96a800 JavaThread "jar transforms Thread 2" [_thread_blocked, id=12028, stack(0x0000004f64700000,0x0000004f64800000)]
  0x00000163fe96b800 JavaThread "Cache worker for dependencies-accessors (C:\Users\DELL LATITUDE 5580\memoireversionfinale\.gradle\7.4\dependencies-accessors)" [_thread_blocked, id=8984, stack(0x0000004f64800000,0x0000004f64900000)]
  0x00000163fe967800 JavaThread "jar transforms Thread 3" [_thread_blocked, id=8424, stack(0x0000004f64900000,0x0000004f64a00000)]
  0x00000163fe972800 JavaThread "Cache worker for Build Output Cleanup Cache (C:\Users\DELL LATITUDE 5580\memoireversionfinale\.gradle\buildOutputCleanup)" [_thread_blocked, id=8336, stack(0x0000004f64a00000,0x0000004f64b00000)]
  0x00000163fe96f800 JavaThread "Unconstrained build operations" [_thread_blocked, id=10588, stack(0x0000004f64b00000,0x0000004f64c00000)]
  0x00000163fe972000 JavaThread "Unconstrained build operations Thread 2" [_thread_blocked, id=12452, stack(0x0000004f64c00000,0x0000004f64d00000)]
  0x00000163fe970000 JavaThread "Unconstrained build operations Thread 3" [_thread_blocked, id=14000, stack(0x0000004f64d00000,0x0000004f64e00000)]
  0x00000163fe971000 JavaThread "Unconstrained build operations Thread 4" [_thread_blocked, id=10832, stack(0x0000004f64e00000,0x0000004f64f00000)]
  0x00000163fe96e000 JavaThread "Unconstrained build operations Thread 5" [_thread_blocked, id=6912, stack(0x0000004f64f00000,0x0000004f65000000)]
  0x00000163fe96e800 JavaThread "Unconstrained build operations Thread 6" [_thread_blocked, id=1160, stack(0x0000004f65000000,0x0000004f65100000)]
  0x000001639138d800 JavaThread "Unconstrained build operations Thread 7" [_thread_blocked, id=14232, stack(0x0000004f65100000,0x0000004f65200000)]
  0x000001639138b000 JavaThread "Unconstrained build operations Thread 8" [_thread_blocked, id=13596, stack(0x0000004f65200000,0x0000004f65300000)]
  0x000001639138d000 JavaThread "Unconstrained build operations Thread 9" [_thread_blocked, id=3688, stack(0x0000004f65300000,0x0000004f65400000)]
  0x000001639138e800 JavaThread "Unconstrained build operations Thread 10" [_thread_blocked, id=2456, stack(0x0000004f65400000,0x0000004f65500000)]
  0x000001639138c000 JavaThread "Unconstrained build operations Thread 11" [_thread_blocked, id=3804, stack(0x0000004f65500000,0x0000004f65600000)]
  0x000001639138a800 JavaThread "Unconstrained build operations Thread 12" [_thread_blocked, id=13324, stack(0x0000004f65600000,0x0000004f65700000)]
  0x0000016391388800 JavaThread "Unconstrained build operations Thread 13" [_thread_blocked, id=11932, stack(0x0000004f65700000,0x0000004f65800000)]
  0x000001639138f000 JavaThread "Unconstrained build operations Thread 14" [_thread_blocked, id=2464, stack(0x0000004f65800000,0x0000004f65900000)]
  0x0000016391389800 JavaThread "Unconstrained build operations Thread 15" [_thread_blocked, id=5548, stack(0x0000004f65900000,0x0000004f65a00000)]
  0x0000016391392800 JavaThread "Unconstrained build operations Thread 16" [_thread_blocked, id=13076, stack(0x0000004f65a00000,0x0000004f65b00000)]
  0x0000016391395000 JavaThread "Unconstrained build operations Thread 17" [_thread_blocked, id=10088, stack(0x0000004f65b00000,0x0000004f65c00000)]
  0x0000016391394000 JavaThread "Unconstrained build operations Thread 18" [_thread_blocked, id=10116, stack(0x0000004f65c00000,0x0000004f65d00000)]
  0x0000016391393800 JavaThread "Unconstrained build operations Thread 19" [_thread_blocked, id=6616, stack(0x0000004f65d00000,0x0000004f65e00000)]
  0x0000016391391800 JavaThread "Unconstrained build operations Thread 20" [_thread_blocked, id=3708, stack(0x0000004f65e00000,0x0000004f65f00000)]
  0x0000016391390000 JavaThread "Unconstrained build operations Thread 21" [_thread_blocked, id=8764, stack(0x0000004f65f00000,0x0000004f66000000)]
  0x0000016391391000 JavaThread "Unconstrained build operations Thread 22" [_thread_blocked, id=12440, stack(0x0000004f66000000,0x0000004f66100000)]
  0x0000016391396800 JavaThread "Unconstrained build operations Thread 23" [_thread_blocked, id=4680, stack(0x0000004f66100000,0x0000004f66200000)]
  0x0000016391396000 JavaThread "Unconstrained build operations Thread 24" [_thread_blocked, id=9724, stack(0x0000004f66200000,0x0000004f66300000)]
  0x0000016391397800 JavaThread "Unconstrained build operations Thread 25" [_thread_blocked, id=8236, stack(0x0000004f66300000,0x0000004f66400000)]
  0x000001638fed6800 JavaThread "Unconstrained build operations Thread 26" [_thread_blocked, id=10856, stack(0x0000004f66400000,0x0000004f66500000)]
  0x000001638fed2000 JavaThread "Unconstrained build operations Thread 27" [_thread_blocked, id=6172, stack(0x0000004f66500000,0x0000004f66600000)]
  0x000001638fed7000 JavaThread "Unconstrained build operations Thread 28" [_thread_blocked, id=5216, stack(0x0000004f66600000,0x0000004f66700000)]
  0x000001638fed8000 JavaThread "Unconstrained build operations Thread 29" [_thread_blocked, id=8868, stack(0x0000004f66700000,0x0000004f66800000)]
  0x000001638fed3000 JavaThread "Unconstrained build operations Thread 30" [_thread_blocked, id=4148, stack(0x0000004f66800000,0x0000004f66900000)]
  0x000001638fed5800 JavaThread "Unconstrained build operations Thread 31" [_thread_blocked, id=11136, stack(0x0000004f66900000,0x0000004f66a00000)]
  0x000001638fed4800 JavaThread "Unconstrained build operations Thread 32" [_thread_blocked, id=7852, stack(0x0000004f66a00000,0x0000004f66b00000)]
  0x000001638fed9000 JavaThread "Unconstrained build operations Thread 33" [_thread_blocked, id=1908, stack(0x0000004f66b00000,0x0000004f66c00000)]
  0x000001638fed4000 JavaThread "Unconstrained build operations Thread 34" [_thread_blocked, id=11576, stack(0x0000004f66c00000,0x0000004f66d00000)]
  0x00000163fdb9f800 JavaThread "Unconstrained build operations Thread 35" [_thread_blocked, id=11144, stack(0x0000004f66d00000,0x0000004f66e00000)]
  0x00000163fdb9e800 JavaThread "Unconstrained build operations Thread 36" [_thread_blocked, id=12408, stack(0x0000004f66e00000,0x0000004f66f00000)]
  0x00000163fdba0000 JavaThread "Unconstrained build operations Thread 37" [_thread_blocked, id=1136, stack(0x0000004f66f00000,0x0000004f67000000)]
  0x00000163fdba1000 JavaThread "Unconstrained build operations Thread 38" [_thread_blocked, id=13884, stack(0x0000004f67000000,0x0000004f67100000)]
  0x00000163fdba2000 JavaThread "Unconstrained build operations Thread 39" [_thread_blocked, id=13868, stack(0x0000004f67100000,0x0000004f67200000)]
  0x00000163fdba2800 JavaThread "Unconstrained build operations Thread 40" [_thread_blocked, id=11048, stack(0x0000004f67200000,0x0000004f67300000)]
  0x00000163fdba3800 JavaThread "jar transforms Thread 4" [_thread_blocked, id=13584, stack(0x0000004f67300000,0x0000004f67400000)]
  0x00000163fdb9e000 JavaThread "Memory manager" [_thread_blocked, id=13888, stack(0x0000004f67400000,0x0000004f67500000)]

Other Threads:
=>0x00000163fbc77800 VMThread "VM Thread" [stack: 0x0000004f62200000,0x0000004f62300000] [id=11988]
  0x00000163fc7c4800 WatcherThread [stack: 0x0000004f62c00000,0x0000004f62d00000] [id=8324]
  0x00000163f1098800 GCTaskThread "GC Thread#0" [stack: 0x0000004f61d00000,0x0000004f61e00000] [id=12536]
  0x00000163fcb93000 GCTaskThread "GC Thread#1" [stack: 0x0000004f62e00000,0x0000004f62f00000] [id=14148]
  0x00000163fdfbb800 GCTaskThread "GC Thread#2" [stack: 0x0000004f62d00000,0x0000004f62e00000] [id=12376]
  0x00000163fd941800 GCTaskThread "GC Thread#3" [stack: 0x0000004f63000000,0x0000004f63100000] [id=11904]
  0x00000163f10c7800 ConcurrentGCThread "G1 Main Marker" [stack: 0x0000004f61e00000,0x0000004f61f00000] [id=8924]
  0x00000163f10c9000 ConcurrentGCThread "G1 Conc#0" [stack: 0x0000004f61f00000,0x0000004f62000000] [id=1904]
  0x00000163f1156800 ConcurrentGCThread "G1 Refine#0" [stack: 0x0000004f62000000,0x0000004f62100000] [id=14244]
  0x00000163f1157800 ConcurrentGCThread "G1 Young RemSet Sampling" [stack: 0x0000004f62100000,0x0000004f62200000] [id=8684]

Threads with active compile tasks:
C2 CompilerThread0  16697 6340       4       org.codehaus.groovy.reflection.CachedMethod::compareTo (25 bytes)
C2 CompilerThread1  16697 6391       4       java.util.HashSet::<init> (16 bytes)

VM state:at safepoint (normal execution)

VM Mutex/Monitor currently owned by a thread:  ([mutex/lock_event])
[0x00000163f107bbc0] Threads_lock - owner thread: 0x00000163fbc77800
[0x00000163f107b3e0] Heap_lock - owner thread: 0x00000163fd1e3000

Heap address: 0x0000000080000000, size: 2048 MB, Compressed Oops mode: 32-bit
Narrow klass base: 0x0000000000000000, Narrow klass shift: 3
Compressed class space size: 1073741824 Address: 0x0000000100000000

Heap:
 garbage-first heap   total 183296K, used 51418K [0x0000000080000000, 0x0000000100000000)
  region size 1024K, 8 young (8192K), 8 survivors (8192K)
 Metaspace       used 63930K, capacity 65450K, committed 65572K, reserved 1105920K
  class space    used 8006K, capacity 8548K, committed 8652K, reserved 1048576K
Heap Regions: E=young(eden), S=young(survivor), O=old, HS=humongous(starts), HC=humongous(continues), CS=collection set, F=free, A=archive, TAMS=top-at-mark-start (previous, next)
|   0|0x0000000080000000, 0x0000000080100000, 0x0000000080100000|100%|HS|  |TAMS 0x0000000080100000, 0x0000000080000000| Complete 
|   1|0x0000000080100000, 0x0000000080200000, 0x0000000080200000|100%|HC|  |TAMS 0x0000000080200000, 0x0000000080100000| Complete 
|   2|0x0000000080200000, 0x0000000080300000, 0x0000000080300000|100%|HC|  |TAMS 0x0000000080300000, 0x0000000080200000| Complete 
|   3|0x0000000080300000, 0x0000000080400000, 0x0000000080400000|100%| O|  |TAMS 0x0000000080400000, 0x0000000080300000| Untracked 
|   4|0x0000000080400000, 0x0000000080500000, 0x0000000080500000|100%| O|  |TAMS 0x0000000080500000, 0x0000000080400000| Untracked 
|   5|0x0000000080500000, 0x0000000080600000, 0x0000000080600000|100%| O|  |TAMS 0x0000000080600000, 0x0000000080500000| Untracked 
|   6|0x0000000080600000, 0x0000000080700000, 0x0000000080700000|100%| O|  |TAMS 0x0000000080700000, 0x0000000080600000| Untracked 
|   7|0x0000000080700000, 0x0000000080800000, 0x0000000080800000|100%| O|  |TAMS 0x0000000080800000, 0x0000000080700000| Untracked 
|   8|0x0000000080800000, 0x0000000080900000, 0x0000000080900000|100%| O|  |TAMS 0x0000000080900000, 0x0000000080800000| Untracked 
|   9|0x0000000080900000, 0x0000000080a00000, 0x0000000080a00000|100%| O|  |TAMS 0x0000000080a00000, 0x0000000080900000| Untracked 
|  10|0x0000000080a00000, 0x0000000080b00000, 0x0000000080b00000|100%| O|  |TAMS 0x0000000080b00000, 0x0000000080a00000| Untracked 
|  11|0x0000000080b00000, 0x0000000080c00000, 0x0000000080c00000|100%| O|  |TAMS 0x0000000080c00000, 0x0000000080b00000| Untracked 
|  12|0x0000000080c00000, 0x0000000080d00000, 0x0000000080d00000|100%| O|  |TAMS 0x0000000080d00000, 0x0000000080c00000| Untracked 
|  13|0x0000000080d00000, 0x0000000080e00000, 0x0000000080e00000|100%| O|  |TAMS 0x0000000080e00000, 0x0000000080d00000| Untracked 
|  14|0x0000000080e00000, 0x0000000080f00000, 0x0000000080f00000|100%| O|  |TAMS 0x0000000080f00000, 0x0000000080e00000| Untracked 
|  15|0x0000000080f00000, 0x0000000081000000, 0x0000000081000000|100%| O|  |TAMS 0x0000000081000000, 0x0000000080f00000| Untracked 
|  16|0x0000000081000000, 0x0000000081100000, 0x0000000081100000|100%| O|  |TAMS 0x0000000081100000, 0x0000000081000000| Untracked 
|  17|0x0000000081100000, 0x0000000081200000, 0x0000000081200000|100%|HS|  |TAMS 0x0000000081200000, 0x0000000081100000| Complete 
|  18|0x0000000081200000, 0x0000000081300000, 0x0000000081300000|100%| O|  |TAMS 0x0000000081300000, 0x0000000081200000| Untracked 
|  19|0x0000000081300000, 0x0000000081400000, 0x0000000081400000|100%| O|  |TAMS 0x0000000081400000, 0x0000000081300000| Untracked 
|  20|0x0000000081400000, 0x0000000081500000, 0x0000000081500000|100%| O|  |TAMS 0x0000000081500000, 0x0000000081400000| Untracked 
|  21|0x0000000081500000, 0x0000000081600000, 0x0000000081600000|100%| O|  |TAMS 0x0000000081600000, 0x0000000081500000| Untracked 
|  22|0x0000000081600000, 0x0000000081700000, 0x0000000081700000|100%| O|  |TAMS 0x0000000081700000, 0x0000000081600000| Untracked 
|  23|0x0000000081700000, 0x0000000081800000, 0x0000000081800000|100%| O|  |TAMS 0x0000000081800000, 0x0000000081700000| Untracked 
|  24|0x0000000081800000, 0x0000000081900000, 0x0000000081900000|100%|HS|  |TAMS 0x0000000081900000, 0x0000000081800000| Complete 
|  25|0x0000000081900000, 0x0000000081a00000, 0x0000000081a00000|100%| O|  |TAMS 0x0000000081a00000, 0x0000000081900000| Untracked 
|  26|0x0000000081a00000, 0x0000000081b00000, 0x0000000081b00000|100%|HS|  |TAMS 0x0000000081b00000, 0x0000000081a00000| Complete 
|  27|0x0000000081b00000, 0x0000000081c00000, 0x0000000081c00000|100%|HC|  |TAMS 0x0000000081c00000, 0x0000000081b00000| Complete 
|  28|0x0000000081c00000, 0x0000000081d00000, 0x0000000081d00000|100%| O|  |TAMS 0x0000000081d00000, 0x0000000081c00000| Untracked 
|  29|0x0000000081d00000, 0x0000000081e00000, 0x0000000081e00000|100%| O|  |TAMS 0x0000000081e00000, 0x0000000081d00000| Untracked 
|  30|0x0000000081e00000, 0x0000000081f00000, 0x0000000081f00000|100%| O|  |TAMS 0x0000000081f00000, 0x0000000081e00000| Untracked 
|  31|0x0000000081f00000, 0x0000000082000000, 0x0000000082000000|100%| O|  |TAMS 0x0000000082000000, 0x0000000081f00000| Untracked 
|  32|0x0000000082000000, 0x0000000082100000, 0x0000000082100000|100%| O|  |TAMS 0x0000000082100000, 0x0000000082000000| Untracked 
|  33|0x0000000082100000, 0x0000000082200000, 0x0000000082200000|100%| O|  |TAMS 0x0000000082200000, 0x0000000082100000| Untracked 
|  34|0x0000000082200000, 0x0000000082300000, 0x0000000082300000|100%| O|  |TAMS 0x0000000082300000, 0x0000000082200000| Untracked 
|  35|0x0000000082300000, 0x0000000082400000, 0x0000000082400000|100%| O|  |TAMS 0x0000000082400000, 0x0000000082300000| Untracked 
|  36|0x0000000082400000, 0x0000000082500000, 0x0000000082500000|100%| O|  |TAMS 0x0000000082500000, 0x0000000082400000| Untracked 
|  37|0x0000000082500000, 0x0000000082600000, 0x0000000082600000|100%| O|  |TAMS 0x0000000082600000, 0x0000000082500000| Untracked 
|  38|0x0000000082600000, 0x0000000082700000, 0x0000000082700000|100%| O|  |TAMS 0x0000000082700000, 0x0000000082600000| Untracked 
|  39|0x0000000082700000, 0x0000000082800000, 0x0000000082800000|100%| O|  |TAMS 0x0000000082800000, 0x0000000082700000| Untracked 
|  40|0x0000000082800000, 0x0000000082900000, 0x0000000082900000|100%| O|  |TAMS 0x0000000082900000, 0x0000000082800000| Untracked 
|  41|0x0000000082900000, 0x0000000082a00000, 0x0000000082a00000|100%| O|  |TAMS 0x0000000082a00000, 0x0000000082900000| Untracked 
|  42|0x0000000082a00000, 0x0000000082a36a00, 0x0000000082b00000| 21%| O|  |TAMS 0x0000000082a36a00, 0x0000000082a00000| Untracked 
|  43|0x0000000082b00000, 0x0000000082b00000, 0x0000000082c00000|  0%| F|  |TAMS 0x0000000082b00000, 0x0000000082b00000| Untracked 
|  44|0x0000000082c00000, 0x0000000082c00000, 0x0000000082d00000|  0%| F|  |TAMS 0x0000000082c00000, 0x0000000082c00000| Untracked 
|  45|0x0000000082d00000, 0x0000000082d00000, 0x0000000082e00000|  0%| F|  |TAMS 0x0000000082d00000, 0x0000000082d00000| Untracked 
|  46|0x0000000082e00000, 0x0000000082e00000, 0x0000000082f00000|  0%| F|  |TAMS 0x0000000082e00000, 0x0000000082e00000| Untracked 
|  47|0x0000000082f00000, 0x0000000082f00000, 0x0000000083000000|  0%| F|  |TAMS 0x0000000082f00000, 0x0000000082f00000| Untracked 
|  48|0x0000000083000000, 0x0000000083000000, 0x0000000083100000|  0%| F|  |TAMS 0x0000000083000000, 0x0000000083000000| Untracked 
|  49|0x0000000083100000, 0x0000000083100000, 0x0000000083200000|  0%| F|  |TAMS 0x0000000083100000, 0x0000000083100000| Untracked 
|  50|0x0000000083200000, 0x0000000083200000, 0x0000000083300000|  0%| F|  |TAMS 0x0000000083200000, 0x0000000083200000| Untracked 
|  51|0x0000000083300000, 0x0000000083300000, 0x0000000083400000|  0%| F|  |TAMS 0x0000000083300000, 0x0000000083300000| Untracked 
|  52|0x0000000083400000, 0x0000000083400000, 0x0000000083500000|  0%| F|  |TAMS 0x0000000083400000, 0x0000000083400000| Untracked 
|  53|0x0000000083500000, 0x0000000083500000, 0x0000000083600000|  0%| F|  |TAMS 0x0000000083500000, 0x0000000083500000| Untracked 
|  54|0x0000000083600000, 0x0000000083600000, 0x0000000083700000|  0%| F|  |TAMS 0x0000000083600000, 0x0000000083600000| Untracked 
|  55|0x0000000083700000, 0x0000000083700000, 0x0000000083800000|  0%| F|  |TAMS 0x0000000083700000, 0x0000000083700000| Untracked 
|  56|0x0000000083800000, 0x0000000083800000, 0x0000000083900000|  0%| F|  |TAMS 0x0000000083800000, 0x0000000083800000| Untracked 
|  57|0x0000000083900000, 0x0000000083900000, 0x0000000083a00000|  0%| F|  |TAMS 0x0000000083900000, 0x0000000083900000| Untracked 
|  58|0x0000000083a00000, 0x0000000083a00000, 0x0000000083b00000|  0%| F|  |TAMS 0x0000000083a00000, 0x0000000083a00000| Untracked 
|  59|0x0000000083b00000, 0x0000000083b00000, 0x0000000083c00000|  0%| F|  |TAMS 0x0000000083b00000, 0x0000000083b00000| Untracked 
|  60|0x0000000083c00000, 0x0000000083c00000, 0x0000000083d00000|  0%| F|  |TAMS 0x0000000083c00000, 0x0000000083c00000| Untracked 
|  61|0x0000000083d00000, 0x0000000083d00000, 0x0000000083e00000|  0%| F|  |TAMS 0x0000000083d00000, 0x0000000083d00000| Untracked 
|  62|0x0000000083e00000, 0x0000000083e00000, 0x0000000083f00000|  0%| F|  |TAMS 0x0000000083e00000, 0x0000000083e00000| Untracked 
|  63|0x0000000083f00000, 0x0000000083f00000, 0x0000000084000000|  0%| F|  |TAMS 0x0000000083f00000, 0x0000000083f00000| Untracked 
|  64|0x0000000084000000, 0x0000000084000000, 0x0000000084100000|  0%| F|  |TAMS 0x0000000084000000, 0x0000000084000000| Untracked 
|  65|0x0000000084100000, 0x0000000084100000, 0x0000000084200000|  0%| F|  |TAMS 0x0000000084100000, 0x0000000084100000| Untracked 
|  66|0x0000000084200000, 0x0000000084200000, 0x0000000084300000|  0%| F|  |TAMS 0x0000000084200000, 0x0000000084200000| Untracked 
|  67|0x0000000084300000, 0x0000000084300000, 0x0000000084400000|  0%| F|  |TAMS 0x0000000084300000, 0x0000000084300000| Untracked 
|  68|0x0000000084400000, 0x0000000084400000, 0x0000000084500000|  0%| F|  |TAMS 0x0000000084400000, 0x0000000084400000| Untracked 
|  69|0x0000000084500000, 0x0000000084500000, 0x0000000084600000|  0%| F|  |TAMS 0x0000000084500000, 0x0000000084500000| Untracked 
|  70|0x0000000084600000, 0x0000000084600000, 0x0000000084700000|  0%| F|  |TAMS 0x0000000084600000, 0x0000000084600000| Untracked 
|  71|0x0000000084700000, 0x0000000084700000, 0x0000000084800000|  0%| F|  |TAMS 0x0000000084700000, 0x0000000084700000| Untracked 
|  72|0x0000000084800000, 0x0000000084800000, 0x0000000084900000|  0%| F|  |TAMS 0x0000000084800000, 0x0000000084800000| Untracked 
|  73|0x0000000084900000, 0x0000000084900000, 0x0000000084a00000|  0%| F|  |TAMS 0x0000000084900000, 0x0000000084900000| Untracked 
|  74|0x0000000084a00000, 0x0000000084a00000, 0x0000000084b00000|  0%| F|  |TAMS 0x0000000084a00000, 0x0000000084a00000| Untracked 
|  75|0x0000000084b00000, 0x0000000084c00000, 0x0000000084c00000|100%| S|CS|TAMS 0x0000000084b00000, 0x0000000084b00000| Complete 
|  76|0x0000000084c00000, 0x0000000084d00000, 0x0000000084d00000|100%| S|CS|TAMS 0x0000000084c00000, 0x0000000084c00000| Complete 
|  77|0x0000000084d00000, 0x0000000084e00000, 0x0000000084e00000|100%| S|CS|TAMS 0x0000000084d00000, 0x0000000084d00000| Complete 
|  78|0x0000000084e00000, 0x0000000084f00000, 0x0000000084f00000|100%| S|CS|TAMS 0x0000000084e00000, 0x0000000084e00000| Complete 
|  79|0x0000000084f00000, 0x0000000085000000, 0x0000000085000000|100%| S|CS|TAMS 0x0000000084f00000, 0x0000000084f00000| Complete 
|  80|0x0000000085000000, 0x0000000085100000, 0x0000000085100000|100%| S|CS|TAMS 0x0000000085000000, 0x0000000085000000| Complete 
|  81|0x0000000085100000, 0x0000000085200000, 0x0000000085200000|100%| S|CS|TAMS 0x0000000085100000, 0x0000000085100000| Complete 
|  82|0x0000000085200000, 0x0000000085300000, 0x0000000085300000|100%| S|CS|TAMS 0x0000000085200000, 0x0000000085200000| Complete 
|  83|0x0000000085300000, 0x0000000085300000, 0x0000000085400000|  0%| F|  |TAMS 0x0000000085300000, 0x0000000085300000| Untracked 
|  84|0x0000000085400000, 0x0000000085400000, 0x0000000085500000|  0%| F|  |TAMS 0x0000000085400000, 0x0000000085400000| Untracked 
|  85|0x0000000085500000, 0x0000000085500000, 0x0000000085600000|  0%| F|  |TAMS 0x0000000085500000, 0x0000000085500000| Untracked 
|  86|0x0000000085600000, 0x0000000085600000, 0x0000000085700000|  0%| F|  |TAMS 0x0000000085600000, 0x0000000085600000| Untracked 
|  87|0x0000000085700000, 0x0000000085700000, 0x0000000085800000|  0%| F|  |TAMS 0x0000000085700000, 0x0000000085700000| Untracked 
|  88|0x0000000085800000, 0x0000000085800000, 0x0000000085900000|  0%| F|  |TAMS 0x0000000085800000, 0x0000000085800000| Untracked 
|  89|0x0000000085900000, 0x0000000085900000, 0x0000000085a00000|  0%| F|  |TAMS 0x0000000085900000, 0x0000000085900000| Untracked 
|  90|0x0000000085a00000, 0x0000000085a00000, 0x0000000085b00000|  0%| F|  |TAMS 0x0000000085a00000, 0x0000000085a00000| Untracked 
|  91|0x0000000085b00000, 0x0000000085b00000, 0x0000000085c00000|  0%| F|  |TAMS 0x0000000085b00000, 0x0000000085b00000| Untracked 
|  92|0x0000000085c00000, 0x0000000085c00000, 0x0000000085d00000|  0%| F|  |TAMS 0x0000000085c00000, 0x0000000085c00000| Untracked 
|  93|0x0000000085d00000, 0x0000000085d00000, 0x0000000085e00000|  0%| F|  |TAMS 0x0000000085d00000, 0x0000000085d00000| Untracked 
|  94|0x0000000085e00000, 0x0000000085e00000, 0x0000000085f00000|  0%| F|  |TAMS 0x0000000085e00000, 0x0000000085e00000| Untracked 
|  95|0x0000000085f00000, 0x0000000085f00000, 0x0000000086000000|  0%| F|  |TAMS 0x0000000085f00000, 0x0000000085f00000| Untracked 
|  96|0x0000000086000000, 0x0000000086000000, 0x0000000086100000|  0%| F|  |TAMS 0x0000000086000000, 0x0000000086000000| Untracked 
|  97|0x0000000086100000, 0x0000000086100000, 0x0000000086200000|  0%| F|  |TAMS 0x0000000086100000, 0x0000000086100000| Untracked 
|  98|0x0000000086200000, 0x0000000086200000, 0x0000000086300000|  0%| F|  |TAMS 0x0000000086200000, 0x0000000086200000| Untracked 
|  99|0x0000000086300000, 0x0000000086300000, 0x0000000086400000|  0%| F|  |TAMS 0x0000000086300000, 0x0000000086300000| Untracked 
| 100|0x0000000086400000, 0x0000000086400000, 0x0000000086500000|  0%| F|  |TAMS 0x0000000086400000, 0x0000000086400000| Untracked 
| 101|0x0000000086500000, 0x0000000086500000, 0x0000000086600000|  0%| F|  |TAMS 0x0000000086500000, 0x0000000086500000| Untracked 
| 102|0x0000000086600000, 0x0000000086600000, 0x0000000086700000|  0%| F|  |TAMS 0x0000000086600000, 0x0000000086600000| Untracked 
| 103|0x0000000086700000, 0x0000000086700000, 0x0000000086800000|  0%| F|  |TAMS 0x0000000086700000, 0x0000000086700000| Untracked 
| 104|0x0000000086800000, 0x0000000086800000, 0x0000000086900000|  0%| F|  |TAMS 0x0000000086800000, 0x0000000086800000| Untracked 
| 105|0x0000000086900000, 0x0000000086900000, 0x0000000086a00000|  0%| F|  |TAMS 0x0000000086900000, 0x0000000086900000| Untracked 
| 106|0x0000000086a00000, 0x0000000086a00000, 0x0000000086b00000|  0%| F|  |TAMS 0x0000000086a00000, 0x0000000086a00000| Untracked 
| 107|0x0000000086b00000, 0x0000000086b00000, 0x0000000086c00000|  0%| F|  |TAMS 0x0000000086b00000, 0x0000000086b00000| Untracked 
| 108|0x0000000086c00000, 0x0000000086c00000, 0x0000000086d00000|  0%| F|  |TAMS 0x0000000086c00000, 0x0000000086c00000| Untracked 
| 109|0x0000000086d00000, 0x0000000086d00000, 0x0000000086e00000|  0%| F|  |TAMS 0x0000000086d00000, 0x0000000086d00000| Untracked 
| 110|0x0000000086e00000, 0x0000000086e00000, 0x0000000086f00000|  0%| F|  |TAMS 0x0000000086e00000, 0x0000000086e00000| Untracked 
| 111|0x0000000086f00000, 0x0000000086f00000, 0x0000000087000000|  0%| F|  |TAMS 0x0000000086f00000, 0x0000000086f00000| Untracked 
| 112|0x0000000087000000, 0x0000000087000000, 0x0000000087100000|  0%| F|  |TAMS 0x0000000087000000, 0x0000000087000000| Untracked 
| 113|0x0000000087100000, 0x0000000087100000, 0x0000000087200000|  0%| F|  |TAMS 0x0000000087100000, 0x0000000087100000| Untracked 
| 114|0x0000000087200000, 0x0000000087200000, 0x0000000087300000|  0%| F|  |TAMS 0x0000000087200000, 0x0000000087200000| Untracked 
| 115|0x0000000087300000, 0x0000000087300000, 0x0000000087400000|  0%| F|  |TAMS 0x0000000087300000, 0x0000000087300000| Untracked 
| 116|0x0000000087400000, 0x0000000087400000, 0x0000000087500000|  0%| F|  |TAMS 0x0000000087400000, 0x0000000087400000| Untracked 
| 117|0x0000000087500000, 0x0000000087500000, 0x0000000087600000|  0%| F|  |TAMS 0x0000000087500000, 0x0000000087500000| Untracked 
| 118|0x0000000087600000, 0x0000000087600000, 0x0000000087700000|  0%| F|  |TAMS 0x0000000087600000, 0x0000000087600000| Untracked 
| 119|0x0000000087700000, 0x0000000087700000, 0x0000000087800000|  0%| F|  |TAMS 0x0000000087700000, 0x0000000087700000| Untracked 
| 120|0x0000000087800000, 0x0000000087800000, 0x0000000087900000|  0%| F|  |TAMS 0x0000000087800000, 0x0000000087800000| Untracked 
| 121|0x0000000087900000, 0x0000000087900000, 0x0000000087a00000|  0%| F|  |TAMS 0x0000000087900000, 0x0000000087900000| Untracked 
| 122|0x0000000087a00000, 0x0000000087a00000, 0x0000000087b00000|  0%| F|  |TAMS 0x0000000087a00000, 0x0000000087a00000| Untracked 
| 123|0x0000000087b00000, 0x0000000087b00000, 0x0000000087c00000|  0%| F|  |TAMS 0x0000000087b00000, 0x0000000087b00000| Untracked 
| 124|0x0000000087c00000, 0x0000000087c00000, 0x0000000087d00000|  0%| F|  |TAMS 0x0000000087c00000, 0x0000000087c00000| Untracked 
| 125|0x0000000087d00000, 0x0000000087d00000, 0x0000000087e00000|  0%| F|  |TAMS 0x0000000087d00000, 0x0000000087d00000| Untracked 
| 126|0x0000000087e00000, 0x0000000087e00000, 0x0000000087f00000|  0%| F|  |TAMS 0x0000000087e00000, 0x0000000087e00000| Untracked 
| 127|0x0000000087f00000, 0x0000000087f00000, 0x0000000088000000|  0%| F|  |TAMS 0x0000000087f00000, 0x0000000087f00000| Untracked 
| 128|0x0000000088000000, 0x0000000088000000, 0x0000000088100000|  0%| F|  |TAMS 0x0000000088000000, 0x0000000088000000| Untracked 
| 129|0x0000000088100000, 0x0000000088100000, 0x0000000088200000|  0%| F|  |TAMS 0x0000000088100000, 0x0000000088100000| Untracked 
| 130|0x0000000088200000, 0x0000000088200000, 0x0000000088300000|  0%| F|  |TAMS 0x0000000088200000, 0x0000000088200000| Untracked 
| 131|0x0000000088300000, 0x0000000088300000, 0x0000000088400000|  0%| F|  |TAMS 0x0000000088300000, 0x0000000088300000| Untracked 
| 132|0x0000000088400000, 0x0000000088400000, 0x0000000088500000|  0%| F|  |TAMS 0x0000000088400000, 0x0000000088400000| Untracked 
| 133|0x0000000088500000, 0x0000000088500000, 0x0000000088600000|  0%| F|  |TAMS 0x0000000088500000, 0x0000000088500000| Untracked 
| 134|0x0000000088600000, 0x0000000088600000, 0x0000000088700000|  0%| F|  |TAMS 0x0000000088600000, 0x0000000088600000| Untracked 
| 135|0x0000000088700000, 0x0000000088700000, 0x0000000088800000|  0%| F|  |TAMS 0x0000000088700000, 0x0000000088700000| Untracked 
| 136|0x0000000088800000, 0x0000000088800000, 0x0000000088900000|  0%| F|  |TAMS 0x0000000088800000, 0x0000000088800000| Untracked 
| 137|0x0000000088900000, 0x0000000088900000, 0x0000000088a00000|  0%| F|  |TAMS 0x0000000088900000, 0x0000000088900000| Untracked 
| 138|0x0000000088a00000, 0x0000000088a00000, 0x0000000088b00000|  0%| F|  |TAMS 0x0000000088a00000, 0x0000000088a00000| Untracked 
| 139|0x0000000088b00000, 0x0000000088b00000, 0x0000000088c00000|  0%| F|  |TAMS 0x0000000088b00000, 0x0000000088b00000| Untracked 
| 140|0x0000000088c00000, 0x0000000088c00000, 0x0000000088d00000|  0%| F|  |TAMS 0x0000000088c00000, 0x0000000088c00000| Untracked 
| 141|0x0000000088d00000, 0x0000000088d00000, 0x0000000088e00000|  0%| F|  |TAMS 0x0000000088d00000, 0x0000000088d00000| Untracked 
| 142|0x0000000088e00000, 0x0000000088e00000, 0x0000000088f00000|  0%| F|  |TAMS 0x0000000088e00000, 0x0000000088e00000| Untracked 
| 143|0x0000000088f00000, 0x0000000088f00000, 0x0000000089000000|  0%| F|  |TAMS 0x0000000088f00000, 0x0000000088f00000| Untracked 
| 144|0x0000000089000000, 0x0000000089000000, 0x0000000089100000|  0%| F|  |TAMS 0x0000000089000000, 0x0000000089000000| Untracked 
| 145|0x0000000089100000, 0x0000000089100000, 0x0000000089200000|  0%| F|  |TAMS 0x0000000089100000, 0x0000000089100000| Untracked 
| 146|0x0000000089200000, 0x0000000089200000, 0x0000000089300000|  0%| F|  |TAMS 0x0000000089200000, 0x0000000089200000| Untracked 
| 147|0x0000000089300000, 0x0000000089300000, 0x0000000089400000|  0%| F|  |TAMS 0x0000000089300000, 0x0000000089300000| Untracked 
| 148|0x0000000089400000, 0x0000000089400000, 0x0000000089500000|  0%| F|  |TAMS 0x0000000089400000, 0x0000000089400000| Untracked 

Card table byte_map: [0x00000163f4fa0000,0x00000163f53a0000] _byte_map_base: 0x00000163f4ba0000

Marking Bits (Prev, Next): (CMBitMap*) 0x00000163f10beac0, (CMBitMap*) 0x00000163f10bea88
 Prev Bits: [0x00000163f77a0000, 0x00000163f97a0000)
 Next Bits: [0x00000163f57a0000, 0x00000163f77a0000)

Polling page: 0x00000163ef020000

Metaspace:

Usage:
  Non-class:     55.57 MB capacity,    54.61 MB ( 98%) used,   816.37 KB (  1%) free+waste,   161.13 KB ( <1%) overhead. 
      Class:      8.35 MB capacity,     7.82 MB ( 94%) used,   466.52 KB (  5%) free+waste,    75.38 KB ( <1%) overhead. 
       Both:     63.92 MB capacity,    62.43 MB ( 98%) used,     1.25 MB (  2%) free+waste,   236.50 KB ( <1%) overhead. 

Virtual space:
  Non-class space:       56.00 MB reserved,      55.59 MB (>99%) committed 
      Class space:        1.00 GB reserved,       8.45 MB ( <1%) committed 
             Both:        1.05 GB reserved,      64.04 MB (  6%) committed 

Chunk freelists:
   Non-Class:  18.00 KB
       Class:  28.00 KB
        Both:  46.00 KB

MaxMetaspaceSize: 17179869184.00 GB
CompressedClassSpaceSize: 1.00 GB
Initial GC threshold: 20.80 MB
Current GC threshold: 99.02 MB
CDS: off

CodeHeap 'non-profiled nmethods': size=120064Kb used=3820Kb max_used=3820Kb free=116243Kb
 bounds [0x0000016387ac0000, 0x0000016387e80000, 0x000001638f000000]
CodeHeap 'profiled nmethods': size=120000Kb used=13605Kb max_used=13605Kb free=106394Kb
 bounds [0x0000016380590000, 0x00000163812e0000, 0x0000016387ac0000]
CodeHeap 'non-nmethods': size=5696Kb used=2334Kb max_used=2380Kb free=3361Kb
 bounds [0x0000016380000000, 0x0000016380270000, 0x0000016380590000]
 total_blobs=7224 nmethods=6379 adapters=757
 compilation: enabled
              stopped_count=0, restarted_count=0
 full_count=0

Compilation events (20 events):
Event: 16.638 Thread 0x00000163fbca4800 nmethod 6382 0x00000163812d3490 code [0x00000163812d3640, 0x00000163812d3768]
Event: 16.638 Thread 0x00000163fbca4800 6383       3       com.android.build.gradle.internal.dsl.decorator.DslDecorator$findAbstractProperties$1$2::invoke (9 bytes)
Event: 16.639 Thread 0x00000163fbca4800 nmethod 6383 0x00000163812d3810 code [0x00000163812d3a80, 0x00000163812d4408]
Event: 16.639 Thread 0x00000163fbca4800 6384       3       com.android.build.gradle.internal.dsl.decorator.DslDecorator$findAbstractProperties$1$2::invoke (11 bytes)
Event: 16.640 Thread 0x00000163fbca4800 nmethod 6384 0x00000163812d4790 code [0x00000163812d49e0, 0x00000163812d5208]
Event: 16.641 Thread 0x00000163fbca4800 6385       3       java.util.LinkedHashMap::entrySet (27 bytes)
Event: 16.642 Thread 0x00000163fbca4800 nmethod 6385 0x00000163812d5510 code [0x00000163812d56e0, 0x00000163812d5ab8]
Event: 16.642 Thread 0x00000163fbca4800 6386       3       org.objectweb.asm.SymbolTable::addConstantNameAndType (137 bytes)
Event: 16.642 Thread 0x00000163fe7b6000 6388       4       org.objectweb.asm.Type::equals (147 bytes)
Event: 16.643 Thread 0x00000163fbca4800 nmethod 6386 0x00000163812d5c10 code [0x00000163812d5e80, 0x00000163812d6628]
Event: 16.643 Thread 0x00000163fbca4800 6387       1       kotlin.reflect.jvm.internal.pcollections.ConsPStack::size (5 bytes)
Event: 16.643 Thread 0x00000163fbca4800 nmethod 6387 0x0000016387e7a710 code [0x0000016387e7a8c0, 0x0000016387e7a978]
Event: 16.643 Thread 0x00000163fbca4800 6389       3       org.objectweb.asm.commons.GeneratorAdapter::checkCast (19 bytes)
Event: 16.643 Thread 0x00000163fbca4800 nmethod 6389 0x00000163812d6a90 code [0x00000163812d6c80, 0x00000163812d7008]
Event: 16.644 Thread 0x00000163fbca4800 6390       3       org.objectweb.asm.commons.GeneratorAdapter::loadArg (16 bytes)
Event: 16.644 Thread 0x00000163fbca4800 nmethod 6390 0x00000163812d7210 code [0x00000163812d7400, 0x00000163812d76e8]
Event: 16.646 Thread 0x00000163fbca4800 6392       3       org.gradle.internal.reflect.PropertyAccessorType::of (95 bytes)
Event: 16.647 Thread 0x00000163fe7b6000 nmethod 6388 0x0000016387e7aa10 code [0x0000016387e7abe0, 0x0000016387e7aef8]
Event: 16.647 Thread 0x00000163fe7b6000 6391       4       java.util.HashSet::<init> (16 bytes)
Event: 16.647 Thread 0x00000163fbca4800 nmethod 6392 0x00000163812d7890 code [0x00000163812d7bc0, 0x00000163812d90d8]

GC Heap History (20 events):
Event: 3.626 GC heap after
{Heap after GC invocations=3 (full 0):
 garbage-first heap   total 126976K, used 10041K [0x0000000080000000, 0x0000000100000000)
  region size 1024K, 3 young (3072K), 3 survivors (3072K)
 Metaspace       used 11286K, capacity 11572K, committed 11776K, reserved 1060864K
  class space    used 1156K, capacity 1244K, committed 1280K, reserved 1048576K
}
Event: 5.233 GC heap before
{Heap before GC invocations=3 (full 0):
 garbage-first heap   total 126976K, used 46905K [0x0000000080000000, 0x0000000100000000)
  region size 1024K, 39 young (39936K), 3 survivors (3072K)
 Metaspace       used 15176K, capacity 15522K, committed 15744K, reserved 1062912K
  class space    used 1706K, capacity 1796K, committed 1920K, reserved 1048576K
}
Event: 5.242 GC heap after
{Heap after GC invocations=4 (full 0):
 garbage-first heap   total 126976K, used 15774K [0x0000000080000000, 0x0000000100000000)
  region size 1024K, 5 young (5120K), 5 survivors (5120K)
 Metaspace       used 15176K, capacity 15522K, committed 15744K, reserved 1062912K
  class space    used 1706K, capacity 1796K, committed 1920K, reserved 1048576K
}
Event: 6.920 GC heap before
{Heap before GC invocations=4 (full 0):
 garbage-first heap   total 126976K, used 56734K [0x0000000080000000, 0x0000000100000000)
  region size 1024K, 46 young (47104K), 5 survivors (5120K)
 Metaspace       used 20825K, capacity 21238K, committed 21296K, reserved 1069056K
  class space    used 2523K, capacity 2682K, committed 2688K, reserved 1048576K
}
Event: 6.932 GC heap after
{Heap after GC invocations=5 (full 0):
 garbage-first heap   total 126976K, used 17585K [0x0000000080000000, 0x0000000100000000)
  region size 1024K, 2 young (2048K), 2 survivors (2048K)
 Metaspace       used 20825K, capacity 21238K, committed 21296K, reserved 1069056K
  class space    used 2523K, capacity 2682K, committed 2688K, reserved 1048576K
}
Event: 8.147 GC heap before
{Heap before GC invocations=6 (full 0):
 garbage-first heap   total 126976K, used 68785K [0x0000000080000000, 0x0000000100000000)
  region size 1024K, 52 young (53248K), 2 survivors (2048K)
 Metaspace       used 26231K, capacity 26952K, committed 27260K, reserved 1073152K
  class space    used 3399K, capacity 3661K, committed 3788K, reserved 1048576K
}
Event: 8.154 GC heap after
{Heap after GC invocations=7 (full 0):
 garbage-first heap   total 126976K, used 19517K [0x0000000080000000, 0x0000000100000000)
  region size 1024K, 4 young (4096K), 4 survivors (4096K)
 Metaspace       used 26231K, capacity 26952K, committed 27260K, reserved 1073152K
  class space    used 3399K, capacity 3661K, committed 3788K, reserved 1048576K
}
Event: 8.983 GC heap before
{Heap before GC invocations=7 (full 0):
 garbage-first heap   total 126976K, used 76861K [0x0000000080000000, 0x0000000100000000)
  region size 1024K, 60 young (61440K), 4 survivors (4096K)
 Metaspace       used 32031K, capacity 32768K, committed 32892K, reserved 1077248K
  class space    used 4231K, capacity 4496K, committed 4556K, reserved 1048576K
}
Event: 8.995 GC heap after
{Heap after GC invocations=8 (full 0):
 garbage-first heap   total 126976K, used 21539K [0x0000000080000000, 0x0000000100000000)
  region size 1024K, 6 young (6144K), 6 survivors (6144K)
 Metaspace       used 32031K, capacity 32768K, committed 32892K, reserved 1077248K
  class space    used 4231K, capacity 4496K, committed 4556K, reserved 1048576K
}
Event: 9.240 GC heap before
{Heap before GC invocations=8 (full 0):
 garbage-first heap   total 126976K, used 28707K [0x0000000080000000, 0x0000000100000000)
  region size 1024K, 14 young (14336K), 6 survivors (6144K)
 Metaspace       used 35146K, capacity 35884K, committed 35964K, reserved 1081344K
  class space    used 4507K, capacity 4790K, committed 4812K, reserved 1048576K
}
Event: 9.250 GC heap after
{Heap after GC invocations=9 (full 0):
 garbage-first heap   total 152576K, used 23438K [0x0000000080000000, 0x0000000100000000)
  region size 1024K, 6 young (6144K), 6 survivors (6144K)
 Metaspace       used 35146K, capacity 35884K, committed 35964K, reserved 1081344K
  class space    used 4507K, capacity 4790K, committed 4812K, reserved 1048576K
}
Event: 10.446 GC heap before
{Heap before GC invocations=10 (full 0):
 garbage-first heap   total 152576K, used 88974K [0x0000000080000000, 0x0000000100000000)
  region size 1024K, 68 young (69632K), 6 survivors (6144K)
 Metaspace       used 39911K, capacity 40791K, committed 40956K, reserved 1085440K
  class space    used 5044K, capacity 5375K, committed 5452K, reserved 1048576K
}
Event: 10.463 GC heap after
{Heap after GC invocations=11 (full 0):
 garbage-first heap   total 152576K, used 28039K [0x0000000080000000, 0x0000000100000000)
  region size 1024K, 9 young (9216K), 9 survivors (9216K)
 Metaspace       used 39911K, capacity 40791K, committed 40956K, reserved 1085440K
  class space    used 5044K, capacity 5375K, committed 5452K, reserved 1048576K
}
Event: 11.914 GC heap before
{Heap before GC invocations=11 (full 0):
 garbage-first heap   total 152576K, used 96647K [0x0000000080000000, 0x0000000100000000)
  region size 1024K, 76 young (77824K), 9 survivors (9216K)
 Metaspace       used 45970K, capacity 47053K, committed 47228K, reserved 1089536K
  class space    used 5823K, capacity 6219K, committed 6348K, reserved 1048576K
}
Event: 11.929 GC heap after
{Heap after GC invocations=12 (full 0):
 garbage-first heap   total 152576K, used 29934K [0x0000000080000000, 0x0000000100000000)
  region size 1024K, 7 young (7168K), 7 survivors (7168K)
 Metaspace       used 45970K, capacity 47053K, committed 47228K, reserved 1089536K
  class space    used 5823K, capacity 6219K, committed 6348K, reserved 1048576K
}
Event: 13.693 GC heap before
{Heap before GC invocations=12 (full 0):
 garbage-first heap   total 152576K, used 111854K [0x0000000080000000, 0x0000000100000000)
  region size 1024K, 83 young (84992K), 7 survivors (7168K)
 Metaspace       used 50190K, capacity 51484K, committed 51580K, reserved 1093632K
  class space    used 6313K, capacity 6785K, committed 6860K, reserved 1048576K
}
Event: 13.709 GC heap after
{Heap after GC invocations=13 (full 0):
 garbage-first heap   total 152576K, used 43152K [0x0000000080000000, 0x0000000100000000)
  region size 1024K, 11 young (11264K), 11 survivors (11264K)
 Metaspace       used 50190K, capacity 51484K, committed 51580K, reserved 1093632K
  class space    used 6313K, capacity 6785K, committed 6860K, reserved 1048576K
}
Event: 14.932 GC heap before
{Heap before GC invocations=13 (full 0):
 garbage-first heap   total 152576K, used 104592K [0x0000000080000000, 0x0000000100000000)
  region size 1024K, 72 young (73728K), 11 survivors (11264K)
 Metaspace       used 58956K, capacity 60425K, committed 60580K, reserved 1101824K
  class space    used 7414K, capacity 7928K, committed 8012K, reserved 1048576K
}
Event: 14.957 GC heap after
{Heap after GC invocations=14 (full 0):
 garbage-first heap   total 152576K, used 46074K [0x0000000080000000, 0x0000000100000000)
  region size 1024K, 3 young (3072K), 3 survivors (3072K)
 Metaspace       used 58956K, capacity 60425K, committed 60580K, reserved 1101824K
  class space    used 7414K, capacity 7928K, committed 8012K, reserved 1048576K
}
Event: 16.649 GC heap before
{Heap before GC invocations=15 (full 0):
 garbage-first heap   total 152576K, used 116730K [0x0000000080000000, 0x0000000100000000)
  region size 1024K, 66 young (67584K), 3 survivors (3072K)
 Metaspace       used 63930K, capacity 65450K, committed 65572K, reserved 1105920K
  class space    used 8006K, capacity 8548K, committed 8652K, reserved 1048576K
}

Deoptimization events (20 events):
Event: 15.614 Thread 0x00000163fd1e3000 DEOPT PACKING pc=0x00000163811d0d34 sp=0x0000004f636f2f70
Event: 15.614 Thread 0x00000163fd1e3000 DEOPT UNPACKING pc=0x000001638004a95e sp=0x0000004f636f2430 mode 0
Event: 15.655 Thread 0x00000163fd1e3000 DEOPT PACKING pc=0x00000163811cfcb9 sp=0x0000004f636f2f60
Event: 15.655 Thread 0x00000163fd1e3000 DEOPT UNPACKING pc=0x000001638004a95e sp=0x0000004f636f2428 mode 0
Event: 15.657 Thread 0x00000163fd1e3000 DEOPT PACKING pc=0x00000163811cfcb9 sp=0x0000004f636f2fe0
Event: 15.657 Thread 0x00000163fd1e3000 DEOPT UNPACKING pc=0x000001638004a95e sp=0x0000004f636f24a8 mode 0
Event: 15.660 Thread 0x00000163fd1e3000 DEOPT PACKING pc=0x00000163811cfcb9 sp=0x0000004f636f2fe0
Event: 15.660 Thread 0x00000163fd1e3000 DEOPT UNPACKING pc=0x000001638004a95e sp=0x0000004f636f24a8 mode 0
Event: 15.662 Thread 0x00000163fd1e3000 DEOPT PACKING pc=0x00000163811cfcb9 sp=0x0000004f636f2fe0
Event: 15.662 Thread 0x00000163fd1e3000 DEOPT UNPACKING pc=0x000001638004a95e sp=0x0000004f636f24a8 mode 0
Event: 15.664 Thread 0x00000163fd1e3000 DEOPT PACKING pc=0x00000163811cfcb9 sp=0x0000004f636f2fe0
Event: 15.664 Thread 0x00000163fd1e3000 DEOPT UNPACKING pc=0x000001638004a95e sp=0x0000004f636f24a8 mode 0
Event: 15.680 Thread 0x00000163fd1e3000 Uncommon trap: trap_request=0xffffff4d fr.pc=0x0000016387de31bc relative=0x000000000000009c
Event: 15.680 Thread 0x00000163fd1e3000 Uncommon trap: reason=unstable_if action=reinterpret pc=0x0000016387de31bc method=java.security.CodeSource.matchCerts(Ljava/security/CodeSource;Z)Z @ 11 c2
Event: 15.680 Thread 0x00000163fd1e3000 DEOPT PACKING pc=0x0000016387de31bc sp=0x0000004f636f06f0
Event: 15.680 Thread 0x00000163fd1e3000 DEOPT UNPACKING pc=0x000001638004a1af sp=0x0000004f636f0688 mode 2
Event: 16.646 Thread 0x00000163fd1e3000 Uncommon trap: trap_request=0xffffff4d fr.pc=0x0000016387ce0f9c relative=0x000000000000033c
Event: 16.646 Thread 0x00000163fd1e3000 Uncommon trap: reason=unstable_if action=reinterpret pc=0x0000016387ce0f9c method=org.gradle.internal.reflect.PropertyAccessorType.of(Ljava/lang/reflect/Method;)Lorg/gradle/internal/reflect/PropertyAccessorType; @ 56 c2
Event: 16.646 Thread 0x00000163fd1e3000 DEOPT PACKING pc=0x0000016387ce0f9c sp=0x0000004f636f7260
Event: 16.646 Thread 0x00000163fd1e3000 DEOPT UNPACKING pc=0x000001638004a1af sp=0x0000004f636f7220 mode 2

Classes redefined (0 events):
No events

Internal exceptions (20 events):
Event: 14.018 Thread 0x00000163fd1e3000 Exception <a 'java/lang/NoSuchMethodError'{0x00000000885cc9e8}: 'java.lang.Object java.lang.invoke.DirectMethodHandle$Holder.invokeSpecial(java.lang.Object, java.lang.Object, int, int, java.lang.Object, java.lang.Object, java.lang.Object)'> (0x00000000885cc9e8) thrown at [./src/hotspot/share/interpreter/linkResolver.cpp, line 773]
Event: 14.018 Thread 0x00000163fd1e3000 Exception <a 'java/lang/NoSuchMethodError'{0x00000000885d0f68}: 'java.lang.Object java.lang.invoke.DelegatingMethodHandle$Holder.reinvoke_L(java.lang.Object, int, int, java.lang.Object, java.lang.Object, java.lang.Object)'> (0x00000000885d0f68) thrown at [./src/hotspot/share/interpreter/linkResolver.cpp, line 773]
Event: 14.266 Thread 0x00000163fd1e3000 Exception <a 'java/lang/NoSuchMethodError'{0x00000000878f2408}: 'int java.lang.invoke.DirectMethodHandle$Holder.invokeInterface(java.lang.Object, java.lang.Object, java.lang.Object, java.lang.Object)'> (0x00000000878f2408) thrown at [./src/hotspot/share/interpreter/linkResolver.cpp, line 773]
Event: 14.788 Thread 0x00000163fd1e3000 Exception <a 'java/lang/IncompatibleClassChangeError'{0x0000000085e68a68}: Found class java.lang.Object, but interface was expected> (0x0000000085e68a68) thrown at [./src/hotspot/share/interpreter/linkResolver.cpp, line 839]
Event: 14.863 Thread 0x00000163fd1e3000 Implicit null exception at 0x0000016387d8b3d4 to 0x0000016387d8b5c4
Event: 15.302 Thread 0x00000163fd1e3000 Implicit null exception at 0x0000016387d8bfab to 0x0000016387d8c288
Event: 15.414 Thread 0x00000163fd1e3000 Implicit null exception at 0x0000016387c4452c to 0x0000016387c446da
Event: 15.771 Thread 0x00000163fd1e3000 Exception <a 'sun/nio/fs/WindowsException'{0x0000000087a0ee98}> (0x0000000087a0ee98) thrown at [./src/hotspot/share/prims/jni.cpp, line 616]
Event: 16.427 Thread 0x00000163fd1e3000 Exception <a 'java/lang/ClassNotFoundException'{0x00000000860b1998}: org/gradle/api/internal/project/DefaultProject_DecoratedBeanInfo> (0x00000000860b1998) thrown at [./src/hotspot/share/classfile/systemDictionary.cpp, line 231]
Event: 16.428 Thread 0x00000163fd1e3000 Exception <a 'java/lang/ClassNotFoundException'{0x00000000860e2aa0}: org/gradle/api/internal/project/DefaultProjectBeanInfo> (0x00000000860e2aa0) thrown at [./src/hotspot/share/classfile/systemDictionary.cpp, line 231]
Event: 16.430 Thread 0x00000163fd1e3000 Exception <a 'java/lang/ClassNotFoundException'{0x0000000085f141d0}: org/gradle/api/internal/project/DefaultProjectCustomizer> (0x0000000085f141d0) thrown at [./src/hotspot/share/classfile/systemDictionary.cpp, line 231]
Event: 16.435 Thread 0x00000163fd1e3000 Exception <a 'java/lang/ClassNotFoundException'{0x0000000085fdb6a0}: org/gradle/api/internal/project/DefaultProject_DecoratedCustomizer> (0x0000000085fdb6a0) thrown at [./src/hotspot/share/classfile/systemDictionary.cpp, line 231]
Event: 16.448 Thread 0x00000163fd1e3000 Exception <a 'java/lang/ClassNotFoundException'{0x0000000085ed6ce8}: org/gradle/api/plugins/internal/DefaultBasePluginConventionBeanInfo> (0x0000000085ed6ce8) thrown at [./src/hotspot/share/classfile/systemDictionary.cpp, line 231]
Event: 16.449 Thread 0x00000163fd1e3000 Exception <a 'java/lang/ClassNotFoundException'{0x0000000085d12dd0}: org/gradle/api/plugins/BasePluginConventionBeanInfo> (0x0000000085d12dd0) thrown at [./src/hotspot/share/classfile/systemDictionary.cpp, line 231]
Event: 16.450 Thread 0x00000163fd1e3000 Exception <a 'java/lang/ClassNotFoundException'{0x0000000085d4ebd8}: org/gradle/api/plugins/BasePluginConventionCustomizer> (0x0000000085d4ebd8) thrown at [./src/hotspot/share/classfile/systemDictionary.cpp, line 231]
Event: 16.452 Thread 0x00000163fd1e3000 Exception <a 'java/lang/ClassNotFoundException'{0x0000000085d9c198}: org/gradle/api/plugins/internal/DefaultBasePluginConventionCustomizer> (0x0000000085d9c198) thrown at [./src/hotspot/share/classfile/systemDictionary.cpp, line 231]
Event: 16.458 Thread 0x00000163fd1e3000 Exception <a 'java/lang/ClassNotFoundException'{0x0000000085c1c728}: org/gradle/api/plugins/internal/DefaultJavaPluginConventionBeanInfo> (0x0000000085c1c728) thrown at [./src/hotspot/share/classfile/systemDictionary.cpp, line 231]
Event: 16.460 Thread 0x00000163fd1e3000 Exception <a 'java/lang/ClassNotFoundException'{0x0000000085c58318}: org/gradle/api/plugins/JavaPluginConventionBeanInfo> (0x0000000085c58318) thrown at [./src/hotspot/share/classfile/systemDictionary.cpp, line 231]
Event: 16.461 Thread 0x00000163fd1e3000 Exception <a 'java/lang/ClassNotFoundException'{0x0000000085c94380}: org/gradle/api/plugins/JavaPluginConventionCustomizer> (0x0000000085c94380) thrown at [./src/hotspot/share/classfile/systemDictionary.cpp, line 231]
Event: 16.463 Thread 0x00000163fd1e3000 Exception <a 'java/lang/ClassNotFoundException'{0x0000000085ceb340}: org/gradle/api/plugins/internal/DefaultJavaPluginConventionCustomizer> (0x0000000085ceb340) thrown at [./src/hotspot/share/classfile/systemDictionary.cpp, line 231]

Events (20 events):
Event: 16.630 loading class com/android/builder/signing/DefaultSigningConfig$Companion done
Event: 16.633 loading class com/android/build/gradle/internal/dsl/BuildType$AgpDecorated
Event: 16.633 loading class com/android/build/gradle/internal/dsl/BuildType$AgpDecorated done
Event: 16.635 loading class com/android/build/gradle/internal/dsl/PostProcessingBlock
Event: 16.635 loading class com/android/build/gradle/internal/dsl/PostProcessingBlock done
Event: 16.635 loading class com/android/build/gradle/internal/ProguardFilesProvider
Event: 16.635 loading class com/android/build/gradle/internal/ProguardFilesProvider done
Event: 16.636 loading class com/android/build/api/dsl/PostProcessing
Event: 16.636 loading class com/android/build/api/dsl/PostProcessing done
Event: 16.636 loading class com/android/build/gradle/internal/dsl/BuildType$PostProcessingConfiguration
Event: 16.636 loading class com/android/build/gradle/internal/dsl/BuildType$PostProcessingConfiguration done
Event: 16.638 loading class sun/reflect/annotation/AnnotationInvocationHandler$1
Event: 16.640 loading class sun/reflect/annotation/AnnotationInvocationHandler$1 done
Event: 16.640 loading class kotlin/collections/ArrayAsCollection
Event: 16.640 loading class kotlin/collections/ArrayAsCollection done
Event: 16.648 loading class com/android/build/gradle/internal/dsl/BuildType$Companion
Event: 16.648 loading class com/android/build/gradle/internal/dsl/BuildType$Companion done
Event: 16.649 loading class com/android/builder/core/AbstractBuildType$Companion
Event: 16.649 loading class com/android/builder/core/AbstractBuildType$Companion done
Event: 16.649 Executing VM operation: G1CollectForAllocation


Dynamic libraries:
0x00007ff7b1150000 - 0x00007ff7b115a000 	C:\Program Files\Android\Android Studio2\jre\bin\java.exe
0x00007ff8a41f0000 - 0x00007ff8a43e8000 	C:\WINDOWS\SYSTEM32\ntdll.dll
0x00007ff8a3700000 - 0x00007ff8a37bf000 	C:\WINDOWS\System32\KERNEL32.DLL
0x00007ff8a1a90000 - 0x00007ff8a1d6a000 	C:\WINDOWS\System32\KERNELBASE.dll
0x00007ff8a1e80000 - 0x00007ff8a1f80000 	C:\WINDOWS\System32\ucrtbase.dll
0x00007ff89cd40000 - 0x00007ff89cd57000 	C:\Program Files\Android\Android Studio2\jre\bin\VCRUNTIME140.dll
0x00007ff89ab50000 - 0x00007ff89ab69000 	C:\Program Files\Android\Android Studio2\jre\bin\jli.dll
0x00007ff8a2a80000 - 0x00007ff8a2c1d000 	C:\WINDOWS\System32\USER32.dll
0x00007ff8a1a10000 - 0x00007ff8a1a32000 	C:\WINDOWS\System32\win32u.dll
0x00007ff88df30000 - 0x00007ff88e1ca000 	C:\WINDOWS\WinSxS\amd64_microsoft.windows.common-controls_6595b64144ccf1df_6.0.19041.1110_none_60b5254171f9507e\COMCTL32.dll
0x00007ff8a2380000 - 0x00007ff8a23ab000 	C:\WINDOWS\System32\GDI32.dll
0x00007ff8a2220000 - 0x00007ff8a22be000 	C:\WINDOWS\System32\msvcrt.dll
0x00007ff8a1d70000 - 0x00007ff8a1e80000 	C:\WINDOWS\System32\gdi32full.dll
0x00007ff8a1970000 - 0x00007ff8a1a0d000 	C:\WINDOWS\System32\msvcp_win.dll
0x00007ff8a2330000 - 0x00007ff8a2360000 	C:\WINDOWS\System32\IMM32.DLL
0x00007ff8856b0000 - 0x00007ff88574d000 	C:\Program Files\Android\Android Studio2\jre\bin\msvcp140.dll
0x00007ff8642f0000 - 0x00007ff864df2000 	C:\Program Files\Android\Android Studio2\jre\bin\server\jvm.dll
0x00007ff8a2750000 - 0x00007ff8a27fe000 	C:\WINDOWS\System32\ADVAPI32.dll
0x00007ff8a2560000 - 0x00007ff8a25fc000 	C:\WINDOWS\System32\sechost.dll
0x00007ff8a2620000 - 0x00007ff8a2746000 	C:\WINDOWS\System32\RPCRT4.dll
0x00007ff8a2a70000 - 0x00007ff8a2a78000 	C:\WINDOWS\System32\PSAPI.DLL
0x00007ff88cd20000 - 0x00007ff88cd29000 	C:\WINDOWS\SYSTEM32\WSOCK32.dll
0x00007ff8a22c0000 - 0x00007ff8a232b000 	C:\WINDOWS\System32\WS2_32.dll
0x00007ff88b170000 - 0x00007ff88b197000 	C:\WINDOWS\SYSTEM32\WINMM.dll
0x00007ff89edf0000 - 0x00007ff89edfa000 	C:\WINDOWS\SYSTEM32\VERSION.dll
0x00007ff8a0120000 - 0x00007ff8a0132000 	C:\WINDOWS\SYSTEM32\kernel.appcore.dll
0x00007ff899590000 - 0x00007ff8995a1000 	C:\Program Files\Android\Android Studio2\jre\bin\verify.dll
0x00007ff89f680000 - 0x00007ff89f864000 	C:\WINDOWS\SYSTEM32\DBGHELP.DLL
0x00007ff88aee0000 - 0x00007ff88af14000 	C:\WINDOWS\SYSTEM32\dbgcore.DLL
0x00007ff8a1f80000 - 0x00007ff8a2002000 	C:\WINDOWS\System32\bcryptPrimitives.dll
0x00007ff899560000 - 0x00007ff899589000 	C:\Program Files\Android\Android Studio2\jre\bin\java.dll
0x00007ff899a90000 - 0x00007ff899a9b000 	C:\Program Files\Android\Android Studio2\jre\bin\jimage.dll
0x00007ff899540000 - 0x00007ff899558000 	C:\Program Files\Android\Android Studio2\jre\bin\zip.dll
0x00007ff8a37c0000 - 0x00007ff8a3f04000 	C:\WINDOWS\System32\SHELL32.dll
0x00007ff89f970000 - 0x00007ff8a0103000 	C:\WINDOWS\SYSTEM32\windows.storage.dll
0x00007ff8a32f0000 - 0x00007ff8a3644000 	C:\WINDOWS\System32\combase.dll
0x00007ff8a1250000 - 0x00007ff8a127e000 	C:\WINDOWS\SYSTEM32\Wldp.dll
0x00007ff8a2c20000 - 0x00007ff8a2ccd000 	C:\WINDOWS\System32\SHCORE.dll
0x00007ff8a3f10000 - 0x00007ff8a3f65000 	C:\WINDOWS\System32\shlwapi.dll
0x00007ff8a1810000 - 0x00007ff8a182f000 	C:\WINDOWS\SYSTEM32\profapi.dll
0x00007ff891270000 - 0x00007ff89128a000 	C:\Program Files\Android\Android Studio2\jre\bin\net.dll
0x00007ff891c50000 - 0x00007ff891d5a000 	C:\WINDOWS\SYSTEM32\WINHTTP.dll
0x00007ff8a0fb0000 - 0x00007ff8a101a000 	C:\WINDOWS\system32\mswsock.dll
0x00007ff891180000 - 0x00007ff891194000 	C:\Program Files\Android\Android Studio2\jre\bin\nio.dll
0x00007ff891340000 - 0x00007ff891367000 	C:\Users\DELL LATITUDE 5580\.gradle\native\e1d6ef7f7dcc3fd88c89a11ec53ec762bb8ba0a96d01ffa2cd45eb1d1d8dd5c5\windows-amd64\native-platform.dll
0x00007ff86f9f0000 - 0x00007ff86fb34000 	C:\Users\DELL LATITUDE 5580\.gradle\native\0d407fdbe67a94daf76414ababcb853783967236a71b16ec16e742cd7a986fd3\windows-amd64\native-platform-file-events.dll
0x00007ff899500000 - 0x00007ff89950a000 	C:\Program Files\Android\Android Studio2\jre\bin\management.dll
0x00007ff896bf0000 - 0x00007ff896bfd000 	C:\Program Files\Android\Android Studio2\jre\bin\management_ext.dll
0x00007ff8a11a0000 - 0x00007ff8a11b8000 	C:\WINDOWS\SYSTEM32\CRYPTSP.dll
0x00007ff8a08d0000 - 0x00007ff8a0904000 	C:\WINDOWS\system32\rsaenh.dll
0x00007ff8a1940000 - 0x00007ff8a1967000 	C:\WINDOWS\System32\bcrypt.dll
0x00007ff8a1780000 - 0x00007ff8a17ae000 	C:\WINDOWS\SYSTEM32\USERENV.dll
0x00007ff8a11c0000 - 0x00007ff8a11cc000 	C:\WINDOWS\SYSTEM32\CRYPTBASE.dll
0x00007ff8a0ca0000 - 0x00007ff8a0cdc000 	C:\WINDOWS\SYSTEM32\IPHLPAPI.DLL
0x00007ff8a2610000 - 0x00007ff8a2618000 	C:\WINDOWS\System32\NSI.dll
0x00007ff895780000 - 0x00007ff895797000 	C:\WINDOWS\SYSTEM32\dhcpcsvc6.DLL
0x00007ff895700000 - 0x00007ff89571d000 	C:\WINDOWS\SYSTEM32\dhcpcsvc.DLL
0x00007ff8a0ce0000 - 0x00007ff8a0dab000 	C:\WINDOWS\SYSTEM32\DNSAPI.dll

dbghelp: loaded successfully - version: 4.0.5 - missing functions: none
symbol engine: initialized successfully - sym options: 0x614 - pdb path: .;C:\Program Files\Android\Android Studio2\jre\bin;C:\WINDOWS\SYSTEM32;C:\WINDOWS\WinSxS\amd64_microsoft.windows.common-controls_6595b64144ccf1df_6.0.19041.1110_none_60b5254171f9507e;C:\Program Files\Android\Android Studio2\jre\bin\server;C:\Users\DELL LATITUDE 5580\.gradle\native\e1d6ef7f7dcc3fd88c89a11ec53ec762bb8ba0a96d01ffa2cd45eb1d1d8dd5c5\windows-amd64;C:\Users\DELL LATITUDE 5580\.gradle\native\0d407fdbe67a94daf76414ababcb853783967236a71b16ec16e742cd7a986fd3\windows-amd64

VM Arguments:
jvm_args: --add-opens=java.base/java.util=ALL-UNNAMED --add-opens=java.base/java.lang=ALL-UNNAMED --add-opens=java.base/java.lang.invoke=ALL-UNNAMED --add-opens=java.base/java.util=ALL-UNNAMED --add-opens=java.prefs/java.util.prefs=ALL-UNNAMED --add-opens=java.prefs/java.util.prefs=ALL-UNNAMED --add-opens=java.base/java.nio.charset=ALL-UNNAMED --add-opens=java.base/java.net=ALL-UNNAMED --add-opens=java.base/java.util.concurrent.atomic=ALL-UNNAMED -Xmx2048m -Dfile.encoding=UTF-8 -Duser.country=FR -Duser.language=fr -Duser.variant 
java_command: org.gradle.launcher.daemon.bootstrap.GradleDaemon 7.4
java_class_path (initial): C:\Users\DELL LATITUDE 5580\.gradle\wrapper\dists\gradle-7.4-bin\c0gwcg53nkjbqw7r0h0umtfvt\gradle-7.4\lib\gradle-launcher-7.4.jar
Launcher Type: SUN_STANDARD

[Global flags]
     intx CICompilerCount                          = 3                                         {product} {ergonomic}
     uint ConcGCThreads                            = 1                                         {product} {ergonomic}
     uint G1ConcRefinementThreads                  = 4                                         {product} {ergonomic}
   size_t G1HeapRegionSize                         = 1048576                                   {product} {ergonomic}
    uintx GCDrainStackTargetSize                   = 64                                        {product} {ergonomic}
   size_t InitialHeapSize                          = 130023424                                 {product} {ergonomic}
   size_t MarkStackSize                            = 4194304                                   {product} {ergonomic}
   size_t MaxHeapSize                              = 2147483648                                {product} {command line}
   size_t MaxNewSize                               = 1287651328                                {product} {ergonomic}
   size_t MinHeapDeltaBytes                        = 1048576                                   {product} {ergonomic}
    uintx NonNMethodCodeHeapSize                   = 5830732                                {pd product} {ergonomic}
    uintx NonProfiledCodeHeapSize                  = 122913754                              {pd product} {ergonomic}
    uintx ProfiledCodeHeapSize                     = 122913754                              {pd product} {ergonomic}
    uintx ReservedCodeCacheSize                    = 251658240                              {pd product} {ergonomic}
     bool SegmentedCodeCache                       = true                                      {product} {ergonomic}
     bool UseCompressedClassPointers               = true                                 {lp64_product} {ergonomic}
     bool UseCompressedOops                        = true                                 {lp64_product} {ergonomic}
     bool UseG1GC                                  = true                                      {product} {ergonomic}
     bool UseLargePagesIndividualAllocation        = false                                  {pd product} {ergonomic}

Logging:
Log output configuration:
 #0: stdout all=warning uptime,level,tags
 #1: stderr all=off uptime,level,tags

Environment Variables:
PATH=C:\Program Files\Common Files\Oracle\Java\javapath;C:\oracle\product\10.2.0\db_1\bin;C:\WINDOWS\system32;C:\WINDOWS;C:\WINDOWS\System32\Wbem;C:\WINDOWS\System32\WindowsPowerShell\v1.0\;C:\WINDOWS\System32\OpenSSH\;C:\Users\DELL LATITUDE 5580\AppData\Local\Programs\Python\Python37;C:\Users\DELL LATITUDE 5580\Desktop\matlab 7.1\crack\runtime\win32;C:\Users\DELL LATITUDE 5580\Desktop\matlab 7.1\crack\bin;C:\Program Files\Git\cmd;C:\Program Files (x86)\dotnet\;C:\Users\DELL LATITUDE 5580\AppData\Local\Programs\Python\Python310\Scripts\;C:\Users\DELL LATITUDE 5580\AppData\Local\Programs\Python\Python310\;C:\Users\DELL LATITUDE 5580\AppData\Local\Microsoft\WindowsApps;C:\Program Files\JetBrains\PyCharm Community Edition 2019.2.4\bin;;C:\Users\DELL LATITUDE 5580\AppData\Local\Programs\Microsoft VS Code\bin;
USERNAME=DELL LATITUDE 5580
OS=Windows_NT
PROCESSOR_IDENTIFIER=Intel64 Family 6 Model 142 Stepping 9, GenuineIntel



---------------  S Y S T E M  ---------------

OS: Windows 10 , 64 bit Build 19041 (10.0.19041.2788)
OS uptime: 3 days 22:12 hours

CPU:total 4 (initial active 4) (2 cores per cpu, 2 threads per core) family 6 model 142 stepping 9 microcode 0xb4, cmov, cx8, fxsr, mmx, sse, sse2, sse3, ssse3, sse4.1, sse4.2, popcnt, avx, avx2, aes, clmul, erms, 3dnowpref, lzcnt, ht, tsc, tscinvbit, bmi1, bmi2, adx, fma

Memory: 4k page, system-wide physical 7833M (844M free)
TotalPageFile size 7833M (AvailPageFile size 18M)
current process WorkingSet (physical memory assigned to process): 337M, peak: 343M
current process commit charge ("private bytes"): 375M, peak: 406M

vm_info: OpenJDK 64-Bit Server VM (11.0.13+0-b1751.21-8125866) for windows-amd64 JRE (11.0.13+0-b1751.21-8125866), built on Feb  2 2022 03:00:22 by "builder" with MS VC++ 14.0 (VS2015)

END.
