#
# There is insufficient memory for the Java Runtime Environment to continue.
# Native memory allocation (malloc) failed to allocate 1063216 bytes for Chunk::new
# Possible reasons:
#   The system is out of physical RAM or swap space
#   The process is running with CompressedOops enabled, and the Java Heap may be blocking the growth of the native heap
# Possible solutions:
#   Reduce memory load on the system
#   Increase physical memory or swap space
#   Check if swap backing store is full
#   Decrease Java heap size (-Xmx/-Xms)
#   Decrease number of Java threads
#   Decrease Java thread stack sizes (-Xss)
#   Set larger code cache with -XX:ReservedCodeCacheSize=
#   JVM is running with Unscaled Compressed Oops mode in which the Java heap is
#     placed in the first 4GB address space. The Java Heap base address is the
#     maximum limit for the native heap growth. Please use -XX:HeapBaseMinAddress
#     to set the Java Heap base and to place the Java Heap above 4GB virtual address.
# This output file may be truncated or incomplete.
#
#  Out of Memory Error (./src/hotspot/share/memory/arena.cpp:197), pid=9964, tid=6936
#
# JRE version: OpenJDK Runtime Environment (11.0.13) (build 11.0.13+0-b1751.21-8125866)
# Java VM: OpenJDK 64-Bit Server VM (11.0.13+0-b1751.21-8125866, mixed mode, tiered, compressed oops, g1 gc, windows-amd64)
# No core dump will be written. Minidumps are not enabled by default on client versions of Windows
#

---------------  S U M M A R Y ------------

Command Line: --add-opens=java.base/java.util=ALL-UNNAMED --add-opens=java.base/java.lang=ALL-UNNAMED --add-opens=java.base/java.lang.invoke=ALL-UNNAMED --add-opens=java.base/java.util=ALL-UNNAMED --add-opens=java.prefs/java.util.prefs=ALL-UNNAMED --add-opens=java.prefs/java.util.prefs=ALL-UNNAMED --add-opens=java.base/java.nio.charset=ALL-UNNAMED --add-opens=java.base/java.net=ALL-UNNAMED --add-opens=java.base/java.util.concurrent.atomic=ALL-UNNAMED -Xmx2048m -Dfile.encoding=UTF-8 -Duser.country=FR -Duser.language=fr -Duser.variant org.gradle.launcher.daemon.bootstrap.GradleDaemon 7.4

Host: Intel(R) Core(TM) i5-7200U CPU @ 2.50GHz, 4 cores, 7G,  Windows 10 , 64 bit Build 19041 (10.0.19041.2546)
Time: Wed Apr 12 11:52:46 2023 Europe centrale elapsed time: 8.716311 seconds (0d 0h 0m 8s)

---------------  T H R E A D  ---------------

Current thread (0x000002324f0a8800):  JavaThread "C2 CompilerThread1" daemon [_thread_in_native, id=6936, stack(0x000000ea69a00000,0x000000ea69b00000)]


Current CompileTask:
C2:   8716 3569       4       org.objectweb.asm.Frame::execute (2318 bytes)

Stack: [0x000000ea69a00000,0x000000ea69b00000]
Native frames: (J=compiled Java code, j=interpreted, Vv=VM code, C=native code)
V  [jvm.dll+0x6100fa]
V  [jvm.dll+0x747090]
V  [jvm.dll+0x7486ad]
V  [jvm.dll+0x748d83]
V  [jvm.dll+0x24ab48]
V  [jvm.dll+0xc04dc]
V  [jvm.dll+0xc0a0c]
V  [jvm.dll+0x2bfab4]
V  [jvm.dll+0x524238]
V  [jvm.dll+0x20b193]
V  [jvm.dll+0x204ca0]
V  [jvm.dll+0x2023c2]
V  [jvm.dll+0x188e01]
V  [jvm.dll+0x21106b]
V  [jvm.dll+0x20f8c1]
V  [jvm.dll+0x70de0f]
V  [jvm.dll+0x706a75]
V  [jvm.dll+0x60ed66]
C  [ucrtbase.dll+0x21bb2]
C  [KERNEL32.DLL+0x17614]
C  [ntdll.dll+0x526a1]


---------------  P R O C E S S  ---------------

Threads class SMR info:
_java_thread_list=0x000002324fd366d0, length=34, elements={
0x0000023233d8d800, 0x000002324d98b000, 0x000002324d98f000, 0x000002324d9ab000,
0x000002324d9ad000, 0x000002324d9b2000, 0x000002324d9b5800, 0x000002324d9ba000,
0x000002324d9bd000, 0x000002324e490800, 0x0000023250457800, 0x000002324e6d9000,
0x0000023250725800, 0x0000023250305000, 0x000002325064c800, 0x000002324fc61800,
0x000002324f9ef000, 0x00000232505a9000, 0x0000023250dfb800, 0x0000023250830800,
0x000002325064b000, 0x0000023250649800, 0x0000023250648800, 0x000002325064a000,
0x0000023250ae6800, 0x0000023250ae7800, 0x0000023250ae6000, 0x0000023250ae8800,
0x0000023250ae2800, 0x0000023250ae4000, 0x000002324f0a8800, 0x0000023250ae9000,
0x0000023250ae3800, 0x0000023250ae5000
}

Java Threads: ( => current thread )
  0x0000023233d8d800 JavaThread "main" [_thread_blocked, id=9368, stack(0x000000ea67f00000,0x000000ea68000000)]
  0x000002324d98b000 JavaThread "Reference Handler" daemon [_thread_blocked, id=260, stack(0x000000ea68600000,0x000000ea68700000)]
  0x000002324d98f000 JavaThread "Finalizer" daemon [_thread_blocked, id=5192, stack(0x000000ea68700000,0x000000ea68800000)]
  0x000002324d9ab000 JavaThread "Signal Dispatcher" daemon [_thread_blocked, id=12292, stack(0x000000ea68800000,0x000000ea68900000)]
  0x000002324d9ad000 JavaThread "Attach Listener" daemon [_thread_blocked, id=3000, stack(0x000000ea68900000,0x000000ea68a00000)]
  0x000002324d9b2000 JavaThread "Service Thread" daemon [_thread_blocked, id=4344, stack(0x000000ea68a00000,0x000000ea68b00000)]
  0x000002324d9b5800 JavaThread "C2 CompilerThread0" daemon [_thread_in_native, id=5816, stack(0x000000ea68b00000,0x000000ea68c00000)]
  0x000002324d9ba000 JavaThread "C1 CompilerThread0" daemon [_thread_blocked, id=3024, stack(0x000000ea68c00000,0x000000ea68d00000)]
  0x000002324d9bd000 JavaThread "Sweeper thread" daemon [_thread_blocked, id=6380, stack(0x000000ea68d00000,0x000000ea68e00000)]
  0x000002324e490800 JavaThread "Common-Cleaner" daemon [_thread_blocked, id=6012, stack(0x000000ea68e00000,0x000000ea68f00000)]
  0x0000023250457800 JavaThread "Daemon health stats" [_thread_blocked, id=1380, stack(0x000000ea69200000,0x000000ea69300000)]
  0x000002324e6d9000 JavaThread "Incoming local TCP Connector on port 49613" [_thread_in_native, id=788, stack(0x000000ea69000000,0x000000ea69100000)]
  0x0000023250725800 JavaThread "Daemon periodic checks" [_thread_blocked, id=6128, stack(0x000000ea69300000,0x000000ea69400000)]
  0x0000023250305000 JavaThread "Daemon" [_thread_blocked, id=6408, stack(0x000000ea69400000,0x000000ea69500000)]
  0x000002325064c800 JavaThread "Handler for socket connection from /127.0.0.1:49613 to /127.0.0.1:49614" [_thread_in_native, id=13112, stack(0x000000ea69500000,0x000000ea69600000)]
  0x000002324fc61800 JavaThread "Cancel handler" [_thread_blocked, id=7636, stack(0x000000ea69800000,0x000000ea69900000)]
  0x000002324f9ef000 JavaThread "Daemon worker" [_thread_in_vm, id=5480, stack(0x000000ea69900000,0x000000ea69a00000)]
  0x00000232505a9000 JavaThread "Asynchronous log dispatcher for DefaultDaemonConnection: socket connection from /127.0.0.1:49613 to /127.0.0.1:49614" [_thread_blocked, id=1256, stack(0x000000ea69b00000,0x000000ea69c00000)]
  0x0000023250dfb800 JavaThread "Stdin handler" [_thread_blocked, id=12904, stack(0x000000ea69c00000,0x000000ea69d00000)]
  0x0000023250830800 JavaThread "Daemon client event forwarder" [_thread_blocked, id=256, stack(0x000000ea69d00000,0x000000ea69e00000)]
  0x000002325064b000 JavaThread "Cache worker for journal cache (C:\Users\DELL LATITUDE 5580\.gradle\caches\journal-1)" [_thread_blocked, id=10536, stack(0x000000ea69e00000,0x000000ea69f00000)]
  0x0000023250649800 JavaThread "File lock request listener" [_thread_in_native, id=10444, stack(0x000000ea69f00000,0x000000ea6a000000)]
  0x0000023250648800 JavaThread "Cache worker for file hash cache (C:\Users\DELL LATITUDE 5580\.gradle\caches\7.4\fileHashes)" [_thread_blocked, id=11628, stack(0x000000ea6a000000,0x000000ea6a100000)]
  0x000002325064a000 JavaThread "File watcher server" daemon [_thread_in_native, id=2872, stack(0x000000ea6a100000,0x000000ea6a200000)]
  0x0000023250ae6800 JavaThread "File watcher consumer" daemon [_thread_blocked, id=8880, stack(0x000000ea6a200000,0x000000ea6a300000)]
  0x0000023250ae7800 JavaThread "Cache worker for checksums cache (C:\Users\DELL LATITUDE 5580\memoireversionfinale\.gradle\7.4\checksums)" [_thread_blocked, id=12056, stack(0x000000ea6a300000,0x000000ea6a400000)]
  0x0000023250ae6000 JavaThread "Cache worker for cache directory md-rule (C:\Users\DELL LATITUDE 5580\.gradle\caches\7.4\md-rule)" [_thread_blocked, id=12592, stack(0x000000ea6a400000,0x000000ea6a500000)]
  0x0000023250ae8800 JavaThread "Cache worker for file hash cache (C:\Users\DELL LATITUDE 5580\memoireversionfinale\.gradle\7.4\fileHashes)" [_thread_blocked, id=7020, stack(0x000000ea6a500000,0x000000ea6a600000)]
  0x0000023250ae2800 JavaThread "Cache worker for cache directory md-supplier (C:\Users\DELL LATITUDE 5580\.gradle\caches\7.4\md-supplier)" [_thread_blocked, id=7152, stack(0x000000ea6a600000,0x000000ea6a700000)]
  0x0000023250ae4000 JavaThread "Cache worker for execution history cache (C:\Users\DELL LATITUDE 5580\.gradle\caches\7.4\executionHistory)" [_thread_blocked, id=10108, stack(0x000000ea6a700000,0x000000ea6a800000)]
=>0x000002324f0a8800 JavaThread "C2 CompilerThread1" daemon [_thread_in_native, id=6936, stack(0x000000ea69a00000,0x000000ea69b00000)]
  0x0000023250ae9000 JavaThread "jar transforms" [_thread_blocked, id=9196, stack(0x000000ea6a800000,0x000000ea6a900000)]
  0x0000023250ae3800 JavaThread "Cache worker for file content cache (C:\Users\DELL LATITUDE 5580\.gradle\caches\7.4\fileContent)" [_thread_blocked, id=4116, stack(0x000000ea6a900000,0x000000ea6aa00000)]
  0x0000023250ae5000 JavaThread "jar transforms Thread 2" [_thread_blocked, id=3504, stack(0x000000ea6aa00000,0x000000ea6ab00000)]

Other Threads:
  0x000002324d986800 VMThread "VM Thread" [stack: 0x000000ea68500000,0x000000ea68600000] [id=10376]
  0x000002324e4c7000 WatcherThread [stack: 0x000000ea68f00000,0x000000ea69000000] [id=6552]
  0x0000023233da4800 GCTaskThread "GC Thread#0" [stack: 0x000000ea68000000,0x000000ea68100000] [id=12656]
  0x000002324ede4000 GCTaskThread "GC Thread#1" [stack: 0x000000ea69100000,0x000000ea69200000] [id=1592]
  0x00000232514ce800 GCTaskThread "GC Thread#2" [stack: 0x000000ea69600000,0x000000ea69700000] [id=11388]
  0x000002324fc2c000 GCTaskThread "GC Thread#3" [stack: 0x000000ea69700000,0x000000ea69800000] [id=12544]
  0x0000023233dd7000 ConcurrentGCThread "G1 Main Marker" [stack: 0x000000ea68100000,0x000000ea68200000] [id=3720]
  0x0000023233dd9000 ConcurrentGCThread "G1 Conc#0" [stack: 0x000000ea68200000,0x000000ea68300000] [id=7672]
  0x0000023233e66800 ConcurrentGCThread "G1 Refine#0" [stack: 0x000000ea68300000,0x000000ea68400000] [id=12736]
  0x0000023233e67800 ConcurrentGCThread "G1 Young RemSet Sampling" [stack: 0x000000ea68400000,0x000000ea68500000] [id=3748]

Threads with active compile tasks:
C2 CompilerThread0   8746 3637       4       org.objectweb.asm.SymbolTable::put (150 bytes)
C1 CompilerThread0   8746 3645       3       org.gradle.internal.logging.slf4j.OutputEventListenerBackedLogger::isDebugEnabled (5 bytes)
C2 CompilerThread1   8746 3569       4       org.objectweb.asm.Frame::execute (2318 bytes)

VM state:not at safepoint (normal execution)

VM Mutex/Monitor currently owned by a thread: None

Heap address: 0x0000000080000000, size: 2048 MB, Compressed Oops mode: 32-bit
Narrow klass base: 0x0000000000000000, Narrow klass shift: 3
Compressed class space size: 1073741824 Address: 0x0000000100000000

Heap:
 garbage-first heap   total 152576K, used 30424K [0x0000000080000000, 0x0000000100000000)
  region size 1024K, 12 young (12288K), 9 survivors (9216K)
 Metaspace       used 40452K, capacity 41399K, committed 41596K, reserved 1085440K
  class space    used 5093K, capacity 5450K, committed 5580K, reserved 1048576K
Heap Regions: E=young(eden), S=young(survivor), O=old, HS=humongous(starts), HC=humongous(continues), CS=collection set, F=free, A=archive, TAMS=top-at-mark-start (previous, next)
|   0|0x0000000080000000, 0x0000000080100000, 0x0000000080100000|100%|HS|  |TAMS 0x0000000080100000, 0x0000000080000000| Complete 
|   1|0x0000000080100000, 0x0000000080200000, 0x0000000080200000|100%|HC|  |TAMS 0x0000000080200000, 0x0000000080100000| Complete 
|   2|0x0000000080200000, 0x0000000080300000, 0x0000000080300000|100%|HC|  |TAMS 0x0000000080300000, 0x0000000080200000| Complete 
|   3|0x0000000080300000, 0x0000000080400000, 0x0000000080400000|100%| O|  |TAMS 0x0000000080400000, 0x0000000080300000| Untracked 
|   4|0x0000000080400000, 0x0000000080500000, 0x0000000080500000|100%| O|  |TAMS 0x0000000080500000, 0x0000000080400000| Untracked 
|   5|0x0000000080500000, 0x0000000080600000, 0x0000000080600000|100%| O|  |TAMS 0x0000000080600000, 0x0000000080500000| Untracked 
|   6|0x0000000080600000, 0x0000000080700000, 0x0000000080700000|100%| O|  |TAMS 0x0000000080700000, 0x0000000080600000| Untracked 
|   7|0x0000000080700000, 0x0000000080800000, 0x0000000080800000|100%| O|  |TAMS 0x0000000080800000, 0x0000000080700000| Untracked 
|   8|0x0000000080800000, 0x0000000080900000, 0x0000000080900000|100%| O|  |TAMS 0x0000000080900000, 0x0000000080800000| Untracked 
|   9|0x0000000080900000, 0x0000000080a00000, 0x0000000080a00000|100%| O|  |TAMS 0x0000000080a00000, 0x0000000080900000| Untracked 
|  10|0x0000000080a00000, 0x0000000080b00000, 0x0000000080b00000|100%| O|  |TAMS 0x0000000080b00000, 0x0000000080a00000| Untracked 
|  11|0x0000000080b00000, 0x0000000080c00000, 0x0000000080c00000|100%| O|  |TAMS 0x0000000080c00000, 0x0000000080b00000| Untracked 
|  12|0x0000000080c00000, 0x0000000080d00000, 0x0000000080d00000|100%| O|  |TAMS 0x0000000080d00000, 0x0000000080c00000| Untracked 
|  13|0x0000000080d00000, 0x0000000080e00000, 0x0000000080e00000|100%| O|  |TAMS 0x0000000080e00000, 0x0000000080d00000| Untracked 
|  14|0x0000000080e00000, 0x0000000080f00000, 0x0000000080f00000|100%| O|  |TAMS 0x0000000080f00000, 0x0000000080e00000| Untracked 
|  15|0x0000000080f00000, 0x0000000081000000, 0x0000000081000000|100%| O|  |TAMS 0x0000000081000000, 0x0000000080f00000| Untracked 
|  16|0x0000000081000000, 0x0000000081100000, 0x0000000081100000|100%| O|  |TAMS 0x0000000081100000, 0x0000000081000000| Untracked 
|  17|0x0000000081100000, 0x0000000081200000, 0x0000000081200000|100%| O|  |TAMS 0x000000008115a600, 0x0000000081100000| Untracked 
|  18|0x0000000081200000, 0x0000000081200000, 0x0000000081300000|  0%| F|  |TAMS 0x0000000081200000, 0x0000000081200000| Untracked 
|  19|0x0000000081300000, 0x0000000081300000, 0x0000000081400000|  0%| F|  |TAMS 0x0000000081300000, 0x0000000081300000| Untracked 
|  20|0x0000000081400000, 0x0000000081400000, 0x0000000081500000|  0%| F|  |TAMS 0x0000000081400000, 0x0000000081400000| Untracked 
|  21|0x0000000081500000, 0x0000000081600000, 0x0000000081600000|100%| O|  |TAMS 0x0000000081500000, 0x0000000081500000| Untracked 
|  22|0x0000000081600000, 0x0000000081640600, 0x0000000081700000| 25%| O|  |TAMS 0x0000000081600000, 0x0000000081600000| Untracked 
|  23|0x0000000081700000, 0x0000000081700000, 0x0000000081800000|  0%| F|  |TAMS 0x0000000081700000, 0x0000000081700000| Untracked 
|  24|0x0000000081800000, 0x0000000081800000, 0x0000000081900000|  0%| F|  |TAMS 0x0000000081800000, 0x0000000081800000| Untracked 
|  25|0x0000000081900000, 0x0000000081900000, 0x0000000081a00000|  0%| F|  |TAMS 0x0000000081900000, 0x0000000081900000| Untracked 
|  26|0x0000000081a00000, 0x0000000081a00000, 0x0000000081b00000|  0%| F|  |TAMS 0x0000000081a00000, 0x0000000081a00000| Untracked 
|  27|0x0000000081b00000, 0x0000000081b00000, 0x0000000081c00000|  0%| F|  |TAMS 0x0000000081b00000, 0x0000000081b00000| Untracked 
|  28|0x0000000081c00000, 0x0000000081c00000, 0x0000000081d00000|  0%| F|  |TAMS 0x0000000081c00000, 0x0000000081c00000| Untracked 
|  29|0x0000000081d00000, 0x0000000081d00000, 0x0000000081e00000|  0%| F|  |TAMS 0x0000000081d00000, 0x0000000081d00000| Untracked 
|  30|0x0000000081e00000, 0x0000000081e00000, 0x0000000081f00000|  0%| F|  |TAMS 0x0000000081e00000, 0x0000000081e00000| Untracked 
|  31|0x0000000081f00000, 0x0000000081f00000, 0x0000000082000000|  0%| F|  |TAMS 0x0000000081f00000, 0x0000000081f00000| Untracked 
|  32|0x0000000082000000, 0x0000000082000000, 0x0000000082100000|  0%| F|  |TAMS 0x0000000082000000, 0x0000000082000000| Untracked 
|  33|0x0000000082100000, 0x0000000082100000, 0x0000000082200000|  0%| F|  |TAMS 0x0000000082100000, 0x0000000082100000| Untracked 
|  34|0x0000000082200000, 0x0000000082200000, 0x0000000082300000|  0%| F|  |TAMS 0x0000000082200000, 0x0000000082200000| Untracked 
|  35|0x0000000082300000, 0x0000000082300000, 0x0000000082400000|  0%| F|  |TAMS 0x0000000082300000, 0x0000000082300000| Untracked 
|  36|0x0000000082400000, 0x0000000082400000, 0x0000000082500000|  0%| F|  |TAMS 0x0000000082400000, 0x0000000082400000| Untracked 
|  37|0x0000000082500000, 0x0000000082500000, 0x0000000082600000|  0%| F|  |TAMS 0x0000000082500000, 0x0000000082500000| Untracked 
|  38|0x0000000082600000, 0x0000000082600000, 0x0000000082700000|  0%| F|  |TAMS 0x0000000082600000, 0x0000000082600000| Untracked 
|  39|0x0000000082700000, 0x0000000082700000, 0x0000000082800000|  0%| F|  |TAMS 0x0000000082700000, 0x0000000082700000| Untracked 
|  40|0x0000000082800000, 0x0000000082800000, 0x0000000082900000|  0%| F|  |TAMS 0x0000000082800000, 0x0000000082800000| Untracked 
|  41|0x0000000082900000, 0x0000000082900000, 0x0000000082a00000|  0%| F|  |TAMS 0x0000000082900000, 0x0000000082900000| Untracked 
|  42|0x0000000082a00000, 0x0000000082a00000, 0x0000000082b00000|  0%| F|  |TAMS 0x0000000082a00000, 0x0000000082a00000| Untracked 
|  43|0x0000000082b00000, 0x0000000082b00000, 0x0000000082c00000|  0%| F|  |TAMS 0x0000000082b00000, 0x0000000082b00000| Untracked 
|  44|0x0000000082c00000, 0x0000000082c00000, 0x0000000082d00000|  0%| F|  |TAMS 0x0000000082c00000, 0x0000000082c00000| Untracked 
|  45|0x0000000082d00000, 0x0000000082d00000, 0x0000000082e00000|  0%| F|  |TAMS 0x0000000082d00000, 0x0000000082d00000| Untracked 
|  46|0x0000000082e00000, 0x0000000082e75d58, 0x0000000082f00000| 46%| S|CS|TAMS 0x0000000082e00000, 0x0000000082e00000| Complete 
|  47|0x0000000082f00000, 0x0000000083000000, 0x0000000083000000|100%| S|CS|TAMS 0x0000000082f00000, 0x0000000082f00000| Complete 
|  48|0x0000000083000000, 0x0000000083100000, 0x0000000083100000|100%| S|CS|TAMS 0x0000000083000000, 0x0000000083000000| Complete 
|  49|0x0000000083100000, 0x0000000083200000, 0x0000000083200000|100%| S|CS|TAMS 0x0000000083100000, 0x0000000083100000| Complete 
|  50|0x0000000083200000, 0x0000000083300000, 0x0000000083300000|100%| S|CS|TAMS 0x0000000083200000, 0x0000000083200000| Complete 
|  51|0x0000000083300000, 0x0000000083400000, 0x0000000083400000|100%| S|CS|TAMS 0x0000000083300000, 0x0000000083300000| Complete 
|  52|0x0000000083400000, 0x0000000083500000, 0x0000000083500000|100%| S|CS|TAMS 0x0000000083400000, 0x0000000083400000| Complete 
|  53|0x0000000083500000, 0x0000000083600000, 0x0000000083600000|100%| S|CS|TAMS 0x0000000083500000, 0x0000000083500000| Complete 
|  54|0x0000000083600000, 0x0000000083700000, 0x0000000083700000|100%| S|CS|TAMS 0x0000000083600000, 0x0000000083600000| Complete 
|  55|0x0000000083700000, 0x0000000083700000, 0x0000000083800000|  0%| F|  |TAMS 0x0000000083700000, 0x0000000083700000| Untracked 
|  56|0x0000000083800000, 0x0000000083800000, 0x0000000083900000|  0%| F|  |TAMS 0x0000000083800000, 0x0000000083800000| Untracked 
|  57|0x0000000083900000, 0x0000000083900000, 0x0000000083a00000|  0%| F|  |TAMS 0x0000000083900000, 0x0000000083900000| Untracked 
|  58|0x0000000083a00000, 0x0000000083a00000, 0x0000000083b00000|  0%| F|  |TAMS 0x0000000083a00000, 0x0000000083a00000| Untracked 
|  59|0x0000000083b00000, 0x0000000083b00000, 0x0000000083c00000|  0%| F|  |TAMS 0x0000000083b00000, 0x0000000083b00000| Untracked 
|  60|0x0000000083c00000, 0x0000000083c00000, 0x0000000083d00000|  0%| F|  |TAMS 0x0000000083c00000, 0x0000000083c00000| Untracked 
|  61|0x0000000083d00000, 0x0000000083d00000, 0x0000000083e00000|  0%| F|  |TAMS 0x0000000083d00000, 0x0000000083d00000| Untracked 
|  62|0x0000000083e00000, 0x0000000083e00000, 0x0000000083f00000|  0%| F|  |TAMS 0x0000000083e00000, 0x0000000083e00000| Untracked 
|  63|0x0000000083f00000, 0x0000000083f00000, 0x0000000084000000|  0%| F|  |TAMS 0x0000000083f00000, 0x0000000083f00000| Untracked 
|  64|0x0000000084000000, 0x0000000084000000, 0x0000000084100000|  0%| F|  |TAMS 0x0000000084000000, 0x0000000084000000| Untracked 
|  65|0x0000000084100000, 0x0000000084100000, 0x0000000084200000|  0%| F|  |TAMS 0x0000000084100000, 0x0000000084100000| Untracked 
|  66|0x0000000084200000, 0x0000000084200000, 0x0000000084300000|  0%| F|  |TAMS 0x0000000084200000, 0x0000000084200000| Untracked 
|  67|0x0000000084300000, 0x0000000084300000, 0x0000000084400000|  0%| F|  |TAMS 0x0000000084300000, 0x0000000084300000| Untracked 
|  68|0x0000000084400000, 0x0000000084400000, 0x0000000084500000|  0%| F|  |TAMS 0x0000000084400000, 0x0000000084400000| Untracked 
|  69|0x0000000084500000, 0x0000000084500000, 0x0000000084600000|  0%| F|  |TAMS 0x0000000084500000, 0x0000000084500000| Untracked 
|  70|0x0000000084600000, 0x0000000084600000, 0x0000000084700000|  0%| F|  |TAMS 0x0000000084600000, 0x0000000084600000| Untracked 
|  71|0x0000000084700000, 0x0000000084700000, 0x0000000084800000|  0%| F|  |TAMS 0x0000000084700000, 0x0000000084700000| Untracked 
|  72|0x0000000084800000, 0x0000000084800000, 0x0000000084900000|  0%| F|  |TAMS 0x0000000084800000, 0x0000000084800000| Untracked 
|  73|0x0000000084900000, 0x0000000084900000, 0x0000000084a00000|  0%| F|  |TAMS 0x0000000084900000, 0x0000000084900000| Untracked 
|  74|0x0000000084a00000, 0x0000000084a00000, 0x0000000084b00000|  0%| F|  |TAMS 0x0000000084a00000, 0x0000000084a00000| Untracked 
|  75|0x0000000084b00000, 0x0000000084b00000, 0x0000000084c00000|  0%| F|  |TAMS 0x0000000084b00000, 0x0000000084b00000| Untracked 
|  76|0x0000000084c00000, 0x0000000084c00000, 0x0000000084d00000|  0%| F|  |TAMS 0x0000000084c00000, 0x0000000084c00000| Untracked 
|  77|0x0000000084d00000, 0x0000000084d00000, 0x0000000084e00000|  0%| F|  |TAMS 0x0000000084d00000, 0x0000000084d00000| Untracked 
|  78|0x0000000084e00000, 0x0000000084e00000, 0x0000000084f00000|  0%| F|  |TAMS 0x0000000084e00000, 0x0000000084e00000| Untracked 
|  79|0x0000000084f00000, 0x0000000084f00000, 0x0000000085000000|  0%| F|  |TAMS 0x0000000084f00000, 0x0000000084f00000| Untracked 
|  80|0x0000000085000000, 0x0000000085000000, 0x0000000085100000|  0%| F|  |TAMS 0x0000000085000000, 0x0000000085000000| Untracked 
|  81|0x0000000085100000, 0x0000000085100000, 0x0000000085200000|  0%| F|  |TAMS 0x0000000085100000, 0x0000000085100000| Untracked 
|  82|0x0000000085200000, 0x0000000085200000, 0x0000000085300000|  0%| F|  |TAMS 0x0000000085200000, 0x0000000085200000| Untracked 
|  83|0x0000000085300000, 0x0000000085300000, 0x0000000085400000|  0%| F|  |TAMS 0x0000000085300000, 0x0000000085300000| Untracked 
|  84|0x0000000085400000, 0x0000000085400000, 0x0000000085500000|  0%| F|  |TAMS 0x0000000085400000, 0x0000000085400000| Untracked 
|  85|0x0000000085500000, 0x0000000085500000, 0x0000000085600000|  0%| F|  |TAMS 0x0000000085500000, 0x0000000085500000| Untracked 
|  86|0x0000000085600000, 0x0000000085600000, 0x0000000085700000|  0%| F|  |TAMS 0x0000000085600000, 0x0000000085600000| Untracked 
|  87|0x0000000085700000, 0x0000000085700000, 0x0000000085800000|  0%| F|  |TAMS 0x0000000085700000, 0x0000000085700000| Untracked 
|  88|0x0000000085800000, 0x0000000085800000, 0x0000000085900000|  0%| F|  |TAMS 0x0000000085800000, 0x0000000085800000| Untracked 
|  89|0x0000000085900000, 0x0000000085900000, 0x0000000085a00000|  0%| F|  |TAMS 0x0000000085900000, 0x0000000085900000| Untracked 
|  90|0x0000000085a00000, 0x0000000085a00000, 0x0000000085b00000|  0%| F|  |TAMS 0x0000000085a00000, 0x0000000085a00000| Untracked 
|  91|0x0000000085b00000, 0x0000000085b00000, 0x0000000085c00000|  0%| F|  |TAMS 0x0000000085b00000, 0x0000000085b00000| Untracked 
|  92|0x0000000085c00000, 0x0000000085c00000, 0x0000000085d00000|  0%| F|  |TAMS 0x0000000085c00000, 0x0000000085c00000| Untracked 
|  93|0x0000000085d00000, 0x0000000085d00000, 0x0000000085e00000|  0%| F|  |TAMS 0x0000000085d00000, 0x0000000085d00000| Untracked 
|  94|0x0000000085e00000, 0x0000000085e00000, 0x0000000085f00000|  0%| F|  |TAMS 0x0000000085e00000, 0x0000000085e00000| Untracked 
|  95|0x0000000085f00000, 0x0000000085f00000, 0x0000000086000000|  0%| F|  |TAMS 0x0000000085f00000, 0x0000000085f00000| Untracked 
|  96|0x0000000086000000, 0x0000000086000000, 0x0000000086100000|  0%| F|  |TAMS 0x0000000086000000, 0x0000000086000000| Untracked 
|  97|0x0000000086100000, 0x0000000086100000, 0x0000000086200000|  0%| F|  |TAMS 0x0000000086100000, 0x0000000086100000| Untracked 
|  98|0x0000000086200000, 0x0000000086200000, 0x0000000086300000|  0%| F|  |TAMS 0x0000000086200000, 0x0000000086200000| Untracked 
|  99|0x0000000086300000, 0x0000000086300000, 0x0000000086400000|  0%| F|  |TAMS 0x0000000086300000, 0x0000000086300000| Untracked 
| 100|0x0000000086400000, 0x0000000086400000, 0x0000000086500000|  0%| F|  |TAMS 0x0000000086400000, 0x0000000086400000| Untracked 
| 101|0x0000000086500000, 0x0000000086500000, 0x0000000086600000|  0%| F|  |TAMS 0x0000000086500000, 0x0000000086500000| Untracked 
| 102|0x0000000086600000, 0x0000000086600000, 0x0000000086700000|  0%| F|  |TAMS 0x0000000086600000, 0x0000000086600000| Untracked 
| 103|0x0000000086700000, 0x0000000086700000, 0x0000000086800000|  0%| F|  |TAMS 0x0000000086700000, 0x0000000086700000| Untracked 
| 104|0x0000000086800000, 0x0000000086800000, 0x0000000086900000|  0%| F|  |TAMS 0x0000000086800000, 0x0000000086800000| Untracked 
| 105|0x0000000086900000, 0x0000000086900000, 0x0000000086a00000|  0%| F|  |TAMS 0x0000000086900000, 0x0000000086900000| Untracked 
| 106|0x0000000086a00000, 0x0000000086a00000, 0x0000000086b00000|  0%| F|  |TAMS 0x0000000086a00000, 0x0000000086a00000| Untracked 
| 107|0x0000000086b00000, 0x0000000086b00000, 0x0000000086c00000|  0%| F|  |TAMS 0x0000000086b00000, 0x0000000086b00000| Untracked 
| 108|0x0000000086c00000, 0x0000000086c00000, 0x0000000086d00000|  0%| F|  |TAMS 0x0000000086c00000, 0x0000000086c00000| Untracked 
| 109|0x0000000086d00000, 0x0000000086d00000, 0x0000000086e00000|  0%| F|  |TAMS 0x0000000086d00000, 0x0000000086d00000| Untracked 
| 110|0x0000000086e00000, 0x0000000086e00000, 0x0000000086f00000|  0%| F|  |TAMS 0x0000000086e00000, 0x0000000086e00000| Untracked 
| 111|0x0000000086f00000, 0x0000000086f00000, 0x0000000087000000|  0%| F|  |TAMS 0x0000000086f00000, 0x0000000086f00000| Untracked 
| 112|0x0000000087000000, 0x0000000087000000, 0x0000000087100000|  0%| F|  |TAMS 0x0000000087000000, 0x0000000087000000| Untracked 
| 113|0x0000000087100000, 0x0000000087100000, 0x0000000087200000|  0%| F|  |TAMS 0x0000000087100000, 0x0000000087100000| Untracked 
| 114|0x0000000087200000, 0x0000000087200000, 0x0000000087300000|  0%| F|  |TAMS 0x0000000087200000, 0x0000000087200000| Untracked 
| 115|0x0000000087300000, 0x0000000087300000, 0x0000000087400000|  0%| F|  |TAMS 0x0000000087300000, 0x0000000087300000| Untracked 
| 116|0x0000000087400000, 0x0000000087400000, 0x0000000087500000|  0%| F|  |TAMS 0x0000000087400000, 0x0000000087400000| Untracked 
| 117|0x0000000087500000, 0x0000000087500000, 0x0000000087600000|  0%| F|  |TAMS 0x0000000087500000, 0x0000000087500000| Untracked 
| 118|0x0000000087600000, 0x0000000087600000, 0x0000000087700000|  0%| F|  |TAMS 0x0000000087600000, 0x0000000087600000| Untracked 
| 119|0x0000000087700000, 0x0000000087700000, 0x0000000087800000|  0%| F|  |TAMS 0x0000000087700000, 0x0000000087700000| Untracked 
| 120|0x0000000087800000, 0x0000000087800000, 0x0000000087900000|  0%| F|  |TAMS 0x0000000087800000, 0x0000000087800000| Untracked 
| 121|0x0000000087900000, 0x0000000087900000, 0x0000000087a00000|  0%| F|  |TAMS 0x0000000087900000, 0x0000000087900000| Untracked 
| 122|0x0000000087a00000, 0x0000000087a00000, 0x0000000087b00000|  0%| F|  |TAMS 0x0000000087a00000, 0x0000000087a00000| Untracked 
| 123|0x0000000087b00000, 0x0000000087b00000, 0x0000000087c00000|  0%| F|  |TAMS 0x0000000087b00000, 0x0000000087b00000| Untracked 
| 124|0x0000000087c00000, 0x0000000087c00000, 0x0000000087d00000|  0%| F|  |TAMS 0x0000000087c00000, 0x0000000087c00000| Untracked 
| 125|0x0000000087d00000, 0x0000000087d00000, 0x0000000087e00000|  0%| F|  |TAMS 0x0000000087d00000, 0x0000000087d00000| Untracked 
| 126|0x0000000087e00000, 0x0000000087e00000, 0x0000000087f00000|  0%| F|  |TAMS 0x0000000087e00000, 0x0000000087e00000| Untracked 
| 127|0x0000000087f00000, 0x0000000087f00000, 0x0000000088000000|  0%| F|  |TAMS 0x0000000087f00000, 0x0000000087f00000| Untracked 
| 128|0x0000000088000000, 0x0000000088000000, 0x0000000088100000|  0%| F|  |TAMS 0x0000000088000000, 0x0000000088000000| Untracked 
| 129|0x0000000088100000, 0x0000000088100000, 0x0000000088200000|  0%| F|  |TAMS 0x0000000088100000, 0x0000000088100000| Untracked 
| 130|0x0000000088200000, 0x0000000088200000, 0x0000000088300000|  0%| F|  |TAMS 0x0000000088200000, 0x0000000088200000| Untracked 
| 131|0x0000000088300000, 0x0000000088300000, 0x0000000088400000|  0%| F|  |TAMS 0x0000000088300000, 0x0000000088300000| Untracked 
| 132|0x0000000088400000, 0x0000000088400000, 0x0000000088500000|  0%| F|  |TAMS 0x0000000088400000, 0x0000000088400000| Untracked 
| 133|0x0000000088500000, 0x0000000088500000, 0x0000000088600000|  0%| F|  |TAMS 0x0000000088500000, 0x0000000088500000| Untracked 
| 134|0x0000000088600000, 0x0000000088600000, 0x0000000088700000|  0%| F|  |TAMS 0x0000000088600000, 0x0000000088600000| Untracked 
| 135|0x0000000088700000, 0x0000000088700000, 0x0000000088800000|  0%| F|  |TAMS 0x0000000088700000, 0x0000000088700000| Untracked 
| 136|0x0000000088800000, 0x0000000088800000, 0x0000000088900000|  0%| F|  |TAMS 0x0000000088800000, 0x0000000088800000| Untracked 
| 137|0x0000000088900000, 0x0000000088900000, 0x0000000088a00000|  0%| F|  |TAMS 0x0000000088900000, 0x0000000088900000| Untracked 
| 138|0x0000000088a00000, 0x0000000088a00000, 0x0000000088b00000|  0%| F|  |TAMS 0x0000000088a00000, 0x0000000088a00000| Untracked 
| 139|0x0000000088b00000, 0x0000000088b00000, 0x0000000088c00000|  0%| F|  |TAMS 0x0000000088b00000, 0x0000000088b00000| Untracked 
| 140|0x0000000088c00000, 0x0000000088c00000, 0x0000000088d00000|  0%| F|  |TAMS 0x0000000088c00000, 0x0000000088c00000| Untracked 
| 141|0x0000000088d00000, 0x0000000088d00000, 0x0000000088e00000|  0%| F|  |TAMS 0x0000000088d00000, 0x0000000088d00000| Untracked 
| 142|0x0000000088e00000, 0x0000000088e00000, 0x0000000088f00000|  0%| F|  |TAMS 0x0000000088e00000, 0x0000000088e00000| Untracked 
| 143|0x0000000088f00000, 0x0000000088f00000, 0x0000000089000000|  0%| F|  |TAMS 0x0000000088f00000, 0x0000000088f00000| Untracked 
| 144|0x0000000089000000, 0x0000000089000000, 0x0000000089100000|  0%| F|  |TAMS 0x0000000089000000, 0x0000000089000000| Untracked 
| 145|0x0000000089100000, 0x000000008911fdb0, 0x0000000089200000| 12%| E|  |TAMS 0x0000000089100000, 0x0000000089100000| Complete 
| 146|0x0000000089200000, 0x0000000089300000, 0x0000000089300000|100%| E|CS|TAMS 0x0000000089200000, 0x0000000089200000| Complete 
| 147|0x0000000089300000, 0x0000000089400000, 0x0000000089400000|100%| E|CS|TAMS 0x0000000089300000, 0x0000000089300000| Complete 
| 148|0x0000000089400000, 0x0000000089500000, 0x0000000089500000|100%| E|CS|TAMS 0x0000000089400000, 0x0000000089400000| Complete 

Card table byte_map: [0x0000023246cb0000,0x00000232470b0000] _byte_map_base: 0x00000232468b0000

Marking Bits (Prev, Next): (CMBitMap*) 0x0000023233dce428, (CMBitMap*) 0x0000023233dce460
 Prev Bits: [0x00000232474b0000, 0x00000232494b0000)
 Next Bits: [0x00000232494b0000, 0x000002324b4b0000)

Polling page: 0x0000023233570000

Metaspace:

Usage:
  Non-class:     35.17 MB capacity,    34.57 MB ( 98%) used,   520.52 KB (  1%) free+waste,    94.94 KB ( <1%) overhead. 
      Class:      5.32 MB capacity,     4.98 MB ( 94%) used,   305.45 KB (  6%) free+waste,    45.44 KB ( <1%) overhead. 
       Both:     40.49 MB capacity,    39.55 MB ( 98%) used,   825.97 KB (  2%) free+waste,   140.38 KB ( <1%) overhead. 

Virtual space:
  Non-class space:       36.00 MB reserved,      35.17 MB ( 98%) committed 
      Class space:        1.00 GB reserved,       5.45 MB ( <1%) committed 
             Both:        1.04 GB reserved,      40.62 MB (  4%) committed 

Chunk freelists:
   Non-Class:  3.00 KB
       Class:  22.00 KB
        Both:  25.00 KB

MaxMetaspaceSize: 17179869184.00 GB
CompressedClassSpaceSize: 1.00 GB
Initial GC threshold: 20.80 MB
Current GC threshold: 58.95 MB
CDS: off

CodeHeap 'non-profiled nmethods': size=120064Kb used=1997Kb max_used=1997Kb free=118066Kb
 bounds [0x000002323f370000, 0x000002323f5e0000, 0x00000232468b0000]
CodeHeap 'profiled nmethods': size=120000Kb used=7873Kb max_used=7873Kb free=112127Kb
 bounds [0x0000023237e40000, 0x0000023238600000, 0x000002323f370000]
CodeHeap 'non-nmethods': size=5696Kb used=2270Kb max_used=2313Kb free=3425Kb
 bounds [0x00000232378b0000, 0x0000023237b20000, 0x0000023237e40000]
 total_blobs=4398 nmethods=3634 adapters=676
 compilation: enabled
              stopped_count=0, restarted_count=0
 full_count=0

Compilation events (20 events):
Event: 8.648 Thread 0x000002324d9ba000 nmethod 3615 0x00000232385dc010 code [0x00000232385dc300, 0x00000232385ddb18]
Event: 8.648 Thread 0x000002324d9ba000 3613       3       sun.reflect.generics.repository.ConstructorRepository::getParameterTypes (27 bytes)
Event: 8.648 Thread 0x000002324d9ba000 nmethod 3613 0x00000232385de090 code [0x00000232385de260, 0x00000232385de5f8]
Event: 8.648 Thread 0x000002324d9ba000 3617       3       org.codehaus.groovy.util.ComplexKeyHashMap::<init> (11 bytes)
Event: 8.648 Thread 0x000002324d9ba000 nmethod 3617 0x00000232385de710 code [0x00000232385de8e0, 0x00000232385dec18]
Event: 8.648 Thread 0x000002324d9ba000 3618       3       org.codehaus.groovy.util.ComplexKeyHashMap::init (20 bytes)
Event: 8.649 Thread 0x000002324d9ba000 nmethod 3618 0x00000232385ded10 code [0x00000232385deec0, 0x00000232385df0d8]
Event: 8.649 Thread 0x000002324d9ba000 3616       3       org.codehaus.groovy.util.SingleKeyHashMap::<init> (5 bytes)
Event: 8.649 Thread 0x000002324d9ba000 nmethod 3616 0x00000232385df190 code [0x00000232385df360, 0x00000232385df6f8]
Event: 8.653 Thread 0x000002324d9ba000 3619       3       java.lang.reflect.Constructor::setAccessible (21 bytes)
Event: 8.654 Thread 0x000002324d9ba000 nmethod 3619 0x00000232385df810 code [0x00000232385dfa40, 0x00000232385e00d8]
Event: 8.654 Thread 0x000002324d9ba000 3620       3       java.lang.reflect.Constructor::checkCanSetAccessible (29 bytes)
Event: 8.654 Thread 0x000002324d9ba000 nmethod 3620 0x00000232385e0310 code [0x00000232385e04e0, 0x00000232385e0798]
Event: 8.675 Thread 0x000002324d9b5800 nmethod 3588 0x000002323f55f690 code [0x000002323f55f860, 0x000002323f5604b8]
Event: 8.676 Thread 0x000002324d9b5800 3611   !   4       jdk.internal.loader.URLClassPath$JarLoader::getResource (353 bytes)
Event: 8.696 Thread 0x000002324d9b5800 nmethod 3611 0x000002323f560990 code [0x000002323f560c40, 0x000002323f561798]
Event: 8.696 Thread 0x000002324d9b5800 3585       4       java.lang.PublicMethods$MethodList::merge (192 bytes)
Event: 8.710 Thread 0x000002324d9b5800 nmethod 3585 0x000002323f562490 code [0x000002323f562640, 0x000002323f562bb8]
Event: 8.710 Thread 0x000002324d9b5800 3590       4       java.util.stream.AbstractSpinedBuffer::count (31 bytes)
Event: 8.711 Thread 0x000002324d9b5800 nmethod 3590 0x000002323f562e10 code [0x000002323f562fa0, 0x000002323f563038]

GC Heap History (18 events):
Event: 1.141 GC heap before
{Heap before GC invocations=0 (full 0):
 garbage-first heap   total 126976K, used 16384K [0x0000000080000000, 0x0000000100000000)
  region size 1024K, 14 young (14336K), 0 survivors (0K)
 Metaspace       used 6793K, capacity 6989K, committed 7168K, reserved 1056768K
  class space    used 575K, capacity 650K, committed 768K, reserved 1048576K
}
Event: 1.147 GC heap after
{Heap after GC invocations=1 (full 0):
 garbage-first heap   total 126976K, used 4241K [0x0000000080000000, 0x0000000100000000)
  region size 1024K, 2 young (2048K), 2 survivors (2048K)
 Metaspace       used 6793K, capacity 6989K, committed 7168K, reserved 1056768K
  class space    used 575K, capacity 650K, committed 768K, reserved 1048576K
}
Event: 1.586 GC heap before
{Heap before GC invocations=1 (full 0):
 garbage-first heap   total 126976K, used 17553K [0x0000000080000000, 0x0000000100000000)
  region size 1024K, 13 young (13312K), 2 survivors (2048K)
 Metaspace       used 10219K, capacity 10455K, committed 10624K, reserved 1058816K
  class space    used 1047K, capacity 1106K, committed 1152K, reserved 1048576K
}
Event: 1.591 GC heap after
{Heap after GC invocations=2 (full 0):
 garbage-first heap   total 126976K, used 9320K [0x0000000080000000, 0x0000000100000000)
  region size 1024K, 2 young (2048K), 2 survivors (2048K)
 Metaspace       used 10219K, capacity 10455K, committed 10624K, reserved 1058816K
  class space    used 1047K, capacity 1106K, committed 1152K, reserved 1048576K
}
Event: 2.222 GC heap before
{Heap before GC invocations=2 (full 0):
 garbage-first heap   total 126976K, used 36968K [0x0000000080000000, 0x0000000100000000)
  region size 1024K, 29 young (29696K), 2 survivors (2048K)
 Metaspace       used 11269K, capacity 11508K, committed 11776K, reserved 1060864K
  class space    used 1156K, capacity 1244K, committed 1280K, reserved 1048576K
}
Event: 2.227 GC heap after
{Heap after GC invocations=3 (full 0):
 garbage-first heap   total 126976K, used 10054K [0x0000000080000000, 0x0000000100000000)
  region size 1024K, 3 young (3072K), 3 survivors (3072K)
 Metaspace       used 11269K, capacity 11508K, committed 11776K, reserved 1060864K
  class space    used 1156K, capacity 1244K, committed 1280K, reserved 1048576K
}
Event: 4.252 GC heap before
{Heap before GC invocations=3 (full 0):
 garbage-first heap   total 126976K, used 51014K [0x0000000080000000, 0x0000000100000000)
  region size 1024K, 43 young (44032K), 3 survivors (3072K)
 Metaspace       used 16885K, capacity 17299K, committed 17536K, reserved 1064960K
  class space    used 1919K, capacity 2070K, committed 2176K, reserved 1048576K
}
Event: 4.260 GC heap after
{Heap after GC invocations=4 (full 0):
 garbage-first heap   total 126976K, used 15754K [0x0000000080000000, 0x0000000100000000)
  region size 1024K, 6 young (6144K), 6 survivors (6144K)
 Metaspace       used 16885K, capacity 17299K, committed 17536K, reserved 1064960K
  class space    used 1919K, capacity 2070K, committed 2176K, reserved 1048576K
}
Event: 4.793 GC heap before
{Heap before GC invocations=4 (full 0):
 garbage-first heap   total 126976K, used 49546K [0x0000000080000000, 0x0000000100000000)
  region size 1024K, 41 young (41984K), 6 survivors (6144K)
 Metaspace       used 20800K, capacity 21238K, committed 21296K, reserved 1069056K
  class space    used 2520K, capacity 2682K, committed 2688K, reserved 1048576K
}
Event: 4.803 GC heap after
{Heap after GC invocations=5 (full 0):
 garbage-first heap   total 126976K, used 18098K [0x0000000080000000, 0x0000000100000000)
  region size 1024K, 2 young (2048K), 2 survivors (2048K)
 Metaspace       used 20800K, capacity 21238K, committed 21296K, reserved 1069056K
  class space    used 2520K, capacity 2682K, committed 2688K, reserved 1048576K
}
Event: 5.927 GC heap before
{Heap before GC invocations=6 (full 0):
 garbage-first heap   total 126976K, used 67250K [0x0000000080000000, 0x0000000100000000)
  region size 1024K, 50 young (51200K), 2 survivors (2048K)
 Metaspace       used 25900K, capacity 26572K, committed 26876K, reserved 1073152K
  class space    used 3343K, capacity 3594K, committed 3660K, reserved 1048576K
}
Event: 5.933 GC heap after
{Heap after GC invocations=7 (full 0):
 garbage-first heap   total 126976K, used 19849K [0x0000000080000000, 0x0000000100000000)
  region size 1024K, 4 young (4096K), 4 survivors (4096K)
 Metaspace       used 25900K, capacity 26572K, committed 26876K, reserved 1073152K
  class space    used 3343K, capacity 3594K, committed 3660K, reserved 1048576K
}
Event: 7.061 GC heap before
{Heap before GC invocations=7 (full 0):
 garbage-first heap   total 126976K, used 78217K [0x0000000080000000, 0x0000000100000000)
  region size 1024K, 61 young (62464K), 4 survivors (4096K)
 Metaspace       used 32105K, capacity 32888K, committed 33148K, reserved 1077248K
  class space    used 4236K, capacity 4514K, committed 4556K, reserved 1048576K
}
Event: 7.071 GC heap after
{Heap after GC invocations=8 (full 0):
 garbage-first heap   total 126976K, used 22075K [0x0000000080000000, 0x0000000100000000)
  region size 1024K, 6 young (6144K), 6 survivors (6144K)
 Metaspace       used 32105K, capacity 32888K, committed 33148K, reserved 1077248K
  class space    used 4236K, capacity 4514K, committed 4556K, reserved 1048576K
}
Event: 7.335 GC heap before
{Heap before GC invocations=8 (full 0):
 garbage-first heap   total 126976K, used 28219K [0x0000000080000000, 0x0000000100000000)
  region size 1024K, 13 young (13312K), 6 survivors (6144K)
 Metaspace       used 35143K, capacity 35883K, committed 35964K, reserved 1081344K
  class space    used 4498K, capacity 4790K, committed 4812K, reserved 1048576K
}
Event: 7.345 GC heap after
{Heap after GC invocations=9 (full 0):
 garbage-first heap   total 126976K, used 23581K [0x0000000080000000, 0x0000000100000000)
  region size 1024K, 6 young (6144K), 6 survivors (6144K)
 Metaspace       used 35143K, capacity 35883K, committed 35964K, reserved 1081344K
  class space    used 4498K, capacity 4790K, committed 4812K, reserved 1048576K
}
Event: 8.655 GC heap before
{Heap before GC invocations=10 (full 0):
 garbage-first heap   total 126976K, used 90141K [0x0000000080000000, 0x0000000100000000)
  region size 1024K, 69 young (70656K), 6 survivors (6144K)
 Metaspace       used 40005K, capacity 40924K, committed 41212K, reserved 1085440K
  class space    used 5051K, capacity 5377K, committed 5452K, reserved 1048576K
}
Event: 8.674 GC heap after
{Heap after GC invocations=11 (full 0):
 garbage-first heap   total 152576K, used 28376K [0x0000000080000000, 0x0000000100000000)
  region size 1024K, 9 young (9216K), 9 survivors (9216K)
 Metaspace       used 40005K, capacity 40924K, committed 41212K, reserved 1085440K
  class space    used 5051K, capacity 5377K, committed 5452K, reserved 1048576K
}

Deoptimization events (20 events):
Event: 8.340 Thread 0x000002324f9ef000 Uncommon trap: trap_request=0xffffffbe fr.pc=0x000002323f536b6c relative=0x000000000000070c
Event: 8.340 Thread 0x000002324f9ef000 Uncommon trap: reason=profile_predicate action=maybe_recompile pc=0x000002323f536b6c method=java.lang.PublicMethods$MethodList.filter([Ljava/lang/reflect/Method;Ljava/lang/String;[Ljava/lang/Class;Z)Ljava/lang/PublicMethods$MethodList; @ 21 c2
Event: 8.340 Thread 0x000002324f9ef000 DEOPT PACKING pc=0x000002323f536b6c sp=0x000000ea699f40a0
Event: 8.340 Thread 0x000002324f9ef000 DEOPT UNPACKING pc=0x00000232378fa1af sp=0x000000ea699f4058 mode 2
Event: 8.344 Thread 0x000002324f9ef000 Uncommon trap: trap_request=0xffffffbe fr.pc=0x000002323f536b6c relative=0x000000000000070c
Event: 8.344 Thread 0x000002324f9ef000 Uncommon trap: reason=profile_predicate action=maybe_recompile pc=0x000002323f536b6c method=java.lang.PublicMethods$MethodList.filter([Ljava/lang/reflect/Method;Ljava/lang/String;[Ljava/lang/Class;Z)Ljava/lang/PublicMethods$MethodList; @ 21 c2
Event: 8.344 Thread 0x000002324f9ef000 DEOPT PACKING pc=0x000002323f536b6c sp=0x000000ea699f3900
Event: 8.344 Thread 0x000002324f9ef000 DEOPT UNPACKING pc=0x00000232378fa1af sp=0x000000ea699f38b8 mode 2
Event: 8.397 Thread 0x000002324f9ef000 Uncommon trap: trap_request=0xffffff4d fr.pc=0x000002323f4e26b0 relative=0x0000000000000950
Event: 8.397 Thread 0x000002324f9ef000 Uncommon trap: reason=unstable_if action=reinterpret pc=0x000002323f4e26b0 method=java.util.WeakHashMap.eq(Ljava/lang/Object;Ljava/lang/Object;)Z @ 2 c2
Event: 8.397 Thread 0x000002324f9ef000 DEOPT PACKING pc=0x000002323f4e26b0 sp=0x000000ea699f3300
Event: 8.397 Thread 0x000002324f9ef000 DEOPT UNPACKING pc=0x00000232378fa1af sp=0x000000ea699f3270 mode 2
Event: 8.546 Thread 0x000002324f9ef000 Uncommon trap: trap_request=0xffffffc6 fr.pc=0x000002323f5233f4 relative=0x00000000000005f4
Event: 8.546 Thread 0x000002324f9ef000 Uncommon trap: reason=bimorphic_or_optimized_type_check action=maybe_recompile pc=0x000002323f5233f4 method=java.util.stream.ReferencePipeline.forEachWithCancel(Ljava/util/Spliterator;Ljava/util/stream/Sink;)Z @ 1 c2
Event: 8.546 Thread 0x000002324f9ef000 DEOPT PACKING pc=0x000002323f5233f4 sp=0x000000ea699f8c90
Event: 8.546 Thread 0x000002324f9ef000 DEOPT UNPACKING pc=0x00000232378fa1af sp=0x000000ea699f8c30 mode 2
Event: 8.554 Thread 0x000002324f9ef000 Uncommon trap: trap_request=0xffffff4d fr.pc=0x000002323f549198 relative=0x0000000000005a58
Event: 8.554 Thread 0x000002324f9ef000 Uncommon trap: reason=unstable_if action=reinterpret pc=0x000002323f549198 method=java.net.URLClassLoader.defineClass(Ljava/lang/String;Ljdk/internal/loader/Resource;)Ljava/lang/Class; @ 21 c2
Event: 8.554 Thread 0x000002324f9ef000 DEOPT PACKING pc=0x000002323f549198 sp=0x000000ea699f8a00
Event: 8.555 Thread 0x000002324f9ef000 DEOPT UNPACKING pc=0x00000232378fa1af sp=0x000000ea699f89c8 mode 2

Classes redefined (0 events):
No events

Internal exceptions (20 events):
Event: 8.416 Thread 0x000002324f9ef000 Exception <a 'java/lang/ClassNotFoundException'{0x000000008425d2a8}: org/gradle/api/internal/artifacts/DefaultArtifactRepositoryContainerCustomizer> (0x000000008425d2a8) thrown at [./src/hotspot/share/classfile/systemDictionary.cpp, line 231]
Event: 8.420 Thread 0x000002324f9ef000 Exception <a 'java/lang/ClassNotFoundException'{0x00000000842a9ee0}: org/gradle/api/internal/artifacts/dsl/DefaultRepositoryHandlerCustomizer> (0x00000000842a9ee0) thrown at [./src/hotspot/share/classfile/systemDictionary.cpp, line 231]
Event: 8.427 Thread 0x000002324f9ef000 Exception <a 'java/lang/ClassNotFoundException'{0x0000000084108e38}: org/gradle/api/internal/artifacts/dsl/DefaultRepositoryHandler_DecoratedCustomizer> (0x0000000084108e38) thrown at [./src/hotspot/share/classfile/systemDictionary.cpp, line 231]
Event: 8.503 Thread 0x000002324f9ef000 Exception <a 'java/lang/NoSuchMethodError'{0x0000000083d40b48}: 'void java.lang.invoke.DirectMethodHandle$Holder.invokeInterface(java.lang.Object, java.lang.Object)'> (0x0000000083d40b48) thrown at [./src/hotspot/share/interpreter/linkResolver.cpp, line 773]
Event: 8.565 Thread 0x000002324f9ef000 Exception <a 'java/lang/ClassNotFoundException'{0x0000000083b2ab48}: settings_51h43kjz21ve5w6zlznp14qq5BeanInfo> (0x0000000083b2ab48) thrown at [./src/hotspot/share/classfile/systemDictionary.cpp, line 231]
Event: 8.565 Thread 0x000002324f9ef000 Exception <a 'java/lang/ClassNotFoundException'{0x0000000083b36498}: settings_51h43kjz21ve5w6zlznp14qq5Customizer> (0x0000000083b36498) thrown at [./src/hotspot/share/classfile/systemDictionary.cpp, line 231]
Event: 8.595 Thread 0x000002324f9ef000 Exception <a 'java/lang/ClassNotFoundException'{0x0000000083a65738}: org/gradle/internal/management/DefaultDependencyResolutionManagement_DecoratedBeanInfo> (0x0000000083a65738) thrown at [./src/hotspot/share/classfile/systemDictionary.cpp, line 231]
Event: 8.597 Thread 0x000002324f9ef000 Exception <a 'java/lang/ClassNotFoundException'{0x0000000083a9fe18}: org/gradle/internal/management/DefaultDependencyResolutionManagementBeanInfo> (0x0000000083a9fe18) thrown at [./src/hotspot/share/classfile/systemDictionary.cpp, line 231]
Event: 8.598 Thread 0x000002324f9ef000 Exception <a 'java/lang/ClassNotFoundException'{0x0000000083ada360}: org/gradle/internal/management/DefaultDependencyResolutionManagementCustomizer> (0x0000000083ada360) thrown at [./src/hotspot/share/classfile/systemDictionary.cpp, line 231]
Event: 8.602 Thread 0x000002324f9ef000 Exception <a 'java/lang/ClassNotFoundException'{0x000000008392a268}: org/gradle/internal/management/DefaultDependencyResolutionManagement_DecoratedCustomizer> (0x000000008392a268) thrown at [./src/hotspot/share/classfile/systemDictionary.cpp, line 231]
Event: 8.612 Thread 0x000002324f9ef000 Exception <a 'java/lang/ClassNotFoundException'{0x00000000839b77b8}: org/gradle/api/initialization/resolve/RepositoriesModeBeanInfo> (0x00000000839b77b8) thrown at [./src/hotspot/share/classfile/systemDictionary.cpp, line 231]
Event: 8.612 Thread 0x000002324f9ef000 Exception <a 'java/lang/ClassNotFoundException'{0x00000000839bc680}: java/lang/EnumBeanInfo> (0x00000000839bc680) thrown at [./src/hotspot/share/classfile/systemDictionary.cpp, line 231]
Event: 8.613 Thread 0x000002324f9ef000 Exception <a 'java/lang/ClassNotFoundException'{0x00000000839c1568}: java/lang/EnumCustomizer> (0x00000000839c1568) thrown at [./src/hotspot/share/classfile/systemDictionary.cpp, line 231]
Event: 8.615 Thread 0x000002324f9ef000 Exception <a 'java/lang/ClassNotFoundException'{0x00000000839f0388}: org/gradle/api/initialization/resolve/RepositoriesModeCustomizer> (0x00000000839f0388) thrown at [./src/hotspot/share/classfile/systemDictionary.cpp, line 231]
Event: 8.625 Thread 0x000002324f9ef000 Exception <a 'java/lang/ClassNotFoundException'{0x000000008387cea0}: org/gradle/api/internal/provider/DefaultPropertyBeanInfo> (0x000000008387cea0) thrown at [./src/hotspot/share/classfile/systemDictionary.cpp, line 231]
Event: 8.628 Thread 0x000002324f9ef000 Exception <a 'java/lang/ClassNotFoundException'{0x00000000838a3890}: org/gradle/api/internal/provider/AbstractPropertyBeanInfo> (0x00000000838a3890) thrown at [./src/hotspot/share/classfile/systemDictionary.cpp, line 231]
Event: 8.629 Thread 0x000002324f9ef000 Exception <a 'java/lang/ClassNotFoundException'{0x00000000838ccc98}: org/gradle/api/internal/provider/AbstractMinimalProviderBeanInfo> (0x00000000838ccc98) thrown at [./src/hotspot/share/classfile/systemDictionary.cpp, line 231]
Event: 8.630 Thread 0x000002324f9ef000 Exception <a 'java/lang/ClassNotFoundException'{0x00000000838f60b0}: org/gradle/api/internal/provider/AbstractMinimalProviderCustomizer> (0x00000000838f60b0) thrown at [./src/hotspot/share/classfile/systemDictionary.cpp, line 231]
Event: 8.637 Thread 0x000002324f9ef000 Exception <a 'java/lang/ClassNotFoundException'{0x0000000083757da0}: org/gradle/api/internal/provider/AbstractPropertyCustomizer> (0x0000000083757da0) thrown at [./src/hotspot/share/classfile/systemDictionary.cpp, line 231]
Event: 8.640 Thread 0x000002324f9ef000 Exception <a 'java/lang/ClassNotFoundException'{0x000000008378ae30}: org/gradle/api/internal/provider/DefaultPropertyCustomizer> (0x000000008378ae30) thrown at [./src/hotspot/share/classfile/systemDictionary.cpp, line 231]

Events (20 events):
Event: 8.699 loading class groovyjarjarasm/asm/Label
Event: 8.699 loading class groovyjarjarasm/asm/Label done
Event: 8.702 loading class groovyjarjarasm/asm/Edge
Event: 8.702 loading class groovyjarjarasm/asm/Edge done
Event: 8.703 loading class org/codehaus/groovy/classgen/asm/BytecodeHelper
Event: 8.703 loading class org/codehaus/groovy/classgen/asm/BytecodeHelper done
Event: 8.704 loading class org/codehaus/groovy/runtime/typehandling/DefaultTypeTransformation
Event: 8.704 loading class org/codehaus/groovy/runtime/typehandling/DefaultTypeTransformation done
Event: 8.706 loading class groovyjarjarasm/asm/Handler
Event: 8.706 loading class groovyjarjarasm/asm/Handler done
Event: 8.706 loading class groovyjarjarasm/asm/Attribute
Event: 8.706 loading class groovyjarjarasm/asm/Attribute done
Event: 8.710 loading class org/codehaus/groovy/reflection/ClassLoaderForClassArtifacts
Event: 8.710 loading class org/codehaus/groovy/reflection/ClassLoaderForClassArtifacts done
Event: 8.711 loading class groovy/runtime/metaclass/settings_51h43kjz21ve5w6zlznp14qq5$_run_closure1$_closure2MetaClass
Event: 8.711 loading class groovy/runtime/metaclass/settings_51h43kjz21ve5w6zlznp14qq5$_run_closure1$_closure2MetaClass done
Event: 8.713 loading class org/codehaus/groovy/runtime/ScriptBytecodeAdapter
Event: 8.713 loading class org/codehaus/groovy/runtime/ScriptBytecodeAdapter done
Event: 8.713 loading class org/codehaus/groovy/runtime/ScriptBytecodeAdapter
Event: 8.713 loading class org/codehaus/groovy/runtime/ScriptBytecodeAdapter done


Dynamic libraries:
0x00007ff7ae7e0000 - 0x00007ff7ae7ea000 	C:\Program Files\Android\Android Studio2\jre\bin\java.exe
0x00007ffea8dd0000 - 0x00007ffea8fc8000 	C:\WINDOWS\SYSTEM32\ntdll.dll
0x00007ffea7c40000 - 0x00007ffea7cff000 	C:\WINDOWS\System32\KERNEL32.DLL
0x00007ffea66f0000 - 0x00007ffea69c2000 	C:\WINDOWS\System32\KERNELBASE.dll
0x00007ffea6c60000 - 0x00007ffea6d60000 	C:\WINDOWS\System32\ucrtbase.dll
0x00007ffea0430000 - 0x00007ffea0449000 	C:\Program Files\Android\Android Studio2\jre\bin\jli.dll
0x00007ffe9dce0000 - 0x00007ffe9dcf7000 	C:\Program Files\Android\Android Studio2\jre\bin\VCRUNTIME140.dll
0x00007ffe92ab0000 - 0x00007ffe92d4a000 	C:\WINDOWS\WinSxS\amd64_microsoft.windows.common-controls_6595b64144ccf1df_6.0.19041.1110_none_60b5254171f9507e\COMCTL32.dll
0x00007ffea7280000 - 0x00007ffea7421000 	C:\WINDOWS\System32\USER32.dll
0x00007ffea6600000 - 0x00007ffea6622000 	C:\WINDOWS\System32\win32u.dll
0x00007ffea6df0000 - 0x00007ffea6e1b000 	C:\WINDOWS\System32\GDI32.dll
0x00007ffea6ab0000 - 0x00007ffea6bbf000 	C:\WINDOWS\System32\gdi32full.dll
0x00007ffea6bc0000 - 0x00007ffea6c5d000 	C:\WINDOWS\System32\msvcp_win.dll
0x00007ffea8940000 - 0x00007ffea89de000 	C:\WINDOWS\System32\msvcrt.dll
0x00007ffea8b90000 - 0x00007ffea8bc0000 	C:\WINDOWS\System32\IMM32.DLL
0x00007ffe7a020000 - 0x00007ffe7a0bd000 	C:\Program Files\Android\Android Studio2\jre\bin\msvcp140.dll
0x00007ffe71290000 - 0x00007ffe71d92000 	C:\Program Files\Android\Android Studio2\jre\bin\server\jvm.dll
0x00007ffea7d00000 - 0x00007ffea7dae000 	C:\WINDOWS\System32\ADVAPI32.dll
0x00007ffea7f70000 - 0x00007ffea800c000 	C:\WINDOWS\System32\sechost.dll
0x00007ffea7430000 - 0x00007ffea7554000 	C:\WINDOWS\System32\RPCRT4.dll
0x00007ffea7ed0000 - 0x00007ffea7ed8000 	C:\WINDOWS\System32\PSAPI.DLL
0x00007ffe91f30000 - 0x00007ffe91f39000 	C:\WINDOWS\SYSTEM32\WSOCK32.dll
0x00007ffea8cf0000 - 0x00007ffea8d5b000 	C:\WINDOWS\System32\WS2_32.dll
0x00007ffe903a0000 - 0x00007ffe903c7000 	C:\WINDOWS\SYSTEM32\WINMM.dll
0x00007ffe9bbd0000 - 0x00007ffe9bbda000 	C:\WINDOWS\SYSTEM32\VERSION.dll
0x00007ffea4cf0000 - 0x00007ffea4d02000 	C:\WINDOWS\SYSTEM32\kernel.appcore.dll
0x00007ffea1af0000 - 0x00007ffea1b01000 	C:\Program Files\Android\Android Studio2\jre\bin\verify.dll
0x00007ffea4250000 - 0x00007ffea4434000 	C:\WINDOWS\SYSTEM32\DBGHELP.DLL
0x00007ffe90240000 - 0x00007ffe90275000 	C:\WINDOWS\SYSTEM32\dbgcore.DLL
0x00007ffea6d60000 - 0x00007ffea6de2000 	C:\WINDOWS\System32\bcryptPrimitives.dll
0x00007ffea1ac0000 - 0x00007ffea1ae9000 	C:\Program Files\Android\Android Studio2\jre\bin\java.dll
0x00007ffea1ab0000 - 0x00007ffea1abb000 	C:\Program Files\Android\Android Studio2\jre\bin\jimage.dll
0x00007ffea1a90000 - 0x00007ffea1aa8000 	C:\Program Files\Android\Android Studio2\jre\bin\zip.dll
0x00007ffea8140000 - 0x00007ffea8885000 	C:\WINDOWS\System32\SHELL32.dll
0x00007ffea4540000 - 0x00007ffea4cd2000 	C:\WINDOWS\SYSTEM32\windows.storage.dll
0x00007ffea6e20000 - 0x00007ffea7175000 	C:\WINDOWS\System32\combase.dll
0x00007ffea5e20000 - 0x00007ffea5e50000 	C:\WINDOWS\SYSTEM32\Wldp.dll
0x00007ffea8890000 - 0x00007ffea893d000 	C:\WINDOWS\System32\SHCORE.dll
0x00007ffea7200000 - 0x00007ffea7255000 	C:\WINDOWS\System32\shlwapi.dll
0x00007ffea63e0000 - 0x00007ffea63ff000 	C:\WINDOWS\SYSTEM32\profapi.dll
0x00007ffea1a70000 - 0x00007ffea1a8a000 	C:\Program Files\Android\Android Studio2\jre\bin\net.dll
0x00007ffe99d00000 - 0x00007ffe99e0a000 	C:\WINDOWS\SYSTEM32\WINHTTP.dll
0x00007ffea5b80000 - 0x00007ffea5bea000 	C:\WINDOWS\system32\mswsock.dll
0x00007ffea1a50000 - 0x00007ffea1a64000 	C:\Program Files\Android\Android Studio2\jre\bin\nio.dll
0x00007ffea0260000 - 0x00007ffea0287000 	C:\Users\DELL LATITUDE 5580\.gradle\native\e1d6ef7f7dcc3fd88c89a11ec53ec762bb8ba0a96d01ffa2cd45eb1d1d8dd5c5\windows-amd64\native-platform.dll
0x00007ffe777a0000 - 0x00007ffe778e4000 	C:\Users\DELL LATITUDE 5580\.gradle\native\0d407fdbe67a94daf76414ababcb853783967236a71b16ec16e742cd7a986fd3\windows-amd64\native-platform-file-events.dll
0x00007ffea1a40000 - 0x00007ffea1a4a000 	C:\Program Files\Android\Android Studio2\jre\bin\management.dll
0x00007ffea1a30000 - 0x00007ffea1a3d000 	C:\Program Files\Android\Android Studio2\jre\bin\management_ext.dll
0x00007ffea5d70000 - 0x00007ffea5d88000 	C:\WINDOWS\SYSTEM32\CRYPTSP.dll
0x00007ffea54a0000 - 0x00007ffea54d4000 	C:\WINDOWS\system32\rsaenh.dll
0x00007ffea69d0000 - 0x00007ffea69f7000 	C:\WINDOWS\System32\bcrypt.dll
0x00007ffea63a0000 - 0x00007ffea63ce000 	C:\WINDOWS\SYSTEM32\USERENV.dll
0x00007ffea5d90000 - 0x00007ffea5d9c000 	C:\WINDOWS\SYSTEM32\CRYPTBASE.dll
0x00007ffea5870000 - 0x00007ffea58ab000 	C:\WINDOWS\SYSTEM32\IPHLPAPI.DLL
0x00007ffea8bc0000 - 0x00007ffea8bc8000 	C:\WINDOWS\System32\NSI.dll
0x00007ffe9c970000 - 0x00007ffe9c987000 	C:\WINDOWS\SYSTEM32\dhcpcsvc6.DLL
0x00007ffe9c950000 - 0x00007ffe9c96d000 	C:\WINDOWS\SYSTEM32\dhcpcsvc.DLL
0x00007ffea58b0000 - 0x00007ffea597b000 	C:\WINDOWS\SYSTEM32\DNSAPI.dll

dbghelp: loaded successfully - version: 4.0.5 - missing functions: none
symbol engine: initialized successfully - sym options: 0x614 - pdb path: .;C:\Program Files\Android\Android Studio2\jre\bin;C:\WINDOWS\SYSTEM32;C:\WINDOWS\WinSxS\amd64_microsoft.windows.common-controls_6595b64144ccf1df_6.0.19041.1110_none_60b5254171f9507e;C:\Program Files\Android\Android Studio2\jre\bin\server;C:\Users\DELL LATITUDE 5580\.gradle\native\e1d6ef7f7dcc3fd88c89a11ec53ec762bb8ba0a96d01ffa2cd45eb1d1d8dd5c5\windows-amd64;C:\Users\DELL LATITUDE 5580\.gradle\native\0d407fdbe67a94daf76414ababcb853783967236a71b16ec16e742cd7a986fd3\windows-amd64

VM Arguments:
jvm_args: --add-opens=java.base/java.util=ALL-UNNAMED --add-opens=java.base/java.lang=ALL-UNNAMED --add-opens=java.base/java.lang.invoke=ALL-UNNAMED --add-opens=java.base/java.util=ALL-UNNAMED --add-opens=java.prefs/java.util.prefs=ALL-UNNAMED --add-opens=java.prefs/java.util.prefs=ALL-UNNAMED --add-opens=java.base/java.nio.charset=ALL-UNNAMED --add-opens=java.base/java.net=ALL-UNNAMED --add-opens=java.base/java.util.concurrent.atomic=ALL-UNNAMED -Xmx2048m -Dfile.encoding=UTF-8 -Duser.country=FR -Duser.language=fr -Duser.variant 
java_command: org.gradle.launcher.daemon.bootstrap.GradleDaemon 7.4
java_class_path (initial): C:\Users\DELL LATITUDE 5580\.gradle\wrapper\dists\gradle-7.4-bin\c0gwcg53nkjbqw7r0h0umtfvt\gradle-7.4\lib\gradle-launcher-7.4.jar
Launcher Type: SUN_STANDARD

[Global flags]
     intx CICompilerCount                          = 3                                         {product} {ergonomic}
     uint ConcGCThreads                            = 1                                         {product} {ergonomic}
     uint G1ConcRefinementThreads                  = 4                                         {product} {ergonomic}
   size_t G1HeapRegionSize                         = 1048576                                   {product} {ergonomic}
    uintx GCDrainStackTargetSize                   = 64                                        {product} {ergonomic}
   size_t InitialHeapSize                          = 130023424                                 {product} {ergonomic}
   size_t MarkStackSize                            = 4194304                                   {product} {ergonomic}
   size_t MaxHeapSize                              = 2147483648                                {product} {command line}
   size_t MaxNewSize                               = 1287651328                                {product} {ergonomic}
   size_t MinHeapDeltaBytes                        = 1048576                                   {product} {ergonomic}
    uintx NonNMethodCodeHeapSize                   = 5830732                                {pd product} {ergonomic}
    uintx NonProfiledCodeHeapSize                  = 122913754                              {pd product} {ergonomic}
    uintx ProfiledCodeHeapSize                     = 122913754                              {pd product} {ergonomic}
    uintx ReservedCodeCacheSize                    = 251658240                              {pd product} {ergonomic}
     bool SegmentedCodeCache                       = true                                      {product} {ergonomic}
     bool UseCompressedClassPointers               = true                                 {lp64_product} {ergonomic}
     bool UseCompressedOops                        = true                                 {lp64_product} {ergonomic}
     bool UseG1GC                                  = true                                      {product} {ergonomic}
     bool UseLargePagesIndividualAllocation        = false                                  {pd product} {ergonomic}

Logging:
Log output configuration:
 #0: stdout all=warning uptime,level,tags
 #1: stderr all=off uptime,level,tags

Environment Variables:
PATH=C:\Program Files\Common Files\Oracle\Java\javapath;C:\oracle\product\10.2.0\db_1\bin;C:\WINDOWS\system32;C:\WINDOWS;C:\WINDOWS\System32\Wbem;C:\WINDOWS\System32\WindowsPowerShell\v1.0\;C:\WINDOWS\System32\OpenSSH\;C:\Users\DELL LATITUDE 5580\AppData\Local\Programs\Python\Python37;C:\Users\DELL LATITUDE 5580\Desktop\matlab 7.1\crack\runtime\win32;C:\Users\DELL LATITUDE 5580\Desktop\matlab 7.1\crack\bin;C:\Program Files\Git\cmd;C:\Program Files (x86)\dotnet\;C:\Users\DELL LATITUDE 5580\AppData\Local\Programs\Python\Python310\Scripts\;C:\Users\DELL LATITUDE 5580\AppData\Local\Programs\Python\Python310\;C:\Users\DELL LATITUDE 5580\AppData\Local\Microsoft\WindowsApps;C:\Program Files\JetBrains\PyCharm Community Edition 2019.2.4\bin;;C:\Users\DELL LATITUDE 5580\AppData\Local\Programs\Microsoft VS Code\bin;
USERNAME=DELL LATITUDE 5580
OS=Windows_NT
PROCESSOR_IDENTIFIER=Intel64 Family 6 Model 142 Stepping 9, GenuineIntel



---------------  S Y S T E M  ---------------

OS: Windows 10 , 64 bit Build 19041 (10.0.19041.2546)
OS uptime: 2 days 19:24 hours

CPU:total 4 (initial active 4) (2 cores per cpu, 2 threads per core) family 6 model 142 stepping 9 microcode 0xb4, cmov, cx8, fxsr, mmx, sse, sse2, sse3, ssse3, sse4.1, sse4.2, popcnt, avx, avx2, aes, clmul, erms, 3dnowpref, lzcnt, ht, tsc, tscinvbit, bmi1, bmi2, adx, fma

Memory: 4k page, system-wide physical 7833M (566M free)
TotalPageFile size 7833M (AvailPageFile size 5M)
current process WorkingSet (physical memory assigned to process): 250M, peak: 250M
current process commit charge ("private bytes"): 323M, peak: 324M

vm_info: OpenJDK 64-Bit Server VM (11.0.13+0-b1751.21-8125866) for windows-amd64 JRE (11.0.13+0-b1751.21-8125866), built on Feb  2 2022 03:00:22 by "builder" with MS VC++ 14.0 (VS2015)

END.
