#
# There is insufficient memory for the Java Runtime Environment to continue.
# Native memory allocation (malloc) failed to allocate 957536 bytes for Chunk::new
# Possible reasons:
#   The system is out of physical RAM or swap space
#   The process is running with CompressedOops enabled, and the Java Heap may be blocking the growth of the native heap
# Possible solutions:
#   Reduce memory load on the system
#   Increase physical memory or swap space
#   Check if swap backing store is full
#   Decrease Java heap size (-Xmx/-Xms)
#   Decrease number of Java threads
#   Decrease Java thread stack sizes (-Xss)
#   Set larger code cache with -XX:ReservedCodeCacheSize=
#   JVM is running with Unscaled Compressed Oops mode in which the Java heap is
#     placed in the first 4GB address space. The Java Heap base address is the
#     maximum limit for the native heap growth. Please use -XX:HeapBaseMinAddress
#     to set the Java Heap base and to place the Java Heap above 4GB virtual address.
# This output file may be truncated or incomplete.
#
#  Out of Memory Error (./src/hotspot/share/memory/arena.cpp:197), pid=11692, tid=260
#
# JRE version: OpenJDK Runtime Environment (11.0.13) (build 11.0.13+0-b1751.21-8125866)
# Java VM: OpenJDK 64-Bit Server VM (11.0.13+0-b1751.21-8125866, mixed mode, tiered, compressed oops, g1 gc, windows-amd64)
# No core dump will be written. Minidumps are not enabled by default on client versions of Windows
#

---------------  S U M M A R Y ------------

Command Line: --add-opens=java.base/java.util=ALL-UNNAMED --add-opens=java.base/java.lang=ALL-UNNAMED --add-opens=java.base/java.lang.invoke=ALL-UNNAMED --add-opens=java.base/java.util=ALL-UNNAMED --add-opens=java.prefs/java.util.prefs=ALL-UNNAMED --add-opens=java.prefs/java.util.prefs=ALL-UNNAMED --add-opens=java.base/java.nio.charset=ALL-UNNAMED --add-opens=java.base/java.net=ALL-UNNAMED --add-opens=java.base/java.util.concurrent.atomic=ALL-UNNAMED -Xmx2048m -Dfile.encoding=UTF-8 -Duser.country=FR -Duser.language=fr -Duser.variant org.gradle.launcher.daemon.bootstrap.GradleDaemon 7.4

Host: Intel(R) Core(TM) i5-7200U CPU @ 2.50GHz, 4 cores, 7G,  Windows 10 , 64 bit Build 19041 (10.0.19041.2546)
Time: Wed Apr 12 11:51:50 2023 Europe centrale elapsed time: 45.763380 seconds (0d 0h 0m 45s)

---------------  T H R E A D  ---------------

Current thread (0x0000012870d10800):  JavaThread "C2 CompilerThread0" daemon [_thread_in_native, id=260, stack(0x0000000e74f00000,0x0000000e75000000)]


Current CompileTask:
C2:  45763 11034   !   4       org.gradle.api.internal.artifacts.transform.TransformingAsyncArtifactListener$TransformedArtifact::finalizeValue (165 bytes)

Stack: [0x0000000e74f00000,0x0000000e75000000]
Native frames: (J=compiled Java code, j=interpreted, Vv=VM code, C=native code)
V  [jvm.dll+0x6100fa]
V  [jvm.dll+0x747090]
V  [jvm.dll+0x7486ad]
V  [jvm.dll+0x748d83]
V  [jvm.dll+0x24ab48]
V  [jvm.dll+0xc04dc]
V  [jvm.dll+0xc0a0c]
V  [jvm.dll+0x2bfab4]
V  [jvm.dll+0x524238]
V  [jvm.dll+0x20b193]
V  [jvm.dll+0x204ca0]
V  [jvm.dll+0x2023c2]
V  [jvm.dll+0x188e01]
V  [jvm.dll+0x21106b]
V  [jvm.dll+0x20f8c1]
V  [jvm.dll+0x70de0f]
V  [jvm.dll+0x706a75]
V  [jvm.dll+0x60ed66]
C  [ucrtbase.dll+0x21bb2]
C  [KERNEL32.DLL+0x17614]
C  [ntdll.dll+0x526a1]


---------------  P R O C E S S  ---------------

Threads class SMR info:
_java_thread_list=0x0000012878370890, length=85, elements={
0x000001285518d800, 0x0000012870cec000, 0x0000012870cef800, 0x00000128716c3800,
0x0000012870d0c800, 0x0000012870d0f800, 0x0000012870d10800, 0x00000128716f7800,
0x00000128716fb000, 0x00000128717f0000, 0x0000012873778800, 0x000001287371d800,
0x0000012871eda800, 0x000001287308f000, 0x0000012872c25800, 0x0000012872e04000,
0x0000012873c2a800, 0x000001287454a000, 0x0000012874e54000, 0x0000012874e53000,
0x0000012874e58000, 0x0000012874e55800, 0x0000012874e55000, 0x0000012874e56800,
0x0000012874e57800, 0x0000012874e59000, 0x0000012874e5a000, 0x0000012874785000,
0x0000012874780000, 0x0000012874783800, 0x0000012874781800, 0x0000012874784000,
0x0000012874781000, 0x0000012874786800, 0x0000012874787800, 0x0000012874789000,
0x000001287478b800, 0x0000012874788000, 0x0000012874785800, 0x000001287478a000,
0x000001287478e000, 0x000001287478a800, 0x000001287478c000, 0x000001287478d000,
0x0000012871e9b800, 0x0000012871e9c800, 0x0000012871e97800, 0x0000012871e97000,
0x0000012871e9d800, 0x0000012871e9e000, 0x0000012871e9a000, 0x0000012871e98800,
0x0000012871e9f000, 0x0000012871e9b000, 0x0000012871e99800, 0x0000012871ea1800,
0x0000012871ea2000, 0x0000012871ea3000, 0x0000012871ea4000, 0x0000012871ea5800,
0x0000012871ea4800, 0x0000012871ea0800, 0x0000012871ea0000, 0x0000012872e92800,
0x0000012872e95000, 0x0000012872e93800, 0x0000012872e91000, 0x0000012872e96000,
0x0000012872e97800, 0x0000012872e94800, 0x0000012872e97000, 0x0000012872e92000,
0x0000012872e9a000, 0x0000012872e9b800, 0x0000012872e9b000, 0x0000012872e9c800,
0x0000012872e9d800, 0x0000012872e9e000, 0x0000012872e98800, 0x0000012872e9f000,
0x0000012872e99000, 0x0000012872e9f800, 0x000001287b497000, 0x000001287b497800,
0x0000012873835000
}

Java Threads: ( => current thread )
  0x000001285518d800 JavaThread "main" [_thread_blocked, id=12900, stack(0x0000000e74300000,0x0000000e74400000)]
  0x0000012870cec000 JavaThread "Reference Handler" daemon [_thread_blocked, id=9928, stack(0x0000000e74a00000,0x0000000e74b00000)]
  0x0000012870cef800 JavaThread "Finalizer" daemon [_thread_blocked, id=12064, stack(0x0000000e74b00000,0x0000000e74c00000)]
  0x00000128716c3800 JavaThread "Signal Dispatcher" daemon [_thread_blocked, id=3768, stack(0x0000000e74c00000,0x0000000e74d00000)]
  0x0000012870d0c800 JavaThread "Attach Listener" daemon [_thread_blocked, id=3504, stack(0x0000000e74d00000,0x0000000e74e00000)]
  0x0000012870d0f800 JavaThread "Service Thread" daemon [_thread_blocked, id=12060, stack(0x0000000e74e00000,0x0000000e74f00000)]
=>0x0000012870d10800 JavaThread "C2 CompilerThread0" daemon [_thread_in_native, id=260, stack(0x0000000e74f00000,0x0000000e75000000)]
  0x00000128716f7800 JavaThread "C1 CompilerThread0" daemon [_thread_blocked, id=6892, stack(0x0000000e75000000,0x0000000e75100000)]
  0x00000128716fb000 JavaThread "Sweeper thread" daemon [_thread_blocked, id=3316, stack(0x0000000e75100000,0x0000000e75200000)]
  0x00000128717f0000 JavaThread "Common-Cleaner" daemon [_thread_blocked, id=11884, stack(0x0000000e75200000,0x0000000e75300000)]
  0x0000012873778800 JavaThread "Daemon health stats" [_thread_blocked, id=11172, stack(0x0000000e75600000,0x0000000e75700000)]
  0x000001287371d800 JavaThread "Incoming local TCP Connector on port 49419" [_thread_in_native, id=7976, stack(0x0000000e75500000,0x0000000e75600000)]
  0x0000012871eda800 JavaThread "Daemon periodic checks" [_thread_blocked, id=9592, stack(0x0000000e75700000,0x0000000e75800000)]
  0x000001287308f000 JavaThread "Daemon" [_thread_blocked, id=9964, stack(0x0000000e75800000,0x0000000e75900000)]
  0x0000012872c25800 JavaThread "Handler for socket connection from /127.0.0.1:49419 to /127.0.0.1:49420" [_thread_in_native, id=6356, stack(0x0000000e75900000,0x0000000e75a00000)]
  0x0000012872e04000 JavaThread "Cancel handler" [_thread_blocked, id=8220, stack(0x0000000e75a00000,0x0000000e75b00000)]
  0x0000012873c2a800 JavaThread "Daemon worker" [_thread_blocked, id=11260, stack(0x0000000e75d00000,0x0000000e75e00000)]
  0x000001287454a000 JavaThread "Asynchronous log dispatcher for DefaultDaemonConnection: socket connection from /127.0.0.1:49419 to /127.0.0.1:49420" [_thread_blocked, id=10020, stack(0x0000000e75e00000,0x0000000e75f00000)]
  0x0000012874e54000 JavaThread "Stdin handler" [_thread_blocked, id=840, stack(0x0000000e75f00000,0x0000000e76000000)]
  0x0000012874e53000 JavaThread "Daemon client event forwarder" [_thread_blocked, id=13052, stack(0x0000000e76000000,0x0000000e76100000)]
  0x0000012874e58000 JavaThread "Cache worker for journal cache (C:\Users\DELL LATITUDE 5580\.gradle\caches\journal-1)" [_thread_blocked, id=3000, stack(0x0000000e76100000,0x0000000e76200000)]
  0x0000012874e55800 JavaThread "File lock request listener" [_thread_in_native, id=13120, stack(0x0000000e76200000,0x0000000e76300000)]
  0x0000012874e55000 JavaThread "Cache worker for file hash cache (C:\Users\DELL LATITUDE 5580\.gradle\caches\7.4\fileHashes)" [_thread_blocked, id=2900, stack(0x0000000e76300000,0x0000000e76400000)]
  0x0000012874e56800 JavaThread "File watcher server" daemon [_thread_in_native, id=9336, stack(0x0000000e76500000,0x0000000e76600000)]
  0x0000012874e57800 JavaThread "File watcher consumer" daemon [_thread_blocked, id=7200, stack(0x0000000e76600000,0x0000000e76700000)]
  0x0000012874e59000 JavaThread "Cache worker for checksums cache (C:\Users\DELL LATITUDE 5580\memoireversionfinale\.gradle\7.4\checksums)" [_thread_blocked, id=2812, stack(0x0000000e76700000,0x0000000e76800000)]
  0x0000012874e5a000 JavaThread "Cache worker for cache directory md-rule (C:\Users\DELL LATITUDE 5580\.gradle\caches\7.4\md-rule)" [_thread_blocked, id=5248, stack(0x0000000e76800000,0x0000000e76900000)]
  0x0000012874785000 JavaThread "Cache worker for file hash cache (C:\Users\DELL LATITUDE 5580\memoireversionfinale\.gradle\7.4\fileHashes)" [_thread_blocked, id=3744, stack(0x0000000e76900000,0x0000000e76a00000)]
  0x0000012874780000 JavaThread "Cache worker for cache directory md-supplier (C:\Users\DELL LATITUDE 5580\.gradle\caches\7.4\md-supplier)" [_thread_blocked, id=12560, stack(0x0000000e76a00000,0x0000000e76b00000)]
  0x0000012874783800 JavaThread "Cache worker for execution history cache (C:\Users\DELL LATITUDE 5580\.gradle\caches\7.4\executionHistory)" [_thread_blocked, id=12004, stack(0x0000000e76b00000,0x0000000e76c00000)]
  0x0000012874781800 JavaThread "jar transforms" [_thread_blocked, id=12656, stack(0x0000000e76c00000,0x0000000e76d00000)]
  0x0000012874784000 JavaThread "Cache worker for file content cache (C:\Users\DELL LATITUDE 5580\.gradle\caches\7.4\fileContent)" [_thread_blocked, id=5192, stack(0x0000000e76d00000,0x0000000e76e00000)]
  0x0000012874781000 JavaThread "jar transforms Thread 2" [_thread_blocked, id=5816, stack(0x0000000e76e00000,0x0000000e76f00000)]
  0x0000012874786800 JavaThread "Cache worker for dependencies-accessors (C:\Users\DELL LATITUDE 5580\memoireversionfinale\.gradle\7.4\dependencies-accessors)" [_thread_blocked, id=7672, stack(0x0000000e76f00000,0x0000000e77000000)]
  0x0000012874787800 JavaThread "jar transforms Thread 3" [_thread_blocked, id=11544, stack(0x0000000e77000000,0x0000000e77100000)]
  0x0000012874789000 JavaThread "Cache worker for Build Output Cleanup Cache (C:\Users\DELL LATITUDE 5580\memoireversionfinale\.gradle\buildOutputCleanup)" [_thread_blocked, id=1484, stack(0x0000000e76400000,0x0000000e76500000)]
  0x000001287478b800 JavaThread "Unconstrained build operations" [_thread_blocked, id=6996, stack(0x0000000e77200000,0x0000000e77300000)]
  0x0000012874788000 JavaThread "Unconstrained build operations Thread 2" [_thread_blocked, id=2108, stack(0x0000000e77300000,0x0000000e77400000)]
  0x0000012874785800 JavaThread "Unconstrained build operations Thread 3" [_thread_blocked, id=9628, stack(0x0000000e77400000,0x0000000e77500000)]
  0x000001287478a000 JavaThread "Unconstrained build operations Thread 4" [_thread_blocked, id=5656, stack(0x0000000e77500000,0x0000000e77600000)]
  0x000001287478e000 JavaThread "Unconstrained build operations Thread 5" [_thread_blocked, id=13264, stack(0x0000000e77600000,0x0000000e77700000)]
  0x000001287478a800 JavaThread "Unconstrained build operations Thread 6" [_thread_blocked, id=13200, stack(0x0000000e77700000,0x0000000e77800000)]
  0x000001287478c000 JavaThread "Unconstrained build operations Thread 7" [_thread_blocked, id=1312, stack(0x0000000e77800000,0x0000000e77900000)]
  0x000001287478d000 JavaThread "Unconstrained build operations Thread 8" [_thread_blocked, id=7500, stack(0x0000000e77900000,0x0000000e77a00000)]
  0x0000012871e9b800 JavaThread "Unconstrained build operations Thread 9" [_thread_blocked, id=11168, stack(0x0000000e77a00000,0x0000000e77b00000)]
  0x0000012871e9c800 JavaThread "Unconstrained build operations Thread 10" [_thread_blocked, id=7000, stack(0x0000000e77b00000,0x0000000e77c00000)]
  0x0000012871e97800 JavaThread "Unconstrained build operations Thread 11" [_thread_blocked, id=3656, stack(0x0000000e77c00000,0x0000000e77d00000)]
  0x0000012871e97000 JavaThread "Unconstrained build operations Thread 12" [_thread_blocked, id=2008, stack(0x0000000e77d00000,0x0000000e77e00000)]
  0x0000012871e9d800 JavaThread "Unconstrained build operations Thread 13" [_thread_blocked, id=4164, stack(0x0000000e77e00000,0x0000000e77f00000)]
  0x0000012871e9e000 JavaThread "Unconstrained build operations Thread 14" [_thread_blocked, id=4916, stack(0x0000000e77f00000,0x0000000e78000000)]
  0x0000012871e9a000 JavaThread "Unconstrained build operations Thread 15" [_thread_blocked, id=2420, stack(0x0000000e78000000,0x0000000e78100000)]
  0x0000012871e98800 JavaThread "Unconstrained build operations Thread 16" [_thread_blocked, id=7680, stack(0x0000000e78100000,0x0000000e78200000)]
  0x0000012871e9f000 JavaThread "Unconstrained build operations Thread 17" [_thread_blocked, id=10144, stack(0x0000000e78200000,0x0000000e78300000)]
  0x0000012871e9b000 JavaThread "Unconstrained build operations Thread 18" [_thread_blocked, id=11672, stack(0x0000000e78300000,0x0000000e78400000)]
  0x0000012871e99800 JavaThread "Unconstrained build operations Thread 19" [_thread_blocked, id=10640, stack(0x0000000e78400000,0x0000000e78500000)]
  0x0000012871ea1800 JavaThread "Unconstrained build operations Thread 20" [_thread_blocked, id=888, stack(0x0000000e78500000,0x0000000e78600000)]
  0x0000012871ea2000 JavaThread "Unconstrained build operations Thread 21" [_thread_blocked, id=6208, stack(0x0000000e78600000,0x0000000e78700000)]
  0x0000012871ea3000 JavaThread "Unconstrained build operations Thread 22" [_thread_blocked, id=3024, stack(0x0000000e78700000,0x0000000e78800000)]
  0x0000012871ea4000 JavaThread "Unconstrained build operations Thread 23" [_thread_blocked, id=11744, stack(0x0000000e78800000,0x0000000e78900000)]
  0x0000012871ea5800 JavaThread "Unconstrained build operations Thread 24" [_thread_blocked, id=9856, stack(0x0000000e78900000,0x0000000e78a00000)]
  0x0000012871ea4800 JavaThread "Unconstrained build operations Thread 25" [_thread_blocked, id=3952, stack(0x0000000e78a00000,0x0000000e78b00000)]
  0x0000012871ea0800 JavaThread "Unconstrained build operations Thread 26" [_thread_blocked, id=6552, stack(0x0000000e78b00000,0x0000000e78c00000)]
  0x0000012871ea0000 JavaThread "Unconstrained build operations Thread 27" [_thread_blocked, id=6396, stack(0x0000000e78c00000,0x0000000e78d00000)]
  0x0000012872e92800 JavaThread "Unconstrained build operations Thread 28" [_thread_blocked, id=12372, stack(0x0000000e78d00000,0x0000000e78e00000)]
  0x0000012872e95000 JavaThread "Unconstrained build operations Thread 29" [_thread_blocked, id=3152, stack(0x0000000e78e00000,0x0000000e78f00000)]
  0x0000012872e93800 JavaThread "Unconstrained build operations Thread 30" [_thread_blocked, id=6392, stack(0x0000000e78f00000,0x0000000e79000000)]
  0x0000012872e91000 JavaThread "Unconstrained build operations Thread 31" [_thread_blocked, id=12576, stack(0x0000000e79000000,0x0000000e79100000)]
  0x0000012872e96000 JavaThread "Unconstrained build operations Thread 32" [_thread_blocked, id=7648, stack(0x0000000e79100000,0x0000000e79200000)]
  0x0000012872e97800 JavaThread "Unconstrained build operations Thread 33" [_thread_blocked, id=8040, stack(0x0000000e79200000,0x0000000e79300000)]
  0x0000012872e94800 JavaThread "Unconstrained build operations Thread 34" [_thread_blocked, id=7360, stack(0x0000000e79300000,0x0000000e79400000)]
  0x0000012872e97000 JavaThread "Unconstrained build operations Thread 35" [_thread_blocked, id=2180, stack(0x0000000e79400000,0x0000000e79500000)]
  0x0000012872e92000 JavaThread "Unconstrained build operations Thread 36" [_thread_blocked, id=5384, stack(0x0000000e79500000,0x0000000e79600000)]
  0x0000012872e9a000 JavaThread "Unconstrained build operations Thread 37" [_thread_blocked, id=9580, stack(0x0000000e79600000,0x0000000e79700000)]
  0x0000012872e9b800 JavaThread "Unconstrained build operations Thread 38" [_thread_blocked, id=5004, stack(0x0000000e79700000,0x0000000e79800000)]
  0x0000012872e9b000 JavaThread "Unconstrained build operations Thread 39" [_thread_blocked, id=7232, stack(0x0000000e79800000,0x0000000e79900000)]
  0x0000012872e9c800 JavaThread "Unconstrained build operations Thread 40" [_thread_blocked, id=7480, stack(0x0000000e79900000,0x0000000e79a00000)]
  0x0000012872e9d800 JavaThread "jar transforms Thread 4" [_thread_blocked, id=10384, stack(0x0000000e79a00000,0x0000000e79b00000)]
  0x0000012872e9e000 JavaThread "Memory manager" [_thread_blocked, id=10940, stack(0x0000000e79b00000,0x0000000e79c00000)]
  0x0000012872e98800 JavaThread "build event listener" [_thread_blocked, id=4344, stack(0x0000000e79c00000,0x0000000e79d00000)]
  0x0000012872e9f000 JavaThread "included builds" [_thread_blocked, id=8384, stack(0x0000000e79d00000,0x0000000e79e00000)]
  0x0000012872e99000 JavaThread "Execution worker for ':'" [_thread_in_Java, id=8528, stack(0x0000000e79e00000,0x0000000e79f00000)]
  0x0000012872e9f800 JavaThread "Execution worker for ':' Thread 2" [_thread_blocked, id=13140, stack(0x0000000e79f00000,0x0000000e7a000000)]
  0x000001287b497000 JavaThread "Execution worker for ':' Thread 3" [_thread_blocked, id=10344, stack(0x0000000e7a000000,0x0000000e7a100000)]
  0x000001287b497800 JavaThread "Cache worker for execution history cache (C:\Users\DELL LATITUDE 5580\memoireversionfinale\.gradle\7.4\executionHistory)" [_thread_blocked, id=12336, stack(0x0000000e7a100000,0x0000000e7a200000)]
  0x0000012873835000 JavaThread "C2 CompilerThread1" daemon [_thread_in_native, id=10532, stack(0x0000000e74200000,0x0000000e74300000)]

Other Threads:
  0x0000012870ce6000 VMThread "VM Thread" [stack: 0x0000000e74900000,0x0000000e74a00000] [id=9100]
  0x0000012871837000 WatcherThread [stack: 0x0000000e75300000,0x0000000e75400000] [id=5940]
  0x00000128551a4800 GCTaskThread "GC Thread#0" [stack: 0x0000000e74400000,0x0000000e74500000] [id=11108]
  0x0000012871efb000 GCTaskThread "GC Thread#1" [stack: 0x0000000e75400000,0x0000000e75500000] [id=10928]
  0x0000012874d30800 GCTaskThread "GC Thread#2" [stack: 0x0000000e75b00000,0x0000000e75c00000] [id=11540]
  0x0000012873fce800 GCTaskThread "GC Thread#3" [stack: 0x0000000e75c00000,0x0000000e75d00000] [id=3460]
  0x00000128551d7000 ConcurrentGCThread "G1 Main Marker" [stack: 0x0000000e74500000,0x0000000e74600000] [id=2444]
  0x00000128551d8000 ConcurrentGCThread "G1 Conc#0" [stack: 0x0000000e74600000,0x0000000e74700000] [id=12704]
  0x0000012855264000 ConcurrentGCThread "G1 Refine#0" [stack: 0x0000000e74700000,0x0000000e74800000] [id=8012]
  0x0000012855266000 ConcurrentGCThread "G1 Young RemSet Sampling" [stack: 0x0000000e74800000,0x0000000e74900000] [id=11900]

Threads with active compile tasks:
C2 CompilerThread0  45831 11034   !   4       org.gradle.api.internal.artifacts.transform.TransformingAsyncArtifactListener$TransformedArtifact::finalizeValue (165 bytes)
C2 CompilerThread1  45831 11085       4       org.gradle.internal.snapshot.ChildMap$Entry::handleAncestorDescendantOrExactMatch (110 bytes)

VM state:not at safepoint (normal execution)

VM Mutex/Monitor currently owned by a thread: None

Heap address: 0x0000000080000000, size: 2048 MB, Compressed Oops mode: 32-bit
Narrow klass base: 0x0000000000000000, Narrow klass shift: 3
Compressed class space size: 1073741824 Address: 0x0000000100000000

Heap:
 garbage-first heap   total 220160K, used 158376K [0x0000000080000000, 0x0000000100000000)
  region size 1024K, 86 young (88064K), 13 survivors (13312K)
 Metaspace       used 84421K, capacity 86552K, committed 86736K, reserved 1124352K
  class space    used 10907K, capacity 11676K, committed 11776K, reserved 1048576K
Heap Regions: E=young(eden), S=young(survivor), O=old, HS=humongous(starts), HC=humongous(continues), CS=collection set, F=free, A=archive, TAMS=top-at-mark-start (previous, next)
|   0|0x0000000080000000, 0x0000000080100000, 0x0000000080100000|100%|HS|  |TAMS 0x0000000080100000, 0x0000000080000000| Complete 
|   1|0x0000000080100000, 0x0000000080200000, 0x0000000080200000|100%|HC|  |TAMS 0x0000000080200000, 0x0000000080100000| Complete 
|   2|0x0000000080200000, 0x0000000080300000, 0x0000000080300000|100%|HC|  |TAMS 0x0000000080300000, 0x0000000080200000| Complete 
|   3|0x0000000080300000, 0x0000000080400000, 0x0000000080400000|100%| O|  |TAMS 0x0000000080400000, 0x0000000080300000| Untracked 
|   4|0x0000000080400000, 0x0000000080500000, 0x0000000080500000|100%| O|  |TAMS 0x0000000080500000, 0x0000000080400000| Untracked 
|   5|0x0000000080500000, 0x0000000080600000, 0x0000000080600000|100%| O|  |TAMS 0x0000000080600000, 0x0000000080500000| Untracked 
|   6|0x0000000080600000, 0x0000000080700000, 0x0000000080700000|100%| O|  |TAMS 0x0000000080700000, 0x0000000080600000| Untracked 
|   7|0x0000000080700000, 0x0000000080800000, 0x0000000080800000|100%| O|  |TAMS 0x0000000080800000, 0x0000000080700000| Untracked 
|   8|0x0000000080800000, 0x0000000080900000, 0x0000000080900000|100%| O|  |TAMS 0x0000000080900000, 0x0000000080800000| Untracked 
|   9|0x0000000080900000, 0x0000000080a00000, 0x0000000080a00000|100%| O|  |TAMS 0x0000000080a00000, 0x0000000080900000| Untracked 
|  10|0x0000000080a00000, 0x0000000080b00000, 0x0000000080b00000|100%| O|  |TAMS 0x0000000080b00000, 0x0000000080a00000| Untracked 
|  11|0x0000000080b00000, 0x0000000080c00000, 0x0000000080c00000|100%| O|  |TAMS 0x0000000080c00000, 0x0000000080b00000| Untracked 
|  12|0x0000000080c00000, 0x0000000080d00000, 0x0000000080d00000|100%| O|  |TAMS 0x0000000080d00000, 0x0000000080c00000| Untracked 
|  13|0x0000000080d00000, 0x0000000080e00000, 0x0000000080e00000|100%| O|  |TAMS 0x0000000080e00000, 0x0000000080d00000| Untracked 
|  14|0x0000000080e00000, 0x0000000080f00000, 0x0000000080f00000|100%| O|  |TAMS 0x0000000080f00000, 0x0000000080e00000| Untracked 
|  15|0x0000000080f00000, 0x0000000081000000, 0x0000000081000000|100%| O|  |TAMS 0x0000000081000000, 0x0000000080f00000| Untracked 
|  16|0x0000000081000000, 0x0000000081100000, 0x0000000081100000|100%| O|  |TAMS 0x0000000081100000, 0x0000000081000000| Untracked 
|  17|0x0000000081100000, 0x0000000081200000, 0x0000000081200000|100%| O|  |TAMS 0x0000000081200000, 0x0000000081100000| Untracked 
|  18|0x0000000081200000, 0x0000000081300000, 0x0000000081300000|100%| O|  |TAMS 0x0000000081300000, 0x0000000081200000| Untracked 
|  19|0x0000000081300000, 0x0000000081400000, 0x0000000081400000|100%| O|  |TAMS 0x0000000081400000, 0x0000000081300000| Untracked 
|  20|0x0000000081400000, 0x0000000081500000, 0x0000000081500000|100%| O|  |TAMS 0x0000000081500000, 0x0000000081400000| Untracked 
|  21|0x0000000081500000, 0x0000000081600000, 0x0000000081600000|100%| O|  |TAMS 0x0000000081600000, 0x0000000081500000| Untracked 
|  22|0x0000000081600000, 0x0000000081700000, 0x0000000081700000|100%| O|  |TAMS 0x0000000081700000, 0x0000000081600000| Untracked 
|  23|0x0000000081700000, 0x0000000081800000, 0x0000000081800000|100%|HS|  |TAMS 0x0000000081800000, 0x0000000081700000| Complete 
|  24|0x0000000081800000, 0x0000000081900000, 0x0000000081900000|100%| O|  |TAMS 0x0000000081900000, 0x0000000081800000| Untracked 
|  25|0x0000000081900000, 0x0000000081a00000, 0x0000000081a00000|100%| O|  |TAMS 0x0000000081a00000, 0x0000000081900000| Untracked 
|  26|0x0000000081a00000, 0x0000000081b00000, 0x0000000081b00000|100%| O|  |TAMS 0x0000000081b00000, 0x0000000081a00000| Untracked 
|  27|0x0000000081b00000, 0x0000000081c00000, 0x0000000081c00000|100%| O|  |TAMS 0x0000000081c00000, 0x0000000081b00000| Untracked 
|  28|0x0000000081c00000, 0x0000000081d00000, 0x0000000081d00000|100%|HS|  |TAMS 0x0000000081d00000, 0x0000000081c00000| Complete 
|  29|0x0000000081d00000, 0x0000000081e00000, 0x0000000081e00000|100%| O|  |TAMS 0x0000000081e00000, 0x0000000081d00000| Untracked 
|  30|0x0000000081e00000, 0x0000000081f00000, 0x0000000081f00000|100%|HS|  |TAMS 0x0000000081f00000, 0x0000000081e00000| Complete 
|  31|0x0000000081f00000, 0x0000000082000000, 0x0000000082000000|100%|HC|  |TAMS 0x0000000082000000, 0x0000000081f00000| Complete 
|  32|0x0000000082000000, 0x0000000082100000, 0x0000000082100000|100%| O|  |TAMS 0x0000000082100000, 0x0000000082000000| Untracked 
|  33|0x0000000082100000, 0x0000000082200000, 0x0000000082200000|100%| O|  |TAMS 0x0000000082200000, 0x0000000082100000| Untracked 
|  34|0x0000000082200000, 0x0000000082300000, 0x0000000082300000|100%| O|  |TAMS 0x0000000082300000, 0x0000000082200000| Untracked 
|  35|0x0000000082300000, 0x0000000082400000, 0x0000000082400000|100%| O|  |TAMS 0x0000000082400000, 0x0000000082300000| Untracked 
|  36|0x0000000082400000, 0x0000000082500000, 0x0000000082500000|100%| O|  |TAMS 0x0000000082500000, 0x0000000082400000| Untracked 
|  37|0x0000000082500000, 0x0000000082600000, 0x0000000082600000|100%| O|  |TAMS 0x0000000082600000, 0x0000000082500000| Untracked 
|  38|0x0000000082600000, 0x0000000082700000, 0x0000000082700000|100%| O|  |TAMS 0x0000000082700000, 0x0000000082600000| Untracked 
|  39|0x0000000082700000, 0x0000000082800000, 0x0000000082800000|100%| O|  |TAMS 0x0000000082800000, 0x0000000082700000| Untracked 
|  40|0x0000000082800000, 0x0000000082900000, 0x0000000082900000|100%| O|  |TAMS 0x0000000082900000, 0x0000000082800000| Untracked 
|  41|0x0000000082900000, 0x0000000082a00000, 0x0000000082a00000|100%| O|  |TAMS 0x0000000082a00000, 0x0000000082900000| Untracked 
|  42|0x0000000082a00000, 0x0000000082b00000, 0x0000000082b00000|100%| O|  |TAMS 0x0000000082b00000, 0x0000000082a00000| Untracked 
|  43|0x0000000082b00000, 0x0000000082c00000, 0x0000000082c00000|100%| O|  |TAMS 0x0000000082ba0a00, 0x0000000082b00000| Untracked 
|  44|0x0000000082c00000, 0x0000000082d00000, 0x0000000082d00000|100%| O|  |TAMS 0x0000000082c00000, 0x0000000082c00000| Untracked 
|  45|0x0000000082d00000, 0x0000000082e00000, 0x0000000082e00000|100%| O|  |TAMS 0x0000000082d00000, 0x0000000082d00000| Untracked 
|  46|0x0000000082e00000, 0x0000000082f00000, 0x0000000082f00000|100%| O|  |TAMS 0x0000000082e00000, 0x0000000082e00000| Untracked 
|  47|0x0000000082f00000, 0x0000000083000000, 0x0000000083000000|100%| O|  |TAMS 0x0000000082f00000, 0x0000000082f00000| Untracked 
|  48|0x0000000083000000, 0x0000000083100000, 0x0000000083100000|100%| O|  |TAMS 0x0000000083000000, 0x0000000083000000| Untracked 
|  49|0x0000000083100000, 0x0000000083200000, 0x0000000083200000|100%| O|  |TAMS 0x0000000083100000, 0x0000000083100000| Untracked 
|  50|0x0000000083200000, 0x0000000083300000, 0x0000000083300000|100%| O|  |TAMS 0x0000000083200000, 0x0000000083200000| Untracked 
|  51|0x0000000083300000, 0x0000000083400000, 0x0000000083400000|100%| O|  |TAMS 0x0000000083300000, 0x0000000083300000| Untracked 
|  52|0x0000000083400000, 0x0000000083500000, 0x0000000083500000|100%| O|  |TAMS 0x0000000083400000, 0x0000000083400000| Untracked 
|  53|0x0000000083500000, 0x0000000083600000, 0x0000000083600000|100%| O|  |TAMS 0x0000000083500000, 0x0000000083500000| Untracked 
|  54|0x0000000083600000, 0x0000000083700000, 0x0000000083700000|100%| O|  |TAMS 0x0000000083600000, 0x0000000083600000| Untracked 
|  55|0x0000000083700000, 0x0000000083800000, 0x0000000083800000|100%| O|  |TAMS 0x0000000083700000, 0x0000000083700000| Untracked 
|  56|0x0000000083800000, 0x0000000083900000, 0x0000000083900000|100%| O|  |TAMS 0x0000000083800000, 0x0000000083800000| Untracked 
|  57|0x0000000083900000, 0x0000000083a00000, 0x0000000083a00000|100%| O|  |TAMS 0x0000000083900000, 0x0000000083900000| Untracked 
|  58|0x0000000083a00000, 0x0000000083b00000, 0x0000000083b00000|100%| O|  |TAMS 0x0000000083a00000, 0x0000000083a00000| Untracked 
|  59|0x0000000083b00000, 0x0000000083c00000, 0x0000000083c00000|100%| O|  |TAMS 0x0000000083b00000, 0x0000000083b00000| Untracked 
|  60|0x0000000083c00000, 0x0000000083d00000, 0x0000000083d00000|100%| O|  |TAMS 0x0000000083c00000, 0x0000000083c00000| Untracked 
|  61|0x0000000083d00000, 0x0000000083e00000, 0x0000000083e00000|100%| O|  |TAMS 0x0000000083d00000, 0x0000000083d00000| Untracked 
|  62|0x0000000083e00000, 0x0000000083f00000, 0x0000000083f00000|100%| O|  |TAMS 0x0000000083e00000, 0x0000000083e00000| Untracked 
|  63|0x0000000083f00000, 0x0000000084000000, 0x0000000084000000|100%| O|  |TAMS 0x0000000083f00000, 0x0000000083f00000| Untracked 
|  64|0x0000000084000000, 0x0000000084100000, 0x0000000084100000|100%| O|  |TAMS 0x0000000084000000, 0x0000000084000000| Untracked 
|  65|0x0000000084100000, 0x0000000084200000, 0x0000000084200000|100%| O|  |TAMS 0x0000000084100000, 0x0000000084100000| Untracked 
|  66|0x0000000084200000, 0x0000000084300000, 0x0000000084300000|100%| O|  |TAMS 0x0000000084200000, 0x0000000084200000| Untracked 
|  67|0x0000000084300000, 0x0000000084400000, 0x0000000084400000|100%| O|  |TAMS 0x0000000084300000, 0x0000000084300000| Untracked 
|  68|0x0000000084400000, 0x0000000084500000, 0x0000000084500000|100%| O|  |TAMS 0x0000000084400000, 0x0000000084400000| Untracked 
|  69|0x0000000084500000, 0x0000000084600000, 0x0000000084600000|100%| O|  |TAMS 0x0000000084500000, 0x0000000084500000| Untracked 
|  70|0x0000000084600000, 0x0000000084700000, 0x0000000084700000|100%| O|  |TAMS 0x0000000084600000, 0x0000000084600000| Untracked 
|  71|0x0000000084700000, 0x000000008472be00, 0x0000000084800000| 17%| O|  |TAMS 0x0000000084700000, 0x0000000084700000| Untracked 
|  72|0x0000000084800000, 0x0000000084800000, 0x0000000084900000|  0%| F|  |TAMS 0x0000000084800000, 0x0000000084800000| Untracked 
|  73|0x0000000084900000, 0x0000000084900000, 0x0000000084a00000|  0%| F|  |TAMS 0x0000000084900000, 0x0000000084900000| Untracked 
|  74|0x0000000084a00000, 0x0000000084a00000, 0x0000000084b00000|  0%| F|  |TAMS 0x0000000084a00000, 0x0000000084a00000| Untracked 
|  75|0x0000000084b00000, 0x0000000084b00000, 0x0000000084c00000|  0%| F|  |TAMS 0x0000000084b00000, 0x0000000084b00000| Untracked 
|  76|0x0000000084c00000, 0x0000000084c00000, 0x0000000084d00000|  0%| F|  |TAMS 0x0000000084c00000, 0x0000000084c00000| Untracked 
|  77|0x0000000084d00000, 0x0000000084d00000, 0x0000000084e00000|  0%| F|  |TAMS 0x0000000084d00000, 0x0000000084d00000| Untracked 
|  78|0x0000000084e00000, 0x0000000084e00000, 0x0000000084f00000|  0%| F|  |TAMS 0x0000000084e00000, 0x0000000084e00000| Untracked 
|  79|0x0000000084f00000, 0x0000000084f00000, 0x0000000085000000|  0%| F|  |TAMS 0x0000000084f00000, 0x0000000084f00000| Untracked 
|  80|0x0000000085000000, 0x0000000085000000, 0x0000000085100000|  0%| F|  |TAMS 0x0000000085000000, 0x0000000085000000| Untracked 
|  81|0x0000000085100000, 0x0000000085100000, 0x0000000085200000|  0%| F|  |TAMS 0x0000000085100000, 0x0000000085100000| Untracked 
|  82|0x0000000085200000, 0x0000000085200000, 0x0000000085300000|  0%| F|  |TAMS 0x0000000085200000, 0x0000000085200000| Untracked 
|  83|0x0000000085300000, 0x0000000085300000, 0x0000000085400000|  0%| F|  |TAMS 0x0000000085300000, 0x0000000085300000| Untracked 
|  84|0x0000000085400000, 0x0000000085400000, 0x0000000085500000|  0%| F|  |TAMS 0x0000000085400000, 0x0000000085400000| Untracked 
|  85|0x0000000085500000, 0x0000000085500000, 0x0000000085600000|  0%| F|  |TAMS 0x0000000085500000, 0x0000000085500000| Untracked 
|  86|0x0000000085600000, 0x0000000085600000, 0x0000000085700000|  0%| F|  |TAMS 0x0000000085600000, 0x0000000085600000| Untracked 
|  87|0x0000000085700000, 0x0000000085700000, 0x0000000085800000|  0%| F|  |TAMS 0x0000000085700000, 0x0000000085700000| Untracked 
|  88|0x0000000085800000, 0x0000000085800000, 0x0000000085900000|  0%| F|  |TAMS 0x0000000085800000, 0x0000000085800000| Untracked 
|  89|0x0000000085900000, 0x0000000085900000, 0x0000000085a00000|  0%| F|  |TAMS 0x0000000085900000, 0x0000000085900000| Untracked 
|  90|0x0000000085a00000, 0x0000000085a00000, 0x0000000085b00000|  0%| F|  |TAMS 0x0000000085a00000, 0x0000000085a00000| Untracked 
|  91|0x0000000085b00000, 0x0000000085b00000, 0x0000000085c00000|  0%| F|  |TAMS 0x0000000085b00000, 0x0000000085b00000| Untracked 
|  92|0x0000000085c00000, 0x0000000085c00000, 0x0000000085d00000|  0%| F|  |TAMS 0x0000000085c00000, 0x0000000085c00000| Untracked 
|  93|0x0000000085d00000, 0x0000000085d00000, 0x0000000085e00000|  0%| F|  |TAMS 0x0000000085d00000, 0x0000000085d00000| Untracked 
|  94|0x0000000085e00000, 0x0000000085e00000, 0x0000000085f00000|  0%| F|  |TAMS 0x0000000085e00000, 0x0000000085e00000| Untracked 
|  95|0x0000000085f00000, 0x0000000085f00000, 0x0000000086000000|  0%| F|  |TAMS 0x0000000085f00000, 0x0000000085f00000| Untracked 
|  96|0x0000000086000000, 0x0000000086000000, 0x0000000086100000|  0%| F|  |TAMS 0x0000000086000000, 0x0000000086000000| Untracked 
|  97|0x0000000086100000, 0x0000000086100000, 0x0000000086200000|  0%| F|  |TAMS 0x0000000086100000, 0x0000000086100000| Untracked 
|  98|0x0000000086200000, 0x0000000086200000, 0x0000000086300000|  0%| F|  |TAMS 0x0000000086200000, 0x0000000086200000| Untracked 
|  99|0x0000000086300000, 0x0000000086300000, 0x0000000086400000|  0%| F|  |TAMS 0x0000000086300000, 0x0000000086300000| Untracked 
| 100|0x0000000086400000, 0x0000000086400000, 0x0000000086500000|  0%| F|  |TAMS 0x0000000086400000, 0x0000000086400000| Untracked 
| 101|0x0000000086500000, 0x0000000086500000, 0x0000000086600000|  0%| F|  |TAMS 0x0000000086500000, 0x0000000086500000| Untracked 
| 102|0x0000000086600000, 0x0000000086600000, 0x0000000086700000|  0%| F|  |TAMS 0x0000000086600000, 0x0000000086600000| Untracked 
| 103|0x0000000086700000, 0x000000008677e490, 0x0000000086800000| 49%| S|CS|TAMS 0x0000000086700000, 0x0000000086700000| Complete 
| 104|0x0000000086800000, 0x0000000086900000, 0x0000000086900000|100%| S|CS|TAMS 0x0000000086800000, 0x0000000086800000| Complete 
| 105|0x0000000086900000, 0x0000000086a00000, 0x0000000086a00000|100%| S|CS|TAMS 0x0000000086900000, 0x0000000086900000| Complete 
| 106|0x0000000086a00000, 0x0000000086b00000, 0x0000000086b00000|100%| S|CS|TAMS 0x0000000086a00000, 0x0000000086a00000| Complete 
| 107|0x0000000086b00000, 0x0000000086c00000, 0x0000000086c00000|100%| S|CS|TAMS 0x0000000086b00000, 0x0000000086b00000| Complete 
| 108|0x0000000086c00000, 0x0000000086d00000, 0x0000000086d00000|100%| S|CS|TAMS 0x0000000086c00000, 0x0000000086c00000| Complete 
| 109|0x0000000086d00000, 0x0000000086e00000, 0x0000000086e00000|100%| S|CS|TAMS 0x0000000086d00000, 0x0000000086d00000| Complete 
| 110|0x0000000086e00000, 0x0000000086f00000, 0x0000000086f00000|100%| S|CS|TAMS 0x0000000086e00000, 0x0000000086e00000| Complete 
| 111|0x0000000086f00000, 0x0000000087000000, 0x0000000087000000|100%| S|CS|TAMS 0x0000000086f00000, 0x0000000086f00000| Complete 
| 112|0x0000000087000000, 0x0000000087100000, 0x0000000087100000|100%| S|CS|TAMS 0x0000000087000000, 0x0000000087000000| Complete 
| 113|0x0000000087100000, 0x0000000087200000, 0x0000000087200000|100%| S|CS|TAMS 0x0000000087100000, 0x0000000087100000| Complete 
| 114|0x0000000087200000, 0x0000000087300000, 0x0000000087300000|100%| S|CS|TAMS 0x0000000087200000, 0x0000000087200000| Complete 
| 115|0x0000000087300000, 0x0000000087400000, 0x0000000087400000|100%| S|CS|TAMS 0x0000000087300000, 0x0000000087300000| Complete 
| 116|0x0000000087400000, 0x0000000087400000, 0x0000000087500000|  0%| F|  |TAMS 0x0000000087400000, 0x0000000087400000| Untracked 
| 117|0x0000000087500000, 0x0000000087500000, 0x0000000087600000|  0%| F|  |TAMS 0x0000000087500000, 0x0000000087500000| Untracked 
| 118|0x0000000087600000, 0x0000000087600000, 0x0000000087700000|  0%| F|  |TAMS 0x0000000087600000, 0x0000000087600000| Untracked 
| 119|0x0000000087700000, 0x0000000087700000, 0x0000000087800000|  0%| F|  |TAMS 0x0000000087700000, 0x0000000087700000| Untracked 
| 120|0x0000000087800000, 0x0000000087800000, 0x0000000087900000|  0%| F|  |TAMS 0x0000000087800000, 0x0000000087800000| Untracked 
| 121|0x0000000087900000, 0x0000000087900000, 0x0000000087a00000|  0%| F|  |TAMS 0x0000000087900000, 0x0000000087900000| Untracked 
| 122|0x0000000087a00000, 0x0000000087a00000, 0x0000000087b00000|  0%| F|  |TAMS 0x0000000087a00000, 0x0000000087a00000| Untracked 
| 123|0x0000000087b00000, 0x0000000087b00000, 0x0000000087c00000|  0%| F|  |TAMS 0x0000000087b00000, 0x0000000087b00000| Untracked 
| 124|0x0000000087c00000, 0x0000000087c00000, 0x0000000087d00000|  0%| F|  |TAMS 0x0000000087c00000, 0x0000000087c00000| Untracked 
| 125|0x0000000087d00000, 0x0000000087d00000, 0x0000000087e00000|  0%| F|  |TAMS 0x0000000087d00000, 0x0000000087d00000| Untracked 
| 126|0x0000000087e00000, 0x0000000087e00000, 0x0000000087f00000|  0%| F|  |TAMS 0x0000000087e00000, 0x0000000087e00000| Untracked 
| 127|0x0000000087f00000, 0x0000000087f00000, 0x0000000088000000|  0%| F|  |TAMS 0x0000000087f00000, 0x0000000087f00000| Untracked 
| 128|0x0000000088000000, 0x0000000088000000, 0x0000000088100000|  0%| F|  |TAMS 0x0000000088000000, 0x0000000088000000| Untracked 
| 129|0x0000000088100000, 0x0000000088100000, 0x0000000088200000|  0%| F|  |TAMS 0x0000000088100000, 0x0000000088100000| Untracked 
| 130|0x0000000088200000, 0x0000000088200000, 0x0000000088300000|  0%| F|  |TAMS 0x0000000088200000, 0x0000000088200000| Untracked 
| 131|0x0000000088300000, 0x0000000088300000, 0x0000000088400000|  0%| F|  |TAMS 0x0000000088300000, 0x0000000088300000| Untracked 
| 132|0x0000000088400000, 0x0000000088400000, 0x0000000088500000|  0%| F|  |TAMS 0x0000000088400000, 0x0000000088400000| Untracked 
| 133|0x0000000088500000, 0x0000000088500000, 0x0000000088600000|  0%| F|  |TAMS 0x0000000088500000, 0x0000000088500000| Untracked 
| 134|0x0000000088600000, 0x0000000088600000, 0x0000000088700000|  0%| F|  |TAMS 0x0000000088600000, 0x0000000088600000| Untracked 
| 135|0x0000000088700000, 0x0000000088700000, 0x0000000088800000|  0%| F|  |TAMS 0x0000000088700000, 0x0000000088700000| Untracked 
| 136|0x0000000088800000, 0x0000000088800000, 0x0000000088900000|  0%| F|  |TAMS 0x0000000088800000, 0x0000000088800000| Untracked 
| 137|0x0000000088900000, 0x0000000088900000, 0x0000000088a00000|  0%| F|  |TAMS 0x0000000088900000, 0x0000000088900000| Untracked 
| 138|0x0000000088a00000, 0x0000000088a00000, 0x0000000088b00000|  0%| F|  |TAMS 0x0000000088a00000, 0x0000000088a00000| Untracked 
| 139|0x0000000088b00000, 0x0000000088b00000, 0x0000000088c00000|  0%| F|  |TAMS 0x0000000088b00000, 0x0000000088b00000| Untracked 
| 140|0x0000000088c00000, 0x0000000088c00000, 0x0000000088d00000|  0%| F|  |TAMS 0x0000000088c00000, 0x0000000088c00000| Untracked 
| 141|0x0000000088d00000, 0x0000000088d00000, 0x0000000088e00000|  0%| F|  |TAMS 0x0000000088d00000, 0x0000000088d00000| Untracked 
| 142|0x0000000088e00000, 0x0000000088e64928, 0x0000000088f00000| 39%| E|  |TAMS 0x0000000088e00000, 0x0000000088e00000| Complete 
| 143|0x0000000088f00000, 0x0000000089000000, 0x0000000089000000|100%| E|CS|TAMS 0x0000000088f00000, 0x0000000088f00000| Complete 
| 144|0x0000000089000000, 0x0000000089100000, 0x0000000089100000|100%| E|CS|TAMS 0x0000000089000000, 0x0000000089000000| Complete 
| 145|0x0000000089100000, 0x0000000089200000, 0x0000000089200000|100%| E|CS|TAMS 0x0000000089100000, 0x0000000089100000| Complete 
| 146|0x0000000089200000, 0x0000000089300000, 0x0000000089300000|100%| E|CS|TAMS 0x0000000089200000, 0x0000000089200000| Complete 
| 147|0x0000000089300000, 0x0000000089400000, 0x0000000089400000|100%| E|CS|TAMS 0x0000000089300000, 0x0000000089300000| Complete 
| 148|0x0000000089400000, 0x0000000089500000, 0x0000000089500000|100%| E|CS|TAMS 0x0000000089400000, 0x0000000089400000| Complete 
| 149|0x0000000089500000, 0x0000000089600000, 0x0000000089600000|100%| E|CS|TAMS 0x0000000089500000, 0x0000000089500000| Complete 
| 150|0x0000000089600000, 0x0000000089700000, 0x0000000089700000|100%| E|CS|TAMS 0x0000000089600000, 0x0000000089600000| Complete 
| 151|0x0000000089700000, 0x0000000089800000, 0x0000000089800000|100%| E|CS|TAMS 0x0000000089700000, 0x0000000089700000| Complete 
| 152|0x0000000089800000, 0x0000000089900000, 0x0000000089900000|100%| E|CS|TAMS 0x0000000089800000, 0x0000000089800000| Complete 
| 153|0x0000000089900000, 0x0000000089a00000, 0x0000000089a00000|100%| E|CS|TAMS 0x0000000089900000, 0x0000000089900000| Complete 
| 154|0x0000000089a00000, 0x0000000089b00000, 0x0000000089b00000|100%| E|CS|TAMS 0x0000000089a00000, 0x0000000089a00000| Complete 
| 155|0x0000000089b00000, 0x0000000089c00000, 0x0000000089c00000|100%| E|CS|TAMS 0x0000000089b00000, 0x0000000089b00000| Complete 
| 156|0x0000000089c00000, 0x0000000089d00000, 0x0000000089d00000|100%| E|CS|TAMS 0x0000000089c00000, 0x0000000089c00000| Complete 
| 157|0x0000000089d00000, 0x0000000089e00000, 0x0000000089e00000|100%| E|CS|TAMS 0x0000000089d00000, 0x0000000089d00000| Complete 
| 158|0x0000000089e00000, 0x0000000089f00000, 0x0000000089f00000|100%| E|CS|TAMS 0x0000000089e00000, 0x0000000089e00000| Complete 
| 159|0x0000000089f00000, 0x000000008a000000, 0x000000008a000000|100%| E|CS|TAMS 0x0000000089f00000, 0x0000000089f00000| Complete 
| 160|0x000000008a000000, 0x000000008a100000, 0x000000008a100000|100%| E|CS|TAMS 0x000000008a000000, 0x000000008a000000| Complete 
| 161|0x000000008a100000, 0x000000008a200000, 0x000000008a200000|100%| E|CS|TAMS 0x000000008a100000, 0x000000008a100000| Complete 
| 162|0x000000008a200000, 0x000000008a300000, 0x000000008a300000|100%| E|CS|TAMS 0x000000008a200000, 0x000000008a200000| Complete 
| 163|0x000000008a300000, 0x000000008a400000, 0x000000008a400000|100%| E|CS|TAMS 0x000000008a300000, 0x000000008a300000| Complete 
| 164|0x000000008a400000, 0x000000008a500000, 0x000000008a500000|100%| E|CS|TAMS 0x000000008a400000, 0x000000008a400000| Complete 
| 165|0x000000008a500000, 0x000000008a600000, 0x000000008a600000|100%| E|  |TAMS 0x000000008a500000, 0x000000008a500000| Complete 
| 166|0x000000008a600000, 0x000000008a700000, 0x000000008a700000|100%| E|CS|TAMS 0x000000008a600000, 0x000000008a600000| Complete 
| 167|0x000000008a700000, 0x000000008a800000, 0x000000008a800000|100%| E|CS|TAMS 0x000000008a700000, 0x000000008a700000| Complete 
| 168|0x000000008a800000, 0x000000008a900000, 0x000000008a900000|100%| E|CS|TAMS 0x000000008a800000, 0x000000008a800000| Complete 
| 169|0x000000008a900000, 0x000000008aa00000, 0x000000008aa00000|100%| E|CS|TAMS 0x000000008a900000, 0x000000008a900000| Complete 
| 170|0x000000008aa00000, 0x000000008ab00000, 0x000000008ab00000|100%| E|CS|TAMS 0x000000008aa00000, 0x000000008aa00000| Complete 
| 171|0x000000008ab00000, 0x000000008ac00000, 0x000000008ac00000|100%| E|CS|TAMS 0x000000008ab00000, 0x000000008ab00000| Complete 
| 172|0x000000008ac00000, 0x000000008ad00000, 0x000000008ad00000|100%| E|CS|TAMS 0x000000008ac00000, 0x000000008ac00000| Complete 
| 173|0x000000008ad00000, 0x000000008ae00000, 0x000000008ae00000|100%| E|CS|TAMS 0x000000008ad00000, 0x000000008ad00000| Complete 
| 174|0x000000008ae00000, 0x000000008af00000, 0x000000008af00000|100%| E|CS|TAMS 0x000000008ae00000, 0x000000008ae00000| Complete 
| 175|0x000000008af00000, 0x000000008b000000, 0x000000008b000000|100%| E|CS|TAMS 0x000000008af00000, 0x000000008af00000| Complete 
| 176|0x000000008b000000, 0x000000008b100000, 0x000000008b100000|100%| E|CS|TAMS 0x000000008b000000, 0x000000008b000000| Complete 
| 177|0x000000008b100000, 0x000000008b200000, 0x000000008b200000|100%| E|CS|TAMS 0x000000008b100000, 0x000000008b100000| Complete 
| 178|0x000000008b200000, 0x000000008b300000, 0x000000008b300000|100%| E|CS|TAMS 0x000000008b200000, 0x000000008b200000| Complete 
| 179|0x000000008b300000, 0x000000008b400000, 0x000000008b400000|100%| E|CS|TAMS 0x000000008b300000, 0x000000008b300000| Complete 
| 180|0x000000008b400000, 0x000000008b500000, 0x000000008b500000|100%| E|CS|TAMS 0x000000008b400000, 0x000000008b400000| Complete 
| 181|0x000000008b500000, 0x000000008b600000, 0x000000008b600000|100%| E|CS|TAMS 0x000000008b500000, 0x000000008b500000| Complete 
| 182|0x000000008b600000, 0x000000008b700000, 0x000000008b700000|100%| E|CS|TAMS 0x000000008b600000, 0x000000008b600000| Complete 
| 183|0x000000008b700000, 0x000000008b800000, 0x000000008b800000|100%| E|CS|TAMS 0x000000008b700000, 0x000000008b700000| Complete 
| 184|0x000000008b800000, 0x000000008b900000, 0x000000008b900000|100%| E|CS|TAMS 0x000000008b800000, 0x000000008b800000| Complete 
| 185|0x000000008b900000, 0x000000008ba00000, 0x000000008ba00000|100%| E|CS|TAMS 0x000000008b900000, 0x000000008b900000| Complete 
| 186|0x000000008ba00000, 0x000000008bb00000, 0x000000008bb00000|100%| E|CS|TAMS 0x000000008ba00000, 0x000000008ba00000| Complete 
| 187|0x000000008bb00000, 0x000000008bc00000, 0x000000008bc00000|100%| E|CS|TAMS 0x000000008bb00000, 0x000000008bb00000| Complete 
| 188|0x000000008bc00000, 0x000000008bd00000, 0x000000008bd00000|100%| E|CS|TAMS 0x000000008bc00000, 0x000000008bc00000| Complete 
| 189|0x000000008bd00000, 0x000000008be00000, 0x000000008be00000|100%| E|CS|TAMS 0x000000008bd00000, 0x000000008bd00000| Complete 
| 190|0x000000008be00000, 0x000000008bf00000, 0x000000008bf00000|100%| E|CS|TAMS 0x000000008be00000, 0x000000008be00000| Complete 
| 191|0x000000008bf00000, 0x000000008c000000, 0x000000008c000000|100%| E|CS|TAMS 0x000000008bf00000, 0x000000008bf00000| Complete 
| 192|0x000000008c000000, 0x000000008c100000, 0x000000008c100000|100%| E|CS|TAMS 0x000000008c000000, 0x000000008c000000| Complete 
| 193|0x000000008c100000, 0x000000008c200000, 0x000000008c200000|100%| E|CS|TAMS 0x000000008c100000, 0x000000008c100000| Complete 
| 194|0x000000008c200000, 0x000000008c300000, 0x000000008c300000|100%| E|CS|TAMS 0x000000008c200000, 0x000000008c200000| Complete 
| 195|0x000000008c300000, 0x000000008c400000, 0x000000008c400000|100%| E|CS|TAMS 0x000000008c300000, 0x000000008c300000| Complete 
| 196|0x000000008c400000, 0x000000008c500000, 0x000000008c500000|100%| E|CS|TAMS 0x000000008c400000, 0x000000008c400000| Complete 
| 197|0x000000008c500000, 0x000000008c600000, 0x000000008c600000|100%| E|CS|TAMS 0x000000008c500000, 0x000000008c500000| Complete 
| 198|0x000000008c600000, 0x000000008c700000, 0x000000008c700000|100%| E|CS|TAMS 0x000000008c600000, 0x000000008c600000| Complete 
| 199|0x000000008c700000, 0x000000008c800000, 0x000000008c800000|100%| E|CS|TAMS 0x000000008c700000, 0x000000008c700000| Complete 
| 200|0x000000008c800000, 0x000000008c900000, 0x000000008c900000|100%| E|CS|TAMS 0x000000008c800000, 0x000000008c800000| Complete 
| 201|0x000000008c900000, 0x000000008ca00000, 0x000000008ca00000|100%| E|CS|TAMS 0x000000008c900000, 0x000000008c900000| Complete 
| 202|0x000000008ca00000, 0x000000008cb00000, 0x000000008cb00000|100%| E|CS|TAMS 0x000000008ca00000, 0x000000008ca00000| Complete 
| 203|0x000000008cb00000, 0x000000008cc00000, 0x000000008cc00000|100%| E|CS|TAMS 0x000000008cb00000, 0x000000008cb00000| Complete 
| 204|0x000000008cc00000, 0x000000008cd00000, 0x000000008cd00000|100%| E|CS|TAMS 0x000000008cc00000, 0x000000008cc00000| Complete 
| 205|0x000000008cd00000, 0x000000008ce00000, 0x000000008ce00000|100%| E|CS|TAMS 0x000000008cd00000, 0x000000008cd00000| Complete 
| 206|0x000000008ce00000, 0x000000008cf00000, 0x000000008cf00000|100%| E|CS|TAMS 0x000000008ce00000, 0x000000008ce00000| Complete 
| 207|0x000000008cf00000, 0x000000008d000000, 0x000000008d000000|100%| E|CS|TAMS 0x000000008cf00000, 0x000000008cf00000| Complete 
| 208|0x000000008d000000, 0x000000008d100000, 0x000000008d100000|100%| E|CS|TAMS 0x000000008d000000, 0x000000008d000000| Complete 
| 209|0x000000008d100000, 0x000000008d200000, 0x000000008d200000|100%| E|CS|TAMS 0x000000008d100000, 0x000000008d100000| Complete 
| 210|0x000000008d200000, 0x000000008d300000, 0x000000008d300000|100%| E|CS|TAMS 0x000000008d200000, 0x000000008d200000| Complete 
| 211|0x000000008d300000, 0x000000008d400000, 0x000000008d400000|100%| E|CS|TAMS 0x000000008d300000, 0x000000008d300000| Complete 
| 212|0x000000008d400000, 0x000000008d500000, 0x000000008d500000|100%| E|CS|TAMS 0x000000008d400000, 0x000000008d400000| Complete 
| 213|0x000000008d500000, 0x000000008d600000, 0x000000008d600000|100%| E|CS|TAMS 0x000000008d500000, 0x000000008d500000| Complete 
| 214|0x000000008d600000, 0x000000008d700000, 0x000000008d700000|100%| E|CS|TAMS 0x000000008d600000, 0x000000008d600000| Complete 

Card table byte_map: [0x0000012869eb0000,0x000001286a2b0000] _byte_map_base: 0x0000012869ab0000

Marking Bits (Prev, Next): (CMBitMap*) 0x00000128551cdf48, (CMBitMap*) 0x00000128551cdf80
 Prev Bits: [0x000001286a6b0000, 0x000001286c6b0000)
 Next Bits: [0x000001286c6b0000, 0x000001286e6b0000)

Polling page: 0x0000012855270000

Metaspace:

Usage:
  Non-class:     73.12 MB capacity,    71.79 MB ( 98%) used,     1.09 MB (  1%) free+waste,   248.19 KB ( <1%) overhead. 
      Class:     11.40 MB capacity,    10.65 MB ( 93%) used,   657.53 KB (  6%) free+waste,   110.94 KB ( <1%) overhead. 
       Both:     84.52 MB capacity,    82.44 MB ( 98%) used,     1.73 MB (  2%) free+waste,   359.13 KB ( <1%) overhead. 

Virtual space:
  Non-class space:       74.00 MB reserved,      73.20 MB ( 99%) committed 
      Class space:        1.00 GB reserved,      11.50 MB (  1%) committed 
             Both:        1.07 GB reserved,      84.70 MB (  8%) committed 

Chunk freelists:
   Non-Class:  20.00 KB
       Class:  4.00 KB
        Both:  24.00 KB

MaxMetaspaceSize: 17179869184.00 GB
CompressedClassSpaceSize: 1.00 GB
Initial GC threshold: 20.80 MB
Current GC threshold: 105.96 MB
CDS: off

CodeHeap 'non-profiled nmethods': size=120064Kb used=7752Kb max_used=7752Kb free=112311Kb
 bounds [0x0000012861f50000, 0x00000128626f0000, 0x0000012869490000]
CodeHeap 'profiled nmethods': size=120000Kb used=24188Kb max_used=24188Kb free=95811Kb
 bounds [0x000001285aa20000, 0x000001285c1c0000, 0x0000012861f50000]
CodeHeap 'non-nmethods': size=5696Kb used=2360Kb max_used=2427Kb free=3335Kb
 bounds [0x000001285a490000, 0x000001285a700000, 0x000001285aa20000]
 total_blobs=11882 nmethods=11002 adapters=792
 compilation: enabled
              stopped_count=0, restarted_count=0
 full_count=0

Compilation events (20 events):
Event: 45.565 Thread 0x00000128716f7800 11059       3       java.util.TreeMap$KeySpliterator::characteristics (21 bytes)
Event: 45.565 Thread 0x00000128716f7800 nmethod 11059 0x000001285c1a6b90 code [0x000001285c1a6d40, 0x000001285c1a6e98]
Event: 45.565 Thread 0x00000128716f7800 11060       3       java.util.stream.ReferencePipeline::findFirst (12 bytes)
Event: 45.565 Thread 0x00000128716f7800 nmethod 11060 0x000001285c1a6f10 code [0x000001285c1a70e0, 0x000001285c1a7388]
Event: 45.565 Thread 0x00000128716f7800 11062       3       org.gradle.tooling.internal.provider.runner.OperationDependenciesResolver$$Lambda$881/0x0000000100b17840::test (8 bytes)
Event: 45.565 Thread 0x00000128716f7800 nmethod 11062 0x000001285c1a7490 code [0x000001285c1a7660, 0x000001285c1a7918]
Event: 45.566 Thread 0x00000128716f7800 11061       3       java.util.stream.FindOps$FindSink$OfRef$$Lambda$24/0x00000001000efc40::get (8 bytes)
Event: 45.566 Thread 0x00000128716f7800 nmethod 11061 0x000001285c1a7a10 code [0x000001285c1a7be0, 0x000001285c1a7e58]
Event: 45.576 Thread 0x00000128716f7800 11063       3       java.nio.file.FileTreeWalker$DirectoryNode::<init> (30 bytes)
Event: 45.577 Thread 0x00000128716f7800 nmethod 11063 0x000001285c1a7f90 code [0x000001285c1a8160, 0x000001285c1a8508]
Event: 45.585 Thread 0x00000128716f7800 11064       3       java.util.Vector::<init> (7 bytes)
Event: 45.585 Thread 0x00000128716f7800 nmethod 11064 0x000001285c1a8610 code [0x000001285c1a87e0, 0x000001285c1a8988]
Event: 45.585 Thread 0x00000128716f7800 11065       3       com.sun.org.apache.xerces.internal.xni.QName::clear (21 bytes)
Event: 45.586 Thread 0x00000128716f7800 nmethod 11065 0x000001285c1a8a90 code [0x000001285c1a8c40, 0x000001285c1a8df8]
Event: 45.586 Thread 0x00000128716f7800 11066       3       com.sun.org.apache.xerces.internal.xni.QName::<init> (9 bytes)
Event: 45.586 Thread 0x00000128716f7800 nmethod 11066 0x000001285c1a8e90 code [0x000001285c1a9060, 0x000001285c1a92f8]
Event: 45.587 Thread 0x00000128716f7800 11067       3       com.sun.org.apache.xerces.internal.utils.XMLSecurityManager$NameMap::getOldName (18 bytes)
Event: 45.587 Thread 0x00000128716f7800 nmethod 11067 0x000001285c1a9410 code [0x000001285c1a95e0, 0x000001285c1a9788]
Event: 45.624 Thread 0x00000128716f7800 11068       1       org.gradle.internal.logging.events.ProgressStartEvent::getBuildOperationCategory (5 bytes)
Event: 45.624 Thread 0x00000128716f7800 nmethod 11068 0x00000128626e1910 code [0x00000128626e1ac0, 0x00000128626e1b78]

GC Heap History (20 events):
Event: 15.480 GC heap before
{Heap before GC invocations=14 (full 0):
 garbage-first heap   total 152576K, used 102329K [0x0000000080000000, 0x0000000100000000)
  region size 1024K, 66 young (67584K), 9 survivors (9216K)
 Metaspace       used 58802K, capacity 60241K, committed 60496K, reserved 1101824K
  class space    used 7395K, capacity 7950K, committed 8064K, reserved 1048576K
}
Event: 15.503 GC heap after
{Heap after GC invocations=15 (full 0):
 garbage-first heap   total 152576K, used 47285K [0x0000000080000000, 0x0000000100000000)
  region size 1024K, 3 young (3072K), 3 survivors (3072K)
 Metaspace       used 58802K, capacity 60241K, committed 60496K, reserved 1101824K
  class space    used 7395K, capacity 7950K, committed 8064K, reserved 1048576K
}
Event: 15.545 GC heap before
{Heap before GC invocations=15 (full 0):
 garbage-first heap   total 152576K, used 48309K [0x0000000080000000, 0x0000000100000000)
  region size 1024K, 5 young (5120K), 3 survivors (3072K)
 Metaspace       used 58908K, capacity 60330K, committed 60496K, reserved 1101824K
  class space    used 7412K, capacity 7959K, committed 8064K, reserved 1048576K
}
Event: 15.556 GC heap after
{Heap after GC invocations=16 (full 0):
 garbage-first heap   total 152576K, used 47179K [0x0000000080000000, 0x0000000100000000)
  region size 1024K, 3 young (3072K), 3 survivors (3072K)
 Metaspace       used 58908K, capacity 60330K, committed 60496K, reserved 1101824K
  class space    used 7412K, capacity 7959K, committed 8064K, reserved 1048576K
}
Event: 17.182 GC heap before
{Heap before GC invocations=17 (full 0):
 garbage-first heap   total 152576K, used 108619K [0x0000000080000000, 0x0000000100000000)
  region size 1024K, 57 young (58368K), 3 survivors (3072K)
 Metaspace       used 63266K, capacity 64724K, committed 64848K, reserved 1105920K
  class space    used 7937K, capacity 8476K, committed 8576K, reserved 1048576K
}
Event: 17.204 GC heap after
{Heap after GC invocations=18 (full 0):
 garbage-first heap   total 152576K, used 52204K [0x0000000080000000, 0x0000000100000000)
  region size 1024K, 8 young (8192K), 8 survivors (8192K)
 Metaspace       used 63266K, capacity 64724K, committed 64848K, reserved 1105920K
  class space    used 7937K, capacity 8476K, committed 8576K, reserved 1048576K
}
Event: 18.401 GC heap before
{Heap before GC invocations=19 (full 0):
 garbage-first heap   total 152576K, used 91116K [0x0000000080000000, 0x0000000100000000)
  region size 1024K, 46 young (47104K), 8 survivors (8192K)
 Metaspace       used 65434K, capacity 66910K, committed 67152K, reserved 1107968K
  class space    used 8255K, capacity 8814K, committed 8832K, reserved 1048576K
}
Event: 18.423 GC heap after
{Heap after GC invocations=20 (full 0):
 garbage-first heap   total 183296K, used 54549K [0x0000000080000000, 0x0000000100000000)
  region size 1024K, 3 young (3072K), 3 survivors (3072K)
 Metaspace       used 65434K, capacity 66910K, committed 67152K, reserved 1107968K
  class space    used 8255K, capacity 8814K, committed 8832K, reserved 1048576K
}
Event: 19.927 GC heap before
{Heap before GC invocations=20 (full 0):
 garbage-first heap   total 183296K, used 118037K [0x0000000080000000, 0x0000000100000000)
  region size 1024K, 65 young (66560K), 3 survivors (3072K)
 Metaspace       used 68941K, capacity 70531K, committed 70864K, reserved 1110016K
  class space    used 8792K, capacity 9374K, committed 9472K, reserved 1048576K
}
Event: 19.944 GC heap after
{Heap after GC invocations=21 (full 0):
 garbage-first heap   total 183296K, used 58374K [0x0000000080000000, 0x0000000100000000)
  region size 1024K, 7 young (7168K), 7 survivors (7168K)
 Metaspace       used 68941K, capacity 70531K, committed 70864K, reserved 1110016K
  class space    used 8792K, capacity 9374K, committed 9472K, reserved 1048576K
}
Event: 21.785 GC heap before
{Heap before GC invocations=21 (full 0):
 garbage-first heap   total 183296K, used 129030K [0x0000000080000000, 0x0000000100000000)
  region size 1024K, 76 young (77824K), 7 survivors (7168K)
 Metaspace       used 72742K, capacity 74405K, committed 74576K, reserved 1114112K
  class space    used 9391K, capacity 10012K, committed 10112K, reserved 1048576K
}
Event: 21.809 GC heap after
{Heap after GC invocations=22 (full 0):
 garbage-first heap   total 183296K, used 63827K [0x0000000080000000, 0x0000000100000000)
  region size 1024K, 10 young (10240K), 10 survivors (10240K)
 Metaspace       used 72742K, capacity 74405K, committed 74576K, reserved 1114112K
  class space    used 9391K, capacity 10012K, committed 10112K, reserved 1048576K
}
Event: 24.948 GC heap before
{Heap before GC invocations=22 (full 0):
 garbage-first heap   total 183296K, used 135507K [0x0000000080000000, 0x0000000100000000)
  region size 1024K, 80 young (81920K), 10 survivors (10240K)
 Metaspace       used 79405K, capacity 81193K, committed 81360K, reserved 1120256K
  class space    used 10299K, capacity 10969K, committed 11008K, reserved 1048576K
}
Event: 24.982 GC heap after
{Heap after GC invocations=23 (full 0):
 garbage-first heap   total 183296K, used 68509K [0x0000000080000000, 0x0000000100000000)
  region size 1024K, 5 young (5120K), 5 survivors (5120K)
 Metaspace       used 79405K, capacity 81193K, committed 81360K, reserved 1120256K
  class space    used 10299K, capacity 10969K, committed 11008K, reserved 1048576K
}
Event: 32.296 GC heap before
{Heap before GC invocations=23 (full 0):
 garbage-first heap   total 183296K, used 140189K [0x0000000080000000, 0x0000000100000000)
  region size 1024K, 76 young (77824K), 5 survivors (5120K)
 Metaspace       used 82761K, capacity 84817K, committed 85072K, reserved 1122304K
  class space    used 10790K, capacity 11551K, committed 11648K, reserved 1048576K
}
Event: 32.324 GC heap after
{Heap after GC invocations=24 (full 0):
 garbage-first heap   total 220160K, used 73384K [0x0000000080000000, 0x0000000100000000)
  region size 1024K, 10 young (10240K), 10 survivors (10240K)
 Metaspace       used 82761K, capacity 84817K, committed 85072K, reserved 1122304K
  class space    used 10790K, capacity 11551K, committed 11648K, reserved 1048576K
}
Event: 37.050 GC heap before
{Heap before GC invocations=24 (full 0):
 garbage-first heap   total 220160K, used 158376K [0x0000000080000000, 0x0000000100000000)
  region size 1024K, 94 young (96256K), 10 survivors (10240K)
 Metaspace       used 83523K, capacity 85605K, committed 85840K, reserved 1124352K
  class space    used 10840K, capacity 11616K, committed 11648K, reserved 1048576K
}
Event: 37.086 GC heap after
{Heap after GC invocations=25 (full 0):
 garbage-first heap   total 220160K, used 78937K [0x0000000080000000, 0x0000000100000000)
  region size 1024K, 11 young (11264K), 11 survivors (11264K)
 Metaspace       used 83523K, capacity 85605K, committed 85840K, reserved 1124352K
  class space    used 10840K, capacity 11616K, committed 11648K, reserved 1048576K
}
Event: 41.134 GC heap before
{Heap before GC invocations=25 (full 0):
 garbage-first heap   total 220160K, used 168025K [0x0000000080000000, 0x0000000100000000)
  region size 1024K, 99 young (101376K), 11 survivors (11264K)
 Metaspace       used 84084K, capacity 86134K, committed 86480K, reserved 1124352K
  class space    used 10876K, capacity 11668K, committed 11776K, reserved 1048576K
}
Event: 41.174 GC heap after
{Heap after GC invocations=26 (full 0):
 garbage-first heap   total 220160K, used 85672K [0x0000000080000000, 0x0000000100000000)
  region size 1024K, 13 young (13312K), 13 survivors (13312K)
 Metaspace       used 84084K, capacity 86134K, committed 86480K, reserved 1124352K
  class space    used 10876K, capacity 11668K, committed 11776K, reserved 1048576K
}

Deoptimization events (20 events):
Event: 45.570 Thread 0x0000012872e99000 Uncommon trap: trap_request=0xffffffde fr.pc=0x0000012862637268 relative=0x0000000000000e48
Event: 45.570 Thread 0x0000012872e99000 Uncommon trap: reason=class_check action=maybe_recompile pc=0x0000012862637268 method=org.gradle.internal.snapshot.ChildMap$Entry.handleAncestorDescendantOrExactMatch(Lorg/gradle/internal/snapshot/VfsRelativePath;Lorg/gradle/internal/snapshot/CaseSensitiv
Event: 45.570 Thread 0x0000012872e99000 DEOPT PACKING pc=0x0000012862637268 sp=0x0000000e79efc400
Event: 45.570 Thread 0x0000012872e99000 DEOPT UNPACKING pc=0x000001285a4da1af sp=0x0000000e79efc3e0 mode 2
Event: 45.570 Thread 0x0000012872e99000 Uncommon trap: trap_request=0xffffff4d fr.pc=0x000001286265f0cc relative=0x000000000000054c
Event: 45.570 Thread 0x0000012872e99000 Uncommon trap: reason=unstable_if action=reinterpret pc=0x000001286265f0cc method=org.gradle.internal.snapshot.VfsRelativePath.lengthOfCommonPrefix(Ljava/lang/String;Lorg/gradle/internal/snapshot/CaseSensitivity;)I @ 117 c2
Event: 45.570 Thread 0x0000012872e99000 DEOPT PACKING pc=0x000001286265f0cc sp=0x0000000e79efbe70
Event: 45.570 Thread 0x0000012872e99000 DEOPT UNPACKING pc=0x000001285a4da1af sp=0x0000000e79efbdf8 mode 2
Event: 45.570 Thread 0x0000012872e99000 Uncommon trap: trap_request=0xffffff4d fr.pc=0x000001286260fcf4 relative=0x0000000000002d74
Event: 45.570 Thread 0x0000012872e99000 Uncommon trap: reason=unstable_if action=reinterpret pc=0x000001286260fcf4 method=org.gradle.internal.snapshot.ChildMap$Entry.handlePath(Lorg/gradle/internal/snapshot/VfsRelativePath;Lorg/gradle/internal/snapshot/CaseSensitivity;Lorg/gradle/internal/snaps
Event: 45.570 Thread 0x0000012872e99000 DEOPT PACKING pc=0x000001286260fcf4 sp=0x0000000e79efbed0
Event: 45.570 Thread 0x0000012872e99000 DEOPT UNPACKING pc=0x000001285a4da1af sp=0x0000000e79efbe20 mode 2
Event: 45.576 Thread 0x0000012872e99000 Uncommon trap: trap_request=0xffffff4d fr.pc=0x000001286252b5b8 relative=0x0000000000002cb8
Event: 45.576 Thread 0x0000012872e99000 Uncommon trap: reason=unstable_if action=reinterpret pc=0x000001286252b5b8 method=java.nio.file.FileTreeWalker.visit(Ljava/nio/file/Path;ZZ)Ljava/nio/file/FileTreeWalker$Event; @ 84 c2
Event: 45.576 Thread 0x0000012872e99000 DEOPT PACKING pc=0x000001286252b5b8 sp=0x0000000e79efafe0
Event: 45.576 Thread 0x0000012872e99000 DEOPT UNPACKING pc=0x000001285a4da1af sp=0x0000000e79efaff0 mode 2
Event: 45.579 Thread 0x0000012872e99000 Uncommon trap: trap_request=0xffffff4d fr.pc=0x000001286252538c relative=0x00000000000017ec
Event: 45.579 Thread 0x0000012872e99000 Uncommon trap: reason=unstable_if action=reinterpret pc=0x000001286252538c method=java.nio.file.FileTreeWalker.getAttributes(Ljava/nio/file/Path;Z)Ljava/nio/file/attribute/BasicFileAttributes; @ 35 c2
Event: 45.579 Thread 0x0000012872e99000 DEOPT PACKING pc=0x000001286252538c sp=0x0000000e79efaf10
Event: 45.579 Thread 0x0000012872e99000 DEOPT UNPACKING pc=0x000001285a4da1af sp=0x0000000e79efaf18 mode 2

Classes redefined (0 events):
No events

Internal exceptions (20 events):
Event: 26.452 Thread 0x0000012872e98800 Exception <a 'java/lang/NoSuchMethodError'{0x0000000089a60150}: <clinit>> (0x0000000089a60150) thrown at [./src/hotspot/share/prims/jni.cpp, line 1366]
Event: 26.456 Thread 0x0000012872e98800 Exception <a 'java/lang/NoSuchMethodError'{0x0000000089a6a4a0}: 'void java.lang.invoke.DirectMethodHandle$Holder.invokeSpecial(java.lang.Object, java.lang.Object, java.lang.Object, int)'> (0x0000000089a6a4a0) thrown at [./src/hotspot/share/interpreter/linkResolver.cpp, line 773]
Event: 26.537 Thread 0x0000012874e53000 Exception <a 'java/lang/NoSuchMethodError'{0x00000000899c1ea0}: <clinit>> (0x00000000899c1ea0) thrown at [./src/hotspot/share/prims/jni.cpp, line 1366]
Event: 26.548 Thread 0x0000012872e9f000 Exception <a 'java/lang/NoSuchMethodError'{0x00000000899704d8}: 'int java.lang.invoke.DirectMethodHandle$Holder.invokeSpecial(java.lang.Object, java.lang.Object, java.lang.Object, java.lang.Object, java.lang.Object)'> (0x00000000899704d8) thrown at [./src/hotspot/share/interpreter/linkResolver.cpp, line 773]
Event: 30.692 Thread 0x0000012872e9f000 Exception <a 'java/lang/NoSuchMethodError'{0x0000000088db1f98}: 'void java.lang.invoke.DirectMethodHandle$Holder.invokeStatic(java.lang.Object, java.lang.Object, java.lang.Object, java.lang.Object, int, java.lang.Object, java.lang.Object)'> (0x0000000088db1f98) thrown at [./src/hotspot/share/interpreter/linkResolver.cpp, line 773]
Event: 30.740 Thread 0x0000012872e9f000 Exception <a 'java/lang/NoSuchMethodError'{0x0000000088b293f0}: 'java.lang.Object java.lang.invoke.DirectMethodHandle$Holder.invokeSpecialIFC(java.lang.Object, java.lang.Object, java.lang.Object)'> (0x0000000088b293f0) thrown at [./src/hotspot/share/interpreter/linkResolver.cpp, line 773]
Event: 30.741 Thread 0x0000012871e97800 Exception <a 'java/lang/NoSuchMethodError'{0x0000000088706ca8}: 'java.lang.Object java.lang.invoke.DirectMethodHandle$Holder.invokeSpecialIFC(java.lang.Object, java.lang.Object, java.lang.Object)'> (0x0000000088706ca8) thrown at [./src/hotspot/share/interpreter/linkResolver.cpp, line 773]
Event: 30.741 Thread 0x0000012871e9b800 Exception <a 'java/lang/NoSuchMethodError'{0x0000000088cfa9b8}: 'java.lang.Object java.lang.invoke.DirectMethodHandle$Holder.invokeSpecialIFC(java.lang.Object, java.lang.Object, java.lang.Object)'> (0x0000000088cfa9b8) thrown at [./src/hotspot/share/interpreter/linkResolver.cpp, line 773]
Event: 30.741 Thread 0x0000012871e9e000 Exception <a 'java/lang/NoSuchMethodError'{0x0000000088ce06a0}: 'java.lang.Object java.lang.invoke.DirectMethodHandle$Holder.invokeSpecialIFC(java.lang.Object, java.lang.Object, java.lang.Object)'> (0x0000000088ce06a0) thrown at [./src/hotspot/share/interpreter/linkResolver.cpp, line 773]
Event: 31.730 Thread 0x0000012871e97800 Exception <a 'java/lang/NoSuchMethodError'{0x00000000876c0a88}: 'void java.lang.invoke.DirectMethodHandle$Holder.invokeVirtual(java.lang.Object, java.lang.Object)'> (0x00000000876c0a88) thrown at [./src/hotspot/share/interpreter/linkResolver.cpp, line 773]
Event: 31.730 Thread 0x0000012871e9e000 Exception <a 'java/lang/NoSuchMethodError'{0x0000000087675d48}: 'void java.lang.invoke.DirectMethodHandle$Holder.invokeVirtual(java.lang.Object, java.lang.Object)'> (0x0000000087675d48) thrown at [./src/hotspot/share/interpreter/linkResolver.cpp, line 773]
Event: 32.359 Thread 0x0000012871e9e000 Implicit null exception at 0x0000012862509ddb to 0x0000012862509e6c
Event: 32.359 Thread 0x000001287478c000 Implicit null exception at 0x0000012862509ddb to 0x0000012862509e6c
Event: 32.432 Thread 0x0000012872e9b800 Implicit null exception at 0x0000012862510e45 to 0x0000012862511660
Event: 34.866 Thread 0x0000012872e9f000 Exception <a 'java/lang/NoSuchMethodError'{0x0000000089f73d88}: 'void java.lang.invoke.DirectMethodHandle$Holder.invokeInterface(java.lang.Object, java.lang.Object, java.lang.Object, java.lang.Object)'> (0x0000000089f73d88) thrown at [./src/hotspot/share/interpreter/linkResolver.cpp, line 773]
Event: 37.114 Thread 0x0000012872e9f000 Exception <a 'java/lang/NoSuchMethodError'{0x000000008d67fc48}: <clinit>> (0x000000008d67fc48) thrown at [./src/hotspot/share/prims/jni.cpp, line 1366]
Event: 37.115 Thread 0x0000012872e9f000 Exception <a 'java/lang/NoSuchMethodError'{0x000000008d6814f8}: <clinit>> (0x000000008d6814f8) thrown at [./src/hotspot/share/prims/jni.cpp, line 1366]
Event: 37.115 Thread 0x0000012872e9f000 Exception <a 'java/lang/NoSuchMethodError'{0x000000008d684390}: <clinit>> (0x000000008d684390) thrown at [./src/hotspot/share/prims/jni.cpp, line 1366]
Event: 37.118 Thread 0x0000012872e9f000 Exception <a 'java/lang/NoSuchMethodError'{0x000000008d400830}: <clinit>> (0x000000008d400830) thrown at [./src/hotspot/share/prims/jni.cpp, line 1366]
Event: 37.118 Thread 0x0000012872e9f000 Exception <a 'java/lang/NoSuchMethodError'{0x000000008d401d10}: <clinit>> (0x000000008d401d10) thrown at [./src/hotspot/share/prims/jni.cpp, line 1366]

Events (20 events):
Event: 45.580 loading class org/gradle/api/internal/file/AttributeBasedFileVisitDetails
Event: 45.580 loading class org/gradle/api/internal/file/AttributeBasedFileVisitDetails done
Event: 45.581 loading class com/google/common/collect/ImmutableList$Builder
Event: 45.581 loading class com/google/common/collect/ImmutableList$Builder done
Event: 45.581 loading class com/android/build/gradle/tasks/PackageAndroidArtifact
Event: 45.581 loading class com/android/build/gradle/tasks/PackageAndroidArtifact done
Event: 45.581 loading class com/android/builder/core/DefaultManifestParser
Event: 45.581 loading class com/android/builder/core/DefaultManifestParser done
Event: 45.582 Executing VM operation: RevokeBias
Event: 45.582 Executing VM operation: RevokeBias done
Event: 45.582 Executing VM operation: RevokeBias
Event: 45.582 Executing VM operation: RevokeBias done
Event: 45.583 loading class com/android/builder/core/DefaultManifestParser$1
Event: 45.583 loading class com/android/builder/core/DefaultManifestParser$1 done
Event: 45.586 loading class com/android/builder/core/DefaultManifestParser$Attribute
Event: 45.586 loading class com/android/builder/core/DefaultManifestParser$Attribute done
Event: 45.588 loading class com/sun/org/apache/xerces/internal/util/URI
Event: 45.691 loading class com/sun/org/apache/xerces/internal/util/URI done
Event: 45.691 loading class java/net/HttpURLConnection
Event: 45.693 loading class java/net/HttpURLConnection done


Dynamic libraries:
0x00007ff7ae7e0000 - 0x00007ff7ae7ea000 	C:\Program Files\Android\Android Studio2\jre\bin\java.exe
0x00007ffea8dd0000 - 0x00007ffea8fc8000 	C:\WINDOWS\SYSTEM32\ntdll.dll
0x00007ffea7c40000 - 0x00007ffea7cff000 	C:\WINDOWS\System32\KERNEL32.DLL
0x00007ffea66f0000 - 0x00007ffea69c2000 	C:\WINDOWS\System32\KERNELBASE.dll
0x00007ffea6c60000 - 0x00007ffea6d60000 	C:\WINDOWS\System32\ucrtbase.dll
0x00007ffea0570000 - 0x00007ffea0589000 	C:\Program Files\Android\Android Studio2\jre\bin\jli.dll
0x00007ffea7280000 - 0x00007ffea7421000 	C:\WINDOWS\System32\USER32.dll
0x00007ffea6600000 - 0x00007ffea6622000 	C:\WINDOWS\System32\win32u.dll
0x00007ffea6df0000 - 0x00007ffea6e1b000 	C:\WINDOWS\System32\GDI32.dll
0x00007ffea0430000 - 0x00007ffea0447000 	C:\Program Files\Android\Android Studio2\jre\bin\VCRUNTIME140.dll
0x00007ffea6ab0000 - 0x00007ffea6bbf000 	C:\WINDOWS\System32\gdi32full.dll
0x00007ffea6bc0000 - 0x00007ffea6c5d000 	C:\WINDOWS\System32\msvcp_win.dll
0x00007ffe92ab0000 - 0x00007ffe92d4a000 	C:\WINDOWS\WinSxS\amd64_microsoft.windows.common-controls_6595b64144ccf1df_6.0.19041.1110_none_60b5254171f9507e\COMCTL32.dll
0x00007ffea8940000 - 0x00007ffea89de000 	C:\WINDOWS\System32\msvcrt.dll
0x00007ffea8b90000 - 0x00007ffea8bc0000 	C:\WINDOWS\System32\IMM32.DLL
0x00007ffe8bd80000 - 0x00007ffe8be1d000 	C:\Program Files\Android\Android Studio2\jre\bin\msvcp140.dll
0x00007ffe71290000 - 0x00007ffe71d92000 	C:\Program Files\Android\Android Studio2\jre\bin\server\jvm.dll
0x00007ffea7d00000 - 0x00007ffea7dae000 	C:\WINDOWS\System32\ADVAPI32.dll
0x00007ffea7f70000 - 0x00007ffea800c000 	C:\WINDOWS\System32\sechost.dll
0x00007ffea7430000 - 0x00007ffea7554000 	C:\WINDOWS\System32\RPCRT4.dll
0x00007ffea7ed0000 - 0x00007ffea7ed8000 	C:\WINDOWS\System32\PSAPI.DLL
0x00007ffe91f30000 - 0x00007ffe91f39000 	C:\WINDOWS\SYSTEM32\WSOCK32.dll
0x00007ffea8cf0000 - 0x00007ffea8d5b000 	C:\WINDOWS\System32\WS2_32.dll
0x00007ffe903a0000 - 0x00007ffe903c7000 	C:\WINDOWS\SYSTEM32\WINMM.dll
0x00007ffe9bbd0000 - 0x00007ffe9bbda000 	C:\WINDOWS\SYSTEM32\VERSION.dll
0x00007ffea4cf0000 - 0x00007ffea4d02000 	C:\WINDOWS\SYSTEM32\kernel.appcore.dll
0x00007ffea1af0000 - 0x00007ffea1b01000 	C:\Program Files\Android\Android Studio2\jre\bin\verify.dll
0x00007ffea4250000 - 0x00007ffea4434000 	C:\WINDOWS\SYSTEM32\DBGHELP.DLL
0x00007ffe90240000 - 0x00007ffe90275000 	C:\WINDOWS\SYSTEM32\dbgcore.DLL
0x00007ffea6d60000 - 0x00007ffea6de2000 	C:\WINDOWS\System32\bcryptPrimitives.dll
0x00007ffea1ac0000 - 0x00007ffea1ae9000 	C:\Program Files\Android\Android Studio2\jre\bin\java.dll
0x00007ffea1ab0000 - 0x00007ffea1abb000 	C:\Program Files\Android\Android Studio2\jre\bin\jimage.dll
0x00007ffea1a90000 - 0x00007ffea1aa8000 	C:\Program Files\Android\Android Studio2\jre\bin\zip.dll
0x00007ffea8140000 - 0x00007ffea8885000 	C:\WINDOWS\System32\SHELL32.dll
0x00007ffea4540000 - 0x00007ffea4cd2000 	C:\WINDOWS\SYSTEM32\windows.storage.dll
0x00007ffea6e20000 - 0x00007ffea7175000 	C:\WINDOWS\System32\combase.dll
0x00007ffea5e20000 - 0x00007ffea5e50000 	C:\WINDOWS\SYSTEM32\Wldp.dll
0x00007ffea8890000 - 0x00007ffea893d000 	C:\WINDOWS\System32\SHCORE.dll
0x00007ffea7200000 - 0x00007ffea7255000 	C:\WINDOWS\System32\shlwapi.dll
0x00007ffea63e0000 - 0x00007ffea63ff000 	C:\WINDOWS\SYSTEM32\profapi.dll
0x00007ffea1a70000 - 0x00007ffea1a8a000 	C:\Program Files\Android\Android Studio2\jre\bin\net.dll
0x00007ffe99d00000 - 0x00007ffe99e0a000 	C:\WINDOWS\SYSTEM32\WINHTTP.dll
0x00007ffea5b80000 - 0x00007ffea5bea000 	C:\WINDOWS\system32\mswsock.dll
0x00007ffea1a50000 - 0x00007ffea1a64000 	C:\Program Files\Android\Android Studio2\jre\bin\nio.dll
0x00007ffea0260000 - 0x00007ffea0287000 	C:\Users\DELL LATITUDE 5580\.gradle\native\e1d6ef7f7dcc3fd88c89a11ec53ec762bb8ba0a96d01ffa2cd45eb1d1d8dd5c5\windows-amd64\native-platform.dll
0x00007ffe777a0000 - 0x00007ffe778e4000 	C:\Users\DELL LATITUDE 5580\.gradle\native\0d407fdbe67a94daf76414ababcb853783967236a71b16ec16e742cd7a986fd3\windows-amd64\native-platform-file-events.dll
0x00007ffea1a40000 - 0x00007ffea1a4a000 	C:\Program Files\Android\Android Studio2\jre\bin\management.dll
0x00007ffea1a30000 - 0x00007ffea1a3d000 	C:\Program Files\Android\Android Studio2\jre\bin\management_ext.dll
0x00007ffea5d70000 - 0x00007ffea5d88000 	C:\WINDOWS\SYSTEM32\CRYPTSP.dll
0x00007ffea54a0000 - 0x00007ffea54d4000 	C:\WINDOWS\system32\rsaenh.dll
0x00007ffea69d0000 - 0x00007ffea69f7000 	C:\WINDOWS\System32\bcrypt.dll
0x00007ffea63a0000 - 0x00007ffea63ce000 	C:\WINDOWS\SYSTEM32\USERENV.dll
0x00007ffea5d90000 - 0x00007ffea5d9c000 	C:\WINDOWS\SYSTEM32\CRYPTBASE.dll
0x00007ffea5870000 - 0x00007ffea58ab000 	C:\WINDOWS\SYSTEM32\IPHLPAPI.DLL
0x00007ffea8bc0000 - 0x00007ffea8bc8000 	C:\WINDOWS\System32\NSI.dll
0x00007ffe9c970000 - 0x00007ffe9c987000 	C:\WINDOWS\SYSTEM32\dhcpcsvc6.DLL
0x00007ffe9c950000 - 0x00007ffe9c96d000 	C:\WINDOWS\SYSTEM32\dhcpcsvc.DLL
0x00007ffea58b0000 - 0x00007ffea597b000 	C:\WINDOWS\SYSTEM32\DNSAPI.dll

dbghelp: loaded successfully - version: 4.0.5 - missing functions: none
symbol engine: initialized successfully - sym options: 0x614 - pdb path: .;C:\Program Files\Android\Android Studio2\jre\bin;C:\WINDOWS\SYSTEM32;C:\WINDOWS\WinSxS\amd64_microsoft.windows.common-controls_6595b64144ccf1df_6.0.19041.1110_none_60b5254171f9507e;C:\Program Files\Android\Android Studio2\jre\bin\server;C:\Users\DELL LATITUDE 5580\.gradle\native\e1d6ef7f7dcc3fd88c89a11ec53ec762bb8ba0a96d01ffa2cd45eb1d1d8dd5c5\windows-amd64;C:\Users\DELL LATITUDE 5580\.gradle\native\0d407fdbe67a94daf76414ababcb853783967236a71b16ec16e742cd7a986fd3\windows-amd64

VM Arguments:
jvm_args: --add-opens=java.base/java.util=ALL-UNNAMED --add-opens=java.base/java.lang=ALL-UNNAMED --add-opens=java.base/java.lang.invoke=ALL-UNNAMED --add-opens=java.base/java.util=ALL-UNNAMED --add-opens=java.prefs/java.util.prefs=ALL-UNNAMED --add-opens=java.prefs/java.util.prefs=ALL-UNNAMED --add-opens=java.base/java.nio.charset=ALL-UNNAMED --add-opens=java.base/java.net=ALL-UNNAMED --add-opens=java.base/java.util.concurrent.atomic=ALL-UNNAMED -Xmx2048m -Dfile.encoding=UTF-8 -Duser.country=FR -Duser.language=fr -Duser.variant 
java_command: org.gradle.launcher.daemon.bootstrap.GradleDaemon 7.4
java_class_path (initial): C:\Users\DELL LATITUDE 5580\.gradle\wrapper\dists\gradle-7.4-bin\c0gwcg53nkjbqw7r0h0umtfvt\gradle-7.4\lib\gradle-launcher-7.4.jar
Launcher Type: SUN_STANDARD

[Global flags]
     intx CICompilerCount                          = 3                                         {product} {ergonomic}
     uint ConcGCThreads                            = 1                                         {product} {ergonomic}
     uint G1ConcRefinementThreads                  = 4                                         {product} {ergonomic}
   size_t G1HeapRegionSize                         = 1048576                                   {product} {ergonomic}
    uintx GCDrainStackTargetSize                   = 64                                        {product} {ergonomic}
   size_t InitialHeapSize                          = 130023424                                 {product} {ergonomic}
   size_t MarkStackSize                            = 4194304                                   {product} {ergonomic}
   size_t MaxHeapSize                              = 2147483648                                {product} {command line}
   size_t MaxNewSize                               = 1287651328                                {product} {ergonomic}
   size_t MinHeapDeltaBytes                        = 1048576                                   {product} {ergonomic}
    uintx NonNMethodCodeHeapSize                   = 5830732                                {pd product} {ergonomic}
    uintx NonProfiledCodeHeapSize                  = 122913754                              {pd product} {ergonomic}
    uintx ProfiledCodeHeapSize                     = 122913754                              {pd product} {ergonomic}
    uintx ReservedCodeCacheSize                    = 251658240                              {pd product} {ergonomic}
     bool SegmentedCodeCache                       = true                                      {product} {ergonomic}
     bool UseCompressedClassPointers               = true                                 {lp64_product} {ergonomic}
     bool UseCompressedOops                        = true                                 {lp64_product} {ergonomic}
     bool UseG1GC                                  = true                                      {product} {ergonomic}
     bool UseLargePagesIndividualAllocation        = false                                  {pd product} {ergonomic}

Logging:
Log output configuration:
 #0: stdout all=warning uptime,level,tags
 #1: stderr all=off uptime,level,tags

Environment Variables:
PATH=C:\Program Files\Common Files\Oracle\Java\javapath;C:\oracle\product\10.2.0\db_1\bin;C:\WINDOWS\system32;C:\WINDOWS;C:\WINDOWS\System32\Wbem;C:\WINDOWS\System32\WindowsPowerShell\v1.0\;C:\WINDOWS\System32\OpenSSH\;C:\Users\DELL LATITUDE 5580\AppData\Local\Programs\Python\Python37;C:\Users\DELL LATITUDE 5580\Desktop\matlab 7.1\crack\runtime\win32;C:\Users\DELL LATITUDE 5580\Desktop\matlab 7.1\crack\bin;C:\Program Files\Git\cmd;C:\Program Files (x86)\dotnet\;C:\Users\DELL LATITUDE 5580\AppData\Local\Programs\Python\Python310\Scripts\;C:\Users\DELL LATITUDE 5580\AppData\Local\Programs\Python\Python310\;C:\Users\DELL LATITUDE 5580\AppData\Local\Microsoft\WindowsApps;C:\Program Files\JetBrains\PyCharm Community Edition 2019.2.4\bin;;C:\Users\DELL LATITUDE 5580\AppData\Local\Programs\Microsoft VS Code\bin;
USERNAME=DELL LATITUDE 5580
OS=Windows_NT
PROCESSOR_IDENTIFIER=Intel64 Family 6 Model 142 Stepping 9, GenuineIntel



---------------  S Y S T E M  ---------------

OS: Windows 10 , 64 bit Build 19041 (10.0.19041.2546)
OS uptime: 2 days 19:23 hours

CPU:total 4 (initial active 4) (2 cores per cpu, 2 threads per core) family 6 model 142 stepping 9 microcode 0xb4, cmov, cx8, fxsr, mmx, sse, sse2, sse3, ssse3, sse4.1, sse4.2, popcnt, avx, avx2, aes, clmul, erms, 3dnowpref, lzcnt, ht, tsc, tscinvbit, bmi1, bmi2, adx, fma

Memory: 4k page, system-wide physical 7833M (412M free)
TotalPageFile size 7833M (AvailPageFile size 4M)
current process WorkingSet (physical memory assigned to process): 468M, peak: 475M
current process commit charge ("private bytes"): 498M, peak: 506M

vm_info: OpenJDK 64-Bit Server VM (11.0.13+0-b1751.21-8125866) for windows-amd64 JRE (11.0.13+0-b1751.21-8125866), built on Feb  2 2022 03:00:22 by "builder" with MS VC++ 14.0 (VS2015)

END.
