#
# There is insufficient memory for the Java Runtime Environment to continue.
# Native memory allocation (mmap) failed to map 31457280 bytes for Failed to commit area from 0x0000000089500000 to 0x000000008b300000 of length 31457280.
# Possible reasons:
#   The system is out of physical RAM or swap space
#   The process is running with CompressedOops enabled, and the Java Heap may be blocking the growth of the native heap
# Possible solutions:
#   Reduce memory load on the system
#   Increase physical memory or swap space
#   Check if swap backing store is full
#   Decrease Java heap size (-Xmx/-Xms)
#   Decrease number of Java threads
#   Decrease Java thread stack sizes (-Xss)
#   Set larger code cache with -XX:ReservedCodeCacheSize=
#   JVM is running with Unscaled Compressed Oops mode in which the Java heap is
#     placed in the first 4GB address space. The Java Heap base address is the
#     maximum limit for the native heap growth. Please use -XX:HeapBaseMinAddress
#     to set the Java Heap base and to place the Java Heap above 4GB virtual address.
# This output file may be truncated or incomplete.
#
#  Out of Memory Error (./src/hotspot/os/windows/os_windows.cpp:3619), pid=9412, tid=13036
#
# JRE version: OpenJDK Runtime Environment (11.0.13) (build 11.0.13+0-b1751.21-8125866)
# Java VM: OpenJDK 64-Bit Server VM (11.0.13+0-b1751.21-8125866, mixed mode, tiered, compressed oops, g1 gc, windows-amd64)
# No core dump will be written. Minidumps are not enabled by default on client versions of Windows
#

---------------  S U M M A R Y ------------

Command Line: --add-opens=java.base/java.util=ALL-UNNAMED --add-opens=java.base/java.lang=ALL-UNNAMED --add-opens=java.base/java.lang.invoke=ALL-UNNAMED --add-opens=java.base/java.util=ALL-UNNAMED --add-opens=java.prefs/java.util.prefs=ALL-UNNAMED --add-opens=java.prefs/java.util.prefs=ALL-UNNAMED --add-opens=java.base/java.nio.charset=ALL-UNNAMED --add-opens=java.base/java.net=ALL-UNNAMED --add-opens=java.base/java.util.concurrent.atomic=ALL-UNNAMED -Xmx2048m -Dfile.encoding=UTF-8 -Duser.country=FR -Duser.language=fr -Duser.variant org.gradle.launcher.daemon.bootstrap.GradleDaemon 7.4

Host: Intel(R) Core(TM) i5-7200U CPU @ 2.50GHz, 4 cores, 7G,  Windows 10 , 64 bit Build 19041 (10.0.19041.2546)
Time: Wed Apr 12 11:52:27 2023 Europe centrale elapsed time: 17.890106 seconds (0d 0h 0m 17s)

---------------  T H R E A D  ---------------

Current thread (0x0000020b265bc800):  VMThread "VM Thread" [stack: 0x0000002f75100000,0x0000002f75200000] [id=13036]

Stack: [0x0000002f75100000,0x0000002f75200000]
[error occurred during error reporting (printing stack bounds), id 0xc0000005, EXCEPTION_ACCESS_VIOLATION (0xc0000005) at pc=0x0000020b0fd6112d]

Native frames: (J=compiled Java code, j=interpreted, Vv=VM code, C=native code)
V  [jvm.dll+0x6100fa]
V  [jvm.dll+0x747090]
V  [jvm.dll+0x7486ad]
V  [jvm.dll+0x748ce5]
V  [jvm.dll+0x748c9b]
V  [jvm.dll+0x60f224]
V  [jvm.dll+0x60f9b8]
C  [ntdll.dll+0xa241f]
C  [ntdll.dll+0x514a4]
C  [ntdll.dll+0xa0f4e]
C  0x0000020b0fd6112d

VM_Operation (0x0000002f765f5bf0): G1CollectForAllocation, mode: safepoint, requested by thread 0x0000020b271a6000


---------------  P R O C E S S  ---------------

Threads class SMR info:
_java_thread_list=0x0000020b2ca35bb0, length=79, elements={
0x0000020b0aa2e000, 0x0000020b265c0800, 0x0000020b265cc000, 0x0000020b265dc000,
0x0000020b265dc800, 0x0000020b265e1800, 0x0000020b265e9000, 0x0000020b265ea000,
0x0000020b265f5800, 0x0000020b270ba000, 0x0000020b290fe800, 0x0000020b2872b800,
0x0000020b29cc4000, 0x0000020b2a656800, 0x0000020b2920a000, 0x0000020b2837d000,
0x0000020b271a6000, 0x0000020b2910a000, 0x0000020b2a561800, 0x0000020b292ce800,
0x0000020b2755a000, 0x0000020b27556000, 0x0000020b27554800, 0x0000020b2755b000,
0x0000020b27557800, 0x0000020b27558800, 0x0000020b27555000, 0x0000020b27559800,
0x0000020b27557000, 0x0000020b28da3000, 0x0000020b28da2800, 0x0000020b28da5000,
0x0000020b28da0800, 0x0000020b28da9800, 0x0000020b28dac000, 0x0000020b28dad000,
0x0000020b28485800, 0x0000020b28da7800, 0x0000020b28dae000, 0x0000020b28daa800,
0x0000020b28da8000, 0x0000020b28dab800, 0x0000020b28da9000, 0x0000020b27f1b000,
0x0000020b27f1f000, 0x0000020b27f20000, 0x0000020b27f1e800, 0x0000020b27f1d000,
0x0000020b27f1d800, 0x0000020b27f21000, 0x0000020b27f21800, 0x0000020b27f1c000,
0x0000020b27f27800, 0x0000020b27f24000, 0x0000020b27f25000, 0x0000020b27f22800,
0x0000020b27f26000, 0x0000020b27f26800, 0x0000020b27f28000, 0x0000020b27f29000,
0x0000020b27f23800, 0x0000020b27f2a000, 0x0000020b2a94d000, 0x0000020b2a94e000,
0x0000020b2a94a800, 0x0000020b2a94b800, 0x0000020b2a94c800, 0x0000020b2a94a000,
0x0000020b2a94f800, 0x0000020b2a950800, 0x0000020b2a953000, 0x0000020b2a951000,
0x0000020b2a952000, 0x0000020b2a953800, 0x0000020b2a954800, 0x0000020b2a94f000,
0x0000020b2a956000, 0x0000020b2a957800, 0x0000020b2a955800
}

Java Threads: ( => current thread )
  0x0000020b0aa2e000 JavaThread "main" [_thread_blocked, id=11904, stack(0x0000002f74b00000,0x0000002f74c00000)]
  0x0000020b265c0800 JavaThread "Reference Handler" daemon [_thread_blocked, id=9996, stack(0x0000002f75200000,0x0000002f75300000)]
  0x0000020b265cc000 JavaThread "Finalizer" daemon [_thread_blocked, id=1388, stack(0x0000002f75300000,0x0000002f75400000)]
  0x0000020b265dc000 JavaThread "Signal Dispatcher" daemon [_thread_blocked, id=10676, stack(0x0000002f75400000,0x0000002f75500000)]
  0x0000020b265dc800 JavaThread "Attach Listener" daemon [_thread_blocked, id=7500, stack(0x0000002f75500000,0x0000002f75600000)]
  0x0000020b265e1800 JavaThread "Service Thread" daemon [_thread_blocked, id=11168, stack(0x0000002f75600000,0x0000002f75700000)]
  0x0000020b265e9000 JavaThread "C2 CompilerThread0" daemon [_thread_in_native, id=4916, stack(0x0000002f75700000,0x0000002f75800000)]
  0x0000020b265ea000 JavaThread "C1 CompilerThread0" daemon [_thread_blocked, id=7000, stack(0x0000002f75800000,0x0000002f75900000)]
  0x0000020b265f5800 JavaThread "Sweeper thread" daemon [_thread_blocked, id=3656, stack(0x0000002f75900000,0x0000002f75a00000)]
  0x0000020b270ba000 JavaThread "Common-Cleaner" daemon [_thread_blocked, id=4164, stack(0x0000002f75a00000,0x0000002f75b00000)]
  0x0000020b290fe800 JavaThread "Daemon health stats" [_thread_blocked, id=13200, stack(0x0000002f75e00000,0x0000002f75f00000)]
  0x0000020b2872b800 JavaThread "Incoming local TCP Connector on port 49550" [_thread_in_native, id=8384, stack(0x0000002f75c00000,0x0000002f75d00000)]
  0x0000020b29cc4000 JavaThread "Daemon periodic checks" [_thread_blocked, id=2672, stack(0x0000002f76100000,0x0000002f76200000)]
  0x0000020b2a656800 JavaThread "Daemon" [_thread_blocked, id=6996, stack(0x0000002f76200000,0x0000002f76300000)]
  0x0000020b2920a000 JavaThread "Handler for socket connection from /127.0.0.1:49550 to /127.0.0.1:49551" [_thread_in_native, id=7728, stack(0x0000002f76300000,0x0000002f76400000)]
  0x0000020b2837d000 JavaThread "Cancel handler" [_thread_blocked, id=12896, stack(0x0000002f76400000,0x0000002f76500000)]
  0x0000020b271a6000 JavaThread "Daemon worker" [_thread_blocked, id=10504, stack(0x0000002f76500000,0x0000002f76600000)]
  0x0000020b2910a000 JavaThread "Asynchronous log dispatcher for DefaultDaemonConnection: socket connection from /127.0.0.1:49550 to /127.0.0.1:49551" [_thread_blocked, id=3864, stack(0x0000002f76600000,0x0000002f76700000)]
  0x0000020b2a561800 JavaThread "Stdin handler" [_thread_blocked, id=1456, stack(0x0000002f76700000,0x0000002f76800000)]
  0x0000020b292ce800 JavaThread "Daemon client event forwarder" [_thread_blocked, id=5908, stack(0x0000002f76800000,0x0000002f76900000)]
  0x0000020b2755a000 JavaThread "Cache worker for journal cache (C:\Users\DELL LATITUDE 5580\.gradle\caches\journal-1)" [_thread_blocked, id=9824, stack(0x0000002f76900000,0x0000002f76a00000)]
  0x0000020b27556000 JavaThread "File lock request listener" [_thread_in_native, id=3320, stack(0x0000002f76a00000,0x0000002f76b00000)]
  0x0000020b27554800 JavaThread "Cache worker for file hash cache (C:\Users\DELL LATITUDE 5580\.gradle\caches\7.4\fileHashes)" [_thread_blocked, id=5088, stack(0x0000002f76b00000,0x0000002f76c00000)]
  0x0000020b2755b000 JavaThread "File watcher server" daemon [_thread_in_native, id=1204, stack(0x0000002f76d00000,0x0000002f76e00000)]
  0x0000020b27557800 JavaThread "File watcher consumer" daemon [_thread_blocked, id=4116, stack(0x0000002f76e00000,0x0000002f76f00000)]
  0x0000020b27558800 JavaThread "Cache worker for checksums cache (C:\Users\DELL LATITUDE 5580\memoireversionfinale\.gradle\7.4\checksums)" [_thread_blocked, id=2180, stack(0x0000002f76f00000,0x0000002f77000000)]
  0x0000020b27555000 JavaThread "Cache worker for cache directory md-rule (C:\Users\DELL LATITUDE 5580\.gradle\caches\7.4\md-rule)" [_thread_blocked, id=12704, stack(0x0000002f77000000,0x0000002f77100000)]
  0x0000020b27559800 JavaThread "Cache worker for file hash cache (C:\Users\DELL LATITUDE 5580\memoireversionfinale\.gradle\7.4\fileHashes)" [_thread_blocked, id=7664, stack(0x0000002f77100000,0x0000002f77200000)]
  0x0000020b27557000 JavaThread "Cache worker for cache directory md-supplier (C:\Users\DELL LATITUDE 5580\.gradle\caches\7.4\md-supplier)" [_thread_blocked, id=10692, stack(0x0000002f77200000,0x0000002f77300000)]
  0x0000020b28da3000 JavaThread "Cache worker for execution history cache (C:\Users\DELL LATITUDE 5580\.gradle\caches\7.4\executionHistory)" [_thread_blocked, id=12240, stack(0x0000002f77300000,0x0000002f77400000)]
  0x0000020b28da2800 JavaThread "jar transforms" [_thread_blocked, id=9964, stack(0x0000002f77400000,0x0000002f77500000)]
  0x0000020b28da5000 JavaThread "Cache worker for file content cache (C:\Users\DELL LATITUDE 5580\.gradle\caches\7.4\fileContent)" [_thread_blocked, id=11108, stack(0x0000002f77500000,0x0000002f77600000)]
  0x0000020b28da0800 JavaThread "jar transforms Thread 2" [_thread_blocked, id=3504, stack(0x0000002f77600000,0x0000002f77700000)]
  0x0000020b28da9800 JavaThread "Cache worker for dependencies-accessors (C:\Users\DELL LATITUDE 5580\memoireversionfinale\.gradle\7.4\dependencies-accessors)" [_thread_blocked, id=7976, stack(0x0000002f77700000,0x0000002f77800000)]
  0x0000020b28dac000 JavaThread "jar transforms Thread 3" [_thread_blocked, id=9196, stack(0x0000002f77800000,0x0000002f77900000)]
  0x0000020b28dad000 JavaThread "Cache worker for Build Output Cleanup Cache (C:\Users\DELL LATITUDE 5580\memoireversionfinale\.gradle\buildOutputCleanup)" [_thread_blocked, id=13184, stack(0x0000002f76c00000,0x0000002f76d00000)]
  0x0000020b28485800 JavaThread "C2 CompilerThread1" daemon [_thread_blocked, id=11616, stack(0x0000002f77900000,0x0000002f77a00000)]
  0x0000020b28da7800 JavaThread "Unconstrained build operations" [_thread_blocked, id=9592, stack(0x0000002f77a00000,0x0000002f77b00000)]
  0x0000020b28dae000 JavaThread "Unconstrained build operations Thread 2" [_thread_blocked, id=5332, stack(0x0000002f77b00000,0x0000002f77c00000)]
  0x0000020b28daa800 JavaThread "Unconstrained build operations Thread 3" [_thread_blocked, id=8988, stack(0x0000002f77c00000,0x0000002f77d00000)]
  0x0000020b28da8000 JavaThread "Unconstrained build operations Thread 4" [_thread_blocked, id=892, stack(0x0000002f77d00000,0x0000002f77e00000)]
  0x0000020b28dab800 JavaThread "Unconstrained build operations Thread 5" [_thread_blocked, id=7480, stack(0x0000002f77e00000,0x0000002f77f00000)]
  0x0000020b28da9000 JavaThread "Unconstrained build operations Thread 6" [_thread_blocked, id=7232, stack(0x0000002f77f00000,0x0000002f78000000)]
  0x0000020b27f1b000 JavaThread "Unconstrained build operations Thread 7" [_thread_blocked, id=9368, stack(0x0000002f78000000,0x0000002f78100000)]
  0x0000020b27f1f000 JavaThread "Unconstrained build operations Thread 8" [_thread_blocked, id=12656, stack(0x0000002f78100000,0x0000002f78200000)]
  0x0000020b27f20000 JavaThread "Unconstrained build operations Thread 9" [_thread_blocked, id=3720, stack(0x0000002f78200000,0x0000002f78300000)]
  0x0000020b27f1e800 JavaThread "Unconstrained build operations Thread 10" [_thread_blocked, id=7672, stack(0x0000002f78300000,0x0000002f78400000)]
  0x0000020b27f1d000 JavaThread "Unconstrained build operations Thread 11" [_thread_blocked, id=12736, stack(0x0000002f78400000,0x0000002f78500000)]
  0x0000020b27f1d800 JavaThread "Unconstrained build operations Thread 12" [_thread_blocked, id=3748, stack(0x0000002f78500000,0x0000002f78600000)]
  0x0000020b27f21000 JavaThread "Unconstrained build operations Thread 13" [_thread_blocked, id=10376, stack(0x0000002f78600000,0x0000002f78700000)]
  0x0000020b27f21800 JavaThread "Unconstrained build operations Thread 14" [_thread_blocked, id=260, stack(0x0000002f78700000,0x0000002f78800000)]
  0x0000020b27f1c000 JavaThread "Unconstrained build operations Thread 15" [_thread_blocked, id=5192, stack(0x0000002f78800000,0x0000002f78900000)]
  0x0000020b27f27800 JavaThread "Unconstrained build operations Thread 16" [_thread_blocked, id=12292, stack(0x0000002f78900000,0x0000002f78a00000)]
  0x0000020b27f24000 JavaThread "Unconstrained build operations Thread 17" [_thread_blocked, id=3000, stack(0x0000002f78a00000,0x0000002f78b00000)]
  0x0000020b27f25000 JavaThread "Unconstrained build operations Thread 18" [_thread_blocked, id=4344, stack(0x0000002f78b00000,0x0000002f78c00000)]
  0x0000020b27f22800 JavaThread "Unconstrained build operations Thread 19" [_thread_blocked, id=5816, stack(0x0000002f78c00000,0x0000002f78d00000)]
  0x0000020b27f26000 JavaThread "Unconstrained build operations Thread 20" [_thread_blocked, id=3024, stack(0x0000002f78d00000,0x0000002f78e00000)]
  0x0000020b27f26800 JavaThread "Unconstrained build operations Thread 21" [_thread_blocked, id=6380, stack(0x0000002f78e00000,0x0000002f78f00000)]
  0x0000020b27f28000 JavaThread "Unconstrained build operations Thread 22" [_thread_blocked, id=6012, stack(0x0000002f78f00000,0x0000002f79000000)]
  0x0000020b27f29000 JavaThread "Unconstrained build operations Thread 23" [_thread_blocked, id=6552, stack(0x0000002f79000000,0x0000002f79100000)]
  0x0000020b27f23800 JavaThread "Unconstrained build operations Thread 24" [_thread_blocked, id=13264, stack(0x0000002f79100000,0x0000002f79200000)]
  0x0000020b27f2a000 JavaThread "Unconstrained build operations Thread 25" [_thread_blocked, id=6396, stack(0x0000002f79200000,0x0000002f79300000)]
  0x0000020b2a94d000 JavaThread "Unconstrained build operations Thread 26" [_thread_blocked, id=12576, stack(0x0000002f79300000,0x0000002f79400000)]
  0x0000020b2a94e000 JavaThread "Unconstrained build operations Thread 27" [_thread_blocked, id=6392, stack(0x0000002f79400000,0x0000002f79500000)]
  0x0000020b2a94a800 JavaThread "Unconstrained build operations Thread 28" [_thread_blocked, id=11744, stack(0x0000002f79500000,0x0000002f79600000)]
  0x0000020b2a94b800 JavaThread "Unconstrained build operations Thread 29" [_thread_blocked, id=1312, stack(0x0000002f79600000,0x0000002f79700000)]
  0x0000020b2a94c800 JavaThread "Unconstrained build operations Thread 30" [_thread_blocked, id=12372, stack(0x0000002f79700000,0x0000002f79800000)]
  0x0000020b2a94a000 JavaThread "Unconstrained build operations Thread 31" [_thread_blocked, id=3152, stack(0x0000002f79800000,0x0000002f79900000)]
  0x0000020b2a94f800 JavaThread "Unconstrained build operations Thread 32" [_thread_blocked, id=9036, stack(0x0000002f79900000,0x0000002f79a00000)]
  0x0000020b2a950800 JavaThread "Unconstrained build operations Thread 33" [_thread_blocked, id=660, stack(0x0000002f79a00000,0x0000002f79b00000)]
  0x0000020b2a953000 JavaThread "Unconstrained build operations Thread 34" [_thread_blocked, id=9680, stack(0x0000002f79b00000,0x0000002f79c00000)]
  0x0000020b2a951000 JavaThread "Unconstrained build operations Thread 35" [_thread_blocked, id=11364, stack(0x0000002f79c00000,0x0000002f79d00000)]
  0x0000020b2a952000 JavaThread "Unconstrained build operations Thread 36" [_thread_blocked, id=1996, stack(0x0000002f79d00000,0x0000002f79e00000)]
  0x0000020b2a953800 JavaThread "Unconstrained build operations Thread 37" [_thread_blocked, id=3356, stack(0x0000002f79e00000,0x0000002f79f00000)]
  0x0000020b2a954800 JavaThread "Unconstrained build operations Thread 38" [_thread_blocked, id=2968, stack(0x0000002f79f00000,0x0000002f7a000000)]
  0x0000020b2a94f000 JavaThread "Unconstrained build operations Thread 39" [_thread_blocked, id=12864, stack(0x0000002f7a000000,0x0000002f7a100000)]
  0x0000020b2a956000 JavaThread "Unconstrained build operations Thread 40" [_thread_blocked, id=5824, stack(0x0000002f7a100000,0x0000002f7a200000)]
  0x0000020b2a957800 JavaThread "jar transforms Thread 4" [_thread_blocked, id=1592, stack(0x0000002f7a200000,0x0000002f7a300000)]
  0x0000020b2a955800 JavaThread "Memory manager" [_thread_blocked, id=5188, stack(0x0000002f7a300000,0x0000002f7a400000)]

Other Threads:
=>0x0000020b265bc800 VMThread "VM Thread" [stack: 0x0000002f75100000,0x0000002f75200000] [id=13036]
  0x0000020b270fb800 WatcherThread [stack: 0x0000002f75b00000,0x0000002f75c00000] [id=11672]
  0x0000020b0aa46000 GCTaskThread "GC Thread#0" [stack: 0x0000002f74c00000,0x0000002f74d00000] [id=8820]
  0x0000020b27bc1000 GCTaskThread "GC Thread#1" [stack: 0x0000002f75d00000,0x0000002f75e00000] [id=7680]
  0x0000020b2aaa3000 GCTaskThread "GC Thread#2" [stack: 0x0000002f75f00000,0x0000002f76000000] [id=12068]
  0x0000020b29397800 GCTaskThread "GC Thread#3" [stack: 0x0000002f76000000,0x0000002f76100000] [id=8992]
  0x0000020b0aa77800 ConcurrentGCThread "G1 Main Marker" [stack: 0x0000002f74d00000,0x0000002f74e00000] [id=7900]
  0x0000020b0aa79800 ConcurrentGCThread "G1 Conc#0" [stack: 0x0000002f74e00000,0x0000002f74f00000] [id=10344]
  0x0000020b0ab07800 ConcurrentGCThread "G1 Refine#0" [stack: 0x0000002f74f00000,0x0000002f75000000] [id=3500]
  0x0000020b0ab08800 ConcurrentGCThread "G1 Young RemSet Sampling" [stack: 0x0000002f75000000,0x0000002f75100000] [id=12224]

Threads with active compile tasks:
C2 CompilerThread0  17925 6410       4       java.util.StringJoiner::toString (181 bytes)

VM state:at safepoint (normal execution)

VM Mutex/Monitor currently owned by a thread:  ([mutex/lock_event])
[0x0000020b0aa2a8c0] Threads_lock - owner thread: 0x0000020b265bc800
[0x0000020b0aa2a560] Heap_lock - owner thread: 0x0000020b271a6000

Heap address: 0x0000000080000000, size: 2048 MB, Compressed Oops mode: 32-bit
Narrow klass base: 0x0000000000000000, Narrow klass shift: 3
Compressed class space size: 1073741824 Address: 0x0000000100000000

Heap:
 garbage-first heap   total 183296K, used 50917K [0x0000000080000000, 0x0000000100000000)
  region size 1024K, 8 young (8192K), 8 survivors (8192K)
 Metaspace       used 63564K, capacity 65041K, committed 65360K, reserved 1105920K
  class space    used 7971K, capacity 8517K, committed 8652K, reserved 1048576K
Heap Regions: E=young(eden), S=young(survivor), O=old, HS=humongous(starts), HC=humongous(continues), CS=collection set, F=free, A=archive, TAMS=top-at-mark-start (previous, next)
|   0|0x0000000080000000, 0x0000000080100000, 0x0000000080100000|100%|HS|  |TAMS 0x0000000080100000, 0x0000000080000000| Complete 
|   1|0x0000000080100000, 0x0000000080200000, 0x0000000080200000|100%|HC|  |TAMS 0x0000000080200000, 0x0000000080100000| Complete 
|   2|0x0000000080200000, 0x0000000080300000, 0x0000000080300000|100%|HC|  |TAMS 0x0000000080300000, 0x0000000080200000| Complete 
|   3|0x0000000080300000, 0x0000000080400000, 0x0000000080400000|100%| O|  |TAMS 0x0000000080400000, 0x0000000080300000| Untracked 
|   4|0x0000000080400000, 0x0000000080500000, 0x0000000080500000|100%| O|  |TAMS 0x0000000080500000, 0x0000000080400000| Untracked 
|   5|0x0000000080500000, 0x0000000080600000, 0x0000000080600000|100%| O|  |TAMS 0x0000000080600000, 0x0000000080500000| Untracked 
|   6|0x0000000080600000, 0x0000000080700000, 0x0000000080700000|100%| O|  |TAMS 0x0000000080700000, 0x0000000080600000| Untracked 
|   7|0x0000000080700000, 0x0000000080800000, 0x0000000080800000|100%| O|  |TAMS 0x0000000080800000, 0x0000000080700000| Untracked 
|   8|0x0000000080800000, 0x0000000080900000, 0x0000000080900000|100%| O|  |TAMS 0x0000000080900000, 0x0000000080800000| Untracked 
|   9|0x0000000080900000, 0x0000000080a00000, 0x0000000080a00000|100%| O|  |TAMS 0x0000000080a00000, 0x0000000080900000| Untracked 
|  10|0x0000000080a00000, 0x0000000080b00000, 0x0000000080b00000|100%| O|  |TAMS 0x0000000080b00000, 0x0000000080a00000| Untracked 
|  11|0x0000000080b00000, 0x0000000080c00000, 0x0000000080c00000|100%| O|  |TAMS 0x0000000080c00000, 0x0000000080b00000| Untracked 
|  12|0x0000000080c00000, 0x0000000080d00000, 0x0000000080d00000|100%| O|  |TAMS 0x0000000080d00000, 0x0000000080c00000| Untracked 
|  13|0x0000000080d00000, 0x0000000080e00000, 0x0000000080e00000|100%| O|  |TAMS 0x0000000080e00000, 0x0000000080d00000| Untracked 
|  14|0x0000000080e00000, 0x0000000080f00000, 0x0000000080f00000|100%| O|  |TAMS 0x0000000080f00000, 0x0000000080e00000| Untracked 
|  15|0x0000000080f00000, 0x0000000081000000, 0x0000000081000000|100%| O|  |TAMS 0x0000000081000000, 0x0000000080f00000| Untracked 
|  16|0x0000000081000000, 0x0000000081100000, 0x0000000081100000|100%| O|  |TAMS 0x0000000081100000, 0x0000000081000000| Untracked 
|  17|0x0000000081100000, 0x0000000081200000, 0x0000000081200000|100%|HS|  |TAMS 0x0000000081200000, 0x0000000081100000| Complete 
|  18|0x0000000081200000, 0x0000000081300000, 0x0000000081300000|100%| O|  |TAMS 0x0000000081300000, 0x0000000081200000| Untracked 
|  19|0x0000000081300000, 0x0000000081400000, 0x0000000081400000|100%| O|  |TAMS 0x0000000081400000, 0x0000000081300000| Untracked 
|  20|0x0000000081400000, 0x0000000081500000, 0x0000000081500000|100%| O|  |TAMS 0x0000000081500000, 0x0000000081400000| Untracked 
|  21|0x0000000081500000, 0x0000000081600000, 0x0000000081600000|100%| O|  |TAMS 0x0000000081600000, 0x0000000081500000| Untracked 
|  22|0x0000000081600000, 0x0000000081700000, 0x0000000081700000|100%| O|  |TAMS 0x0000000081700000, 0x0000000081600000| Untracked 
|  23|0x0000000081700000, 0x0000000081800000, 0x0000000081800000|100%|HS|  |TAMS 0x0000000081800000, 0x0000000081700000| Complete 
|  24|0x0000000081800000, 0x0000000081900000, 0x0000000081900000|100%| O|  |TAMS 0x0000000081900000, 0x0000000081800000| Untracked 
|  25|0x0000000081900000, 0x0000000081a00000, 0x0000000081a00000|100%|HS|  |TAMS 0x0000000081a00000, 0x0000000081900000| Complete 
|  26|0x0000000081a00000, 0x0000000081b00000, 0x0000000081b00000|100%|HC|  |TAMS 0x0000000081b00000, 0x0000000081a00000| Complete 
|  27|0x0000000081b00000, 0x0000000081c00000, 0x0000000081c00000|100%| O|  |TAMS 0x0000000081c00000, 0x0000000081b00000| Untracked 
|  28|0x0000000081c00000, 0x0000000081d00000, 0x0000000081d00000|100%| O|  |TAMS 0x0000000081d00000, 0x0000000081c00000| Untracked 
|  29|0x0000000081d00000, 0x0000000081e00000, 0x0000000081e00000|100%| O|  |TAMS 0x0000000081e00000, 0x0000000081d00000| Untracked 
|  30|0x0000000081e00000, 0x0000000081f00000, 0x0000000081f00000|100%| O|  |TAMS 0x0000000081f00000, 0x0000000081e00000| Untracked 
|  31|0x0000000081f00000, 0x0000000082000000, 0x0000000082000000|100%| O|  |TAMS 0x0000000082000000, 0x0000000081f00000| Untracked 
|  32|0x0000000082000000, 0x0000000082100000, 0x0000000082100000|100%| O|  |TAMS 0x0000000082100000, 0x0000000082000000| Untracked 
|  33|0x0000000082100000, 0x0000000082200000, 0x0000000082200000|100%| O|  |TAMS 0x0000000082200000, 0x0000000082100000| Untracked 
|  34|0x0000000082200000, 0x0000000082300000, 0x0000000082300000|100%| O|  |TAMS 0x0000000082300000, 0x0000000082200000| Untracked 
|  35|0x0000000082300000, 0x0000000082400000, 0x0000000082400000|100%| O|  |TAMS 0x0000000082400000, 0x0000000082300000| Untracked 
|  36|0x0000000082400000, 0x0000000082500000, 0x0000000082500000|100%| O|  |TAMS 0x0000000082500000, 0x0000000082400000| Untracked 
|  37|0x0000000082500000, 0x0000000082600000, 0x0000000082600000|100%| O|  |TAMS 0x0000000082600000, 0x0000000082500000| Untracked 
|  38|0x0000000082600000, 0x0000000082700000, 0x0000000082700000|100%| O|  |TAMS 0x0000000082700000, 0x0000000082600000| Untracked 
|  39|0x0000000082700000, 0x0000000082800000, 0x0000000082800000|100%| O|  |TAMS 0x0000000082800000, 0x0000000082700000| Untracked 
|  40|0x0000000082800000, 0x0000000082900000, 0x0000000082900000|100%| O|  |TAMS 0x0000000082900000, 0x0000000082800000| Untracked 
|  41|0x0000000082900000, 0x0000000082a00000, 0x0000000082a00000|100%| O|  |TAMS 0x0000000082a00000, 0x0000000082900000| Untracked 
|  42|0x0000000082a00000, 0x0000000082a68200, 0x0000000082b00000| 40%| O|  |TAMS 0x0000000082a68200, 0x0000000082a00000| Untracked 
|  43|0x0000000082b00000, 0x0000000082b00000, 0x0000000082c00000|  0%| F|  |TAMS 0x0000000082b00000, 0x0000000082b00000| Untracked 
|  44|0x0000000082c00000, 0x0000000082c00000, 0x0000000082d00000|  0%| F|  |TAMS 0x0000000082c00000, 0x0000000082c00000| Untracked 
|  45|0x0000000082d00000, 0x0000000082d00000, 0x0000000082e00000|  0%| F|  |TAMS 0x0000000082d00000, 0x0000000082d00000| Untracked 
|  46|0x0000000082e00000, 0x0000000082e00000, 0x0000000082f00000|  0%| F|  |TAMS 0x0000000082e00000, 0x0000000082e00000| Untracked 
|  47|0x0000000082f00000, 0x0000000082f00000, 0x0000000083000000|  0%| F|  |TAMS 0x0000000082f00000, 0x0000000082f00000| Untracked 
|  48|0x0000000083000000, 0x0000000083000000, 0x0000000083100000|  0%| F|  |TAMS 0x0000000083000000, 0x0000000083000000| Untracked 
|  49|0x0000000083100000, 0x0000000083100000, 0x0000000083200000|  0%| F|  |TAMS 0x0000000083100000, 0x0000000083100000| Untracked 
|  50|0x0000000083200000, 0x0000000083200000, 0x0000000083300000|  0%| F|  |TAMS 0x0000000083200000, 0x0000000083200000| Untracked 
|  51|0x0000000083300000, 0x0000000083300000, 0x0000000083400000|  0%| F|  |TAMS 0x0000000083300000, 0x0000000083300000| Untracked 
|  52|0x0000000083400000, 0x0000000083400000, 0x0000000083500000|  0%| F|  |TAMS 0x0000000083400000, 0x0000000083400000| Untracked 
|  53|0x0000000083500000, 0x0000000083500000, 0x0000000083600000|  0%| F|  |TAMS 0x0000000083500000, 0x0000000083500000| Untracked 
|  54|0x0000000083600000, 0x0000000083600000, 0x0000000083700000|  0%| F|  |TAMS 0x0000000083600000, 0x0000000083600000| Untracked 
|  55|0x0000000083700000, 0x0000000083700000, 0x0000000083800000|  0%| F|  |TAMS 0x0000000083700000, 0x0000000083700000| Untracked 
|  56|0x0000000083800000, 0x0000000083800000, 0x0000000083900000|  0%| F|  |TAMS 0x0000000083800000, 0x0000000083800000| Untracked 
|  57|0x0000000083900000, 0x0000000083900000, 0x0000000083a00000|  0%| F|  |TAMS 0x0000000083900000, 0x0000000083900000| Untracked 
|  58|0x0000000083a00000, 0x0000000083a00000, 0x0000000083b00000|  0%| F|  |TAMS 0x0000000083a00000, 0x0000000083a00000| Untracked 
|  59|0x0000000083b00000, 0x0000000083b00000, 0x0000000083c00000|  0%| F|  |TAMS 0x0000000083b00000, 0x0000000083b00000| Untracked 
|  60|0x0000000083c00000, 0x0000000083c00000, 0x0000000083d00000|  0%| F|  |TAMS 0x0000000083c00000, 0x0000000083c00000| Untracked 
|  61|0x0000000083d00000, 0x0000000083d00000, 0x0000000083e00000|  0%| F|  |TAMS 0x0000000083d00000, 0x0000000083d00000| Untracked 
|  62|0x0000000083e00000, 0x0000000083e00000, 0x0000000083f00000|  0%| F|  |TAMS 0x0000000083e00000, 0x0000000083e00000| Untracked 
|  63|0x0000000083f00000, 0x0000000083f00000, 0x0000000084000000|  0%| F|  |TAMS 0x0000000083f00000, 0x0000000083f00000| Untracked 
|  64|0x0000000084000000, 0x0000000084000000, 0x0000000084100000|  0%| F|  |TAMS 0x0000000084000000, 0x0000000084000000| Untracked 
|  65|0x0000000084100000, 0x0000000084100000, 0x0000000084200000|  0%| F|  |TAMS 0x0000000084100000, 0x0000000084100000| Untracked 
|  66|0x0000000084200000, 0x0000000084200000, 0x0000000084300000|  0%| F|  |TAMS 0x0000000084200000, 0x0000000084200000| Untracked 
|  67|0x0000000084300000, 0x0000000084300000, 0x0000000084400000|  0%| F|  |TAMS 0x0000000084300000, 0x0000000084300000| Untracked 
|  68|0x0000000084400000, 0x0000000084400000, 0x0000000084500000|  0%| F|  |TAMS 0x0000000084400000, 0x0000000084400000| Untracked 
|  69|0x0000000084500000, 0x0000000084500000, 0x0000000084600000|  0%| F|  |TAMS 0x0000000084500000, 0x0000000084500000| Untracked 
|  70|0x0000000084600000, 0x0000000084600000, 0x0000000084700000|  0%| F|  |TAMS 0x0000000084600000, 0x0000000084600000| Untracked 
|  71|0x0000000084700000, 0x0000000084700000, 0x0000000084800000|  0%| F|  |TAMS 0x0000000084700000, 0x0000000084700000| Untracked 
|  72|0x0000000084800000, 0x0000000084800000, 0x0000000084900000|  0%| F|  |TAMS 0x0000000084800000, 0x0000000084800000| Untracked 
|  73|0x0000000084900000, 0x0000000084900000, 0x0000000084a00000|  0%| F|  |TAMS 0x0000000084900000, 0x0000000084900000| Untracked 
|  74|0x0000000084a00000, 0x0000000084a00000, 0x0000000084b00000|  0%| F|  |TAMS 0x0000000084a00000, 0x0000000084a00000| Untracked 
|  75|0x0000000084b00000, 0x0000000084b00000, 0x0000000084c00000|  0%| F|  |TAMS 0x0000000084b00000, 0x0000000084b00000| Untracked 
|  76|0x0000000084c00000, 0x0000000084c00000, 0x0000000084d00000|  0%| F|  |TAMS 0x0000000084c00000, 0x0000000084c00000| Untracked 
|  77|0x0000000084d00000, 0x0000000084d51470, 0x0000000084e00000| 31%| S|CS|TAMS 0x0000000084d00000, 0x0000000084d00000| Complete 
|  78|0x0000000084e00000, 0x0000000084f00000, 0x0000000084f00000|100%| S|CS|TAMS 0x0000000084e00000, 0x0000000084e00000| Complete 
|  79|0x0000000084f00000, 0x0000000085000000, 0x0000000085000000|100%| S|CS|TAMS 0x0000000084f00000, 0x0000000084f00000| Complete 
|  80|0x0000000085000000, 0x0000000085100000, 0x0000000085100000|100%| S|CS|TAMS 0x0000000085000000, 0x0000000085000000| Complete 
|  81|0x0000000085100000, 0x0000000085200000, 0x0000000085200000|100%| S|CS|TAMS 0x0000000085100000, 0x0000000085100000| Complete 
|  82|0x0000000085200000, 0x0000000085300000, 0x0000000085300000|100%| S|CS|TAMS 0x0000000085200000, 0x0000000085200000| Complete 
|  83|0x0000000085300000, 0x0000000085400000, 0x0000000085400000|100%| S|CS|TAMS 0x0000000085300000, 0x0000000085300000| Complete 
|  84|0x0000000085400000, 0x0000000085500000, 0x0000000085500000|100%| S|CS|TAMS 0x0000000085400000, 0x0000000085400000| Complete 
|  85|0x0000000085500000, 0x0000000085500000, 0x0000000085600000|  0%| F|  |TAMS 0x0000000085500000, 0x0000000085500000| Untracked 
|  86|0x0000000085600000, 0x0000000085600000, 0x0000000085700000|  0%| F|  |TAMS 0x0000000085600000, 0x0000000085600000| Untracked 
|  87|0x0000000085700000, 0x0000000085700000, 0x0000000085800000|  0%| F|  |TAMS 0x0000000085700000, 0x0000000085700000| Untracked 
|  88|0x0000000085800000, 0x0000000085800000, 0x0000000085900000|  0%| F|  |TAMS 0x0000000085800000, 0x0000000085800000| Untracked 
|  89|0x0000000085900000, 0x0000000085900000, 0x0000000085a00000|  0%| F|  |TAMS 0x0000000085900000, 0x0000000085900000| Untracked 
|  90|0x0000000085a00000, 0x0000000085a00000, 0x0000000085b00000|  0%| F|  |TAMS 0x0000000085a00000, 0x0000000085a00000| Untracked 
|  91|0x0000000085b00000, 0x0000000085b00000, 0x0000000085c00000|  0%| F|  |TAMS 0x0000000085b00000, 0x0000000085b00000| Untracked 
|  92|0x0000000085c00000, 0x0000000085c00000, 0x0000000085d00000|  0%| F|  |TAMS 0x0000000085c00000, 0x0000000085c00000| Untracked 
|  93|0x0000000085d00000, 0x0000000085d00000, 0x0000000085e00000|  0%| F|  |TAMS 0x0000000085d00000, 0x0000000085d00000| Untracked 
|  94|0x0000000085e00000, 0x0000000085e00000, 0x0000000085f00000|  0%| F|  |TAMS 0x0000000085e00000, 0x0000000085e00000| Untracked 
|  95|0x0000000085f00000, 0x0000000085f00000, 0x0000000086000000|  0%| F|  |TAMS 0x0000000085f00000, 0x0000000085f00000| Untracked 
|  96|0x0000000086000000, 0x0000000086000000, 0x0000000086100000|  0%| F|  |TAMS 0x0000000086000000, 0x0000000086000000| Untracked 
|  97|0x0000000086100000, 0x0000000086100000, 0x0000000086200000|  0%| F|  |TAMS 0x0000000086100000, 0x0000000086100000| Untracked 
|  98|0x0000000086200000, 0x0000000086200000, 0x0000000086300000|  0%| F|  |TAMS 0x0000000086200000, 0x0000000086200000| Untracked 
|  99|0x0000000086300000, 0x0000000086300000, 0x0000000086400000|  0%| F|  |TAMS 0x0000000086300000, 0x0000000086300000| Untracked 
| 100|0x0000000086400000, 0x0000000086400000, 0x0000000086500000|  0%| F|  |TAMS 0x0000000086400000, 0x0000000086400000| Untracked 
| 101|0x0000000086500000, 0x0000000086500000, 0x0000000086600000|  0%| F|  |TAMS 0x0000000086500000, 0x0000000086500000| Untracked 
| 102|0x0000000086600000, 0x0000000086600000, 0x0000000086700000|  0%| F|  |TAMS 0x0000000086600000, 0x0000000086600000| Untracked 
| 103|0x0000000086700000, 0x0000000086700000, 0x0000000086800000|  0%| F|  |TAMS 0x0000000086700000, 0x0000000086700000| Untracked 
| 104|0x0000000086800000, 0x0000000086800000, 0x0000000086900000|  0%| F|  |TAMS 0x0000000086800000, 0x0000000086800000| Untracked 
| 105|0x0000000086900000, 0x0000000086900000, 0x0000000086a00000|  0%| F|  |TAMS 0x0000000086900000, 0x0000000086900000| Untracked 
| 106|0x0000000086a00000, 0x0000000086a00000, 0x0000000086b00000|  0%| F|  |TAMS 0x0000000086a00000, 0x0000000086a00000| Untracked 
| 107|0x0000000086b00000, 0x0000000086b00000, 0x0000000086c00000|  0%| F|  |TAMS 0x0000000086b00000, 0x0000000086b00000| Untracked 
| 108|0x0000000086c00000, 0x0000000086c00000, 0x0000000086d00000|  0%| F|  |TAMS 0x0000000086c00000, 0x0000000086c00000| Untracked 
| 109|0x0000000086d00000, 0x0000000086d00000, 0x0000000086e00000|  0%| F|  |TAMS 0x0000000086d00000, 0x0000000086d00000| Untracked 
| 110|0x0000000086e00000, 0x0000000086e00000, 0x0000000086f00000|  0%| F|  |TAMS 0x0000000086e00000, 0x0000000086e00000| Untracked 
| 111|0x0000000086f00000, 0x0000000086f00000, 0x0000000087000000|  0%| F|  |TAMS 0x0000000086f00000, 0x0000000086f00000| Untracked 
| 112|0x0000000087000000, 0x0000000087000000, 0x0000000087100000|  0%| F|  |TAMS 0x0000000087000000, 0x0000000087000000| Untracked 
| 113|0x0000000087100000, 0x0000000087100000, 0x0000000087200000|  0%| F|  |TAMS 0x0000000087100000, 0x0000000087100000| Untracked 
| 114|0x0000000087200000, 0x0000000087200000, 0x0000000087300000|  0%| F|  |TAMS 0x0000000087200000, 0x0000000087200000| Untracked 
| 115|0x0000000087300000, 0x0000000087300000, 0x0000000087400000|  0%| F|  |TAMS 0x0000000087300000, 0x0000000087300000| Untracked 
| 116|0x0000000087400000, 0x0000000087400000, 0x0000000087500000|  0%| F|  |TAMS 0x0000000087400000, 0x0000000087400000| Untracked 
| 117|0x0000000087500000, 0x0000000087500000, 0x0000000087600000|  0%| F|  |TAMS 0x0000000087500000, 0x0000000087500000| Untracked 
| 118|0x0000000087600000, 0x0000000087600000, 0x0000000087700000|  0%| F|  |TAMS 0x0000000087600000, 0x0000000087600000| Untracked 
| 119|0x0000000087700000, 0x0000000087700000, 0x0000000087800000|  0%| F|  |TAMS 0x0000000087700000, 0x0000000087700000| Untracked 
| 120|0x0000000087800000, 0x0000000087800000, 0x0000000087900000|  0%| F|  |TAMS 0x0000000087800000, 0x0000000087800000| Untracked 
| 121|0x0000000087900000, 0x0000000087900000, 0x0000000087a00000|  0%| F|  |TAMS 0x0000000087900000, 0x0000000087900000| Untracked 
| 122|0x0000000087a00000, 0x0000000087a00000, 0x0000000087b00000|  0%| F|  |TAMS 0x0000000087a00000, 0x0000000087a00000| Untracked 
| 123|0x0000000087b00000, 0x0000000087b00000, 0x0000000087c00000|  0%| F|  |TAMS 0x0000000087b00000, 0x0000000087b00000| Untracked 
| 124|0x0000000087c00000, 0x0000000087c00000, 0x0000000087d00000|  0%| F|  |TAMS 0x0000000087c00000, 0x0000000087c00000| Untracked 
| 125|0x0000000087d00000, 0x0000000087d00000, 0x0000000087e00000|  0%| F|  |TAMS 0x0000000087d00000, 0x0000000087d00000| Untracked 
| 126|0x0000000087e00000, 0x0000000087e00000, 0x0000000087f00000|  0%| F|  |TAMS 0x0000000087e00000, 0x0000000087e00000| Untracked 
| 127|0x0000000087f00000, 0x0000000087f00000, 0x0000000088000000|  0%| F|  |TAMS 0x0000000087f00000, 0x0000000087f00000| Untracked 
| 128|0x0000000088000000, 0x0000000088000000, 0x0000000088100000|  0%| F|  |TAMS 0x0000000088000000, 0x0000000088000000| Untracked 
| 129|0x0000000088100000, 0x0000000088100000, 0x0000000088200000|  0%| F|  |TAMS 0x0000000088100000, 0x0000000088100000| Untracked 
| 130|0x0000000088200000, 0x0000000088200000, 0x0000000088300000|  0%| F|  |TAMS 0x0000000088200000, 0x0000000088200000| Untracked 
| 131|0x0000000088300000, 0x0000000088300000, 0x0000000088400000|  0%| F|  |TAMS 0x0000000088300000, 0x0000000088300000| Untracked 
| 132|0x0000000088400000, 0x0000000088400000, 0x0000000088500000|  0%| F|  |TAMS 0x0000000088400000, 0x0000000088400000| Untracked 
| 133|0x0000000088500000, 0x0000000088500000, 0x0000000088600000|  0%| F|  |TAMS 0x0000000088500000, 0x0000000088500000| Untracked 
| 134|0x0000000088600000, 0x0000000088600000, 0x0000000088700000|  0%| F|  |TAMS 0x0000000088600000, 0x0000000088600000| Untracked 
| 135|0x0000000088700000, 0x0000000088700000, 0x0000000088800000|  0%| F|  |TAMS 0x0000000088700000, 0x0000000088700000| Untracked 
| 136|0x0000000088800000, 0x0000000088800000, 0x0000000088900000|  0%| F|  |TAMS 0x0000000088800000, 0x0000000088800000| Untracked 
| 137|0x0000000088900000, 0x0000000088900000, 0x0000000088a00000|  0%| F|  |TAMS 0x0000000088900000, 0x0000000088900000| Untracked 
| 138|0x0000000088a00000, 0x0000000088a00000, 0x0000000088b00000|  0%| F|  |TAMS 0x0000000088a00000, 0x0000000088a00000| Untracked 
| 139|0x0000000088b00000, 0x0000000088b00000, 0x0000000088c00000|  0%| F|  |TAMS 0x0000000088b00000, 0x0000000088b00000| Untracked 
| 140|0x0000000088c00000, 0x0000000088c00000, 0x0000000088d00000|  0%| F|  |TAMS 0x0000000088c00000, 0x0000000088c00000| Untracked 
| 141|0x0000000088d00000, 0x0000000088d00000, 0x0000000088e00000|  0%| F|  |TAMS 0x0000000088d00000, 0x0000000088d00000| Untracked 
| 142|0x0000000088e00000, 0x0000000088e00000, 0x0000000088f00000|  0%| F|  |TAMS 0x0000000088e00000, 0x0000000088e00000| Untracked 
| 143|0x0000000088f00000, 0x0000000088f00000, 0x0000000089000000|  0%| F|  |TAMS 0x0000000088f00000, 0x0000000088f00000| Untracked 
| 144|0x0000000089000000, 0x0000000089000000, 0x0000000089100000|  0%| F|  |TAMS 0x0000000089000000, 0x0000000089000000| Untracked 
| 145|0x0000000089100000, 0x0000000089100000, 0x0000000089200000|  0%| F|  |TAMS 0x0000000089100000, 0x0000000089100000| Untracked 
| 146|0x0000000089200000, 0x0000000089200000, 0x0000000089300000|  0%| F|  |TAMS 0x0000000089200000, 0x0000000089200000| Untracked 
| 147|0x0000000089300000, 0x0000000089300000, 0x0000000089400000|  0%| F|  |TAMS 0x0000000089300000, 0x0000000089300000| Untracked 
| 148|0x0000000089400000, 0x0000000089400000, 0x0000000089500000|  0%| F|  |TAMS 0x0000000089400000, 0x0000000089400000| Untracked 

Card table byte_map: [0x0000020b1f780000,0x0000020b1fb80000] _byte_map_base: 0x0000020b1f380000

Marking Bits (Prev, Next): (CMBitMap*) 0x0000020b0aa6eca0, (CMBitMap*) 0x0000020b0aa6ec68
 Prev Bits: [0x0000020b21f80000, 0x0000020b23f80000)
 Next Bits: [0x0000020b1ff80000, 0x0000020b21f80000)

Polling page: 0x0000020b0ab10000

Metaspace:

Usage:
  Non-class:     55.20 MB capacity,    54.29 MB ( 98%) used,   769.26 KB (  1%) free+waste,   160.94 KB ( <1%) overhead. 
      Class:      8.32 MB capacity,     7.78 MB ( 94%) used,   470.50 KB (  6%) free+waste,    75.38 KB ( <1%) overhead. 
       Both:     63.52 MB capacity,    62.08 MB ( 98%) used,     1.21 MB (  2%) free+waste,   236.31 KB ( <1%) overhead. 

Virtual space:
  Non-class space:       56.00 MB reserved,      55.38 MB ( 99%) committed 
      Class space:        1.00 GB reserved,       8.45 MB ( <1%) committed 
             Both:        1.05 GB reserved,      63.83 MB (  6%) committed 

Chunk freelists:
   Non-Class:  56.00 KB
       Class:  27.00 KB
        Both:  83.00 KB

MaxMetaspaceSize: 17179869184.00 GB
CompressedClassSpaceSize: 1.00 GB
Initial GC threshold: 20.80 MB
Current GC threshold: 98.67 MB
CDS: off

CodeHeap 'non-profiled nmethods': size=120064Kb used=3858Kb max_used=3858Kb free=116205Kb
 bounds [0x0000020b17820000, 0x0000020b17bf0000, 0x0000020b1ed60000]
CodeHeap 'profiled nmethods': size=120000Kb used=13646Kb max_used=13646Kb free=106353Kb
 bounds [0x0000020b102f0000, 0x0000020b11050000, 0x0000020b17820000]
CodeHeap 'non-nmethods': size=5696Kb used=2332Kb max_used=2359Kb free=3363Kb
 bounds [0x0000020b0fd60000, 0x0000020b0ffd0000, 0x0000020b102f0000]
 total_blobs=7240 nmethods=6395 adapters=757
 compilation: enabled
              stopped_count=0, restarted_count=0
 full_count=0

Compilation events (20 events):
Event: 17.759 Thread 0x0000020b265ea000 nmethod 6430 0x0000020b11041510 code [0x0000020b11041760, 0x0000020b110420b8]
Event: 17.777 Thread 0x0000020b28485800 nmethod 6362 0x0000020b17bdd690 code [0x0000020b17bdda80, 0x0000020b17bdfed8]
Event: 17.778 Thread 0x0000020b28485800 6397       4       org.codehaus.groovy.util.LazyReference::get (44 bytes)
Event: 17.829 Thread 0x0000020b28485800 nmethod 6397 0x0000020b17be1910 code [0x0000020b17be1b60, 0x0000020b17be2bf0]
Event: 17.829 Thread 0x0000020b28485800 6435       4       java.lang.PublicMethods$MethodList::merge (192 bytes)
Event: 17.840 Thread 0x0000020b265ea000 6437       3       org.gradle.tooling.internal.provider.runner.ProjectConfigurationTracker$$Lambda$428/0x0000000100596440::apply (14 bytes)
Event: 17.840 Thread 0x0000020b265ea000 nmethod 6437 0x0000020b11042410 code [0x0000020b110425e0, 0x0000020b11042888]
Event: 17.840 Thread 0x0000020b265ea000 6439       3       org.gradle.api.artifacts.Configuration$Namer::determineName (9 bytes)
Event: 17.841 Thread 0x0000020b265ea000 nmethod 6439 0x0000020b11042990 code [0x0000020b11042b60, 0x0000020b11042e88]
Event: 17.841 Thread 0x0000020b265ea000 6438       3       org.gradle.internal.instantiation.generator.DefaultInstantiatorFactory::decorateLenient (8 bytes)
Event: 17.841 Thread 0x0000020b265ea000 nmethod 6438 0x0000020b11042f90 code [0x0000020b11043140, 0x0000020b11043278]
Event: 17.846 Thread 0x0000020b28485800 nmethod 6435 0x0000020b17be3390 code [0x0000020b17be3540, 0x0000020b17be3ab8]
Event: 17.846 Thread 0x0000020b28485800 6406       4       java.lang.reflect.Method::getAnnotation (6 bytes)
Event: 17.856 Thread 0x0000020b28485800 nmethod 6406 0x0000020b17be3d10 code [0x0000020b17be3ee0, 0x0000020b17be4248]
Event: 17.857 Thread 0x0000020b28485800 6434       4       java.util.Collections$UnmodifiableMap$UnmodifiableEntrySet$UnmodifiableEntry::getValue (10 bytes)
Event: 17.857 Thread 0x0000020b28485800 nmethod 6434 0x0000020b17be4590 code [0x0000020b17be4720, 0x0000020b17be47b8]
Event: 17.857 Thread 0x0000020b28485800 6436       4       java.util.Locale::getDefault (4 bytes)
Event: 17.857 Thread 0x0000020b28485800 nmethod 6436 0x0000020b17be4890 code [0x0000020b17be4a20, 0x0000020b17be4a78]
Event: 17.866 Thread 0x0000020b265ea000 6440       3       kotlin.reflect.jvm.internal.pcollections.IntTree::get (60 bytes)
Event: 17.866 Thread 0x0000020b265ea000 nmethod 6440 0x0000020b11043310 code [0x0000020b110434e0, 0x0000020b11043758]

GC Heap History (20 events):
Event: 1.963 GC heap after
{Heap after GC invocations=3 (full 0):
 garbage-first heap   total 126976K, used 9908K [0x0000000080000000, 0x0000000100000000)
  region size 1024K, 3 young (3072K), 3 survivors (3072K)
 Metaspace       used 11290K, capacity 11576K, committed 11776K, reserved 1060864K
  class space    used 1156K, capacity 1244K, committed 1280K, reserved 1048576K
}
Event: 4.761 GC heap before
{Heap before GC invocations=3 (full 0):
 garbage-first heap   total 126976K, used 48820K [0x0000000080000000, 0x0000000100000000)
  region size 1024K, 41 young (41984K), 3 survivors (3072K)
 Metaspace       used 16154K, capacity 16554K, committed 16768K, reserved 1064960K
  class space    used 1809K, capacity 1905K, committed 1920K, reserved 1048576K
}
Event: 4.769 GC heap after
{Heap after GC invocations=4 (full 0):
 garbage-first heap   total 126976K, used 15557K [0x0000000080000000, 0x0000000100000000)
  region size 1024K, 6 young (6144K), 6 survivors (6144K)
 Metaspace       used 16154K, capacity 16554K, committed 16768K, reserved 1064960K
  class space    used 1809K, capacity 1905K, committed 1920K, reserved 1048576K
}
Event: 5.448 GC heap before
{Heap before GC invocations=4 (full 0):
 garbage-first heap   total 126976K, used 53445K [0x0000000080000000, 0x0000000100000000)
  region size 1024K, 44 young (45056K), 6 survivors (6144K)
 Metaspace       used 20839K, capacity 21242K, committed 21296K, reserved 1069056K
  class space    used 2519K, capacity 2682K, committed 2688K, reserved 1048576K
}
Event: 5.457 GC heap after
{Heap after GC invocations=5 (full 0):
 garbage-first heap   total 126976K, used 17128K [0x0000000080000000, 0x0000000100000000)
  region size 1024K, 2 young (2048K), 2 survivors (2048K)
 Metaspace       used 20839K, capacity 21242K, committed 21296K, reserved 1069056K
  class space    used 2519K, capacity 2682K, committed 2688K, reserved 1048576K
}
Event: 6.254 GC heap before
{Heap before GC invocations=6 (full 0):
 garbage-first heap   total 126976K, used 66280K [0x0000000080000000, 0x0000000100000000)
  region size 1024K, 50 young (51200K), 2 survivors (2048K)
 Metaspace       used 25927K, capacity 26576K, committed 26876K, reserved 1073152K
  class space    used 3343K, capacity 3594K, committed 3660K, reserved 1048576K
}
Event: 6.260 GC heap after
{Heap after GC invocations=7 (full 0):
 garbage-first heap   total 126976K, used 18894K [0x0000000080000000, 0x0000000100000000)
  region size 1024K, 4 young (4096K), 4 survivors (4096K)
 Metaspace       used 25927K, capacity 26576K, committed 26876K, reserved 1073152K
  class space    used 3343K, capacity 3594K, committed 3660K, reserved 1048576K
}
Event: 7.208 GC heap before
{Heap before GC invocations=7 (full 0):
 garbage-first heap   total 126976K, used 77262K [0x0000000080000000, 0x0000000100000000)
  region size 1024K, 61 young (62464K), 4 survivors (4096K)
 Metaspace       used 31690K, capacity 32387K, committed 32636K, reserved 1077248K
  class space    used 4193K, capacity 4451K, committed 4556K, reserved 1048576K
}
Event: 7.216 GC heap after
{Heap after GC invocations=8 (full 0):
 garbage-first heap   total 126976K, used 20897K [0x0000000080000000, 0x0000000100000000)
  region size 1024K, 6 young (6144K), 6 survivors (6144K)
 Metaspace       used 31690K, capacity 32387K, committed 32636K, reserved 1077248K
  class space    used 4193K, capacity 4451K, committed 4556K, reserved 1048576K
}
Event: 7.566 GC heap before
{Heap before GC invocations=8 (full 0):
 garbage-first heap   total 126976K, used 29089K [0x0000000080000000, 0x0000000100000000)
  region size 1024K, 15 young (15360K), 6 survivors (6144K)
 Metaspace       used 35134K, capacity 35888K, committed 35964K, reserved 1081344K
  class space    used 4500K, capacity 4790K, committed 4812K, reserved 1048576K
}
Event: 7.575 GC heap after
{Heap after GC invocations=9 (full 0):
 garbage-first heap   total 126976K, used 22632K [0x0000000080000000, 0x0000000100000000)
  region size 1024K, 6 young (6144K), 6 survivors (6144K)
 Metaspace       used 35134K, capacity 35888K, committed 35964K, reserved 1081344K
  class space    used 4500K, capacity 4790K, committed 4812K, reserved 1048576K
}
Event: 9.804 GC heap before
{Heap before GC invocations=10 (full 0):
 garbage-first heap   total 126976K, used 92264K [0x0000000080000000, 0x0000000100000000)
  region size 1024K, 72 young (73728K), 6 survivors (6144K)
 Metaspace       used 40568K, capacity 41509K, committed 41852K, reserved 1085440K
  class space    used 5110K, capacity 5485K, committed 5580K, reserved 1048576K
}
Event: 9.826 GC heap after
{Heap after GC invocations=11 (full 0):
 garbage-first heap   total 152576K, used 27475K [0x0000000080000000, 0x0000000100000000)
  region size 1024K, 9 young (9216K), 9 survivors (9216K)
 Metaspace       used 40568K, capacity 41509K, committed 41852K, reserved 1085440K
  class space    used 5110K, capacity 5485K, committed 5580K, reserved 1048576K
}
Event: 11.599 GC heap before
{Heap before GC invocations=11 (full 0):
 garbage-first heap   total 152576K, used 105299K [0x0000000080000000, 0x0000000100000000)
  region size 1024K, 84 young (86016K), 9 survivors (9216K)
 Metaspace       used 47127K, capacity 48279K, committed 48380K, reserved 1091584K
  class space    used 5979K, capacity 6392K, committed 6476K, reserved 1048576K
}
Event: 11.623 GC heap after
{Heap after GC invocations=12 (full 0):
 garbage-first heap   total 152576K, used 29434K [0x0000000080000000, 0x0000000100000000)
  region size 1024K, 7 young (7168K), 7 survivors (7168K)
 Metaspace       used 47127K, capacity 48279K, committed 48380K, reserved 1091584K
  class space    used 5979K, capacity 6392K, committed 6476K, reserved 1048576K
}
Event: 14.485 GC heap before
{Heap before GC invocations=12 (full 0):
 garbage-first heap   total 152576K, used 117498K [0x0000000080000000, 0x0000000100000000)
  region size 1024K, 89 young (91136K), 7 survivors (7168K)
 Metaspace       used 52965K, capacity 54334K, committed 54524K, reserved 1097728K
  class space    used 6666K, capacity 7158K, committed 7244K, reserved 1048576K
}
Event: 14.513 GC heap after
{Heap after GC invocations=13 (full 0):
 garbage-first heap   total 152576K, used 43588K [0x0000000080000000, 0x0000000100000000)
  region size 1024K, 12 young (12288K), 12 survivors (12288K)
 Metaspace       used 52965K, capacity 54334K, committed 54524K, reserved 1097728K
  class space    used 6666K, capacity 7158K, committed 7244K, reserved 1048576K
}
Event: 16.064 GC heap before
{Heap before GC invocations=13 (full 0):
 garbage-first heap   total 152576K, used 80452K [0x0000000080000000, 0x0000000100000000)
  region size 1024K, 49 young (50176K), 12 survivors (12288K)
 Metaspace       used 58761K, capacity 60214K, committed 60368K, reserved 1101824K
  class space    used 7388K, capacity 7920K, committed 8012K, reserved 1048576K
}
Event: 16.093 GC heap after
{Heap after GC invocations=14 (full 0):
 garbage-first heap   total 152576K, used 45472K [0x0000000080000000, 0x0000000100000000)
  region size 1024K, 2 young (2048K), 2 survivors (2048K)
 Metaspace       used 58761K, capacity 60214K, committed 60368K, reserved 1101824K
  class space    used 7388K, capacity 7920K, committed 8012K, reserved 1048576K
}
Event: 17.867 GC heap before
{Heap before GC invocations=15 (full 0):
 garbage-first heap   total 152576K, used 115104K [0x0000000080000000, 0x0000000100000000)
  region size 1024K, 64 young (65536K), 2 survivors (2048K)
 Metaspace       used 63564K, capacity 65041K, committed 65360K, reserved 1105920K
  class space    used 7971K, capacity 8517K, committed 8652K, reserved 1048576K
}

Deoptimization events (20 events):
Event: 16.766 Thread 0x0000020b271a6000 DEOPT PACKING pc=0x0000020b10f39aa2 sp=0x0000002f765f3260
Event: 16.766 Thread 0x0000020b271a6000 DEOPT UNPACKING pc=0x0000020b0fdaa95e sp=0x0000002f765f26d8 mode 0
Event: 16.768 Thread 0x0000020b271a6000 DEOPT PACKING pc=0x0000020b10f39aa2 sp=0x0000002f765f3260
Event: 16.768 Thread 0x0000020b271a6000 DEOPT UNPACKING pc=0x0000020b0fdaa95e sp=0x0000002f765f26d8 mode 0
Event: 16.770 Thread 0x0000020b271a6000 DEOPT PACKING pc=0x0000020b10f39aa2 sp=0x0000002f765f3260
Event: 16.770 Thread 0x0000020b271a6000 DEOPT UNPACKING pc=0x0000020b0fdaa95e sp=0x0000002f765f26d8 mode 0
Event: 16.771 Thread 0x0000020b271a6000 DEOPT PACKING pc=0x0000020b10f39aa2 sp=0x0000002f765f3260
Event: 16.771 Thread 0x0000020b271a6000 DEOPT UNPACKING pc=0x0000020b0fdaa95e sp=0x0000002f765f26d8 mode 0
Event: 16.773 Thread 0x0000020b271a6000 DEOPT PACKING pc=0x0000020b10f39aa2 sp=0x0000002f765f3260
Event: 16.773 Thread 0x0000020b271a6000 DEOPT UNPACKING pc=0x0000020b0fdaa95e sp=0x0000002f765f26d8 mode 0
Event: 16.775 Thread 0x0000020b271a6000 DEOPT PACKING pc=0x0000020b10f39aa2 sp=0x0000002f765f3260
Event: 16.775 Thread 0x0000020b271a6000 DEOPT UNPACKING pc=0x0000020b0fdaa95e sp=0x0000002f765f26d8 mode 0
Event: 16.777 Thread 0x0000020b271a6000 DEOPT PACKING pc=0x0000020b10f39aa2 sp=0x0000002f765f3260
Event: 16.777 Thread 0x0000020b271a6000 DEOPT UNPACKING pc=0x0000020b0fdaa95e sp=0x0000002f765f26d8 mode 0
Event: 16.782 Thread 0x0000020b271a6000 DEOPT PACKING pc=0x0000020b10f39aa2 sp=0x0000002f765f3260
Event: 16.782 Thread 0x0000020b271a6000 DEOPT UNPACKING pc=0x0000020b0fdaa95e sp=0x0000002f765f26d8 mode 0
Event: 16.801 Thread 0x0000020b271a6000 Uncommon trap: trap_request=0xffffff4d fr.pc=0x0000020b17a254a0 relative=0x00000000000001e0
Event: 16.801 Thread 0x0000020b271a6000 Uncommon trap: reason=unstable_if action=reinterpret pc=0x0000020b17a254a0 method=java.security.CodeSource.matchCerts(Ljava/security/CodeSource;Z)Z @ 11 c2
Event: 16.801 Thread 0x0000020b271a6000 DEOPT PACKING pc=0x0000020b17a254a0 sp=0x0000002f765f0ac0
Event: 16.801 Thread 0x0000020b271a6000 DEOPT UNPACKING pc=0x0000020b0fdaa1af sp=0x0000002f765f09e0 mode 2

Classes redefined (0 events):
No events

Internal exceptions (20 events):
Event: 14.094 Thread 0x0000020b271a6000 Exception <a 'java/lang/NoSuchMethodError'{0x000000008403e728}: 'java.lang.Object java.lang.invoke.DelegatingMethodHandle$Holder.reinvoke_L(java.lang.Object, int, int, java.lang.Object, java.lang.Object, java.lang.Object)'> (0x000000008403e728) thrown at [./src/hotspot/share/interpreter/linkResolver.cpp, line 773]
Event: 14.987 Thread 0x0000020b271a6000 Exception <a 'java/lang/NoSuchMethodError'{0x0000000088c54a88}: 'int java.lang.invoke.DirectMethodHandle$Holder.invokeInterface(java.lang.Object, java.lang.Object, java.lang.Object, java.lang.Object)'> (0x0000000088c54a88) thrown at [./src/hotspot/share/interpreter/linkResolver.cpp, line 773]
Event: 15.073 Thread 0x0000020b271a6000 Implicit null exception at 0x0000020b17ad303f to 0x0000020b17ad3244
Event: 15.932 Thread 0x0000020b271a6000 Exception <a 'java/lang/IncompatibleClassChangeError'{0x0000000087371338}: Found class java.lang.Object, but interface was expected> (0x0000000087371338) thrown at [./src/hotspot/share/interpreter/linkResolver.cpp, line 839]
Event: 16.028 Thread 0x0000020b271a6000 Implicit null exception at 0x0000020b17b4d3d4 to 0x0000020b17b4d5b8
Event: 16.360 Thread 0x0000020b271a6000 Implicit null exception at 0x0000020b17b4c12d to 0x0000020b17b4c3f4
Event: 16.465 Thread 0x0000020b271a6000 Implicit null exception at 0x0000020b179b912c to 0x0000020b179b92da
Event: 16.872 Thread 0x0000020b271a6000 Exception <a 'sun/nio/fs/WindowsException'{0x00000000878684d0}> (0x00000000878684d0) thrown at [./src/hotspot/share/prims/jni.cpp, line 616]
Event: 17.710 Thread 0x0000020b271a6000 Exception <a 'java/lang/ClassNotFoundException'{0x0000000085c9fb70}: org/gradle/api/internal/project/DefaultProject_DecoratedBeanInfo> (0x0000000085c9fb70) thrown at [./src/hotspot/share/classfile/systemDictionary.cpp, line 231]
Event: 17.711 Thread 0x0000020b271a6000 Exception <a 'java/lang/ClassNotFoundException'{0x0000000085cd2ba8}: org/gradle/api/internal/project/DefaultProjectBeanInfo> (0x0000000085cd2ba8) thrown at [./src/hotspot/share/classfile/systemDictionary.cpp, line 231]
Event: 17.711 Thread 0x0000020b271a6000 Exception <a 'java/lang/ClassNotFoundException'{0x0000000085b062f0}: org/gradle/api/internal/project/DefaultProjectCustomizer> (0x0000000085b062f0) thrown at [./src/hotspot/share/classfile/systemDictionary.cpp, line 231]
Event: 17.733 Thread 0x0000020b271a6000 Exception <a 'java/lang/ClassNotFoundException'{0x0000000085bcfad8}: org/gradle/api/internal/project/DefaultProject_DecoratedCustomizer> (0x0000000085bcfad8) thrown at [./src/hotspot/share/classfile/systemDictionary.cpp, line 231]
Event: 17.762 Thread 0x0000020b271a6000 Exception <a 'java/lang/ClassNotFoundException'{0x0000000085ace888}: org/gradle/api/plugins/internal/DefaultBasePluginConventionBeanInfo> (0x0000000085ace888) thrown at [./src/hotspot/share/classfile/systemDictionary.cpp, line 231]
Event: 17.766 Thread 0x0000020b271a6000 Exception <a 'java/lang/ClassNotFoundException'{0x000000008590d848}: org/gradle/api/plugins/BasePluginConventionBeanInfo> (0x000000008590d848) thrown at [./src/hotspot/share/classfile/systemDictionary.cpp, line 231]
Event: 17.769 Thread 0x0000020b271a6000 Exception <a 'java/lang/ClassNotFoundException'{0x000000008594c4f0}: org/gradle/api/plugins/BasePluginConventionCustomizer> (0x000000008594c4f0) thrown at [./src/hotspot/share/classfile/systemDictionary.cpp, line 231]
Event: 17.771 Thread 0x0000020b271a6000 Exception <a 'java/lang/ClassNotFoundException'{0x000000008599d088}: org/gradle/api/plugins/internal/DefaultBasePluginConventionCustomizer> (0x000000008599d088) thrown at [./src/hotspot/share/classfile/systemDictionary.cpp, line 231]
Event: 17.778 Thread 0x0000020b271a6000 Exception <a 'java/lang/ClassNotFoundException'{0x0000000085820f58}: org/gradle/api/plugins/internal/DefaultJavaPluginConventionBeanInfo> (0x0000000085820f58) thrown at [./src/hotspot/share/classfile/systemDictionary.cpp, line 231]
Event: 17.782 Thread 0x0000020b271a6000 Exception <a 'java/lang/ClassNotFoundException'{0x000000008585f9e8}: org/gradle/api/plugins/JavaPluginConventionBeanInfo> (0x000000008585f9e8) thrown at [./src/hotspot/share/classfile/systemDictionary.cpp, line 231]
Event: 17.785 Thread 0x0000020b271a6000 Exception <a 'java/lang/ClassNotFoundException'{0x000000008589e8d8}: org/gradle/api/plugins/JavaPluginConventionCustomizer> (0x000000008589e8d8) thrown at [./src/hotspot/share/classfile/systemDictionary.cpp, line 231]
Event: 17.788 Thread 0x0000020b271a6000 Exception <a 'java/lang/ClassNotFoundException'{0x00000000858f8e28}: org/gradle/api/plugins/internal/DefaultJavaPluginConventionCustomizer> (0x00000000858f8e28) thrown at [./src/hotspot/share/classfile/systemDictionary.cpp, line 231]

Events (20 events):
Event: 17.859 loading class com/android/build/api/artifact/impl/PropertyAdapter done
Event: 17.860 loading class org/gradle/api/file/Directory
Event: 17.860 loading class org/gradle/api/file/Directory done
Event: 17.861 loading class com/android/build/api/artifact/impl/PropertyAdapter$DefaultImpls
Event: 17.861 loading class com/android/build/api/artifact/impl/PropertyAdapter$DefaultImpls done
Event: 17.861 loading class org/gradle/api/provider/ListProperty
Event: 17.861 loading class org/gradle/api/provider/ListProperty done
Event: 17.861 loading class org/gradle/api/internal/provider/AbstractCollectionProperty$CollectingSupplier
Event: 17.861 loading class org/gradle/api/internal/provider/AbstractCollectionProperty$CollectingSupplier done
Event: 17.862 loading class org/gradle/api/internal/provider/Collectors$ElementsFromCollectionProvider
Event: 17.862 loading class org/gradle/api/internal/provider/Collectors$ElementsFromCollectionProvider done
Event: 17.864 loading class com/android/build/api/artifact/MultipleArtifact$ALL_CLASSES_JARS
Event: 17.864 loading class com/android/build/api/artifact/MultipleArtifact$ALL_CLASSES_JARS done
Event: 17.865 loading class org/gradle/api/file/RegularFile
Event: 17.865 loading class org/gradle/api/file/RegularFile done
Event: 17.866 loading class org/gradle/api/file/ConfigurableFileCollection
Event: 17.866 loading class org/gradle/api/file/ConfigurableFileCollection done
Event: 17.867 loading class com/android/build/gradle/internal/tasks/factory/GlobalTaskCreationConfigImpl$platformAttrs$2
Event: 17.867 loading class com/android/build/gradle/internal/tasks/factory/GlobalTaskCreationConfigImpl$platformAttrs$2 done
Event: 17.867 Executing VM operation: G1CollectForAllocation


Dynamic libraries:
0x00007ff7ae7e0000 - 0x00007ff7ae7ea000 	C:\Program Files\Android\Android Studio2\jre\bin\java.exe
0x00007ffea8dd0000 - 0x00007ffea8fc8000 	C:\WINDOWS\SYSTEM32\ntdll.dll
0x00007ffea7c40000 - 0x00007ffea7cff000 	C:\WINDOWS\System32\KERNEL32.DLL
0x00007ffea66f0000 - 0x00007ffea69c2000 	C:\WINDOWS\System32\KERNELBASE.dll
0x00007ffea6c60000 - 0x00007ffea6d60000 	C:\WINDOWS\System32\ucrtbase.dll
0x00007ffe9dce0000 - 0x00007ffe9dcf9000 	C:\Program Files\Android\Android Studio2\jre\bin\jli.dll
0x00007ffea7280000 - 0x00007ffea7421000 	C:\WINDOWS\System32\USER32.dll
0x00007ffea0430000 - 0x00007ffea0447000 	C:\Program Files\Android\Android Studio2\jre\bin\VCRUNTIME140.dll
0x00007ffe92ab0000 - 0x00007ffe92d4a000 	C:\WINDOWS\WinSxS\amd64_microsoft.windows.common-controls_6595b64144ccf1df_6.0.19041.1110_none_60b5254171f9507e\COMCTL32.dll
0x00007ffea8940000 - 0x00007ffea89de000 	C:\WINDOWS\System32\msvcrt.dll
0x00007ffea6600000 - 0x00007ffea6622000 	C:\WINDOWS\System32\win32u.dll
0x00007ffea6df0000 - 0x00007ffea6e1b000 	C:\WINDOWS\System32\GDI32.dll
0x00007ffea6ab0000 - 0x00007ffea6bbf000 	C:\WINDOWS\System32\gdi32full.dll
0x00007ffea6bc0000 - 0x00007ffea6c5d000 	C:\WINDOWS\System32\msvcp_win.dll
0x00007ffea8b90000 - 0x00007ffea8bc0000 	C:\WINDOWS\System32\IMM32.DLL
0x00007ffe7a020000 - 0x00007ffe7a0bd000 	C:\Program Files\Android\Android Studio2\jre\bin\msvcp140.dll
0x00007ffe71290000 - 0x00007ffe71d92000 	C:\Program Files\Android\Android Studio2\jre\bin\server\jvm.dll
0x00007ffea7d00000 - 0x00007ffea7dae000 	C:\WINDOWS\System32\ADVAPI32.dll
0x00007ffea7f70000 - 0x00007ffea800c000 	C:\WINDOWS\System32\sechost.dll
0x00007ffea7430000 - 0x00007ffea7554000 	C:\WINDOWS\System32\RPCRT4.dll
0x00007ffea7ed0000 - 0x00007ffea7ed8000 	C:\WINDOWS\System32\PSAPI.DLL
0x00007ffe903a0000 - 0x00007ffe903c7000 	C:\WINDOWS\SYSTEM32\WINMM.dll
0x00007ffe9bbd0000 - 0x00007ffe9bbda000 	C:\WINDOWS\SYSTEM32\VERSION.dll
0x00007ffe91f30000 - 0x00007ffe91f39000 	C:\WINDOWS\SYSTEM32\WSOCK32.dll
0x00007ffea8cf0000 - 0x00007ffea8d5b000 	C:\WINDOWS\System32\WS2_32.dll
0x00007ffea4cf0000 - 0x00007ffea4d02000 	C:\WINDOWS\SYSTEM32\kernel.appcore.dll
0x00007ffea1af0000 - 0x00007ffea1b01000 	C:\Program Files\Android\Android Studio2\jre\bin\verify.dll
0x00007ffea4250000 - 0x00007ffea4434000 	C:\WINDOWS\SYSTEM32\DBGHELP.DLL
0x00007ffe90240000 - 0x00007ffe90275000 	C:\WINDOWS\SYSTEM32\dbgcore.DLL
0x00007ffea6d60000 - 0x00007ffea6de2000 	C:\WINDOWS\System32\bcryptPrimitives.dll
0x00007ffea1ac0000 - 0x00007ffea1ae9000 	C:\Program Files\Android\Android Studio2\jre\bin\java.dll
0x00007ffea1ab0000 - 0x00007ffea1abb000 	C:\Program Files\Android\Android Studio2\jre\bin\jimage.dll
0x00007ffea1a90000 - 0x00007ffea1aa8000 	C:\Program Files\Android\Android Studio2\jre\bin\zip.dll
0x00007ffea8140000 - 0x00007ffea8885000 	C:\WINDOWS\System32\SHELL32.dll
0x00007ffea4540000 - 0x00007ffea4cd2000 	C:\WINDOWS\SYSTEM32\windows.storage.dll
0x00007ffea6e20000 - 0x00007ffea7175000 	C:\WINDOWS\System32\combase.dll
0x00007ffea5e20000 - 0x00007ffea5e50000 	C:\WINDOWS\SYSTEM32\Wldp.dll
0x00007ffea8890000 - 0x00007ffea893d000 	C:\WINDOWS\System32\SHCORE.dll
0x00007ffea7200000 - 0x00007ffea7255000 	C:\WINDOWS\System32\shlwapi.dll
0x00007ffea63e0000 - 0x00007ffea63ff000 	C:\WINDOWS\SYSTEM32\profapi.dll
0x00007ffea1a70000 - 0x00007ffea1a8a000 	C:\Program Files\Android\Android Studio2\jre\bin\net.dll
0x00007ffe99d00000 - 0x00007ffe99e0a000 	C:\WINDOWS\SYSTEM32\WINHTTP.dll
0x00007ffea5b80000 - 0x00007ffea5bea000 	C:\WINDOWS\system32\mswsock.dll
0x00007ffea1a50000 - 0x00007ffea1a64000 	C:\Program Files\Android\Android Studio2\jre\bin\nio.dll
0x00007ffea0260000 - 0x00007ffea0287000 	C:\Users\DELL LATITUDE 5580\.gradle\native\e1d6ef7f7dcc3fd88c89a11ec53ec762bb8ba0a96d01ffa2cd45eb1d1d8dd5c5\windows-amd64\native-platform.dll
0x00007ffe777a0000 - 0x00007ffe778e4000 	C:\Users\DELL LATITUDE 5580\.gradle\native\0d407fdbe67a94daf76414ababcb853783967236a71b16ec16e742cd7a986fd3\windows-amd64\native-platform-file-events.dll
0x00007ffea1a40000 - 0x00007ffea1a4a000 	C:\Program Files\Android\Android Studio2\jre\bin\management.dll
0x00007ffea1a30000 - 0x00007ffea1a3d000 	C:\Program Files\Android\Android Studio2\jre\bin\management_ext.dll
0x00007ffea5d70000 - 0x00007ffea5d88000 	C:\WINDOWS\SYSTEM32\CRYPTSP.dll
0x00007ffea54a0000 - 0x00007ffea54d4000 	C:\WINDOWS\system32\rsaenh.dll
0x00007ffea69d0000 - 0x00007ffea69f7000 	C:\WINDOWS\System32\bcrypt.dll
0x00007ffea63a0000 - 0x00007ffea63ce000 	C:\WINDOWS\SYSTEM32\USERENV.dll
0x00007ffea5d90000 - 0x00007ffea5d9c000 	C:\WINDOWS\SYSTEM32\CRYPTBASE.dll
0x00007ffea5870000 - 0x00007ffea58ab000 	C:\WINDOWS\SYSTEM32\IPHLPAPI.DLL
0x00007ffea8bc0000 - 0x00007ffea8bc8000 	C:\WINDOWS\System32\NSI.dll
0x00007ffe9c970000 - 0x00007ffe9c987000 	C:\WINDOWS\SYSTEM32\dhcpcsvc6.DLL
0x00007ffe9c950000 - 0x00007ffe9c96d000 	C:\WINDOWS\SYSTEM32\dhcpcsvc.DLL
0x00007ffea58b0000 - 0x00007ffea597b000 	C:\WINDOWS\SYSTEM32\DNSAPI.dll

dbghelp: loaded successfully - version: 4.0.5 - missing functions: none
symbol engine: initialized successfully - sym options: 0x614 - pdb path: .;C:\Program Files\Android\Android Studio2\jre\bin;C:\WINDOWS\SYSTEM32;C:\WINDOWS\WinSxS\amd64_microsoft.windows.common-controls_6595b64144ccf1df_6.0.19041.1110_none_60b5254171f9507e;C:\Program Files\Android\Android Studio2\jre\bin\server;C:\Users\DELL LATITUDE 5580\.gradle\native\e1d6ef7f7dcc3fd88c89a11ec53ec762bb8ba0a96d01ffa2cd45eb1d1d8dd5c5\windows-amd64;C:\Users\DELL LATITUDE 5580\.gradle\native\0d407fdbe67a94daf76414ababcb853783967236a71b16ec16e742cd7a986fd3\windows-amd64

VM Arguments:
jvm_args: --add-opens=java.base/java.util=ALL-UNNAMED --add-opens=java.base/java.lang=ALL-UNNAMED --add-opens=java.base/java.lang.invoke=ALL-UNNAMED --add-opens=java.base/java.util=ALL-UNNAMED --add-opens=java.prefs/java.util.prefs=ALL-UNNAMED --add-opens=java.prefs/java.util.prefs=ALL-UNNAMED --add-opens=java.base/java.nio.charset=ALL-UNNAMED --add-opens=java.base/java.net=ALL-UNNAMED --add-opens=java.base/java.util.concurrent.atomic=ALL-UNNAMED -Xmx2048m -Dfile.encoding=UTF-8 -Duser.country=FR -Duser.language=fr -Duser.variant 
java_command: org.gradle.launcher.daemon.bootstrap.GradleDaemon 7.4
java_class_path (initial): C:\Users\DELL LATITUDE 5580\.gradle\wrapper\dists\gradle-7.4-bin\c0gwcg53nkjbqw7r0h0umtfvt\gradle-7.4\lib\gradle-launcher-7.4.jar
Launcher Type: SUN_STANDARD

[Global flags]
     intx CICompilerCount                          = 3                                         {product} {ergonomic}
     uint ConcGCThreads                            = 1                                         {product} {ergonomic}
     uint G1ConcRefinementThreads                  = 4                                         {product} {ergonomic}
   size_t G1HeapRegionSize                         = 1048576                                   {product} {ergonomic}
    uintx GCDrainStackTargetSize                   = 64                                        {product} {ergonomic}
   size_t InitialHeapSize                          = 130023424                                 {product} {ergonomic}
   size_t MarkStackSize                            = 4194304                                   {product} {ergonomic}
   size_t MaxHeapSize                              = 2147483648                                {product} {command line}
   size_t MaxNewSize                               = 1287651328                                {product} {ergonomic}
   size_t MinHeapDeltaBytes                        = 1048576                                   {product} {ergonomic}
    uintx NonNMethodCodeHeapSize                   = 5830732                                {pd product} {ergonomic}
    uintx NonProfiledCodeHeapSize                  = 122913754                              {pd product} {ergonomic}
    uintx ProfiledCodeHeapSize                     = 122913754                              {pd product} {ergonomic}
    uintx ReservedCodeCacheSize                    = 251658240                              {pd product} {ergonomic}
     bool SegmentedCodeCache                       = true                                      {product} {ergonomic}
     bool UseCompressedClassPointers               = true                                 {lp64_product} {ergonomic}
     bool UseCompressedOops                        = true                                 {lp64_product} {ergonomic}
     bool UseG1GC                                  = true                                      {product} {ergonomic}
     bool UseLargePagesIndividualAllocation        = false                                  {pd product} {ergonomic}

Logging:
Log output configuration:
 #0: stdout all=warning uptime,level,tags
 #1: stderr all=off uptime,level,tags

Environment Variables:
PATH=C:\Program Files\Common Files\Oracle\Java\javapath;C:\oracle\product\10.2.0\db_1\bin;C:\WINDOWS\system32;C:\WINDOWS;C:\WINDOWS\System32\Wbem;C:\WINDOWS\System32\WindowsPowerShell\v1.0\;C:\WINDOWS\System32\OpenSSH\;C:\Users\DELL LATITUDE 5580\AppData\Local\Programs\Python\Python37;C:\Users\DELL LATITUDE 5580\Desktop\matlab 7.1\crack\runtime\win32;C:\Users\DELL LATITUDE 5580\Desktop\matlab 7.1\crack\bin;C:\Program Files\Git\cmd;C:\Program Files (x86)\dotnet\;C:\Users\DELL LATITUDE 5580\AppData\Local\Programs\Python\Python310\Scripts\;C:\Users\DELL LATITUDE 5580\AppData\Local\Programs\Python\Python310\;C:\Users\DELL LATITUDE 5580\AppData\Local\Microsoft\WindowsApps;C:\Program Files\JetBrains\PyCharm Community Edition 2019.2.4\bin;;C:\Users\DELL LATITUDE 5580\AppData\Local\Programs\Microsoft VS Code\bin;
USERNAME=DELL LATITUDE 5580
OS=Windows_NT
PROCESSOR_IDENTIFIER=Intel64 Family 6 Model 142 Stepping 9, GenuineIntel



---------------  S Y S T E M  ---------------

OS: Windows 10 , 64 bit Build 19041 (10.0.19041.2546)
OS uptime: 2 days 19:24 hours

CPU:total 4 (initial active 4) (2 cores per cpu, 2 threads per core) family 6 model 142 stepping 9 microcode 0xb4, cmov, cx8, fxsr, mmx, sse, sse2, sse3, ssse3, sse4.1, sse4.2, popcnt, avx, avx2, aes, clmul, erms, 3dnowpref, lzcnt, ht, tsc, tscinvbit, bmi1, bmi2, adx, fma

Memory: 4k page, system-wide physical 7833M (505M free)
TotalPageFile size 7833M (AvailPageFile size 17M)
current process WorkingSet (physical memory assigned to process): 347M, peak: 347M
current process commit charge ("private bytes"): 377M, peak: 407M

vm_info: OpenJDK 64-Bit Server VM (11.0.13+0-b1751.21-8125866) for windows-amd64 JRE (11.0.13+0-b1751.21-8125866), built on Feb  2 2022 03:00:22 by "builder" with MS VC++ 14.0 (VS2015)

END.
