#
# There is insufficient memory for the Java Runtime Environment to continue.
# Native memory allocation (mmap) failed to map 31457280 bytes for Failed to commit area from 0x0000000089500000 to 0x000000008b300000 of length 31457280.
# Possible reasons:
#   The system is out of physical RAM or swap space
#   The process is running with CompressedOops enabled, and the Java Heap may be blocking the growth of the native heap
# Possible solutions:
#   Reduce memory load on the system
#   Increase physical memory or swap space
#   Check if swap backing store is full
#   Decrease Java heap size (-Xmx/-Xms)
#   Decrease number of Java threads
#   Decrease Java thread stack sizes (-Xss)
#   Set larger code cache with -XX:ReservedCodeCacheSize=
#   JVM is running with Unscaled Compressed Oops mode in which the Java heap is
#     placed in the first 4GB address space. The Java Heap base address is the
#     maximum limit for the native heap growth. Please use -XX:HeapBaseMinAddress
#     to set the Java Heap base and to place the Java Heap above 4GB virtual address.
# This output file may be truncated or incomplete.
#
#  Out of Memory Error (./src/hotspot/os/windows/os_windows.cpp:3619), pid=13880, tid=14192
#
# JRE version: OpenJDK Runtime Environment (11.0.13) (build 11.0.13+0-b1751.21-8125866)
# Java VM: OpenJDK 64-Bit Server VM (11.0.13+0-b1751.21-8125866, mixed mode, tiered, compressed oops, g1 gc, windows-amd64)
# No core dump will be written. Minidumps are not enabled by default on client versions of Windows
#

---------------  S U M M A R Y ------------

Command Line: --add-opens=java.base/java.util=ALL-UNNAMED --add-opens=java.base/java.lang=ALL-UNNAMED --add-opens=java.base/java.lang.invoke=ALL-UNNAMED --add-opens=java.base/java.util=ALL-UNNAMED --add-opens=java.prefs/java.util.prefs=ALL-UNNAMED --add-opens=java.prefs/java.util.prefs=ALL-UNNAMED --add-opens=java.base/java.nio.charset=ALL-UNNAMED --add-opens=java.base/java.net=ALL-UNNAMED --add-opens=java.base/java.util.concurrent.atomic=ALL-UNNAMED -Xmx2048m -Dfile.encoding=UTF-8 -Duser.country=FR -Duser.language=fr -Duser.variant org.gradle.launcher.daemon.bootstrap.GradleDaemon 7.4

Host: Intel(R) Core(TM) i5-7200U CPU @ 2.50GHz, 4 cores, 7G,  Windows 10 , 64 bit Build 19041 (10.0.19041.2788)
Time: Wed May 17 12:48:44 2023 Europe centrale elapsed time: 11.634763 seconds (0d 0h 0m 11s)

---------------  T H R E A D  ---------------

Current thread (0x000002652fb97800):  VMThread "VM Thread" [stack: 0x000000d263300000,0x000000d263400000] [id=14192]

Stack: [0x000000d263300000,0x000000d263400000]
[error occurred during error reporting (printing stack bounds), id 0xc0000005, EXCEPTION_ACCESS_VIOLATION (0xc0000005) at pc=0x0000026519ac112d]

Native frames: (J=compiled Java code, j=interpreted, Vv=VM code, C=native code)
V  [jvm.dll+0x6100fa]
V  [jvm.dll+0x747090]
V  [jvm.dll+0x7486ad]
V  [jvm.dll+0x748ce5]
V  [jvm.dll+0x748c9b]
V  [jvm.dll+0x60f224]
V  [jvm.dll+0x60f9b8]
C  [ntdll.dll+0xa23df]
C  [ntdll.dll+0x514a4]
C  [ntdll.dll+0xa0f0e]
C  0x0000026519ac112d

VM_Operation (0x000000d2647f5040): CollectForMetadataAllocation, mode: safepoint, requested by thread 0x0000026532017800


---------------  P R O C E S S  ---------------

Threads class SMR info:
_java_thread_list=0x000002653168a150, length=79, elements={
0x0000026515f9e800, 0x000002652fb9e000, 0x000002652fb9f800, 0x000002652fbb6000,
0x000002652fbb7000, 0x000002652fbb9000, 0x000002652fbc2000, 0x000002652fbc4000,
0x000002652fbcf000, 0x000002653069f000, 0x0000026532eb7800, 0x0000026532e48800,
0x00000265330c9800, 0x00000265329d1800, 0x0000026533aa5000, 0x0000026533257800,
0x0000026532017800, 0x000002653151f000, 0x0000026531a89800, 0x0000026533528800,
0x000002653352b000, 0x0000026533529000, 0x000002653352a000, 0x000002652fbc9800,
0x000002653352b800, 0x000002653352c800, 0x000002653352d000, 0x0000026533527800,
0x000002653352e000, 0x00000265317f1000, 0x00000265317f1800, 0x00000265317f2800,
0x00000265317f3800, 0x00000265317f5000, 0x00000265317f0000, 0x00000265317fa000,
0x00000265317fa800, 0x00000265317f9000, 0x00000265317fb800, 0x00000265317f8800,
0x00000265317f6000, 0x00000265317fc800, 0x00000265317f6800, 0x00000265317fd000,
0x00000265317f7800, 0x00000265317fe000, 0x00000265317ff000, 0x000002653663b800,
0x000002653663a800, 0x000002653663d000, 0x000002653663c800, 0x000002653663e000,
0x0000026536638800, 0x000002653663f000, 0x0000026536639000, 0x000002653663f800,
0x000002653663a000, 0x0000026536643000, 0x0000026536642000, 0x0000026536646000,
0x0000026536640800, 0x0000026536643800, 0x0000026536644800, 0x0000026536645800,
0x0000026536647000, 0x0000026536641800, 0x0000026534387000, 0x0000026534381800,
0x0000026534383000, 0x0000026534388000, 0x0000026534382800, 0x0000026534389000,
0x0000026534389800, 0x0000026534385000, 0x0000026534384000, 0x000002653438a800,
0x000002653438b800, 0x0000026534385800, 0x000002653438c000
}

Java Threads: ( => current thread )
  0x0000026515f9e800 JavaThread "main" [_thread_blocked, id=9108, stack(0x000000d262d00000,0x000000d262e00000)]
  0x000002652fb9e000 JavaThread "Reference Handler" daemon [_thread_blocked, id=6820, stack(0x000000d263400000,0x000000d263500000)]
  0x000002652fb9f800 JavaThread "Finalizer" daemon [_thread_blocked, id=6932, stack(0x000000d263500000,0x000000d263600000)]
  0x000002652fbb6000 JavaThread "Signal Dispatcher" daemon [_thread_blocked, id=1332, stack(0x000000d263600000,0x000000d263700000)]
  0x000002652fbb7000 JavaThread "Attach Listener" daemon [_thread_blocked, id=10216, stack(0x000000d263700000,0x000000d263800000)]
  0x000002652fbb9000 JavaThread "Service Thread" daemon [_thread_blocked, id=3008, stack(0x000000d263800000,0x000000d263900000)]
  0x000002652fbc2000 JavaThread "C2 CompilerThread0" daemon [_thread_blocked, id=7476, stack(0x000000d263900000,0x000000d263a00000)]
  0x000002652fbc4000 JavaThread "C1 CompilerThread0" daemon [_thread_blocked, id=7524, stack(0x000000d263a00000,0x000000d263b00000)]
  0x000002652fbcf000 JavaThread "Sweeper thread" daemon [_thread_blocked, id=10420, stack(0x000000d263b00000,0x000000d263c00000)]
  0x000002653069f000 JavaThread "Common-Cleaner" daemon [_thread_blocked, id=5992, stack(0x000000d263c00000,0x000000d263d00000)]
  0x0000026532eb7800 JavaThread "Daemon health stats" [_thread_blocked, id=2084, stack(0x000000d264000000,0x000000d264100000)]
  0x0000026532e48800 JavaThread "Incoming local TCP Connector on port 64884" [_thread_in_native, id=11092, stack(0x000000d263e00000,0x000000d263f00000)]
  0x00000265330c9800 JavaThread "Daemon periodic checks" [_thread_blocked, id=10532, stack(0x000000d264100000,0x000000d264200000)]
  0x00000265329d1800 JavaThread "Daemon" [_thread_blocked, id=1920, stack(0x000000d264200000,0x000000d264300000)]
  0x0000026533aa5000 JavaThread "Handler for socket connection from /127.0.0.1:64884 to /127.0.0.1:64886" [_thread_in_native, id=12364, stack(0x000000d264300000,0x000000d264400000)]
  0x0000026533257800 JavaThread "Cancel handler" [_thread_blocked, id=9688, stack(0x000000d264600000,0x000000d264700000)]
  0x0000026532017800 JavaThread "Daemon worker" [_thread_blocked, id=4084, stack(0x000000d264700000,0x000000d264800000)]
  0x000002653151f000 JavaThread "Asynchronous log dispatcher for DefaultDaemonConnection: socket connection from /127.0.0.1:64884 to /127.0.0.1:64886" [_thread_blocked, id=5200, stack(0x000000d264800000,0x000000d264900000)]
  0x0000026531a89800 JavaThread "Stdin handler" [_thread_blocked, id=11060, stack(0x000000d264900000,0x000000d264a00000)]
  0x0000026533528800 JavaThread "Daemon client event forwarder" [_thread_blocked, id=7800, stack(0x000000d264a00000,0x000000d264b00000)]
  0x000002653352b000 JavaThread "Cache worker for journal cache (C:\Users\DELL LATITUDE 5580\.gradle\caches\journal-1)" [_thread_blocked, id=1956, stack(0x000000d264c00000,0x000000d264d00000)]
  0x0000026533529000 JavaThread "File lock request listener" [_thread_in_native, id=8944, stack(0x000000d264d00000,0x000000d264e00000)]
  0x000002653352a000 JavaThread "Cache worker for file hash cache (C:\Users\DELL LATITUDE 5580\.gradle\caches\7.4\fileHashes)" [_thread_blocked, id=12948, stack(0x000000d264e00000,0x000000d264f00000)]
  0x000002652fbc9800 JavaThread "C2 CompilerThread1" daemon [_thread_in_native, id=13664, stack(0x000000d264b00000,0x000000d264c00000)]
  0x000002653352b800 JavaThread "File watcher server" daemon [_thread_in_native, id=6036, stack(0x000000d264f00000,0x000000d265000000)]
  0x000002653352c800 JavaThread "File watcher consumer" daemon [_thread_blocked, id=7440, stack(0x000000d265000000,0x000000d265100000)]
  0x000002653352d000 JavaThread "Cache worker for checksums cache (C:\Users\DELL LATITUDE 5580\memoireversionfinale\.gradle\7.4\checksums)" [_thread_blocked, id=10872, stack(0x000000d265100000,0x000000d265200000)]
  0x0000026533527800 JavaThread "Cache worker for cache directory md-rule (C:\Users\DELL LATITUDE 5580\.gradle\caches\7.4\md-rule)" [_thread_blocked, id=6692, stack(0x000000d265200000,0x000000d265300000)]
  0x000002653352e000 JavaThread "Cache worker for file hash cache (C:\Users\DELL LATITUDE 5580\memoireversionfinale\.gradle\7.4\fileHashes)" [_thread_blocked, id=14276, stack(0x000000d265300000,0x000000d265400000)]
  0x00000265317f1000 JavaThread "Cache worker for cache directory md-supplier (C:\Users\DELL LATITUDE 5580\.gradle\caches\7.4\md-supplier)" [_thread_blocked, id=11080, stack(0x000000d265400000,0x000000d265500000)]
  0x00000265317f1800 JavaThread "Cache worker for execution history cache (C:\Users\DELL LATITUDE 5580\.gradle\caches\7.4\executionHistory)" [_thread_blocked, id=9612, stack(0x000000d265500000,0x000000d265600000)]
  0x00000265317f2800 JavaThread "jar transforms" [_thread_blocked, id=14108, stack(0x000000d265600000,0x000000d265700000)]
  0x00000265317f3800 JavaThread "Cache worker for file content cache (C:\Users\DELL LATITUDE 5580\.gradle\caches\7.4\fileContent)" [_thread_blocked, id=2252, stack(0x000000d265700000,0x000000d265800000)]
  0x00000265317f5000 JavaThread "jar transforms Thread 2" [_thread_blocked, id=10004, stack(0x000000d265800000,0x000000d265900000)]
  0x00000265317f0000 JavaThread "Cache worker for dependencies-accessors (C:\Users\DELL LATITUDE 5580\memoireversionfinale\.gradle\7.4\dependencies-accessors)" [_thread_blocked, id=11796, stack(0x000000d265900000,0x000000d265a00000)]
  0x00000265317fa000 JavaThread "jar transforms Thread 3" [_thread_blocked, id=6720, stack(0x000000d265a00000,0x000000d265b00000)]
  0x00000265317fa800 JavaThread "Cache worker for Build Output Cleanup Cache (C:\Users\DELL LATITUDE 5580\memoireversionfinale\.gradle\buildOutputCleanup)" [_thread_blocked, id=10572, stack(0x000000d265b00000,0x000000d265c00000)]
  0x00000265317f9000 JavaThread "Unconstrained build operations" [_thread_blocked, id=8144, stack(0x000000d265c00000,0x000000d265d00000)]
  0x00000265317fb800 JavaThread "Unconstrained build operations Thread 2" [_thread_blocked, id=4756, stack(0x000000d265d00000,0x000000d265e00000)]
  0x00000265317f8800 JavaThread "Unconstrained build operations Thread 3" [_thread_blocked, id=6416, stack(0x000000d265e00000,0x000000d265f00000)]
  0x00000265317f6000 JavaThread "Unconstrained build operations Thread 4" [_thread_blocked, id=388, stack(0x000000d265f00000,0x000000d266000000)]
  0x00000265317fc800 JavaThread "Unconstrained build operations Thread 5" [_thread_blocked, id=5540, stack(0x000000d266000000,0x000000d266100000)]
  0x00000265317f6800 JavaThread "Unconstrained build operations Thread 6" [_thread_blocked, id=13052, stack(0x000000d266100000,0x000000d266200000)]
  0x00000265317fd000 JavaThread "Unconstrained build operations Thread 7" [_thread_blocked, id=2436, stack(0x000000d266200000,0x000000d266300000)]
  0x00000265317f7800 JavaThread "Unconstrained build operations Thread 8" [_thread_blocked, id=12140, stack(0x000000d266300000,0x000000d266400000)]
  0x00000265317fe000 JavaThread "Unconstrained build operations Thread 9" [_thread_blocked, id=11596, stack(0x000000d266400000,0x000000d266500000)]
  0x00000265317ff000 JavaThread "Unconstrained build operations Thread 10" [_thread_blocked, id=12236, stack(0x000000d266500000,0x000000d266600000)]
  0x000002653663b800 JavaThread "Unconstrained build operations Thread 11" [_thread_blocked, id=6972, stack(0x000000d266600000,0x000000d266700000)]
  0x000002653663a800 JavaThread "Unconstrained build operations Thread 12" [_thread_blocked, id=11476, stack(0x000000d266700000,0x000000d266800000)]
  0x000002653663d000 JavaThread "Unconstrained build operations Thread 13" [_thread_blocked, id=2168, stack(0x000000d266800000,0x000000d266900000)]
  0x000002653663c800 JavaThread "Unconstrained build operations Thread 14" [_thread_blocked, id=12164, stack(0x000000d266900000,0x000000d266a00000)]
  0x000002653663e000 JavaThread "Unconstrained build operations Thread 15" [_thread_blocked, id=13168, stack(0x000000d266a00000,0x000000d266b00000)]
  0x0000026536638800 JavaThread "Unconstrained build operations Thread 16" [_thread_blocked, id=8624, stack(0x000000d266b00000,0x000000d266c00000)]
  0x000002653663f000 JavaThread "Unconstrained build operations Thread 17" [_thread_blocked, id=1564, stack(0x000000d266c00000,0x000000d266d00000)]
  0x0000026536639000 JavaThread "Unconstrained build operations Thread 18" [_thread_blocked, id=12804, stack(0x000000d266d00000,0x000000d266e00000)]
  0x000002653663f800 JavaThread "Unconstrained build operations Thread 19" [_thread_blocked, id=7276, stack(0x000000d266e00000,0x000000d266f00000)]
  0x000002653663a000 JavaThread "Unconstrained build operations Thread 20" [_thread_blocked, id=7716, stack(0x000000d266f00000,0x000000d267000000)]
  0x0000026536643000 JavaThread "Unconstrained build operations Thread 21" [_thread_blocked, id=2144, stack(0x000000d267000000,0x000000d267100000)]
  0x0000026536642000 JavaThread "Unconstrained build operations Thread 22" [_thread_blocked, id=984, stack(0x000000d267100000,0x000000d267200000)]
  0x0000026536646000 JavaThread "Unconstrained build operations Thread 23" [_thread_blocked, id=10648, stack(0x000000d267200000,0x000000d267300000)]
  0x0000026536640800 JavaThread "Unconstrained build operations Thread 24" [_thread_blocked, id=11608, stack(0x000000d267300000,0x000000d267400000)]
  0x0000026536643800 JavaThread "Unconstrained build operations Thread 25" [_thread_blocked, id=3240, stack(0x000000d267400000,0x000000d267500000)]
  0x0000026536644800 JavaThread "Unconstrained build operations Thread 26" [_thread_blocked, id=2828, stack(0x000000d267500000,0x000000d267600000)]
  0x0000026536645800 JavaThread "Unconstrained build operations Thread 27" [_thread_blocked, id=4844, stack(0x000000d267600000,0x000000d267700000)]
  0x0000026536647000 JavaThread "Unconstrained build operations Thread 28" [_thread_blocked, id=5636, stack(0x000000d267700000,0x000000d267800000)]
  0x0000026536641800 JavaThread "Unconstrained build operations Thread 29" [_thread_blocked, id=5172, stack(0x000000d267800000,0x000000d267900000)]
  0x0000026534387000 JavaThread "Unconstrained build operations Thread 30" [_thread_blocked, id=6976, stack(0x000000d267900000,0x000000d267a00000)]
  0x0000026534381800 JavaThread "Unconstrained build operations Thread 31" [_thread_blocked, id=8588, stack(0x000000d267a00000,0x000000d267b00000)]
  0x0000026534383000 JavaThread "Unconstrained build operations Thread 32" [_thread_blocked, id=13412, stack(0x000000d267b00000,0x000000d267c00000)]
  0x0000026534388000 JavaThread "Unconstrained build operations Thread 33" [_thread_blocked, id=1532, stack(0x000000d267c00000,0x000000d267d00000)]
  0x0000026534382800 JavaThread "Unconstrained build operations Thread 34" [_thread_blocked, id=14144, stack(0x000000d267d00000,0x000000d267e00000)]
  0x0000026534389000 JavaThread "Unconstrained build operations Thread 35" [_thread_blocked, id=12044, stack(0x000000d267e00000,0x000000d267f00000)]
  0x0000026534389800 JavaThread "Unconstrained build operations Thread 36" [_thread_blocked, id=12672, stack(0x000000d267f00000,0x000000d268000000)]
  0x0000026534385000 JavaThread "Unconstrained build operations Thread 37" [_thread_blocked, id=4188, stack(0x000000d268000000,0x000000d268100000)]
  0x0000026534384000 JavaThread "Unconstrained build operations Thread 38" [_thread_blocked, id=10456, stack(0x000000d268100000,0x000000d268200000)]
  0x000002653438a800 JavaThread "Unconstrained build operations Thread 39" [_thread_blocked, id=9124, stack(0x000000d268200000,0x000000d268300000)]
  0x000002653438b800 JavaThread "Unconstrained build operations Thread 40" [_thread_blocked, id=11552, stack(0x000000d268300000,0x000000d268400000)]
  0x0000026534385800 JavaThread "jar transforms Thread 4" [_thread_blocked, id=13144, stack(0x000000d268400000,0x000000d268500000)]
  0x000002653438c000 JavaThread "Memory manager" [_thread_blocked, id=7288, stack(0x000000d268500000,0x000000d268600000)]

Other Threads:
=>0x000002652fb97800 VMThread "VM Thread" [stack: 0x000000d263300000,0x000000d263400000] [id=14192]
  0x00000265306ec800 WatcherThread [stack: 0x000000d263d00000,0x000000d263e00000] [id=13056]
  0x0000026515fb6000 GCTaskThread "GC Thread#0" [stack: 0x000000d262e00000,0x000000d262f00000] [id=8484]
  0x000002653090f000 GCTaskThread "GC Thread#1" [stack: 0x000000d263f00000,0x000000d264000000] [id=4292]
  0x00000265338e4800 GCTaskThread "GC Thread#2" [stack: 0x000000d264400000,0x000000d264500000] [id=13840]
  0x00000265329ba000 GCTaskThread "GC Thread#3" [stack: 0x000000d264500000,0x000000d264600000] [id=11556]
  0x0000026515fe6800 ConcurrentGCThread "G1 Main Marker" [stack: 0x000000d262f00000,0x000000d263000000] [id=12160]
  0x0000026515fe8000 ConcurrentGCThread "G1 Conc#0" [stack: 0x000000d263000000,0x000000d263100000] [id=4252]
  0x0000026516076800 ConcurrentGCThread "G1 Refine#0" [stack: 0x000000d263100000,0x000000d263200000] [id=11800]
  0x0000026516077800 ConcurrentGCThread "G1 Young RemSet Sampling" [stack: 0x000000d263200000,0x000000d263300000] [id=8088]

Threads with active compile tasks:
C2 CompilerThread0  11653 5742       4       com.google.common.reflect.TypeResolver$TypeVariableKey::equalsTypeVariable (48 bytes)
C2 CompilerThread1  11653 5768       4       org.objectweb.asm.Frame::execute (2318 bytes)

VM state:at safepoint (normal execution)

VM Mutex/Monitor currently owned by a thread:  ([mutex/lock_event])
[0x0000026515f99410] Threads_lock - owner thread: 0x000002652fb97800
[0x0000026515f9acd0] Heap_lock - owner thread: 0x0000026532017800

Heap address: 0x0000000080000000, size: 2048 MB, Compressed Oops mode: 32-bit
Narrow klass base: 0x0000000000000000, Narrow klass shift: 3
Compressed class space size: 1073741824 Address: 0x0000000100000000

Heap:
 garbage-first heap   total 183296K, used 47045K [0x0000000080000000, 0x0000000100000000)
  region size 1024K, 2 young (2048K), 2 survivors (2048K)
 Metaspace       used 59109K, capacity 60593K, committed 60636K, reserved 1101824K
  class space    used 7437K, capacity 7986K, committed 8012K, reserved 1048576K
Heap Regions: E=young(eden), S=young(survivor), O=old, HS=humongous(starts), HC=humongous(continues), CS=collection set, F=free, A=archive, TAMS=top-at-mark-start (previous, next)
|   0|0x0000000080000000, 0x0000000080100000, 0x0000000080100000|100%|HS|  |TAMS 0x0000000080100000, 0x0000000080100000| Complete 
|   1|0x0000000080100000, 0x0000000080200000, 0x0000000080200000|100%|HC|  |TAMS 0x0000000080200000, 0x0000000080200000| Complete 
|   2|0x0000000080200000, 0x0000000080300000, 0x0000000080300000|100%|HC|  |TAMS 0x0000000080300000, 0x0000000080300000| Complete 
|   3|0x0000000080300000, 0x0000000080400000, 0x0000000080400000|100%| O|  |TAMS 0x0000000080400000, 0x0000000080400000| Untracked 
|   4|0x0000000080400000, 0x0000000080500000, 0x0000000080500000|100%| O|  |TAMS 0x0000000080500000, 0x0000000080500000| Untracked 
|   5|0x0000000080500000, 0x0000000080600000, 0x0000000080600000|100%| O|  |TAMS 0x0000000080600000, 0x0000000080600000| Untracked 
|   6|0x0000000080600000, 0x0000000080700000, 0x0000000080700000|100%| O|  |TAMS 0x0000000080700000, 0x0000000080700000| Untracked 
|   7|0x0000000080700000, 0x0000000080800000, 0x0000000080800000|100%| O|  |TAMS 0x0000000080800000, 0x0000000080800000| Untracked 
|   8|0x0000000080800000, 0x0000000080900000, 0x0000000080900000|100%| O|  |TAMS 0x0000000080900000, 0x0000000080900000| Untracked 
|   9|0x0000000080900000, 0x0000000080a00000, 0x0000000080a00000|100%| O|  |TAMS 0x0000000080a00000, 0x0000000080a00000| Untracked 
|  10|0x0000000080a00000, 0x0000000080b00000, 0x0000000080b00000|100%| O|  |TAMS 0x0000000080b00000, 0x0000000080b00000| Untracked 
|  11|0x0000000080b00000, 0x0000000080c00000, 0x0000000080c00000|100%| O|  |TAMS 0x0000000080c00000, 0x0000000080c00000| Untracked 
|  12|0x0000000080c00000, 0x0000000080d00000, 0x0000000080d00000|100%| O|  |TAMS 0x0000000080d00000, 0x0000000080d00000| Untracked 
|  13|0x0000000080d00000, 0x0000000080e00000, 0x0000000080e00000|100%| O|  |TAMS 0x0000000080e00000, 0x0000000080e00000| Untracked 
|  14|0x0000000080e00000, 0x0000000080f00000, 0x0000000080f00000|100%| O|  |TAMS 0x0000000080f00000, 0x0000000080f00000| Untracked 
|  15|0x0000000080f00000, 0x0000000081000000, 0x0000000081000000|100%| O|  |TAMS 0x0000000080fbce00, 0x0000000081000000| Untracked 
|  16|0x0000000081000000, 0x0000000081100000, 0x0000000081100000|100%|HS|  |TAMS 0x0000000081000000, 0x0000000081100000| Complete 
|  17|0x0000000081100000, 0x0000000081200000, 0x0000000081200000|100%| O|  |TAMS 0x0000000081100000, 0x0000000081200000| Untracked 
|  18|0x0000000081200000, 0x0000000081300000, 0x0000000081300000|100%| O|  |TAMS 0x0000000081200000, 0x0000000081300000| Untracked 
|  19|0x0000000081300000, 0x0000000081400000, 0x0000000081400000|100%| O|  |TAMS 0x0000000081300000, 0x0000000081400000| Untracked 
|  20|0x0000000081400000, 0x0000000081500000, 0x0000000081500000|100%| O|  |TAMS 0x0000000081400000, 0x0000000081500000| Untracked 
|  21|0x0000000081500000, 0x0000000081600000, 0x0000000081600000|100%| O|  |TAMS 0x0000000081500000, 0x0000000081600000| Untracked 
|  22|0x0000000081600000, 0x0000000081700000, 0x0000000081700000|100%| O|  |TAMS 0x0000000081600000, 0x0000000081700000| Untracked 
|  23|0x0000000081700000, 0x0000000081800000, 0x0000000081800000|100%| O|  |TAMS 0x0000000081700000, 0x0000000081800000| Untracked 
|  24|0x0000000081800000, 0x0000000081900000, 0x0000000081900000|100%|HS|  |TAMS 0x0000000081800000, 0x0000000081900000| Complete 
|  25|0x0000000081900000, 0x0000000081a00000, 0x0000000081a00000|100%| O|  |TAMS 0x0000000081900000, 0x0000000081a00000| Untracked 
|  26|0x0000000081a00000, 0x0000000081b00000, 0x0000000081b00000|100%|HS|  |TAMS 0x0000000081a00000, 0x0000000081b00000| Complete 
|  27|0x0000000081b00000, 0x0000000081c00000, 0x0000000081c00000|100%|HC|  |TAMS 0x0000000081b00000, 0x0000000081c00000| Complete 
|  28|0x0000000081c00000, 0x0000000081d00000, 0x0000000081d00000|100%| O|  |TAMS 0x0000000081c00000, 0x0000000081d00000| Untracked 
|  29|0x0000000081d00000, 0x0000000081e00000, 0x0000000081e00000|100%| O|  |TAMS 0x0000000081d00000, 0x0000000081e00000| Untracked 
|  30|0x0000000081e00000, 0x0000000081f00000, 0x0000000081f00000|100%| O|  |TAMS 0x0000000081e00000, 0x0000000081f00000| Untracked 
|  31|0x0000000081f00000, 0x0000000082000000, 0x0000000082000000|100%| O|  |TAMS 0x0000000081f00000, 0x0000000082000000| Untracked 
|  32|0x0000000082000000, 0x0000000082100000, 0x0000000082100000|100%| O|  |TAMS 0x0000000082000000, 0x0000000082100000| Untracked 
|  33|0x0000000082100000, 0x0000000082200000, 0x0000000082200000|100%| O|  |TAMS 0x0000000082100000, 0x0000000082200000| Untracked 
|  34|0x0000000082200000, 0x0000000082300000, 0x0000000082300000|100%| O|  |TAMS 0x0000000082200000, 0x0000000082300000| Untracked 
|  35|0x0000000082300000, 0x0000000082400000, 0x0000000082400000|100%| O|  |TAMS 0x0000000082300000, 0x0000000082400000| Untracked 
|  36|0x0000000082400000, 0x0000000082500000, 0x0000000082500000|100%| O|  |TAMS 0x0000000082400000, 0x0000000082500000| Untracked 
|  37|0x0000000082500000, 0x0000000082600000, 0x0000000082600000|100%| O|  |TAMS 0x0000000082500000, 0x0000000082600000| Untracked 
|  38|0x0000000082600000, 0x0000000082700000, 0x0000000082700000|100%| O|  |TAMS 0x0000000082600000, 0x0000000082700000| Untracked 
|  39|0x0000000082700000, 0x0000000082800000, 0x0000000082800000|100%| O|  |TAMS 0x0000000082700000, 0x0000000082800000| Untracked 
|  40|0x0000000082800000, 0x0000000082900000, 0x0000000082900000|100%| O|  |TAMS 0x0000000082800000, 0x0000000082900000| Untracked 
|  41|0x0000000082900000, 0x0000000082a00000, 0x0000000082a00000|100%| O|  |TAMS 0x0000000082900000, 0x0000000082a00000| Untracked 
|  42|0x0000000082a00000, 0x0000000082b00000, 0x0000000082b00000|100%| O|  |TAMS 0x0000000082a00000, 0x0000000082b00000| Untracked 
|  43|0x0000000082b00000, 0x0000000082c00000, 0x0000000082c00000|100%| O|  |TAMS 0x0000000082b00000, 0x0000000082c00000| Untracked 
|  44|0x0000000082c00000, 0x0000000082c00000, 0x0000000082d00000|  0%| F|  |TAMS 0x0000000082c00000, 0x0000000082c00000| Untracked 
|  45|0x0000000082d00000, 0x0000000082d00000, 0x0000000082e00000|  0%| F|  |TAMS 0x0000000082d00000, 0x0000000082d00000| Untracked 
|  46|0x0000000082e00000, 0x0000000082e00000, 0x0000000082f00000|  0%| F|  |TAMS 0x0000000082e00000, 0x0000000082e00000| Untracked 
|  47|0x0000000082f00000, 0x0000000082f00000, 0x0000000083000000|  0%| F|  |TAMS 0x0000000082f00000, 0x0000000082f00000| Untracked 
|  48|0x0000000083000000, 0x0000000083000000, 0x0000000083100000|  0%| F|  |TAMS 0x0000000083000000, 0x0000000083000000| Untracked 
|  49|0x0000000083100000, 0x0000000083100000, 0x0000000083200000|  0%| F|  |TAMS 0x0000000083100000, 0x0000000083100000| Untracked 
|  50|0x0000000083200000, 0x0000000083200000, 0x0000000083300000|  0%| F|  |TAMS 0x0000000083200000, 0x0000000083200000| Untracked 
|  51|0x0000000083300000, 0x0000000083300000, 0x0000000083400000|  0%| F|  |TAMS 0x0000000083300000, 0x0000000083300000| Untracked 
|  52|0x0000000083400000, 0x0000000083400000, 0x0000000083500000|  0%| F|  |TAMS 0x0000000083400000, 0x0000000083400000| Untracked 
|  53|0x0000000083500000, 0x0000000083500000, 0x0000000083600000|  0%| F|  |TAMS 0x0000000083500000, 0x0000000083500000| Untracked 
|  54|0x0000000083600000, 0x0000000083600000, 0x0000000083700000|  0%| F|  |TAMS 0x0000000083600000, 0x0000000083600000| Untracked 
|  55|0x0000000083700000, 0x0000000083700000, 0x0000000083800000|  0%| F|  |TAMS 0x0000000083700000, 0x0000000083700000| Untracked 
|  56|0x0000000083800000, 0x0000000083800000, 0x0000000083900000|  0%| F|  |TAMS 0x0000000083800000, 0x0000000083800000| Untracked 
|  57|0x0000000083900000, 0x0000000083900000, 0x0000000083a00000|  0%| F|  |TAMS 0x0000000083900000, 0x0000000083900000| Untracked 
|  58|0x0000000083a00000, 0x0000000083a00000, 0x0000000083b00000|  0%| F|  |TAMS 0x0000000083a00000, 0x0000000083a00000| Untracked 
|  59|0x0000000083b00000, 0x0000000083b00000, 0x0000000083c00000|  0%| F|  |TAMS 0x0000000083b00000, 0x0000000083b00000| Untracked 
|  60|0x0000000083c00000, 0x0000000083c00000, 0x0000000083d00000|  0%| F|  |TAMS 0x0000000083c00000, 0x0000000083c00000| Untracked 
|  61|0x0000000083d00000, 0x0000000083d00000, 0x0000000083e00000|  0%| F|  |TAMS 0x0000000083d00000, 0x0000000083d00000| Untracked 
|  62|0x0000000083e00000, 0x0000000083e00000, 0x0000000083f00000|  0%| F|  |TAMS 0x0000000083e00000, 0x0000000083e00000| Untracked 
|  63|0x0000000083f00000, 0x0000000083f00000, 0x0000000084000000|  0%| F|  |TAMS 0x0000000083f00000, 0x0000000083f00000| Untracked 
|  64|0x0000000084000000, 0x0000000084000000, 0x0000000084100000|  0%| F|  |TAMS 0x0000000084000000, 0x0000000084000000| Untracked 
|  65|0x0000000084100000, 0x0000000084100000, 0x0000000084200000|  0%| F|  |TAMS 0x0000000084100000, 0x0000000084100000| Untracked 
|  66|0x0000000084200000, 0x0000000084200000, 0x0000000084300000|  0%| F|  |TAMS 0x0000000084200000, 0x0000000084200000| Untracked 
|  67|0x0000000084300000, 0x0000000084300000, 0x0000000084400000|  0%| F|  |TAMS 0x0000000084300000, 0x0000000084300000| Untracked 
|  68|0x0000000084400000, 0x0000000084400000, 0x0000000084500000|  0%| F|  |TAMS 0x0000000084400000, 0x0000000084400000| Untracked 
|  69|0x0000000084500000, 0x0000000084500000, 0x0000000084600000|  0%| F|  |TAMS 0x0000000084500000, 0x0000000084500000| Untracked 
|  70|0x0000000084600000, 0x0000000084600000, 0x0000000084700000|  0%| F|  |TAMS 0x0000000084600000, 0x0000000084600000| Untracked 
|  71|0x0000000084700000, 0x0000000084700000, 0x0000000084800000|  0%| F|  |TAMS 0x0000000084700000, 0x0000000084700000| Untracked 
|  72|0x0000000084800000, 0x0000000084800000, 0x0000000084900000|  0%| F|  |TAMS 0x0000000084800000, 0x0000000084800000| Untracked 
|  73|0x0000000084900000, 0x0000000084900000, 0x0000000084a00000|  0%| F|  |TAMS 0x0000000084900000, 0x0000000084900000| Untracked 
|  74|0x0000000084a00000, 0x0000000084a00000, 0x0000000084b00000|  0%| F|  |TAMS 0x0000000084a00000, 0x0000000084a00000| Untracked 
|  75|0x0000000084b00000, 0x0000000084b00000, 0x0000000084c00000|  0%| F|  |TAMS 0x0000000084b00000, 0x0000000084b00000| Untracked 
|  76|0x0000000084c00000, 0x0000000084c00000, 0x0000000084d00000|  0%| F|  |TAMS 0x0000000084c00000, 0x0000000084c00000| Untracked 
|  77|0x0000000084d00000, 0x0000000084d00000, 0x0000000084e00000|  0%| F|  |TAMS 0x0000000084d00000, 0x0000000084d00000| Untracked 
|  78|0x0000000084e00000, 0x0000000084e00000, 0x0000000084f00000|  0%| F|  |TAMS 0x0000000084e00000, 0x0000000084e00000| Untracked 
|  79|0x0000000084f00000, 0x0000000084f00000, 0x0000000085000000|  0%| F|  |TAMS 0x0000000084f00000, 0x0000000084f00000| Untracked 
|  80|0x0000000085000000, 0x0000000085000000, 0x0000000085100000|  0%| F|  |TAMS 0x0000000085000000, 0x0000000085000000| Untracked 
|  81|0x0000000085100000, 0x0000000085100000, 0x0000000085200000|  0%| F|  |TAMS 0x0000000085100000, 0x0000000085100000| Untracked 
|  82|0x0000000085200000, 0x0000000085200000, 0x0000000085300000|  0%| F|  |TAMS 0x0000000085200000, 0x0000000085200000| Untracked 
|  83|0x0000000085300000, 0x0000000085300000, 0x0000000085400000|  0%| F|  |TAMS 0x0000000085300000, 0x0000000085300000| Untracked 
|  84|0x0000000085400000, 0x0000000085400000, 0x0000000085500000|  0%| F|  |TAMS 0x0000000085400000, 0x0000000085400000| Untracked 
|  85|0x0000000085500000, 0x0000000085500000, 0x0000000085600000|  0%| F|  |TAMS 0x0000000085500000, 0x0000000085500000| Untracked 
|  86|0x0000000085600000, 0x0000000085600000, 0x0000000085700000|  0%| F|  |TAMS 0x0000000085600000, 0x0000000085600000| Untracked 
|  87|0x0000000085700000, 0x0000000085700000, 0x0000000085800000|  0%| F|  |TAMS 0x0000000085700000, 0x0000000085700000| Untracked 
|  88|0x0000000085800000, 0x0000000085800000, 0x0000000085900000|  0%| F|  |TAMS 0x0000000085800000, 0x0000000085800000| Untracked 
|  89|0x0000000085900000, 0x0000000085900000, 0x0000000085a00000|  0%| F|  |TAMS 0x0000000085900000, 0x0000000085900000| Untracked 
|  90|0x0000000085a00000, 0x0000000085a00000, 0x0000000085b00000|  0%| F|  |TAMS 0x0000000085a00000, 0x0000000085a00000| Untracked 
|  91|0x0000000085b00000, 0x0000000085b00000, 0x0000000085c00000|  0%| F|  |TAMS 0x0000000085b00000, 0x0000000085b00000| Untracked 
|  92|0x0000000085c00000, 0x0000000085c00000, 0x0000000085d00000|  0%| F|  |TAMS 0x0000000085c00000, 0x0000000085c00000| Untracked 
|  93|0x0000000085d00000, 0x0000000085d00000, 0x0000000085e00000|  0%| F|  |TAMS 0x0000000085d00000, 0x0000000085d00000| Untracked 
|  94|0x0000000085e00000, 0x0000000085e00000, 0x0000000085f00000|  0%| F|  |TAMS 0x0000000085e00000, 0x0000000085e00000| Untracked 
|  95|0x0000000085f00000, 0x0000000085f00000, 0x0000000086000000|  0%| F|  |TAMS 0x0000000085f00000, 0x0000000085f00000| Untracked 
|  96|0x0000000086000000, 0x0000000086000000, 0x0000000086100000|  0%| F|  |TAMS 0x0000000086000000, 0x0000000086000000| Untracked 
|  97|0x0000000086100000, 0x0000000086100000, 0x0000000086200000|  0%| F|  |TAMS 0x0000000086100000, 0x0000000086100000| Untracked 
|  98|0x0000000086200000, 0x0000000086200000, 0x0000000086300000|  0%| F|  |TAMS 0x0000000086200000, 0x0000000086200000| Untracked 
|  99|0x0000000086300000, 0x0000000086300000, 0x0000000086400000|  0%| F|  |TAMS 0x0000000086300000, 0x0000000086300000| Untracked 
| 100|0x0000000086400000, 0x0000000086400000, 0x0000000086500000|  0%| F|  |TAMS 0x0000000086400000, 0x0000000086400000| Untracked 
| 101|0x0000000086500000, 0x0000000086500000, 0x0000000086600000|  0%| F|  |TAMS 0x0000000086500000, 0x0000000086500000| Untracked 
| 102|0x0000000086600000, 0x0000000086600000, 0x0000000086700000|  0%| F|  |TAMS 0x0000000086600000, 0x0000000086600000| Untracked 
| 103|0x0000000086700000, 0x0000000086700000, 0x0000000086800000|  0%| F|  |TAMS 0x0000000086700000, 0x0000000086700000| Untracked 
| 104|0x0000000086800000, 0x0000000086800000, 0x0000000086900000|  0%| F|  |TAMS 0x0000000086800000, 0x0000000086800000| Untracked 
| 105|0x0000000086900000, 0x0000000086900000, 0x0000000086a00000|  0%| F|  |TAMS 0x0000000086900000, 0x0000000086900000| Untracked 
| 106|0x0000000086a00000, 0x0000000086a00000, 0x0000000086b00000|  0%| F|  |TAMS 0x0000000086a00000, 0x0000000086a00000| Untracked 
| 107|0x0000000086b00000, 0x0000000086b00000, 0x0000000086c00000|  0%| F|  |TAMS 0x0000000086b00000, 0x0000000086b00000| Untracked 
| 108|0x0000000086c00000, 0x0000000086c00000, 0x0000000086d00000|  0%| F|  |TAMS 0x0000000086c00000, 0x0000000086c00000| Untracked 
| 109|0x0000000086d00000, 0x0000000086d00000, 0x0000000086e00000|  0%| F|  |TAMS 0x0000000086d00000, 0x0000000086d00000| Untracked 
| 110|0x0000000086e00000, 0x0000000086e00000, 0x0000000086f00000|  0%| F|  |TAMS 0x0000000086e00000, 0x0000000086e00000| Untracked 
| 111|0x0000000086f00000, 0x0000000086f00000, 0x0000000087000000|  0%| F|  |TAMS 0x0000000086f00000, 0x0000000086f00000| Untracked 
| 112|0x0000000087000000, 0x0000000087000000, 0x0000000087100000|  0%| F|  |TAMS 0x0000000087000000, 0x0000000087000000| Untracked 
| 113|0x0000000087100000, 0x0000000087100000, 0x0000000087200000|  0%| F|  |TAMS 0x0000000087100000, 0x0000000087100000| Untracked 
| 114|0x0000000087200000, 0x0000000087200000, 0x0000000087300000|  0%| F|  |TAMS 0x0000000087200000, 0x0000000087200000| Untracked 
| 115|0x0000000087300000, 0x0000000087300000, 0x0000000087400000|  0%| F|  |TAMS 0x0000000087300000, 0x0000000087300000| Untracked 
| 116|0x0000000087400000, 0x0000000087400000, 0x0000000087500000|  0%| F|  |TAMS 0x0000000087400000, 0x0000000087400000| Untracked 
| 117|0x0000000087500000, 0x0000000087500000, 0x0000000087600000|  0%| F|  |TAMS 0x0000000087500000, 0x0000000087500000| Untracked 
| 118|0x0000000087600000, 0x0000000087600000, 0x0000000087700000|  0%| F|  |TAMS 0x0000000087600000, 0x0000000087600000| Untracked 
| 119|0x0000000087700000, 0x00000000877f17b0, 0x0000000087800000| 94%| S|CS|TAMS 0x0000000087700000, 0x0000000087700000| Complete 
| 120|0x0000000087800000, 0x0000000087900000, 0x0000000087900000|100%| S|CS|TAMS 0x0000000087800000, 0x0000000087800000| Complete 
| 121|0x0000000087900000, 0x0000000087900000, 0x0000000087a00000|  0%| F|  |TAMS 0x0000000087900000, 0x0000000087900000| Untracked 
| 122|0x0000000087a00000, 0x0000000087a00000, 0x0000000087b00000|  0%| F|  |TAMS 0x0000000087a00000, 0x0000000087a00000| Untracked 
| 123|0x0000000087b00000, 0x0000000087b00000, 0x0000000087c00000|  0%| F|  |TAMS 0x0000000087b00000, 0x0000000087b00000| Untracked 
| 124|0x0000000087c00000, 0x0000000087c00000, 0x0000000087d00000|  0%| F|  |TAMS 0x0000000087c00000, 0x0000000087c00000| Untracked 
| 125|0x0000000087d00000, 0x0000000087d00000, 0x0000000087e00000|  0%| F|  |TAMS 0x0000000087d00000, 0x0000000087d00000| Untracked 
| 126|0x0000000087e00000, 0x0000000087e00000, 0x0000000087f00000|  0%| F|  |TAMS 0x0000000087e00000, 0x0000000087e00000| Untracked 
| 127|0x0000000087f00000, 0x0000000087f00000, 0x0000000088000000|  0%| F|  |TAMS 0x0000000087f00000, 0x0000000087f00000| Untracked 
| 128|0x0000000088000000, 0x0000000088000000, 0x0000000088100000|  0%| F|  |TAMS 0x0000000088000000, 0x0000000088000000| Untracked 
| 129|0x0000000088100000, 0x0000000088100000, 0x0000000088200000|  0%| F|  |TAMS 0x0000000088100000, 0x0000000088100000| Untracked 
| 130|0x0000000088200000, 0x0000000088200000, 0x0000000088300000|  0%| F|  |TAMS 0x0000000088200000, 0x0000000088200000| Untracked 
| 131|0x0000000088300000, 0x0000000088300000, 0x0000000088400000|  0%| F|  |TAMS 0x0000000088300000, 0x0000000088300000| Untracked 
| 132|0x0000000088400000, 0x0000000088400000, 0x0000000088500000|  0%| F|  |TAMS 0x0000000088400000, 0x0000000088400000| Untracked 
| 133|0x0000000088500000, 0x0000000088500000, 0x0000000088600000|  0%| F|  |TAMS 0x0000000088500000, 0x0000000088500000| Untracked 
| 134|0x0000000088600000, 0x0000000088600000, 0x0000000088700000|  0%| F|  |TAMS 0x0000000088600000, 0x0000000088600000| Untracked 
| 135|0x0000000088700000, 0x0000000088700000, 0x0000000088800000|  0%| F|  |TAMS 0x0000000088700000, 0x0000000088700000| Untracked 
| 136|0x0000000088800000, 0x0000000088800000, 0x0000000088900000|  0%| F|  |TAMS 0x0000000088800000, 0x0000000088800000| Untracked 
| 137|0x0000000088900000, 0x0000000088900000, 0x0000000088a00000|  0%| F|  |TAMS 0x0000000088900000, 0x0000000088900000| Untracked 
| 138|0x0000000088a00000, 0x0000000088a00000, 0x0000000088b00000|  0%| F|  |TAMS 0x0000000088a00000, 0x0000000088a00000| Untracked 
| 139|0x0000000088b00000, 0x0000000088b00000, 0x0000000088c00000|  0%| F|  |TAMS 0x0000000088b00000, 0x0000000088b00000| Untracked 
| 140|0x0000000088c00000, 0x0000000088c00000, 0x0000000088d00000|  0%| F|  |TAMS 0x0000000088c00000, 0x0000000088c00000| Untracked 
| 141|0x0000000088d00000, 0x0000000088d00000, 0x0000000088e00000|  0%| F|  |TAMS 0x0000000088d00000, 0x0000000088d00000| Untracked 
| 142|0x0000000088e00000, 0x0000000088e00000, 0x0000000088f00000|  0%| F|  |TAMS 0x0000000088e00000, 0x0000000088e00000| Untracked 
| 143|0x0000000088f00000, 0x0000000088f00000, 0x0000000089000000|  0%| F|  |TAMS 0x0000000088f00000, 0x0000000088f00000| Untracked 
| 144|0x0000000089000000, 0x0000000089000000, 0x0000000089100000|  0%| F|  |TAMS 0x0000000089000000, 0x0000000089000000| Untracked 
| 145|0x0000000089100000, 0x0000000089100000, 0x0000000089200000|  0%| F|  |TAMS 0x0000000089100000, 0x0000000089100000| Untracked 
| 146|0x0000000089200000, 0x0000000089200000, 0x0000000089300000|  0%| F|  |TAMS 0x0000000089200000, 0x0000000089200000| Untracked 
| 147|0x0000000089300000, 0x0000000089300000, 0x0000000089400000|  0%| F|  |TAMS 0x0000000089300000, 0x0000000089300000| Untracked 
| 148|0x0000000089400000, 0x0000000089400000, 0x0000000089500000|  0%| F|  |TAMS 0x0000000089400000, 0x0000000089400000| Untracked 

Card table byte_map: [0x0000026528ec0000,0x00000265292c0000] _byte_map_base: 0x0000026528ac0000

Marking Bits (Prev, Next): (CMBitMap*) 0x0000026515fdded8, (CMBitMap*) 0x0000026515fddf10
 Prev Bits: [0x00000265296c0000, 0x000002652b6c0000)
 Next Bits: [0x000002652b6c0000, 0x000002652d6c0000)

Polling page: 0x0000026513fb0000

Metaspace:

Usage:
  Non-class:     51.37 MB capacity,    50.46 MB ( 98%) used,   780.26 KB (  1%) free+waste,   154.25 KB ( <1%) overhead. 
      Class:      7.80 MB capacity,     7.26 MB ( 93%) used,   475.81 KB (  6%) free+waste,    73.19 KB ( <1%) overhead. 
       Both:     59.17 MB capacity,    57.72 MB ( 98%) used,     1.23 MB (  2%) free+waste,   227.44 KB ( <1%) overhead. 

Virtual space:
  Non-class space:       52.00 MB reserved,      51.39 MB ( 99%) committed 
      Class space:        1.00 GB reserved,       7.82 MB ( <1%) committed 
             Both:        1.05 GB reserved,      59.21 MB (  6%) committed 

Chunk freelists:
   Non-Class:  17.00 KB
       Class:  14.00 KB
        Both:  31.00 KB

MaxMetaspaceSize: 17179869184.00 GB
CompressedClassSpaceSize: 1.00 GB
Initial GC threshold: 20.80 MB
Current GC threshold: 59.21 MB
CDS: off

CodeHeap 'non-profiled nmethods': size=120064Kb used=3398Kb max_used=3398Kb free=116665Kb
 bounds [0x0000026521580000, 0x00000265218e0000, 0x0000026528ac0000]
CodeHeap 'profiled nmethods': size=120000Kb used=12125Kb max_used=12125Kb free=107874Kb
 bounds [0x000002651a050000, 0x000002651ac30000, 0x0000026521580000]
CodeHeap 'non-nmethods': size=5696Kb used=2323Kb max_used=2362Kb free=3372Kb
 bounds [0x0000026519ac0000, 0x0000026519d30000, 0x000002651a050000]
 total_blobs=6659 nmethods=5825 adapters=746
 compilation: enabled
              stopped_count=0, restarted_count=0
 full_count=0

Compilation events (20 events):
Event: 11.577 Thread 0x000002652fbc4000 5845       3       org.gradle.internal.operations.CurrentBuildOperationRef::set (23 bytes)
Event: 11.578 Thread 0x000002652fbc4000 nmethod 5845 0x000002651ac25a10 code [0x000002651ac25be0, 0x000002651ac25eb8]
Event: 11.578 Thread 0x000002652fbc4000 5846       3       org.gradle.api.internal.collections.AbstractIterationOrderRetainingElementSource$Element::getValues (16 bytes)
Event: 11.578 Thread 0x000002652fbc4000 nmethod 5846 0x000002651ac25f90 code [0x000002651ac26140, 0x000002651ac262c8]
Event: 11.578 Thread 0x000002652fbc4000 5847       3       org.gradle.internal.operations.BuildOperationState::setRunning (9 bytes)
Event: 11.578 Thread 0x000002652fbc4000 nmethod 5847 0x000002651ac26390 code [0x000002651ac26540, 0x000002651ac26718]
Event: 11.589 Thread 0x000002652fbc2000 nmethod 5663 0x00000265218c3b90 code [0x00000265218c42e0, 0x00000265218cb370]
Event: 11.590 Thread 0x000002652fbc2000 5824       4       java.lang.String$CaseInsensitiveComparator::compare (13 bytes)
Event: 11.591 Thread 0x000002652fbc4000 5848       3       org.objectweb.asm.Frame::getInitializedType (153 bytes)
Event: 11.592 Thread 0x000002652fbc4000 nmethod 5848 0x000002651ac26810 code [0x000002651ac26a20, 0x000002651ac26f58]
Event: 11.599 Thread 0x000002652fbc2000 nmethod 5824 0x00000265218cf510 code [0x00000265218cf6e0, 0x00000265218cfd98]
Event: 11.599 Thread 0x000002652fbc2000 5805       4       java.lang.reflect.Modifier::isPublic (12 bytes)
Event: 11.599 Thread 0x000002652fbc2000 nmethod 5805 0x00000265218d0290 code [0x00000265218d0420, 0x00000265218d0478]
Event: 11.599 Thread 0x000002652fbc2000 5836       4       java.lang.String::valueOf (14 bytes)
Event: 11.600 Thread 0x000002652fbc2000 nmethod 5836 0x00000265218d0590 code [0x00000265218d0720, 0x00000265218d0798]
Event: 11.600 Thread 0x000002652fbc2000 5763       4       org.objectweb.asm.Frame::getAbstractTypeFromDescriptor (415 bytes)
Event: 11.601 Thread 0x000002652fbc4000 5849       3       org.gradle.internal.ImmutableActionSet::empty (10 bytes)
Event: 11.601 Thread 0x000002652fbc4000 nmethod 5849 0x000002651ac27210 code [0x000002651ac273c0, 0x000002651ac274f8]
Event: 11.611 Thread 0x000002652fbc2000 nmethod 5763 0x00000265218d0890 code [0x00000265218d0aa0, 0x00000265218d13e0]
Event: 11.611 Thread 0x000002652fbc2000 5742       4       com.google.common.reflect.TypeResolver$TypeVariableKey::equalsTypeVariable (48 bytes)

GC Heap History (20 events):
Event: 0.720 GC heap after
{Heap after GC invocations=1 (full 0):
 garbage-first heap   total 126976K, used 4184K [0x0000000080000000, 0x0000000100000000)
  region size 1024K, 2 young (2048K), 2 survivors (2048K)
 Metaspace       used 6785K, capacity 6989K, committed 7168K, reserved 1056768K
  class space    used 575K, capacity 650K, committed 768K, reserved 1048576K
}
Event: 1.196 GC heap before
{Heap before GC invocations=1 (full 0):
 garbage-first heap   total 126976K, used 17496K [0x0000000080000000, 0x0000000100000000)
  region size 1024K, 13 young (13312K), 2 survivors (2048K)
 Metaspace       used 10243K, capacity 10455K, committed 10624K, reserved 1058816K
  class space    used 1047K, capacity 1106K, committed 1152K, reserved 1048576K
}
Event: 1.201 GC heap after
{Heap after GC invocations=2 (full 0):
 garbage-first heap   total 126976K, used 9635K [0x0000000080000000, 0x0000000100000000)
  region size 1024K, 2 young (2048K), 2 survivors (2048K)
 Metaspace       used 10243K, capacity 10455K, committed 10624K, reserved 1058816K
  class space    used 1047K, capacity 1106K, committed 1152K, reserved 1048576K
}
Event: 2.076 GC heap before
{Heap before GC invocations=2 (full 0):
 garbage-first heap   total 126976K, used 37283K [0x0000000080000000, 0x0000000100000000)
  region size 1024K, 29 young (29696K), 2 survivors (2048K)
 Metaspace       used 11280K, capacity 11572K, committed 11776K, reserved 1060864K
  class space    used 1156K, capacity 1244K, committed 1280K, reserved 1048576K
}
Event: 2.080 GC heap after
{Heap after GC invocations=3 (full 0):
 garbage-first heap   total 126976K, used 10094K [0x0000000080000000, 0x0000000100000000)
  region size 1024K, 3 young (3072K), 3 survivors (3072K)
 Metaspace       used 11280K, capacity 11572K, committed 11776K, reserved 1060864K
  class space    used 1156K, capacity 1244K, committed 1280K, reserved 1048576K
}
Event: 4.251 GC heap before
{Heap before GC invocations=3 (full 0):
 garbage-first heap   total 126976K, used 51054K [0x0000000080000000, 0x0000000100000000)
  region size 1024K, 43 young (44032K), 3 survivors (3072K)
 Metaspace       used 16728K, capacity 17107K, committed 17152K, reserved 1064960K
  class space    used 1893K, capacity 2006K, committed 2048K, reserved 1048576K
}
Event: 4.263 GC heap after
{Heap after GC invocations=4 (full 0):
 garbage-first heap   total 126976K, used 15798K [0x0000000080000000, 0x0000000100000000)
  region size 1024K, 6 young (6144K), 6 survivors (6144K)
 Metaspace       used 16728K, capacity 17107K, committed 17152K, reserved 1064960K
  class space    used 1893K, capacity 2006K, committed 2048K, reserved 1048576K
}
Event: 4.855 GC heap before
{Heap before GC invocations=4 (full 0):
 garbage-first heap   total 126976K, used 50614K [0x0000000080000000, 0x0000000100000000)
  region size 1024K, 41 young (41984K), 6 survivors (6144K)
 Metaspace       used 20827K, capacity 21238K, committed 21296K, reserved 1069056K
  class space    used 2523K, capacity 2682K, committed 2688K, reserved 1048576K
}
Event: 4.864 GC heap after
{Heap after GC invocations=5 (full 0):
 garbage-first heap   total 126976K, used 17689K [0x0000000080000000, 0x0000000100000000)
  region size 1024K, 2 young (2048K), 2 survivors (2048K)
 Metaspace       used 20827K, capacity 21238K, committed 21296K, reserved 1069056K
  class space    used 2523K, capacity 2682K, committed 2688K, reserved 1048576K
}
Event: 5.636 GC heap before
{Heap before GC invocations=6 (full 0):
 garbage-first heap   total 126976K, used 66841K [0x0000000080000000, 0x0000000100000000)
  region size 1024K, 50 young (51200K), 2 survivors (2048K)
 Metaspace       used 26200K, capacity 26841K, committed 27008K, reserved 1073152K
  class space    used 3393K, capacity 3624K, committed 3712K, reserved 1048576K
}
Event: 5.644 GC heap after
{Heap after GC invocations=7 (full 0):
 garbage-first heap   total 152576K, used 19438K [0x0000000080000000, 0x0000000100000000)
  region size 1024K, 4 young (4096K), 4 survivors (4096K)
 Metaspace       used 26200K, capacity 26841K, committed 27008K, reserved 1073152K
  class space    used 3393K, capacity 3624K, committed 3712K, reserved 1048576K
}
Event: 6.816 GC heap before
{Heap before GC invocations=7 (full 0):
 garbage-first heap   total 152576K, used 83950K [0x0000000080000000, 0x0000000100000000)
  region size 1024K, 68 young (69632K), 4 survivors (4096K)
 Metaspace       used 35239K, capacity 35994K, committed 36048K, reserved 1081344K
  class space    used 4516K, capacity 4827K, committed 4864K, reserved 1048576K
}
Event: 6.828 GC heap after
{Heap after GC invocations=8 (full 0):
 garbage-first heap   total 152576K, used 23127K [0x0000000080000000, 0x0000000100000000)
  region size 1024K, 7 young (7168K), 7 survivors (7168K)
 Metaspace       used 35239K, capacity 35994K, committed 36048K, reserved 1081344K
  class space    used 4516K, capacity 4827K, committed 4864K, reserved 1048576K
}
Event: 8.248 GC heap before
{Heap before GC invocations=9 (full 0):
 garbage-first heap   total 152576K, used 107095K [0x0000000080000000, 0x0000000100000000)
  region size 1024K, 87 young (89088K), 7 survivors (7168K)
 Metaspace       used 41791K, capacity 42769K, committed 43036K, reserved 1087488K
  class space    used 5291K, capacity 5664K, committed 5708K, reserved 1048576K
}
Event: 8.273 GC heap after
{Heap after GC invocations=10 (full 0):
 garbage-first heap   total 152576K, used 29143K [0x0000000080000000, 0x0000000100000000)
  region size 1024K, 11 young (11264K), 11 survivors (11264K)
 Metaspace       used 41791K, capacity 42769K, committed 43036K, reserved 1087488K
  class space    used 5291K, capacity 5664K, committed 5708K, reserved 1048576K
}
Event: 9.486 GC heap before
{Heap before GC invocations=10 (full 0):
 garbage-first heap   total 152576K, used 109015K [0x0000000080000000, 0x0000000100000000)
  region size 1024K, 89 young (91136K), 11 survivors (11264K)
 Metaspace       used 48036K, capacity 49242K, committed 49564K, reserved 1091584K
  class space    used 6066K, capacity 6502K, committed 6604K, reserved 1048576K
}
Event: 9.514 GC heap after
{Heap after GC invocations=11 (full 0):
 garbage-first heap   total 152576K, used 32407K [0x0000000080000000, 0x0000000100000000)
  region size 1024K, 9 young (9216K), 9 survivors (9216K)
 Metaspace       used 48036K, capacity 49242K, committed 49564K, reserved 1091584K
  class space    used 6066K, capacity 6502K, committed 6604K, reserved 1048576K
}
Event: 10.963 GC heap before
{Heap before GC invocations=11 (full 0):
 garbage-first heap   total 152576K, used 118423K [0x0000000080000000, 0x0000000100000000)
  region size 1024K, 89 young (91136K), 9 survivors (9216K)
 Metaspace       used 54971K, capacity 56440K, committed 56604K, reserved 1097728K
  class space    used 6905K, capacity 7456K, committed 7500K, reserved 1048576K
}
Event: 10.982 GC heap after
{Heap after GC invocations=12 (full 0):
 garbage-first heap   total 152576K, used 44910K [0x0000000080000000, 0x0000000100000000)
  region size 1024K, 12 young (12288K), 12 survivors (12288K)
 Metaspace       used 54971K, capacity 56440K, committed 56604K, reserved 1097728K
  class space    used 6905K, capacity 7456K, committed 7500K, reserved 1048576K
}
Event: 11.612 GC heap before
{Heap before GC invocations=12 (full 0):
 garbage-first heap   total 152576K, used 72558K [0x0000000080000000, 0x0000000100000000)
  region size 1024K, 40 young (40960K), 12 survivors (12288K)
 Metaspace       used 59109K, capacity 60593K, committed 60636K, reserved 1101824K
  class space    used 7437K, capacity 7986K, committed 8012K, reserved 1048576K
}

Deoptimization events (20 events):
Event: 10.816 Thread 0x0000026532017800 DEOPT PACKING pc=0x000002651a502217 sp=0x000000d2647f63e0
Event: 10.816 Thread 0x0000026532017800 DEOPT UNPACKING pc=0x0000026519b0a95e sp=0x000000d2647f5968 mode 0
Event: 10.817 Thread 0x0000026532017800 DEOPT PACKING pc=0x000002651a502217 sp=0x000000d2647f63e0
Event: 10.817 Thread 0x0000026532017800 DEOPT UNPACKING pc=0x0000026519b0a95e sp=0x000000d2647f5968 mode 0
Event: 10.819 Thread 0x0000026532017800 DEOPT PACKING pc=0x000002651a502217 sp=0x000000d2647f63e0
Event: 10.819 Thread 0x0000026532017800 DEOPT UNPACKING pc=0x0000026519b0a95e sp=0x000000d2647f5968 mode 0
Event: 10.983 Thread 0x000002653069f000 Uncommon trap: trap_request=0xffffffde fr.pc=0x00000265216e4aec relative=0x000000000000052c
Event: 10.983 Thread 0x000002653069f000 Uncommon trap: reason=class_check action=maybe_recompile pc=0x00000265216e4aec method=jdk.internal.ref.PhantomCleanable.clean()V @ 12 c2
Event: 10.983 Thread 0x000002653069f000 DEOPT PACKING pc=0x00000265216e4aec sp=0x000000d263cfec30
Event: 10.983 Thread 0x000002653069f000 DEOPT UNPACKING pc=0x0000026519b0a1af sp=0x000000d263cfec10 mode 2
Event: 11.310 Thread 0x0000026532017800 Uncommon trap: trap_request=0xfffffff4 fr.pc=0x000002652185ce64 relative=0x0000000000000304
Event: 11.310 Thread 0x0000026532017800 Uncommon trap: reason=null_check action=make_not_entrant pc=0x000002652185ce64 method=java.lang.ThreadLocal$ThreadLocalMap.getEntryAfterMiss(Ljava/lang/ThreadLocal;ILjava/lang/ThreadLocal$ThreadLocalMap$Entry;)Ljava/lang/ThreadLocal$ThreadLocalMap$Entry; 
Event: 11.310 Thread 0x0000026532017800 DEOPT PACKING pc=0x000002652185ce64 sp=0x000000d2647f66d0
Event: 11.310 Thread 0x0000026532017800 DEOPT UNPACKING pc=0x0000026519b0a1af sp=0x000000d2647f6588 mode 2
Event: 11.416 Thread 0x0000026532017800 DEOPT PACKING pc=0x000002651aa9fc62 sp=0x000000d2647f1b20
Event: 11.416 Thread 0x0000026532017800 DEOPT UNPACKING pc=0x0000026519b0a95e sp=0x000000d2647f0fb0 mode 0
Event: 11.520 Thread 0x0000026532017800 Uncommon trap: trap_request=0xffffff4d fr.pc=0x000002652184f0ac relative=0x000000000000014c
Event: 11.520 Thread 0x0000026532017800 Uncommon trap: reason=unstable_if action=reinterpret pc=0x000002652184f0ac method=java.lang.ClassLoader.defineClassSourceLocation(Ljava/security/ProtectionDomain;)Ljava/lang/String; @ 15 c2
Event: 11.520 Thread 0x0000026532017800 DEOPT PACKING pc=0x000002652184f0ac sp=0x000000d2647f2b70
Event: 11.520 Thread 0x0000026532017800 DEOPT UNPACKING pc=0x0000026519b0a1af sp=0x000000d2647f2a88 mode 2

Classes redefined (0 events):
No events

Internal exceptions (20 events):
Event: 10.123 Thread 0x0000026532017800 Exception <a 'java/security/PrivilegedActionException'{0x0000000087775d70}> (0x0000000087775d70) thrown at [./src/hotspot/share/prims/jvm.cpp, line 1306]
Event: 10.123 Thread 0x0000026532017800 Exception <a 'java/security/PrivilegedActionException'{0x0000000087778e58}> (0x0000000087778e58) thrown at [./src/hotspot/share/prims/jvm.cpp, line 1306]
Event: 10.123 Thread 0x0000026532017800 Exception <a 'java/security/PrivilegedActionException'{0x000000008777a118}> (0x000000008777a118) thrown at [./src/hotspot/share/prims/jvm.cpp, line 1306]
Event: 10.123 Thread 0x0000026532017800 Exception <a 'java/security/PrivilegedActionException'{0x000000008777d120}> (0x000000008777d120) thrown at [./src/hotspot/share/prims/jvm.cpp, line 1306]
Event: 10.123 Thread 0x0000026532017800 Exception <a 'java/security/PrivilegedActionException'{0x000000008777e3e0}> (0x000000008777e3e0) thrown at [./src/hotspot/share/prims/jvm.cpp, line 1306]
Event: 10.123 Thread 0x0000026532017800 Exception <a 'java/security/PrivilegedActionException'{0x00000000877816a8}> (0x00000000877816a8) thrown at [./src/hotspot/share/prims/jvm.cpp, line 1306]
Event: 10.123 Thread 0x0000026532017800 Exception <a 'java/security/PrivilegedActionException'{0x0000000087782968}> (0x0000000087782968) thrown at [./src/hotspot/share/prims/jvm.cpp, line 1306]
Event: 10.124 Thread 0x0000026532017800 Exception <a 'java/security/PrivilegedActionException'{0x0000000087785a50}> (0x0000000087785a50) thrown at [./src/hotspot/share/prims/jvm.cpp, line 1306]
Event: 10.124 Thread 0x0000026532017800 Exception <a 'java/security/PrivilegedActionException'{0x0000000087786d10}> (0x0000000087786d10) thrown at [./src/hotspot/share/prims/jvm.cpp, line 1306]
Event: 10.167 Thread 0x0000026532017800 Exception <a 'java/lang/ClassNotFoundException'{0x0000000086f4e3c8}: org/gradle/api/internal/plugins/DefaultObjectConfigurationActionBeanInfo> (0x0000000086f4e3c8) thrown at [./src/hotspot/share/classfile/systemDictionary.cpp, line 231]
Event: 10.167 Thread 0x0000026532017800 Exception <a 'java/lang/ClassNotFoundException'{0x0000000086f81a48}: org/gradle/api/internal/plugins/DefaultObjectConfigurationActionCustomizer> (0x0000000086f81a48) thrown at [./src/hotspot/share/classfile/systemDictionary.cpp, line 231]
Event: 10.371 Thread 0x0000026532017800 Exception <a 'java/lang/NoSuchMethodError'{0x00000000865e1b18}: 'java.lang.Object java.lang.invoke.DirectMethodHandle$Holder.invokeStatic(java.lang.Object, java.lang.Object, java.lang.Object, java.lang.Object, int)'> (0x00000000865e1b18) thrown at [./src/hotspot/share/interpreter/linkResolver.cpp, line 773]
Event: 10.371 Thread 0x0000026532017800 Exception <a 'java/lang/NoSuchMethodError'{0x00000000865e6510}: 'java.lang.Object java.lang.invoke.DirectMethodHandle$Holder.invokeSpecial(java.lang.Object, java.lang.Object, java.lang.Object, java.lang.Object, java.lang.Object, int)'> (0x00000000865e6510) thrown at [./src/hotspot/share/interpreter/linkResolver.cpp, line 773]
Event: 10.372 Thread 0x0000026532017800 Exception <a 'java/lang/NoSuchMethodError'{0x00000000865eab50}: 'java.lang.Object java.lang.invoke.Invokers$Holder.linkToTargetMethod(java.lang.Object, java.lang.Object, java.lang.Object, int, java.lang.Object)'> (0x00000000865eab50) thrown at [./src/hotspot/share/interpreter/linkResolver.cpp, line 773]
Event: 10.621 Thread 0x0000026532017800 Exception <a 'java/lang/NoSuchMethodError'{0x000000008561c1a0}: 'java.lang.Object java.lang.invoke.DirectMethodHandle$Holder.invokeSpecial(java.lang.Object, java.lang.Object, int, int, java.lang.Object, java.lang.Object, java.lang.Object)'> (0x000000008561c1a0) thrown at [./src/hotspot/share/interpreter/linkResolver.cpp, line 773]
Event: 10.621 Thread 0x0000026532017800 Exception <a 'java/lang/NoSuchMethodError'{0x0000000085620720}: 'java.lang.Object java.lang.invoke.DelegatingMethodHandle$Holder.reinvoke_L(java.lang.Object, int, int, java.lang.Object, java.lang.Object, java.lang.Object)'> (0x0000000085620720) thrown at [./src/hotspot/share/interpreter/linkResolver.cpp, line 773]
Event: 10.892 Thread 0x0000026532017800 Exception <a 'java/lang/NoSuchMethodError'{0x0000000084afdb20}: 'int java.lang.invoke.DirectMethodHandle$Holder.invokeInterface(java.lang.Object, java.lang.Object, java.lang.Object, java.lang.Object)'> (0x0000000084afdb20) thrown at [./src/hotspot/share/interpreter/linkResolver.cpp, line 773]
Event: 11.310 Thread 0x0000026532017800 Implicit null exception at 0x000002652185cc3f to 0x000002652185ce44
Event: 11.455 Thread 0x0000026532017800 Exception <a 'java/lang/IncompatibleClassChangeError'{0x000000008801c478}: Found class java.lang.Object, but interface was expected> (0x000000008801c478) thrown at [./src/hotspot/share/interpreter/linkResolver.cpp, line 839]
Event: 11.520 Thread 0x0000026532017800 Implicit null exception at 0x000002652184efb9 to 0x000002652184f09c

Events (20 events):
Event: 11.607 loading class com/android/builder/core/ComponentType done
Event: 11.608 loading class com/google/wireless/android/sdk/stats/GradleBuildVariant$VariantType
Event: 11.608 loading class com/google/wireless/android/sdk/stats/GradleBuildVariant$VariantType done
Event: 11.609 loading class com/google/wireless/android/sdk/stats/GradleBuildVariant$VariantType$1
Event: 11.609 loading class com/google/wireless/android/sdk/stats/GradleBuildVariant$VariantType$1 done
Event: 11.610 loading class com/android/build/gradle/internal/dependency/SourceSetManager
Event: 11.610 loading class com/android/build/gradle/internal/dependency/SourceSetManager done
Event: 11.610 loading class com/android/build/gradle/internal/scope/DelayedActionsExecutor
Event: 11.610 loading class com/android/build/gradle/internal/scope/DelayedActionsExecutor done
Event: 11.611 loading class com/android/build/gradle/api/AndroidSourceSet
Event: 11.611 loading class com/android/build/gradle/api/AndroidSourceSet done
Event: 11.611 loading class com/android/build/api/dsl/AndroidSourceSet
Event: 11.611 loading class com/android/build/api/dsl/AndroidSourceSet done
Event: 11.611 loading class com/android/build/gradle/internal/dsl/AndroidSourceSetFactory
Event: 11.611 loading class com/android/build/gradle/internal/dsl/AndroidSourceSetFactory done
Event: 11.612 loading class org/gradle/api/NamedDomainObjectFactory
Event: 11.612 loading class org/gradle/api/NamedDomainObjectFactory done
Event: 11.612 loading class com/android/build/gradle/internal/dsl/BuildType
Event: 11.612 loading class com/android/build/gradle/internal/dsl/BuildType done
Event: 11.612 Executing VM operation: CollectForMetadataAllocation


Dynamic libraries:
0x00007ff7b1150000 - 0x00007ff7b115a000 	C:\Program Files\Android\Android Studio2\jre\bin\java.exe
0x00007ff8a41f0000 - 0x00007ff8a43e8000 	C:\WINDOWS\SYSTEM32\ntdll.dll
0x00007ff8a3700000 - 0x00007ff8a37bf000 	C:\WINDOWS\System32\KERNEL32.DLL
0x00007ff8a1a90000 - 0x00007ff8a1d6a000 	C:\WINDOWS\System32\KERNELBASE.dll
0x00007ff8a1e80000 - 0x00007ff8a1f80000 	C:\WINDOWS\System32\ucrtbase.dll
0x00007ff89cd40000 - 0x00007ff89cd59000 	C:\Program Files\Android\Android Studio2\jre\bin\jli.dll
0x00007ff89ab50000 - 0x00007ff89ab67000 	C:\Program Files\Android\Android Studio2\jre\bin\VCRUNTIME140.dll
0x00007ff8a2a80000 - 0x00007ff8a2c1d000 	C:\WINDOWS\System32\USER32.dll
0x00007ff8a1a10000 - 0x00007ff8a1a32000 	C:\WINDOWS\System32\win32u.dll
0x00007ff88df30000 - 0x00007ff88e1ca000 	C:\WINDOWS\WinSxS\amd64_microsoft.windows.common-controls_6595b64144ccf1df_6.0.19041.1110_none_60b5254171f9507e\COMCTL32.dll
0x00007ff8a2380000 - 0x00007ff8a23ab000 	C:\WINDOWS\System32\GDI32.dll
0x00007ff8a2220000 - 0x00007ff8a22be000 	C:\WINDOWS\System32\msvcrt.dll
0x00007ff8a1d70000 - 0x00007ff8a1e80000 	C:\WINDOWS\System32\gdi32full.dll
0x00007ff8a1970000 - 0x00007ff8a1a0d000 	C:\WINDOWS\System32\msvcp_win.dll
0x00007ff8a2330000 - 0x00007ff8a2360000 	C:\WINDOWS\System32\IMM32.DLL
0x00007ff8856b0000 - 0x00007ff88574d000 	C:\Program Files\Android\Android Studio2\jre\bin\msvcp140.dll
0x00007ff8642f0000 - 0x00007ff864df2000 	C:\Program Files\Android\Android Studio2\jre\bin\server\jvm.dll
0x00007ff8a2750000 - 0x00007ff8a27fe000 	C:\WINDOWS\System32\ADVAPI32.dll
0x00007ff8a2560000 - 0x00007ff8a25fc000 	C:\WINDOWS\System32\sechost.dll
0x00007ff8a2620000 - 0x00007ff8a2746000 	C:\WINDOWS\System32\RPCRT4.dll
0x00007ff8a2a70000 - 0x00007ff8a2a78000 	C:\WINDOWS\System32\PSAPI.DLL
0x00007ff88b170000 - 0x00007ff88b197000 	C:\WINDOWS\SYSTEM32\WINMM.dll
0x00007ff89edf0000 - 0x00007ff89edfa000 	C:\WINDOWS\SYSTEM32\VERSION.dll
0x00007ff88cd20000 - 0x00007ff88cd29000 	C:\WINDOWS\SYSTEM32\WSOCK32.dll
0x00007ff8a22c0000 - 0x00007ff8a232b000 	C:\WINDOWS\System32\WS2_32.dll
0x00007ff8a0120000 - 0x00007ff8a0132000 	C:\WINDOWS\SYSTEM32\kernel.appcore.dll
0x00007ff899590000 - 0x00007ff8995a1000 	C:\Program Files\Android\Android Studio2\jre\bin\verify.dll
0x00007ff89f680000 - 0x00007ff89f864000 	C:\WINDOWS\SYSTEM32\DBGHELP.DLL
0x00007ff88aee0000 - 0x00007ff88af14000 	C:\WINDOWS\SYSTEM32\dbgcore.DLL
0x00007ff8a1f80000 - 0x00007ff8a2002000 	C:\WINDOWS\System32\bcryptPrimitives.dll
0x00007ff899560000 - 0x00007ff899589000 	C:\Program Files\Android\Android Studio2\jre\bin\java.dll
0x00007ff899a90000 - 0x00007ff899a9b000 	C:\Program Files\Android\Android Studio2\jre\bin\jimage.dll
0x00007ff899540000 - 0x00007ff899558000 	C:\Program Files\Android\Android Studio2\jre\bin\zip.dll
0x00007ff8a37c0000 - 0x00007ff8a3f04000 	C:\WINDOWS\System32\SHELL32.dll
0x00007ff89f970000 - 0x00007ff8a0103000 	C:\WINDOWS\SYSTEM32\windows.storage.dll
0x00007ff8a32f0000 - 0x00007ff8a3644000 	C:\WINDOWS\System32\combase.dll
0x00007ff8a1250000 - 0x00007ff8a127e000 	C:\WINDOWS\SYSTEM32\Wldp.dll
0x00007ff8a2c20000 - 0x00007ff8a2ccd000 	C:\WINDOWS\System32\SHCORE.dll
0x00007ff8a3f10000 - 0x00007ff8a3f65000 	C:\WINDOWS\System32\shlwapi.dll
0x00007ff8a1810000 - 0x00007ff8a182f000 	C:\WINDOWS\SYSTEM32\profapi.dll
0x00007ff891270000 - 0x00007ff89128a000 	C:\Program Files\Android\Android Studio2\jre\bin\net.dll
0x00007ff891c50000 - 0x00007ff891d5a000 	C:\WINDOWS\SYSTEM32\WINHTTP.dll
0x00007ff8a0fb0000 - 0x00007ff8a101a000 	C:\WINDOWS\system32\mswsock.dll
0x00007ff891180000 - 0x00007ff891194000 	C:\Program Files\Android\Android Studio2\jre\bin\nio.dll
0x00007ff891340000 - 0x00007ff891367000 	C:\Users\DELL LATITUDE 5580\.gradle\native\e1d6ef7f7dcc3fd88c89a11ec53ec762bb8ba0a96d01ffa2cd45eb1d1d8dd5c5\windows-amd64\native-platform.dll
0x00007ff86f9f0000 - 0x00007ff86fb34000 	C:\Users\DELL LATITUDE 5580\.gradle\native\0d407fdbe67a94daf76414ababcb853783967236a71b16ec16e742cd7a986fd3\windows-amd64\native-platform-file-events.dll
0x00007ff899500000 - 0x00007ff89950a000 	C:\Program Files\Android\Android Studio2\jre\bin\management.dll
0x00007ff896bf0000 - 0x00007ff896bfd000 	C:\Program Files\Android\Android Studio2\jre\bin\management_ext.dll
0x00007ff8a11a0000 - 0x00007ff8a11b8000 	C:\WINDOWS\SYSTEM32\CRYPTSP.dll
0x00007ff8a08d0000 - 0x00007ff8a0904000 	C:\WINDOWS\system32\rsaenh.dll
0x00007ff8a1940000 - 0x00007ff8a1967000 	C:\WINDOWS\System32\bcrypt.dll
0x00007ff8a1780000 - 0x00007ff8a17ae000 	C:\WINDOWS\SYSTEM32\USERENV.dll
0x00007ff8a11c0000 - 0x00007ff8a11cc000 	C:\WINDOWS\SYSTEM32\CRYPTBASE.dll
0x00007ff8a0ca0000 - 0x00007ff8a0cdc000 	C:\WINDOWS\SYSTEM32\IPHLPAPI.DLL
0x00007ff8a2610000 - 0x00007ff8a2618000 	C:\WINDOWS\System32\NSI.dll
0x00007ff895780000 - 0x00007ff895797000 	C:\WINDOWS\SYSTEM32\dhcpcsvc6.DLL
0x00007ff895700000 - 0x00007ff89571d000 	C:\WINDOWS\SYSTEM32\dhcpcsvc.DLL
0x00007ff8a0ce0000 - 0x00007ff8a0dab000 	C:\WINDOWS\SYSTEM32\DNSAPI.dll

dbghelp: loaded successfully - version: 4.0.5 - missing functions: none
symbol engine: initialized successfully - sym options: 0x614 - pdb path: .;C:\Program Files\Android\Android Studio2\jre\bin;C:\WINDOWS\SYSTEM32;C:\WINDOWS\WinSxS\amd64_microsoft.windows.common-controls_6595b64144ccf1df_6.0.19041.1110_none_60b5254171f9507e;C:\Program Files\Android\Android Studio2\jre\bin\server;C:\Users\DELL LATITUDE 5580\.gradle\native\e1d6ef7f7dcc3fd88c89a11ec53ec762bb8ba0a96d01ffa2cd45eb1d1d8dd5c5\windows-amd64;C:\Users\DELL LATITUDE 5580\.gradle\native\0d407fdbe67a94daf76414ababcb853783967236a71b16ec16e742cd7a986fd3\windows-amd64

VM Arguments:
jvm_args: --add-opens=java.base/java.util=ALL-UNNAMED --add-opens=java.base/java.lang=ALL-UNNAMED --add-opens=java.base/java.lang.invoke=ALL-UNNAMED --add-opens=java.base/java.util=ALL-UNNAMED --add-opens=java.prefs/java.util.prefs=ALL-UNNAMED --add-opens=java.prefs/java.util.prefs=ALL-UNNAMED --add-opens=java.base/java.nio.charset=ALL-UNNAMED --add-opens=java.base/java.net=ALL-UNNAMED --add-opens=java.base/java.util.concurrent.atomic=ALL-UNNAMED -Xmx2048m -Dfile.encoding=UTF-8 -Duser.country=FR -Duser.language=fr -Duser.variant 
java_command: org.gradle.launcher.daemon.bootstrap.GradleDaemon 7.4
java_class_path (initial): C:\Users\DELL LATITUDE 5580\.gradle\wrapper\dists\gradle-7.4-bin\c0gwcg53nkjbqw7r0h0umtfvt\gradle-7.4\lib\gradle-launcher-7.4.jar
Launcher Type: SUN_STANDARD

[Global flags]
     intx CICompilerCount                          = 3                                         {product} {ergonomic}
     uint ConcGCThreads                            = 1                                         {product} {ergonomic}
     uint G1ConcRefinementThreads                  = 4                                         {product} {ergonomic}
   size_t G1HeapRegionSize                         = 1048576                                   {product} {ergonomic}
    uintx GCDrainStackTargetSize                   = 64                                        {product} {ergonomic}
   size_t InitialHeapSize                          = 130023424                                 {product} {ergonomic}
   size_t MarkStackSize                            = 4194304                                   {product} {ergonomic}
   size_t MaxHeapSize                              = 2147483648                                {product} {command line}
   size_t MaxNewSize                               = 1287651328                                {product} {ergonomic}
   size_t MinHeapDeltaBytes                        = 1048576                                   {product} {ergonomic}
    uintx NonNMethodCodeHeapSize                   = 5830732                                {pd product} {ergonomic}
    uintx NonProfiledCodeHeapSize                  = 122913754                              {pd product} {ergonomic}
    uintx ProfiledCodeHeapSize                     = 122913754                              {pd product} {ergonomic}
    uintx ReservedCodeCacheSize                    = 251658240                              {pd product} {ergonomic}
     bool SegmentedCodeCache                       = true                                      {product} {ergonomic}
     bool UseCompressedClassPointers               = true                                 {lp64_product} {ergonomic}
     bool UseCompressedOops                        = true                                 {lp64_product} {ergonomic}
     bool UseG1GC                                  = true                                      {product} {ergonomic}
     bool UseLargePagesIndividualAllocation        = false                                  {pd product} {ergonomic}

Logging:
Log output configuration:
 #0: stdout all=warning uptime,level,tags
 #1: stderr all=off uptime,level,tags

Environment Variables:
PATH=C:\Program Files\Common Files\Oracle\Java\javapath;C:\oracle\product\10.2.0\db_1\bin;C:\WINDOWS\system32;C:\WINDOWS;C:\WINDOWS\System32\Wbem;C:\WINDOWS\System32\WindowsPowerShell\v1.0\;C:\WINDOWS\System32\OpenSSH\;C:\Users\DELL LATITUDE 5580\AppData\Local\Programs\Python\Python37;C:\Users\DELL LATITUDE 5580\Desktop\matlab 7.1\crack\runtime\win32;C:\Users\DELL LATITUDE 5580\Desktop\matlab 7.1\crack\bin;C:\Program Files\Git\cmd;C:\Program Files (x86)\dotnet\;C:\Users\DELL LATITUDE 5580\AppData\Local\Programs\Python\Python310\Scripts\;C:\Users\DELL LATITUDE 5580\AppData\Local\Programs\Python\Python310\;C:\Users\DELL LATITUDE 5580\AppData\Local\Microsoft\WindowsApps;C:\Program Files\JetBrains\PyCharm Community Edition 2019.2.4\bin;;C:\Users\DELL LATITUDE 5580\AppData\Local\Programs\Microsoft VS Code\bin;
USERNAME=DELL LATITUDE 5580
OS=Windows_NT
PROCESSOR_IDENTIFIER=Intel64 Family 6 Model 142 Stepping 9, GenuineIntel



---------------  S Y S T E M  ---------------

OS: Windows 10 , 64 bit Build 19041 (10.0.19041.2788)
OS uptime: 3 days 22:13 hours

CPU:total 4 (initial active 4) (2 cores per cpu, 2 threads per core) family 6 model 142 stepping 9 microcode 0xb4, cmov, cx8, fxsr, mmx, sse, sse2, sse3, ssse3, sse4.1, sse4.2, popcnt, avx, avx2, aes, clmul, erms, 3dnowpref, lzcnt, ht, tsc, tscinvbit, bmi1, bmi2, adx, fma

Memory: 4k page, system-wide physical 7833M (869M free)
TotalPageFile size 7833M (AvailPageFile size 32M)
current process WorkingSet (physical memory assigned to process): 337M, peak: 337M
current process commit charge ("private bytes"): 370M, peak: 400M

vm_info: OpenJDK 64-Bit Server VM (11.0.13+0-b1751.21-8125866) for windows-amd64 JRE (11.0.13+0-b1751.21-8125866), built on Feb  2 2022 03:00:22 by "builder" with MS VC++ 14.0 (VS2015)

END.
